2018-04-10 18:01:40,294 INFO  DownloadService - Downloading "https://github.com/chrisbanes/ActionBar-PullToRefresh/archive/master.zip", attempt 3
2018-04-10 18:01:41,362 INFO  DownloadService - Downloaded https://github.com/chrisbanes/ActionBar-PullToRefresh/archive/master.zip, attempt 3
2018-04-10 18:01:41,362 INFO  DownloadService - Size of file "/tmp/rdisk/376/master.zip": 354 KB
2018-04-10 18:01:41,362 INFO  ArchiveUtils - Checking entries [.gradle] in ZIP file...
2018-04-10 18:01:41,363 INFO  ArchiveUtils - Has entries [.gradle] in ZIP file /tmp/rdisk/376/master.zip: true
2018-04-10 18:01:41,363 DEBUG ZipUtil - Extracting '/tmp/rdisk/376/master.zip' into '/tmp/rdisk/376/src'.
2018-04-10 18:01:41,398 INFO  FullProcessService - Size of directory with sources: 477 KB
2018-04-10 18:01:41,398 INFO  SysUtils - Execute command: [git, init, /tmp/rdisk/376/src]
2018-04-10 18:01:41,403 INFO  SysUtils - Initialized empty Git repository in /tmp/rdisk/376/src/.git/

2018-04-10 18:01:41,411 INFO  ProjectBuildService - Gradle wrapper(s): /tmp/rdisk/376/src/ActionBar-PullToRefresh-master/gradlew
2018-04-10 18:01:41,420 INFO  ProjectBuildService - Build script(s): /tmp/rdisk/376/src/ActionBar-PullToRefresh-master/extras/actionbarcompat/build.gradle /tmp/rdisk/376/src/ActionBar-PullToRefresh-master/extras/actionbarsherlock/build.gradle /tmp/rdisk/376/src/ActionBar-PullToRefresh-master/library/build.gradle /tmp/rdisk/376/src/ActionBar-PullToRefresh-master/samples/actionbarcompat/build.gradle /tmp/rdisk/376/src/ActionBar-PullToRefresh-master/samples/actionbarsherlock/build.gradle /tmp/rdisk/376/src/ActionBar-PullToRefresh-master/samples/stock/build.gradle /tmp/rdisk/376/src/ActionBar-PullToRefresh-master/build.gradle
2018-04-10 18:01:41,427 INFO  ProjectBuildService - All script(s): /tmp/rdisk/376/src/ActionBar-PullToRefresh-master/settings.gradle /tmp/rdisk/376/src/ActionBar-PullToRefresh-master/samples/stock/build.gradle /tmp/rdisk/376/src/ActionBar-PullToRefresh-master/samples/actionbarsherlock/build.gradle /tmp/rdisk/376/src/ActionBar-PullToRefresh-master/samples/actionbarcompat/build.gradle /tmp/rdisk/376/src/ActionBar-PullToRefresh-master/library/build.gradle /tmp/rdisk/376/src/ActionBar-PullToRefresh-master/extras/actionbarsherlock/build.gradle /tmp/rdisk/376/src/ActionBar-PullToRefresh-master/extras/actionbarcompat/build.gradle /tmp/rdisk/376/src/ActionBar-PullToRefresh-master/build.gradle
2018-04-10 18:01:41,429 INFO  DownloadService - Downloading "https://raw.github.com/chrisbanes/gradle-mvn-push/master/gradle-mvn-push.gradle", attempt 3
2018-04-10 18:01:41,904 INFO  DownloadService - Downloaded https://raw.github.com/chrisbanes/gradle-mvn-push/master/gradle-mvn-push.gradle, attempt 3
2018-04-10 18:01:41,905 INFO  ProjectBuildService - Remote scripts: https://raw.github.com/chrisbanes/gradle-mvn-push/master/gradle-mvn-push.gradle
2018-04-10 18:01:41,906 INFO  ProjectFixService - Fixing project...
2018-04-10 18:01:41,929 INFO  LocalPropertiesFixService - Created fake /tmp/rdisk/376/src/ActionBar-PullToRefresh-master/extras/actionbarcompat/local.properties
2018-04-10 18:01:41,932 INFO  ProjectFixService - Build info for "/tmp/rdisk/376/src/ActionBar-PullToRefresh-master/extras/actionbarcompat/build.gradle": [buildToolsVersion=<null>,compileSdkVersion=<null>,minSdkVersion=7,targetSdkVersion=<null>]
2018-04-10 18:01:41,932 INFO  ProjectFixService - Fixed build info for "/tmp/rdisk/376/src/ActionBar-PullToRefresh-master/extras/actionbarcompat/build.gradle": [buildToolsVersion=28.0.0-rc1,compileSdkVersion=27,minSdkVersion=7,targetSdkVersion=27]
2018-04-10 18:01:41,933 INFO  LocalPropertiesFixService - Created fake /tmp/rdisk/376/src/ActionBar-PullToRefresh-master/extras/actionbarsherlock/local.properties
2018-04-10 18:01:41,936 INFO  ProjectFixService - Build info for "/tmp/rdisk/376/src/ActionBar-PullToRefresh-master/extras/actionbarsherlock/build.gradle": [buildToolsVersion=<null>,compileSdkVersion=<null>,minSdkVersion=7,targetSdkVersion=<null>]
2018-04-10 18:01:41,936 INFO  ProjectFixService - Fixed build info for "/tmp/rdisk/376/src/ActionBar-PullToRefresh-master/extras/actionbarsherlock/build.gradle": [buildToolsVersion=28.0.0-rc1,compileSdkVersion=27,minSdkVersion=7,targetSdkVersion=27]
2018-04-10 18:01:41,937 INFO  LocalPropertiesFixService - Created fake /tmp/rdisk/376/src/ActionBar-PullToRefresh-master/library/local.properties
2018-04-10 18:01:41,940 INFO  ProjectFixService - Build info for "/tmp/rdisk/376/src/ActionBar-PullToRefresh-master/library/build.gradle": [buildToolsVersion=<null>,compileSdkVersion=<null>,minSdkVersion=7,targetSdkVersion=<null>]
2018-04-10 18:01:41,940 INFO  ProjectFixService - Fixed build info for "/tmp/rdisk/376/src/ActionBar-PullToRefresh-master/library/build.gradle": [buildToolsVersion=28.0.0-rc1,compileSdkVersion=27,minSdkVersion=7,targetSdkVersion=27]
2018-04-10 18:01:41,941 INFO  LocalPropertiesFixService - Created fake /tmp/rdisk/376/src/ActionBar-PullToRefresh-master/samples/actionbarcompat/local.properties
2018-04-10 18:01:41,944 INFO  ProjectFixService - Build info for "/tmp/rdisk/376/src/ActionBar-PullToRefresh-master/samples/actionbarcompat/build.gradle": [buildToolsVersion=<null>,compileSdkVersion=<null>,minSdkVersion=7,targetSdkVersion=<null>]
2018-04-10 18:01:41,944 INFO  ProjectFixService - Fixed build info for "/tmp/rdisk/376/src/ActionBar-PullToRefresh-master/samples/actionbarcompat/build.gradle": [buildToolsVersion=28.0.0-rc1,compileSdkVersion=27,minSdkVersion=7,targetSdkVersion=27]
2018-04-10 18:01:41,945 INFO  LocalPropertiesFixService - Created fake /tmp/rdisk/376/src/ActionBar-PullToRefresh-master/samples/actionbarsherlock/local.properties
2018-04-10 18:01:41,948 INFO  ProjectFixService - Build info for "/tmp/rdisk/376/src/ActionBar-PullToRefresh-master/samples/actionbarsherlock/build.gradle": [buildToolsVersion=<null>,compileSdkVersion=<null>,minSdkVersion=7,targetSdkVersion=<null>]
2018-04-10 18:01:41,948 INFO  ProjectFixService - Fixed build info for "/tmp/rdisk/376/src/ActionBar-PullToRefresh-master/samples/actionbarsherlock/build.gradle": [buildToolsVersion=28.0.0-rc1,compileSdkVersion=27,minSdkVersion=7,targetSdkVersion=27]
2018-04-10 18:01:41,949 INFO  LocalPropertiesFixService - Created fake /tmp/rdisk/376/src/ActionBar-PullToRefresh-master/samples/stock/local.properties
2018-04-10 18:01:41,952 INFO  ProjectFixService - Build info for "/tmp/rdisk/376/src/ActionBar-PullToRefresh-master/samples/stock/build.gradle": [buildToolsVersion=<null>,compileSdkVersion=<null>,minSdkVersion=14,targetSdkVersion=<null>]
2018-04-10 18:01:41,952 INFO  ProjectFixService - Fixed build info for "/tmp/rdisk/376/src/ActionBar-PullToRefresh-master/samples/stock/build.gradle": [buildToolsVersion=28.0.0-rc1,compileSdkVersion=27,minSdkVersion=14,targetSdkVersion=27]
2018-04-10 18:01:41,953 INFO  LocalPropertiesFixService - Created fake /tmp/rdisk/376/src/ActionBar-PullToRefresh-master/local.properties
2018-04-10 18:01:41,954 INFO  WrapperPropertiesFixService - Gradle wrapper: http://services.gradle.org/distributions/gradle-1.11-all.zip
2018-04-10 18:01:41,954 INFO  WrapperPropertiesFixService - Gradle wrapper was changed from "-all.zip" to "-bin.zip" (http://services.gradle.org/distributions/gradle-1.11-bin.zip)
2018-04-10 18:01:41,958 INFO  ProjectFixService - Build info for "/tmp/rdisk/376/src/ActionBar-PullToRefresh-master/build.gradle": [buildToolsVersion=<null>,compileSdkVersion=<null>,minSdkVersion=14,targetSdkVersion=<null>]
2018-04-10 18:01:41,958 INFO  ProjectFixService - Fixed build info for "/tmp/rdisk/376/src/ActionBar-PullToRefresh-master/build.gradle": [buildToolsVersion=28.0.0-rc1,compileSdkVersion=27,minSdkVersion=14,targetSdkVersion=27]
2018-04-10 18:01:41,958 INFO  ProjectFixService - Project was maybe fixed
2018-04-10 18:01:41,958 INFO  ProjectTaskService - Detecting possible tasks...
2018-04-10 18:01:41,958 INFO  SysUtils - Execute command: [/tmp/rdisk/376/src/ActionBar-PullToRefresh-master/gradlew, -b, /tmp/rdisk/376/src/ActionBar-PullToRefresh-master/extras/actionbarcompat/build.gradle, -Dorg.gradle.daemon=false, -Dorg.gradle.daemon.performance.enable-monitoring=false, -Dorg.gradle.configureondemand=true, tasks]
2018-04-10 18:01:50,276 ERROR ProjectTaskService - Could not detect possible Gradle tasks: Process exited with an error: 1 (Exit value: 1)
2018-04-10 18:01:50,277 INFO  ProjectTaskService - Detected possible tasks: 4
2018-04-10 18:01:50,277 INFO  ProjectTaskService - Excluded tasks (3): androidJavadocsJar androidJavadocs androidSourcesJar
2018-04-10 18:01:50,277 INFO  SysUtils - Execute command: [/tmp/rdisk/376/src/ActionBar-PullToRefresh-master/gradlew, -b, /tmp/rdisk/376/src/ActionBar-PullToRefresh-master/extras/actionbarcompat/build.gradle, -Dorg.gradle.daemon=false, -Dorg.gradle.daemon.performance.enable-monitoring=false, -Dorg.gradle.configureondemand=true, --stacktrace, -x, androidJavadocsJar, -x, androidJavadocs, -x, androidSourcesJar, build]
2018-04-10 18:01:57,487 ERROR SysUtils - Could not process external command
org.apache.commons.exec.ExecuteException: Process exited with an error: 1 (Exit value: 1)
	at org.apache.commons.exec.DefaultExecutor.executeInternal(DefaultExecutor.java:404)
	at org.apache.commons.exec.DefaultExecutor.execute(DefaultExecutor.java:166)
	at com.github.vbauer.apkmaster.util.SysUtils.execute(SysUtils.java:67)
	at com.github.vbauer.apkmaster.util.SysUtils.executeSimple(SysUtils.java:43)
	at com.github.vbauer.apkmaster.service.assembly.ProjectBuildService.buildProject(ProjectBuildService.java:78)
	at com.github.vbauer.apkmaster.service.assembly.ProjectBuildService.buildProject(ProjectBuildService.java:64)
	at com.github.vbauer.apkmaster.service.assembly.ProjectBuildService.buildProject(ProjectBuildService.java:43)
	at com.github.vbauer.apkmaster.service.FullProcessService.build(FullProcessService.java:84)
	at com.github.vbauer.apkmaster.service.FullProcessService.process(FullProcessService.java:34)
	at com.github.vbauer.apkmaster.app.MainApplication.process(MainApplication.java:38)
	at com.github.vbauer.apkmaster.app.MainApplication.main(MainApplication.java:20)
	at sun.reflect.NativeMethodAccessorImpl.invoke0(Native Method)
	at sun.reflect.NativeMethodAccessorImpl.invoke(NativeMethodAccessorImpl.java:62)
	at sun.reflect.DelegatingMethodAccessorImpl.invoke(DelegatingMethodAccessorImpl.java:43)
	at java.lang.reflect.Method.invoke(Method.java:498)
	at com.android.arsenal.util.ReflectionUtils.invoke(ReflectionUtils.java:42)
	at com.android.arsenal.util.ApkMasterUtils.main(ApkMasterUtils.java:30)
	at com.android.arsenal.service.processor.impl.BuildProcessorServiceImpl.buildProject(BuildProcessorServiceImpl.java:197)
	at com.android.arsenal.service.processor.impl.BuildProcessorServiceImpl.build(BuildProcessorServiceImpl.java:131)
	at com.android.arsenal.service.processor.impl.BuildProcessorServiceImpl.lambda$null$1(BuildProcessorServiceImpl.java:114)
	at java.util.concurrent.FutureTask.run(FutureTask.java:266)
	at java.util.concurrent.Executors$RunnableAdapter.call(Executors.java:511)
	at java.util.concurrent.FutureTask.run(FutureTask.java:266)
	at java.util.concurrent.ThreadPoolExecutor.runWorker(ThreadPoolExecutor.java:1149)
	at java.util.concurrent.ThreadPoolExecutor$Worker.run(ThreadPoolExecutor.java:624)
	at java.lang.Thread.run(Thread.java:748)
2018-04-10 18:01:57,488 INFO  SysUtils - Configuration on demand is an incubating feature.

FAILURE: Build failed with an exception.

* Where:
Script 'https://raw.github.com/chrisbanes/gradle-mvn-push/master/gradle-mvn-push.gradle' line: 97

* What went wrong:
A problem occurred evaluating root project 'ActionBar-PullToRefresh-master'.
> A problem occurred configuring project ':library'.
   > org.gradle.api.internal.MissingMethodException: Could not find method getBootClasspath() for arguments [] on com.android.build.gradle.LibraryExtension_Decorated@506a1372.

* Try:
Run with --info or --debug option to get more log output.

* Exception is:
org.gradle.api.GradleScriptException: A problem occurred evaluating root project 'ActionBar-PullToRefresh-master'.
	at org.gradle.groovy.scripts.internal.DefaultScriptRunnerFactory$ScriptRunnerImpl.run(DefaultScriptRunnerFactory.java:54)
	at org.gradle.configuration.DefaultScriptPluginFactory$ScriptPluginImpl.apply(DefaultScriptPluginFactory.java:177)
	at org.gradle.configuration.project.BuildScriptProcessor.execute(BuildScriptProcessor.java:38)
	at org.gradle.configuration.project.BuildScriptProcessor.execute(BuildScriptProcessor.java:25)
	at org.gradle.configuration.project.ConfigureActionsProjectEvaluator.evaluate(ConfigureActionsProjectEvaluator.java:34)
	at org.gradle.configuration.project.LifecycleProjectEvaluator.evaluate(LifecycleProjectEvaluator.java:55)
	at org.gradle.api.internal.project.AbstractProject.evaluate(AbstractProject.java:507)
	at org.gradle.api.internal.project.AbstractProject.evaluate(AbstractProject.java:82)
	at org.gradle.configuration.DefaultBuildConfigurer.configure(DefaultBuildConfigurer.java:28)
	at org.gradle.initialization.DefaultGradleLauncher.doBuildStages(DefaultGradleLauncher.java:142)
	at org.gradle.initialization.DefaultGradleLauncher.doBuild(DefaultGradleLauncher.java:113)
	at org.gradle.initialization.DefaultGradleLauncher.run(DefaultGradleLauncher.java:81)
	at org.gradle.launcher.exec.InProcessBuildActionExecuter$DefaultBuildController.run(InProcessBuildActionExecuter.java:64)
	at org.gradle.launcher.cli.ExecuteBuildAction.run(ExecuteBuildAction.java:33)
	at org.gradle.launcher.cli.ExecuteBuildAction.run(ExecuteBuildAction.java:24)
	at org.gradle.launcher.exec.InProcessBuildActionExecuter.execute(InProcessBuildActionExecuter.java:35)
	at org.gradle.launcher.exec.InProcessBuildActionExecuter.execute(InProcessBuildActionExecuter.java:26)
	at org.gradle.launcher.cli.RunBuildAction.run(RunBuildAction.java:50)
	at org.gradle.internal.Actions$RunnableActionAdapter.execute(Actions.java:171)
	at org.gradle.launcher.cli.CommandLineActionFactory$ParseAndBuildAction.execute(CommandLineActionFactory.java:201)
	at org.gradle.launcher.cli.CommandLineActionFactory$ParseAndBuildAction.execute(CommandLineActionFactory.java:174)
	at org.gradle.launcher.cli.CommandLineActionFactory$WithLogging.execute(CommandLineActionFactory.java:170)
	at org.gradle.launcher.cli.CommandLineActionFactory$WithLogging.execute(CommandLineActionFactory.java:139)
	at org.gradle.launcher.cli.ExceptionReportingAction.execute(ExceptionReportingAction.java:33)
	at org.gradle.launcher.cli.ExceptionReportingAction.execute(ExceptionReportingAction.java:22)
	at org.gradle.launcher.Main.doAction(Main.java:46)
	at org.gradle.launcher.bootstrap.EntryPoint.run(EntryPoint.java:45)
	at org.gradle.launcher.Main.main(Main.java:37)
	at org.gradle.launcher.bootstrap.ProcessBootstrap.runNoExit(ProcessBootstrap.java:50)
	at org.gradle.launcher.bootstrap.ProcessBootstrap.run(ProcessBootstrap.java:32)
	at org.gradle.launcher.GradleMain.main(GradleMain.java:23)
	at org.gradle.wrapper.BootstrapMainStarter.start(BootstrapMainStarter.java:33)
	at org.gradle.wrapper.WrapperExecutor.execute(WrapperExecutor.java:130)
	at org.gradle.wrapper.GradleWrapperMain.main(GradleWrapperMain.java:48)
Caused by: org.gradle.api.ProjectConfigurationException: A problem occurred configuring project ':library'.
	at org.gradle.configuration.project.LifecycleProjectEvaluator.addConfigurationFailure(LifecycleProjectEvaluator.java:79)
	at org.gradle.configuration.project.LifecycleProjectEvaluator.notifyAfterEvaluate(LifecycleProjectEvaluator.java:74)
	at org.gradle.configuration.project.LifecycleProjectEvaluator.evaluate(LifecycleProjectEvaluator.java:61)
	at org.gradle.api.internal.project.AbstractProject.evaluate(AbstractProject.java:507)
	at org.gradle.api.internal.project.AbstractProject.evaluationDependsOn(AbstractProject.java:611)
	at org.gradle.api.internal.project.AbstractProject.evaluationDependsOnChildren(AbstractProject.java:594)
	at org.gradle.api.Project$evaluationDependsOnChildren.call(Unknown Source)
	at com.android.build.gradle.ReportingPlugin.apply(ReportingPlugin.groovy:43)
	at com.android.build.gradle.ReportingPlugin.apply(ReportingPlugin.groovy)
	at org.gradle.api.internal.plugins.DefaultPluginContainer.providePlugin(DefaultPluginContainer.java:104)
	at org.gradle.api.internal.plugins.DefaultPluginContainer.addPluginInternal(DefaultPluginContainer.java:68)
	at org.gradle.api.internal.plugins.DefaultPluginContainer.apply(DefaultPluginContainer.java:34)
	at org.gradle.api.internal.plugins.DefaultObjectConfigurationAction.applyPlugin(DefaultObjectConfigurationAction.java:101)
	at org.gradle.api.internal.plugins.DefaultObjectConfigurationAction.access$200(DefaultObjectConfigurationAction.java:32)
	at org.gradle.api.internal.plugins.DefaultObjectConfigurationAction$3.run(DefaultObjectConfigurationAction.java:72)
	at org.gradle.api.internal.plugins.DefaultObjectConfigurationAction.execute(DefaultObjectConfigurationAction.java:114)
	at org.gradle.api.internal.project.AbstractPluginAware.apply(AbstractPluginAware.java:39)
	at org.gradle.api.Project$apply.call(Unknown Source)
	at org.gradle.api.internal.project.ProjectScript.apply(ProjectScript.groovy:34)
	at org.gradle.api.Script$apply.callCurrent(Unknown Source)
	at build_hp6gat9r45nubtaqdfk058q26.run(/tmp/rdisk/376/src/ActionBar-PullToRefresh-master/build.gradle:24)
	at org.gradle.groovy.scripts.internal.DefaultScriptRunnerFactory$ScriptRunnerImpl.run(DefaultScriptRunnerFactory.java:52)
	... 33 more
Caused by: org.codehaus.groovy.runtime.InvokerInvocationException: org.gradle.api.internal.MissingMethodException: Could not find method getBootClasspath() for arguments [] on com.android.build.gradle.LibraryExtension_Decorated@506a1372.
	at org.gradle.listener.ClosureBackedMethodInvocationDispatch.dispatch(ClosureBackedMethodInvocationDispatch.java:40)
	at org.gradle.listener.ClosureBackedMethodInvocationDispatch.dispatch(ClosureBackedMethodInvocationDispatch.java:25)
	at org.gradle.listener.BroadcastDispatch.dispatch(BroadcastDispatch.java:79)
	at org.gradle.listener.BroadcastDispatch.dispatch(BroadcastDispatch.java:31)
	at org.gradle.messaging.dispatch.ProxyDispatchAdapter$DispatchingInvocationHandler.invoke(ProxyDispatchAdapter.java:93)
	at com.sun.proxy.$Proxy14.afterEvaluate(Unknown Source)
	at org.gradle.configuration.project.LifecycleProjectEvaluator.notifyAfterEvaluate(LifecycleProjectEvaluator.java:67)
	... 53 more
Caused by: org.gradle.api.internal.MissingMethodException: Could not find method getBootClasspath() for arguments [] on com.android.build.gradle.LibraryExtension_Decorated@506a1372.
	at org.gradle.api.internal.AbstractDynamicObject.methodMissingException(AbstractDynamicObject.java:68)
	at org.gradle.api.internal.AbstractDynamicObject.invokeMethod(AbstractDynamicObject.java:56)
	at org.gradle.api.internal.CompositeDynamicObject.invokeMethod(CompositeDynamicObject.java:172)
	at com.android.build.gradle.LibraryExtension_Decorated.invokeMethod(Unknown Source)
	at gradle_mvn_push_1uslct06794lqcnn3dd7el7lq3$_run_closure1_closure4.doCall(https://raw.github.com/chrisbanes/gradle-mvn-push/master/gradle-mvn-push.gradle:97)
	at org.gradle.api.internal.ClosureBackedAction.execute(ClosureBackedAction.java:58)
	at org.gradle.util.ConfigureUtil.configure(ConfigureUtil.java:130)
	at org.gradle.util.ConfigureUtil.configure(ConfigureUtil.java:110)
	at org.gradle.api.internal.AbstractTask.configure(AbstractTask.java:439)
	at org.gradle.api.internal.project.AbstractProject.task(AbstractProject.java:962)
	at org.gradle.api.internal.BeanDynamicObject$MetaClassAdapter.invokeMethod(BeanDynamicObject.java:225)
	at org.gradle.api.internal.BeanDynamicObject.invokeMethod(BeanDynamicObject.java:129)
	at org.gradle.api.internal.CompositeDynamicObject.invokeMethod(CompositeDynamicObject.java:147)
	at org.gradle.groovy.scripts.BasicScript.methodMissing(BasicScript.java:79)
	at gradle_mvn_push_1uslct06794lqcnn3dd7el7lq3$_run_closure1.doCall(https://raw.github.com/chrisbanes/gradle-mvn-push/master/gradle-mvn-push.gradle:95)
	... 60 more


BUILD FAILED

Total time: 6.751 secs

2018-04-10 18:01:57,496 INFO  ProjectTaskService - Detecting possible tasks...
2018-04-10 18:01:57,496 INFO  SysUtils - Execute command: [/tmp/rdisk/376/src/ActionBar-PullToRefresh-master/gradlew, -b, /tmp/rdisk/376/src/ActionBar-PullToRefresh-master/extras/actionbarsherlock/build.gradle, -Dorg.gradle.daemon=false, -Dorg.gradle.daemon.performance.enable-monitoring=false, -Dorg.gradle.configureondemand=true, tasks]
2018-04-10 18:02:04,712 ERROR ProjectTaskService - Could not detect possible Gradle tasks: Process exited with an error: 1 (Exit value: 1)
2018-04-10 18:02:04,712 INFO  ProjectTaskService - Detected possible tasks: 4
2018-04-10 18:02:04,712 INFO  ProjectTaskService - Excluded tasks (3): androidJavadocsJar androidJavadocs androidSourcesJar
2018-04-10 18:02:04,713 INFO  SysUtils - Execute command: [/tmp/rdisk/376/src/ActionBar-PullToRefresh-master/gradlew, -b, /tmp/rdisk/376/src/ActionBar-PullToRefresh-master/extras/actionbarsherlock/build.gradle, -Dorg.gradle.daemon=false, -Dorg.gradle.daemon.performance.enable-monitoring=false, -Dorg.gradle.configureondemand=true, --stacktrace, -x, androidJavadocsJar, -x, androidJavadocs, -x, androidSourcesJar, build]
2018-04-10 18:02:11,802 ERROR SysUtils - Could not process external command
org.apache.commons.exec.ExecuteException: Process exited with an error: 1 (Exit value: 1)
	at org.apache.commons.exec.DefaultExecutor.executeInternal(DefaultExecutor.java:404)
	at org.apache.commons.exec.DefaultExecutor.execute(DefaultExecutor.java:166)
	at com.github.vbauer.apkmaster.util.SysUtils.execute(SysUtils.java:67)
	at com.github.vbauer.apkmaster.util.SysUtils.executeSimple(SysUtils.java:43)
	at com.github.vbauer.apkmaster.service.assembly.ProjectBuildService.buildProject(ProjectBuildService.java:78)
	at com.github.vbauer.apkmaster.service.assembly.ProjectBuildService.buildProject(ProjectBuildService.java:64)
	at com.github.vbauer.apkmaster.service.assembly.ProjectBuildService.buildProject(ProjectBuildService.java:43)
	at com.github.vbauer.apkmaster.service.FullProcessService.build(FullProcessService.java:84)
	at com.github.vbauer.apkmaster.service.FullProcessService.process(FullProcessService.java:34)
	at com.github.vbauer.apkmaster.app.MainApplication.process(MainApplication.java:38)
	at com.github.vbauer.apkmaster.app.MainApplication.main(MainApplication.java:20)
	at sun.reflect.NativeMethodAccessorImpl.invoke0(Native Method)
	at sun.reflect.NativeMethodAccessorImpl.invoke(NativeMethodAccessorImpl.java:62)
	at sun.reflect.DelegatingMethodAccessorImpl.invoke(DelegatingMethodAccessorImpl.java:43)
	at java.lang.reflect.Method.invoke(Method.java:498)
	at com.android.arsenal.util.ReflectionUtils.invoke(ReflectionUtils.java:42)
	at com.android.arsenal.util.ApkMasterUtils.main(ApkMasterUtils.java:30)
	at com.android.arsenal.service.processor.impl.BuildProcessorServiceImpl.buildProject(BuildProcessorServiceImpl.java:197)
	at com.android.arsenal.service.processor.impl.BuildProcessorServiceImpl.build(BuildProcessorServiceImpl.java:131)
	at com.android.arsenal.service.processor.impl.BuildProcessorServiceImpl.lambda$null$1(BuildProcessorServiceImpl.java:114)
	at java.util.concurrent.FutureTask.run(FutureTask.java:266)
	at java.util.concurrent.Executors$RunnableAdapter.call(Executors.java:511)
	at java.util.concurrent.FutureTask.run(FutureTask.java:266)
	at java.util.concurrent.ThreadPoolExecutor.runWorker(ThreadPoolExecutor.java:1149)
	at java.util.concurrent.ThreadPoolExecutor$Worker.run(ThreadPoolExecutor.java:624)
	at java.lang.Thread.run(Thread.java:748)
2018-04-10 18:02:11,802 INFO  SysUtils - Configuration on demand is an incubating feature.

FAILURE: Build failed with an exception.

* Where:
Script 'https://raw.github.com/chrisbanes/gradle-mvn-push/master/gradle-mvn-push.gradle' line: 97

* What went wrong:
A problem occurred evaluating root project 'ActionBar-PullToRefresh-master'.
> A problem occurred configuring project ':library'.
   > org.gradle.api.internal.MissingMethodException: Could not find method getBootClasspath() for arguments [] on com.android.build.gradle.LibraryExtension_Decorated@506a1372.

* Try:
Run with --info or --debug option to get more log output.

* Exception is:
org.gradle.api.GradleScriptException: A problem occurred evaluating root project 'ActionBar-PullToRefresh-master'.
	at org.gradle.groovy.scripts.internal.DefaultScriptRunnerFactory$ScriptRunnerImpl.run(DefaultScriptRunnerFactory.java:54)
	at org.gradle.configuration.DefaultScriptPluginFactory$ScriptPluginImpl.apply(DefaultScriptPluginFactory.java:177)
	at org.gradle.configuration.project.BuildScriptProcessor.execute(BuildScriptProcessor.java:38)
	at org.gradle.configuration.project.BuildScriptProcessor.execute(BuildScriptProcessor.java:25)
	at org.gradle.configuration.project.ConfigureActionsProjectEvaluator.evaluate(ConfigureActionsProjectEvaluator.java:34)
	at org.gradle.configuration.project.LifecycleProjectEvaluator.evaluate(LifecycleProjectEvaluator.java:55)
	at org.gradle.api.internal.project.AbstractProject.evaluate(AbstractProject.java:507)
	at org.gradle.api.internal.project.AbstractProject.evaluate(AbstractProject.java:82)
	at org.gradle.configuration.DefaultBuildConfigurer.configure(DefaultBuildConfigurer.java:28)
	at org.gradle.initialization.DefaultGradleLauncher.doBuildStages(DefaultGradleLauncher.java:142)
	at org.gradle.initialization.DefaultGradleLauncher.doBuild(DefaultGradleLauncher.java:113)
	at org.gradle.initialization.DefaultGradleLauncher.run(DefaultGradleLauncher.java:81)
	at org.gradle.launcher.exec.InProcessBuildActionExecuter$DefaultBuildController.run(InProcessBuildActionExecuter.java:64)
	at org.gradle.launcher.cli.ExecuteBuildAction.run(ExecuteBuildAction.java:33)
	at org.gradle.launcher.cli.ExecuteBuildAction.run(ExecuteBuildAction.java:24)
	at org.gradle.launcher.exec.InProcessBuildActionExecuter.execute(InProcessBuildActionExecuter.java:35)
	at org.gradle.launcher.exec.InProcessBuildActionExecuter.execute(InProcessBuildActionExecuter.java:26)
	at org.gradle.launcher.cli.RunBuildAction.run(RunBuildAction.java:50)
	at org.gradle.internal.Actions$RunnableActionAdapter.execute(Actions.java:171)
	at org.gradle.launcher.cli.CommandLineActionFactory$ParseAndBuildAction.execute(CommandLineActionFactory.java:201)
	at org.gradle.launcher.cli.CommandLineActionFactory$ParseAndBuildAction.execute(CommandLineActionFactory.java:174)
	at org.gradle.launcher.cli.CommandLineActionFactory$WithLogging.execute(CommandLineActionFactory.java:170)
	at org.gradle.launcher.cli.CommandLineActionFactory$WithLogging.execute(CommandLineActionFactory.java:139)
	at org.gradle.launcher.cli.ExceptionReportingAction.execute(ExceptionReportingAction.java:33)
	at org.gradle.launcher.cli.ExceptionReportingAction.execute(ExceptionReportingAction.java:22)
	at org.gradle.launcher.Main.doAction(Main.java:46)
	at org.gradle.launcher.bootstrap.EntryPoint.run(EntryPoint.java:45)
	at org.gradle.launcher.Main.main(Main.java:37)
	at org.gradle.launcher.bootstrap.ProcessBootstrap.runNoExit(ProcessBootstrap.java:50)
	at org.gradle.launcher.bootstrap.ProcessBootstrap.run(ProcessBootstrap.java:32)
	at org.gradle.launcher.GradleMain.main(GradleMain.java:23)
	at org.gradle.wrapper.BootstrapMainStarter.start(BootstrapMainStarter.java:33)
	at org.gradle.wrapper.WrapperExecutor.execute(WrapperExecutor.java:130)
	at org.gradle.wrapper.GradleWrapperMain.main(GradleWrapperMain.java:48)
Caused by: org.gradle.api.ProjectConfigurationException: A problem occurred configuring project ':library'.
	at org.gradle.configuration.project.LifecycleProjectEvaluator.addConfigurationFailure(LifecycleProjectEvaluator.java:79)
	at org.gradle.configuration.project.LifecycleProjectEvaluator.notifyAfterEvaluate(LifecycleProjectEvaluator.java:74)
	at org.gradle.configuration.project.LifecycleProjectEvaluator.evaluate(LifecycleProjectEvaluator.java:61)
	at org.gradle.api.internal.project.AbstractProject.evaluate(AbstractProject.java:507)
	at org.gradle.api.internal.project.AbstractProject.evaluationDependsOn(AbstractProject.java:611)
	at org.gradle.api.internal.project.AbstractProject.evaluationDependsOnChildren(AbstractProject.java:594)
	at org.gradle.api.Project$evaluationDependsOnChildren.call(Unknown Source)
	at com.android.build.gradle.ReportingPlugin.apply(ReportingPlugin.groovy:43)
	at com.android.build.gradle.ReportingPlugin.apply(ReportingPlugin.groovy)
	at org.gradle.api.internal.plugins.DefaultPluginContainer.providePlugin(DefaultPluginContainer.java:104)
	at org.gradle.api.internal.plugins.DefaultPluginContainer.addPluginInternal(DefaultPluginContainer.java:68)
	at org.gradle.api.internal.plugins.DefaultPluginContainer.apply(DefaultPluginContainer.java:34)
	at org.gradle.api.internal.plugins.DefaultObjectConfigurationAction.applyPlugin(DefaultObjectConfigurationAction.java:101)
	at org.gradle.api.internal.plugins.DefaultObjectConfigurationAction.access$200(DefaultObjectConfigurationAction.java:32)
	at org.gradle.api.internal.plugins.DefaultObjectConfigurationAction$3.run(DefaultObjectConfigurationAction.java:72)
	at org.gradle.api.internal.plugins.DefaultObjectConfigurationAction.execute(DefaultObjectConfigurationAction.java:114)
	at org.gradle.api.internal.project.AbstractPluginAware.apply(AbstractPluginAware.java:39)
	at org.gradle.api.Project$apply.call(Unknown Source)
	at org.gradle.api.internal.project.ProjectScript.apply(ProjectScript.groovy:34)
	at org.gradle.api.Script$apply.callCurrent(Unknown Source)
	at build_hp6gat9r45nubtaqdfk058q26.run(/tmp/rdisk/376/src/ActionBar-PullToRefresh-master/build.gradle:24)
	at org.gradle.groovy.scripts.internal.DefaultScriptRunnerFactory$ScriptRunnerImpl.run(DefaultScriptRunnerFactory.java:52)
	... 33 more
Caused by: org.codehaus.groovy.runtime.InvokerInvocationException: org.gradle.api.internal.MissingMethodException: Could not find method getBootClasspath() for arguments [] on com.android.build.gradle.LibraryExtension_Decorated@506a1372.
	at org.gradle.listener.ClosureBackedMethodInvocationDispatch.dispatch(ClosureBackedMethodInvocationDispatch.java:40)
	at org.gradle.listener.ClosureBackedMethodInvocationDispatch.dispatch(ClosureBackedMethodInvocationDispatch.java:25)
	at org.gradle.listener.BroadcastDispatch.dispatch(BroadcastDispatch.java:79)
	at org.gradle.listener.BroadcastDispatch.dispatch(BroadcastDispatch.java:31)
	at org.gradle.messaging.dispatch.ProxyDispatchAdapter$DispatchingInvocationHandler.invoke(ProxyDispatchAdapter.java:93)
	at com.sun.proxy.$Proxy14.afterEvaluate(Unknown Source)
	at org.gradle.configuration.project.LifecycleProjectEvaluator.notifyAfterEvaluate(LifecycleProjectEvaluator.java:67)
	... 53 more
Caused by: org.gradle.api.internal.MissingMethodException: Could not find method getBootClasspath() for arguments [] on com.android.build.gradle.LibraryExtension_Decorated@506a1372.
	at org.gradle.api.internal.AbstractDynamicObject.methodMissingException(AbstractDynamicObject.java:68)
	at org.gradle.api.internal.AbstractDynamicObject.invokeMethod(AbstractDynamicObject.java:56)
	at org.gradle.api.internal.CompositeDynamicObject.invokeMethod(CompositeDynamicObject.java:172)
	at com.android.build.gradle.LibraryExtension_Decorated.invokeMethod(Unknown Source)
	at gradle_mvn_push_1uslct06794lqcnn3dd7el7lq3$_run_closure1_closure4.doCall(https://raw.github.com/chrisbanes/gradle-mvn-push/master/gradle-mvn-push.gradle:97)
	at org.gradle.api.internal.ClosureBackedAction.execute(ClosureBackedAction.java:58)
	at org.gradle.util.ConfigureUtil.configure(ConfigureUtil.java:130)
	at org.gradle.util.ConfigureUtil.configure(ConfigureUtil.java:110)
	at org.gradle.api.internal.AbstractTask.configure(AbstractTask.java:439)
	at org.gradle.api.internal.project.AbstractProject.task(AbstractProject.java:962)
	at org.gradle.api.internal.BeanDynamicObject$MetaClassAdapter.invokeMethod(BeanDynamicObject.java:225)
	at org.gradle.api.internal.BeanDynamicObject.invokeMethod(BeanDynamicObject.java:129)
	at org.gradle.api.internal.CompositeDynamicObject.invokeMethod(CompositeDynamicObject.java:147)
	at org.gradle.groovy.scripts.BasicScript.methodMissing(BasicScript.java:79)
	at gradle_mvn_push_1uslct06794lqcnn3dd7el7lq3$_run_closure1.doCall(https://raw.github.com/chrisbanes/gradle-mvn-push/master/gradle-mvn-push.gradle:95)
	... 60 more


BUILD FAILED

Total time: 6.65 secs

2018-04-10 18:02:11,810 INFO  ProjectTaskService - Detecting possible tasks...
2018-04-10 18:02:11,811 INFO  SysUtils - Execute command: [/tmp/rdisk/376/src/ActionBar-PullToRefresh-master/gradlew, -b, /tmp/rdisk/376/src/ActionBar-PullToRefresh-master/library/build.gradle, -Dorg.gradle.daemon=false, -Dorg.gradle.daemon.performance.enable-monitoring=false, -Dorg.gradle.configureondemand=true, tasks]
2018-04-10 18:02:18,778 ERROR ProjectTaskService - Could not detect possible Gradle tasks: Process exited with an error: 1 (Exit value: 1)
2018-04-10 18:02:18,778 INFO  ProjectTaskService - Detected possible tasks: 4
2018-04-10 18:02:18,778 INFO  ProjectTaskService - Excluded tasks (3): androidJavadocsJar androidJavadocs androidSourcesJar
2018-04-10 18:02:18,778 INFO  SysUtils - Execute command: [/tmp/rdisk/376/src/ActionBar-PullToRefresh-master/gradlew, -b, /tmp/rdisk/376/src/ActionBar-PullToRefresh-master/library/build.gradle, -Dorg.gradle.daemon=false, -Dorg.gradle.daemon.performance.enable-monitoring=false, -Dorg.gradle.configureondemand=true, --stacktrace, -x, androidJavadocsJar, -x, androidJavadocs, -x, androidSourcesJar, build]
2018-04-10 18:02:25,910 ERROR SysUtils - Could not process external command
org.apache.commons.exec.ExecuteException: Process exited with an error: 1 (Exit value: 1)
	at org.apache.commons.exec.DefaultExecutor.executeInternal(DefaultExecutor.java:404)
	at org.apache.commons.exec.DefaultExecutor.execute(DefaultExecutor.java:166)
	at com.github.vbauer.apkmaster.util.SysUtils.execute(SysUtils.java:67)
	at com.github.vbauer.apkmaster.util.SysUtils.executeSimple(SysUtils.java:43)
	at com.github.vbauer.apkmaster.service.assembly.ProjectBuildService.buildProject(ProjectBuildService.java:78)
	at com.github.vbauer.apkmaster.service.assembly.ProjectBuildService.buildProject(ProjectBuildService.java:64)
	at com.github.vbauer.apkmaster.service.assembly.ProjectBuildService.buildProject(ProjectBuildService.java:43)
	at com.github.vbauer.apkmaster.service.FullProcessService.build(FullProcessService.java:84)
	at com.github.vbauer.apkmaster.service.FullProcessService.process(FullProcessService.java:34)
	at com.github.vbauer.apkmaster.app.MainApplication.process(MainApplication.java:38)
	at com.github.vbauer.apkmaster.app.MainApplication.main(MainApplication.java:20)
	at sun.reflect.NativeMethodAccessorImpl.invoke0(Native Method)
	at sun.reflect.NativeMethodAccessorImpl.invoke(NativeMethodAccessorImpl.java:62)
	at sun.reflect.DelegatingMethodAccessorImpl.invoke(DelegatingMethodAccessorImpl.java:43)
	at java.lang.reflect.Method.invoke(Method.java:498)
	at com.android.arsenal.util.ReflectionUtils.invoke(ReflectionUtils.java:42)
	at com.android.arsenal.util.ApkMasterUtils.main(ApkMasterUtils.java:30)
	at com.android.arsenal.service.processor.impl.BuildProcessorServiceImpl.buildProject(BuildProcessorServiceImpl.java:197)
	at com.android.arsenal.service.processor.impl.BuildProcessorServiceImpl.build(BuildProcessorServiceImpl.java:131)
	at com.android.arsenal.service.processor.impl.BuildProcessorServiceImpl.lambda$null$1(BuildProcessorServiceImpl.java:114)
	at java.util.concurrent.FutureTask.run(FutureTask.java:266)
	at java.util.concurrent.Executors$RunnableAdapter.call(Executors.java:511)
	at java.util.concurrent.FutureTask.run(FutureTask.java:266)
	at java.util.concurrent.ThreadPoolExecutor.runWorker(ThreadPoolExecutor.java:1149)
	at java.util.concurrent.ThreadPoolExecutor$Worker.run(ThreadPoolExecutor.java:624)
	at java.lang.Thread.run(Thread.java:748)
2018-04-10 18:02:25,911 INFO  SysUtils - Configuration on demand is an incubating feature.

FAILURE: Build failed with an exception.

* Where:
Script 'https://raw.github.com/chrisbanes/gradle-mvn-push/master/gradle-mvn-push.gradle' line: 97

* What went wrong:
A problem occurred evaluating root project 'ActionBar-PullToRefresh-master'.
> A problem occurred configuring project ':library'.
   > org.gradle.api.internal.MissingMethodException: Could not find method getBootClasspath() for arguments [] on com.android.build.gradle.LibraryExtension_Decorated@506a1372.

* Try:
Run with --info or --debug option to get more log output.

* Exception is:
org.gradle.api.GradleScriptException: A problem occurred evaluating root project 'ActionBar-PullToRefresh-master'.
	at org.gradle.groovy.scripts.internal.DefaultScriptRunnerFactory$ScriptRunnerImpl.run(DefaultScriptRunnerFactory.java:54)
	at org.gradle.configuration.DefaultScriptPluginFactory$ScriptPluginImpl.apply(DefaultScriptPluginFactory.java:177)
	at org.gradle.configuration.project.BuildScriptProcessor.execute(BuildScriptProcessor.java:38)
	at org.gradle.configuration.project.BuildScriptProcessor.execute(BuildScriptProcessor.java:25)
	at org.gradle.configuration.project.ConfigureActionsProjectEvaluator.evaluate(ConfigureActionsProjectEvaluator.java:34)
	at org.gradle.configuration.project.LifecycleProjectEvaluator.evaluate(LifecycleProjectEvaluator.java:55)
	at org.gradle.api.internal.project.AbstractProject.evaluate(AbstractProject.java:507)
	at org.gradle.api.internal.project.AbstractProject.evaluate(AbstractProject.java:82)
	at org.gradle.configuration.DefaultBuildConfigurer.configure(DefaultBuildConfigurer.java:28)
	at org.gradle.initialization.DefaultGradleLauncher.doBuildStages(DefaultGradleLauncher.java:142)
	at org.gradle.initialization.DefaultGradleLauncher.doBuild(DefaultGradleLauncher.java:113)
	at org.gradle.initialization.DefaultGradleLauncher.run(DefaultGradleLauncher.java:81)
	at org.gradle.launcher.exec.InProcessBuildActionExecuter$DefaultBuildController.run(InProcessBuildActionExecuter.java:64)
	at org.gradle.launcher.cli.ExecuteBuildAction.run(ExecuteBuildAction.java:33)
	at org.gradle.launcher.cli.ExecuteBuildAction.run(ExecuteBuildAction.java:24)
	at org.gradle.launcher.exec.InProcessBuildActionExecuter.execute(InProcessBuildActionExecuter.java:35)
	at org.gradle.launcher.exec.InProcessBuildActionExecuter.execute(InProcessBuildActionExecuter.java:26)
	at org.gradle.launcher.cli.RunBuildAction.run(RunBuildAction.java:50)
	at org.gradle.internal.Actions$RunnableActionAdapter.execute(Actions.java:171)
	at org.gradle.launcher.cli.CommandLineActionFactory$ParseAndBuildAction.execute(CommandLineActionFactory.java:201)
	at org.gradle.launcher.cli.CommandLineActionFactory$ParseAndBuildAction.execute(CommandLineActionFactory.java:174)
	at org.gradle.launcher.cli.CommandLineActionFactory$WithLogging.execute(CommandLineActionFactory.java:170)
	at org.gradle.launcher.cli.CommandLineActionFactory$WithLogging.execute(CommandLineActionFactory.java:139)
	at org.gradle.launcher.cli.ExceptionReportingAction.execute(ExceptionReportingAction.java:33)
	at org.gradle.launcher.cli.ExceptionReportingAction.execute(ExceptionReportingAction.java:22)
	at org.gradle.launcher.Main.doAction(Main.java:46)
	at org.gradle.launcher.bootstrap.EntryPoint.run(EntryPoint.java:45)
	at org.gradle.launcher.Main.main(Main.java:37)
	at org.gradle.launcher.bootstrap.ProcessBootstrap.runNoExit(ProcessBootstrap.java:50)
	at org.gradle.launcher.bootstrap.ProcessBootstrap.run(ProcessBootstrap.java:32)
	at org.gradle.launcher.GradleMain.main(GradleMain.java:23)
	at org.gradle.wrapper.BootstrapMainStarter.start(BootstrapMainStarter.java:33)
	at org.gradle.wrapper.WrapperExecutor.execute(WrapperExecutor.java:130)
	at org.gradle.wrapper.GradleWrapperMain.main(GradleWrapperMain.java:48)
Caused by: org.gradle.api.ProjectConfigurationException: A problem occurred configuring project ':library'.
	at org.gradle.configuration.project.LifecycleProjectEvaluator.addConfigurationFailure(LifecycleProjectEvaluator.java:79)
	at org.gradle.configuration.project.LifecycleProjectEvaluator.notifyAfterEvaluate(LifecycleProjectEvaluator.java:74)
	at org.gradle.configuration.project.LifecycleProjectEvaluator.evaluate(LifecycleProjectEvaluator.java:61)
	at org.gradle.api.internal.project.AbstractProject.evaluate(AbstractProject.java:507)
	at org.gradle.api.internal.project.AbstractProject.evaluationDependsOn(AbstractProject.java:611)
	at org.gradle.api.internal.project.AbstractProject.evaluationDependsOnChildren(AbstractProject.java:594)
	at org.gradle.api.Project$evaluationDependsOnChildren.call(Unknown Source)
	at com.android.build.gradle.ReportingPlugin.apply(ReportingPlugin.groovy:43)
	at com.android.build.gradle.ReportingPlugin.apply(ReportingPlugin.groovy)
	at org.gradle.api.internal.plugins.DefaultPluginContainer.providePlugin(DefaultPluginContainer.java:104)
	at org.gradle.api.internal.plugins.DefaultPluginContainer.addPluginInternal(DefaultPluginContainer.java:68)
	at org.gradle.api.internal.plugins.DefaultPluginContainer.apply(DefaultPluginContainer.java:34)
	at org.gradle.api.internal.plugins.DefaultObjectConfigurationAction.applyPlugin(DefaultObjectConfigurationAction.java:101)
	at org.gradle.api.internal.plugins.DefaultObjectConfigurationAction.access$200(DefaultObjectConfigurationAction.java:32)
	at org.gradle.api.internal.plugins.DefaultObjectConfigurationAction$3.run(DefaultObjectConfigurationAction.java:72)
	at org.gradle.api.internal.plugins.DefaultObjectConfigurationAction.execute(DefaultObjectConfigurationAction.java:114)
	at org.gradle.api.internal.project.AbstractPluginAware.apply(AbstractPluginAware.java:39)
	at org.gradle.api.Project$apply.call(Unknown Source)
	at org.gradle.api.internal.project.ProjectScript.apply(ProjectScript.groovy:34)
	at org.gradle.api.Script$apply.callCurrent(Unknown Source)
	at build_hp6gat9r45nubtaqdfk058q26.run(/tmp/rdisk/376/src/ActionBar-PullToRefresh-master/build.gradle:24)
	at org.gradle.groovy.scripts.internal.DefaultScriptRunnerFactory$ScriptRunnerImpl.run(DefaultScriptRunnerFactory.java:52)
	... 33 more
Caused by: org.codehaus.groovy.runtime.InvokerInvocationException: org.gradle.api.internal.MissingMethodException: Could not find method getBootClasspath() for arguments [] on com.android.build.gradle.LibraryExtension_Decorated@506a1372.
	at org.gradle.listener.ClosureBackedMethodInvocationDispatch.dispatch(ClosureBackedMethodInvocationDispatch.java:40)
	at org.gradle.listener.ClosureBackedMethodInvocationDispatch.dispatch(ClosureBackedMethodInvocationDispatch.java:25)
	at org.gradle.listener.BroadcastDispatch.dispatch(BroadcastDispatch.java:79)
	at org.gradle.listener.BroadcastDispatch.dispatch(BroadcastDispatch.java:31)
	at org.gradle.messaging.dispatch.ProxyDispatchAdapter$DispatchingInvocationHandler.invoke(ProxyDispatchAdapter.java:93)
	at com.sun.proxy.$Proxy14.afterEvaluate(Unknown Source)
	at org.gradle.configuration.project.LifecycleProjectEvaluator.notifyAfterEvaluate(LifecycleProjectEvaluator.java:67)
	... 53 more
Caused by: org.gradle.api.internal.MissingMethodException: Could not find method getBootClasspath() for arguments [] on com.android.build.gradle.LibraryExtension_Decorated@506a1372.
	at org.gradle.api.internal.AbstractDynamicObject.methodMissingException(AbstractDynamicObject.java:68)
	at org.gradle.api.internal.AbstractDynamicObject.invokeMethod(AbstractDynamicObject.java:56)
	at org.gradle.api.internal.CompositeDynamicObject.invokeMethod(CompositeDynamicObject.java:172)
	at com.android.build.gradle.LibraryExtension_Decorated.invokeMethod(Unknown Source)
	at gradle_mvn_push_1uslct06794lqcnn3dd7el7lq3$_run_closure1_closure4.doCall(https://raw.github.com/chrisbanes/gradle-mvn-push/master/gradle-mvn-push.gradle:97)
	at org.gradle.api.internal.ClosureBackedAction.execute(ClosureBackedAction.java:58)
	at org.gradle.util.ConfigureUtil.configure(ConfigureUtil.java:130)
	at org.gradle.util.ConfigureUtil.configure(ConfigureUtil.java:110)
	at org.gradle.api.internal.AbstractTask.configure(AbstractTask.java:439)
	at org.gradle.api.internal.project.AbstractProject.task(AbstractProject.java:962)
	at org.gradle.api.internal.BeanDynamicObject$MetaClassAdapter.invokeMethod(BeanDynamicObject.java:225)
	at org.gradle.api.internal.BeanDynamicObject.invokeMethod(BeanDynamicObject.java:129)
	at org.gradle.api.internal.CompositeDynamicObject.invokeMethod(CompositeDynamicObject.java:147)
	at org.gradle.groovy.scripts.BasicScript.methodMissing(BasicScript.java:79)
	at gradle_mvn_push_1uslct06794lqcnn3dd7el7lq3$_run_closure1.doCall(https://raw.github.com/chrisbanes/gradle-mvn-push/master/gradle-mvn-push.gradle:95)
	... 60 more


BUILD FAILED

Total time: 6.675 secs

2018-04-10 18:02:25,919 INFO  ProjectTaskService - Detecting possible tasks...
2018-04-10 18:02:25,919 INFO  SysUtils - Execute command: [/tmp/rdisk/376/src/ActionBar-PullToRefresh-master/gradlew, -b, /tmp/rdisk/376/src/ActionBar-PullToRefresh-master/samples/actionbarcompat/build.gradle, -Dorg.gradle.daemon=false, -Dorg.gradle.daemon.performance.enable-monitoring=false, -Dorg.gradle.configureondemand=true, tasks]
2018-04-10 18:02:32,833 ERROR ProjectTaskService - Could not detect possible Gradle tasks: Process exited with an error: 1 (Exit value: 1)
2018-04-10 18:02:32,833 INFO  ProjectTaskService - Detected possible tasks: 4
2018-04-10 18:02:32,834 INFO  ProjectTaskService - Excluded tasks (3): androidJavadocsJar androidJavadocs androidSourcesJar
2018-04-10 18:02:32,834 INFO  SysUtils - Execute command: [/tmp/rdisk/376/src/ActionBar-PullToRefresh-master/gradlew, -b, /tmp/rdisk/376/src/ActionBar-PullToRefresh-master/samples/actionbarcompat/build.gradle, -Dorg.gradle.daemon=false, -Dorg.gradle.daemon.performance.enable-monitoring=false, -Dorg.gradle.configureondemand=true, --stacktrace, -x, androidJavadocsJar, -x, androidJavadocs, -x, androidSourcesJar, build]
2018-04-10 18:02:39,775 ERROR SysUtils - Could not process external command
org.apache.commons.exec.ExecuteException: Process exited with an error: 1 (Exit value: 1)
	at org.apache.commons.exec.DefaultExecutor.executeInternal(DefaultExecutor.java:404)
	at org.apache.commons.exec.DefaultExecutor.execute(DefaultExecutor.java:166)
	at com.github.vbauer.apkmaster.util.SysUtils.execute(SysUtils.java:67)
	at com.github.vbauer.apkmaster.util.SysUtils.executeSimple(SysUtils.java:43)
	at com.github.vbauer.apkmaster.service.assembly.ProjectBuildService.buildProject(ProjectBuildService.java:78)
	at com.github.vbauer.apkmaster.service.assembly.ProjectBuildService.buildProject(ProjectBuildService.java:64)
	at com.github.vbauer.apkmaster.service.assembly.ProjectBuildService.buildProject(ProjectBuildService.java:43)
	at com.github.vbauer.apkmaster.service.FullProcessService.build(FullProcessService.java:84)
	at com.github.vbauer.apkmaster.service.FullProcessService.process(FullProcessService.java:34)
	at com.github.vbauer.apkmaster.app.MainApplication.process(MainApplication.java:38)
	at com.github.vbauer.apkmaster.app.MainApplication.main(MainApplication.java:20)
	at sun.reflect.NativeMethodAccessorImpl.invoke0(Native Method)
	at sun.reflect.NativeMethodAccessorImpl.invoke(NativeMethodAccessorImpl.java:62)
	at sun.reflect.DelegatingMethodAccessorImpl.invoke(DelegatingMethodAccessorImpl.java:43)
	at java.lang.reflect.Method.invoke(Method.java:498)
	at com.android.arsenal.util.ReflectionUtils.invoke(ReflectionUtils.java:42)
	at com.android.arsenal.util.ApkMasterUtils.main(ApkMasterUtils.java:30)
	at com.android.arsenal.service.processor.impl.BuildProcessorServiceImpl.buildProject(BuildProcessorServiceImpl.java:197)
	at com.android.arsenal.service.processor.impl.BuildProcessorServiceImpl.build(BuildProcessorServiceImpl.java:131)
	at com.android.arsenal.service.processor.impl.BuildProcessorServiceImpl.lambda$null$1(BuildProcessorServiceImpl.java:114)
	at java.util.concurrent.FutureTask.run(FutureTask.java:266)
	at java.util.concurrent.Executors$RunnableAdapter.call(Executors.java:511)
	at java.util.concurrent.FutureTask.run(FutureTask.java:266)
	at java.util.concurrent.ThreadPoolExecutor.runWorker(ThreadPoolExecutor.java:1149)
	at java.util.concurrent.ThreadPoolExecutor$Worker.run(ThreadPoolExecutor.java:624)
	at java.lang.Thread.run(Thread.java:748)
2018-04-10 18:02:39,775 INFO  SysUtils - Configuration on demand is an incubating feature.

FAILURE: Build failed with an exception.

* Where:
Script 'https://raw.github.com/chrisbanes/gradle-mvn-push/master/gradle-mvn-push.gradle' line: 97

* What went wrong:
A problem occurred evaluating root project 'ActionBar-PullToRefresh-master'.
> A problem occurred configuring project ':library'.
   > org.gradle.api.internal.MissingMethodException: Could not find method getBootClasspath() for arguments [] on com.android.build.gradle.LibraryExtension_Decorated@506a1372.

* Try:
Run with --info or --debug option to get more log output.

* Exception is:
org.gradle.api.GradleScriptException: A problem occurred evaluating root project 'ActionBar-PullToRefresh-master'.
	at org.gradle.groovy.scripts.internal.DefaultScriptRunnerFactory$ScriptRunnerImpl.run(DefaultScriptRunnerFactory.java:54)
	at org.gradle.configuration.DefaultScriptPluginFactory$ScriptPluginImpl.apply(DefaultScriptPluginFactory.java:177)
	at org.gradle.configuration.project.BuildScriptProcessor.execute(BuildScriptProcessor.java:38)
	at org.gradle.configuration.project.BuildScriptProcessor.execute(BuildScriptProcessor.java:25)
	at org.gradle.configuration.project.ConfigureActionsProjectEvaluator.evaluate(ConfigureActionsProjectEvaluator.java:34)
	at org.gradle.configuration.project.LifecycleProjectEvaluator.evaluate(LifecycleProjectEvaluator.java:55)
	at org.gradle.api.internal.project.AbstractProject.evaluate(AbstractProject.java:507)
	at org.gradle.api.internal.project.AbstractProject.evaluate(AbstractProject.java:82)
	at org.gradle.configuration.DefaultBuildConfigurer.configure(DefaultBuildConfigurer.java:28)
	at org.gradle.initialization.DefaultGradleLauncher.doBuildStages(DefaultGradleLauncher.java:142)
	at org.gradle.initialization.DefaultGradleLauncher.doBuild(DefaultGradleLauncher.java:113)
	at org.gradle.initialization.DefaultGradleLauncher.run(DefaultGradleLauncher.java:81)
	at org.gradle.launcher.exec.InProcessBuildActionExecuter$DefaultBuildController.run(InProcessBuildActionExecuter.java:64)
	at org.gradle.launcher.cli.ExecuteBuildAction.run(ExecuteBuildAction.java:33)
	at org.gradle.launcher.cli.ExecuteBuildAction.run(ExecuteBuildAction.java:24)
	at org.gradle.launcher.exec.InProcessBuildActionExecuter.execute(InProcessBuildActionExecuter.java:35)
	at org.gradle.launcher.exec.InProcessBuildActionExecuter.execute(InProcessBuildActionExecuter.java:26)
	at org.gradle.launcher.cli.RunBuildAction.run(RunBuildAction.java:50)
	at org.gradle.internal.Actions$RunnableActionAdapter.execute(Actions.java:171)
	at org.gradle.launcher.cli.CommandLineActionFactory$ParseAndBuildAction.execute(CommandLineActionFactory.java:201)
	at org.gradle.launcher.cli.CommandLineActionFactory$ParseAndBuildAction.execute(CommandLineActionFactory.java:174)
	at org.gradle.launcher.cli.CommandLineActionFactory$WithLogging.execute(CommandLineActionFactory.java:170)
	at org.gradle.launcher.cli.CommandLineActionFactory$WithLogging.execute(CommandLineActionFactory.java:139)
	at org.gradle.launcher.cli.ExceptionReportingAction.execute(ExceptionReportingAction.java:33)
	at org.gradle.launcher.cli.ExceptionReportingAction.execute(ExceptionReportingAction.java:22)
	at org.gradle.launcher.Main.doAction(Main.java:46)
	at org.gradle.launcher.bootstrap.EntryPoint.run(EntryPoint.java:45)
	at org.gradle.launcher.Main.main(Main.java:37)
	at org.gradle.launcher.bootstrap.ProcessBootstrap.runNoExit(ProcessBootstrap.java:50)
	at org.gradle.launcher.bootstrap.ProcessBootstrap.run(ProcessBootstrap.java:32)
	at org.gradle.launcher.GradleMain.main(GradleMain.java:23)
	at org.gradle.wrapper.BootstrapMainStarter.start(BootstrapMainStarter.java:33)
	at org.gradle.wrapper.WrapperExecutor.execute(WrapperExecutor.java:130)
	at org.gradle.wrapper.GradleWrapperMain.main(GradleWrapperMain.java:48)
Caused by: org.gradle.api.ProjectConfigurationException: A problem occurred configuring project ':library'.
	at org.gradle.configuration.project.LifecycleProjectEvaluator.addConfigurationFailure(LifecycleProjectEvaluator.java:79)
	at org.gradle.configuration.project.LifecycleProjectEvaluator.notifyAfterEvaluate(LifecycleProjectEvaluator.java:74)
	at org.gradle.configuration.project.LifecycleProjectEvaluator.evaluate(LifecycleProjectEvaluator.java:61)
	at org.gradle.api.internal.project.AbstractProject.evaluate(AbstractProject.java:507)
	at org.gradle.api.internal.project.AbstractProject.evaluationDependsOn(AbstractProject.java:611)
	at org.gradle.api.internal.project.AbstractProject.evaluationDependsOnChildren(AbstractProject.java:594)
	at org.gradle.api.Project$evaluationDependsOnChildren.call(Unknown Source)
	at com.android.build.gradle.ReportingPlugin.apply(ReportingPlugin.groovy:43)
	at com.android.build.gradle.ReportingPlugin.apply(ReportingPlugin.groovy)
	at org.gradle.api.internal.plugins.DefaultPluginContainer.providePlugin(DefaultPluginContainer.java:104)
	at org.gradle.api.internal.plugins.DefaultPluginContainer.addPluginInternal(DefaultPluginContainer.java:68)
	at org.gradle.api.internal.plugins.DefaultPluginContainer.apply(DefaultPluginContainer.java:34)
	at org.gradle.api.internal.plugins.DefaultObjectConfigurationAction.applyPlugin(DefaultObjectConfigurationAction.java:101)
	at org.gradle.api.internal.plugins.DefaultObjectConfigurationAction.access$200(DefaultObjectConfigurationAction.java:32)
	at org.gradle.api.internal.plugins.DefaultObjectConfigurationAction$3.run(DefaultObjectConfigurationAction.java:72)
	at org.gradle.api.internal.plugins.DefaultObjectConfigurationAction.execute(DefaultObjectConfigurationAction.java:114)
	at org.gradle.api.internal.project.AbstractPluginAware.apply(AbstractPluginAware.java:39)
	at org.gradle.api.Project$apply.call(Unknown Source)
	at org.gradle.api.internal.project.ProjectScript.apply(ProjectScript.groovy:34)
	at org.gradle.api.Script$apply.callCurrent(Unknown Source)
	at build_hp6gat9r45nubtaqdfk058q26.run(/tmp/rdisk/376/src/ActionBar-PullToRefresh-master/build.gradle:24)
	at org.gradle.groovy.scripts.internal.DefaultScriptRunnerFactory$ScriptRunnerImpl.run(DefaultScriptRunnerFactory.java:52)
	... 33 more
Caused by: org.codehaus.groovy.runtime.InvokerInvocationException: org.gradle.api.internal.MissingMethodException: Could not find method getBootClasspath() for arguments [] on com.android.build.gradle.LibraryExtension_Decorated@506a1372.
	at org.gradle.listener.ClosureBackedMethodInvocationDispatch.dispatch(ClosureBackedMethodInvocationDispatch.java:40)
	at org.gradle.listener.ClosureBackedMethodInvocationDispatch.dispatch(ClosureBackedMethodInvocationDispatch.java:25)
	at org.gradle.listener.BroadcastDispatch.dispatch(BroadcastDispatch.java:79)
	at org.gradle.listener.BroadcastDispatch.dispatch(BroadcastDispatch.java:31)
	at org.gradle.messaging.dispatch.ProxyDispatchAdapter$DispatchingInvocationHandler.invoke(ProxyDispatchAdapter.java:93)
	at com.sun.proxy.$Proxy14.afterEvaluate(Unknown Source)
	at org.gradle.configuration.project.LifecycleProjectEvaluator.notifyAfterEvaluate(LifecycleProjectEvaluator.java:67)
	... 53 more
Caused by: org.gradle.api.internal.MissingMethodException: Could not find method getBootClasspath() for arguments [] on com.android.build.gradle.LibraryExtension_Decorated@506a1372.
	at org.gradle.api.internal.AbstractDynamicObject.methodMissingException(AbstractDynamicObject.java:68)
	at org.gradle.api.internal.AbstractDynamicObject.invokeMethod(AbstractDynamicObject.java:56)
	at org.gradle.api.internal.CompositeDynamicObject.invokeMethod(CompositeDynamicObject.java:172)
	at com.android.build.gradle.LibraryExtension_Decorated.invokeMethod(Unknown Source)
	at gradle_mvn_push_1uslct06794lqcnn3dd7el7lq3$_run_closure1_closure4.doCall(https://raw.github.com/chrisbanes/gradle-mvn-push/master/gradle-mvn-push.gradle:97)
	at org.gradle.api.internal.ClosureBackedAction.execute(ClosureBackedAction.java:58)
	at org.gradle.util.ConfigureUtil.configure(ConfigureUtil.java:130)
	at org.gradle.util.ConfigureUtil.configure(ConfigureUtil.java:110)
	at org.gradle.api.internal.AbstractTask.configure(AbstractTask.java:439)
	at org.gradle.api.internal.project.AbstractProject.task(AbstractProject.java:962)
	at org.gradle.api.internal.BeanDynamicObject$MetaClassAdapter.invokeMethod(BeanDynamicObject.java:225)
	at org.gradle.api.internal.BeanDynamicObject.invokeMethod(BeanDynamicObject.java:129)
	at org.gradle.api.internal.CompositeDynamicObject.invokeMethod(CompositeDynamicObject.java:147)
	at org.gradle.groovy.scripts.BasicScript.methodMissing(BasicScript.java:79)
	at gradle_mvn_push_1uslct06794lqcnn3dd7el7lq3$_run_closure1.doCall(https://raw.github.com/chrisbanes/gradle-mvn-push/master/gradle-mvn-push.gradle:95)
	... 60 more


BUILD FAILED

Total time: 6.505 secs

2018-04-10 18:02:39,783 INFO  ProjectTaskService - Detecting possible tasks...
2018-04-10 18:02:39,783 INFO  SysUtils - Execute command: [/tmp/rdisk/376/src/ActionBar-PullToRefresh-master/gradlew, -b, /tmp/rdisk/376/src/ActionBar-PullToRefresh-master/samples/actionbarsherlock/build.gradle, -Dorg.gradle.daemon=false, -Dorg.gradle.daemon.performance.enable-monitoring=false, -Dorg.gradle.configureondemand=true, tasks]
2018-04-10 18:02:47,759 ERROR ProjectTaskService - Could not detect possible Gradle tasks: Process exited with an error: 1 (Exit value: 1)
2018-04-10 18:02:47,760 INFO  ProjectTaskService - Detected possible tasks: 4
2018-04-10 18:02:47,760 INFO  ProjectTaskService - Excluded tasks (3): androidJavadocsJar androidJavadocs androidSourcesJar
2018-04-10 18:02:47,760 INFO  SysUtils - Execute command: [/tmp/rdisk/376/src/ActionBar-PullToRefresh-master/gradlew, -b, /tmp/rdisk/376/src/ActionBar-PullToRefresh-master/samples/actionbarsherlock/build.gradle, -Dorg.gradle.daemon=false, -Dorg.gradle.daemon.performance.enable-monitoring=false, -Dorg.gradle.configureondemand=true, --stacktrace, -x, androidJavadocsJar, -x, androidJavadocs, -x, androidSourcesJar, build]
2018-04-10 18:02:54,848 ERROR SysUtils - Could not process external command
org.apache.commons.exec.ExecuteException: Process exited with an error: 1 (Exit value: 1)
	at org.apache.commons.exec.DefaultExecutor.executeInternal(DefaultExecutor.java:404)
	at org.apache.commons.exec.DefaultExecutor.execute(DefaultExecutor.java:166)
	at com.github.vbauer.apkmaster.util.SysUtils.execute(SysUtils.java:67)
	at com.github.vbauer.apkmaster.util.SysUtils.executeSimple(SysUtils.java:43)
	at com.github.vbauer.apkmaster.service.assembly.ProjectBuildService.buildProject(ProjectBuildService.java:78)
	at com.github.vbauer.apkmaster.service.assembly.ProjectBuildService.buildProject(ProjectBuildService.java:64)
	at com.github.vbauer.apkmaster.service.assembly.ProjectBuildService.buildProject(ProjectBuildService.java:43)
	at com.github.vbauer.apkmaster.service.FullProcessService.build(FullProcessService.java:84)
	at com.github.vbauer.apkmaster.service.FullProcessService.process(FullProcessService.java:34)
	at com.github.vbauer.apkmaster.app.MainApplication.process(MainApplication.java:38)
	at com.github.vbauer.apkmaster.app.MainApplication.main(MainApplication.java:20)
	at sun.reflect.NativeMethodAccessorImpl.invoke0(Native Method)
	at sun.reflect.NativeMethodAccessorImpl.invoke(NativeMethodAccessorImpl.java:62)
	at sun.reflect.DelegatingMethodAccessorImpl.invoke(DelegatingMethodAccessorImpl.java:43)
	at java.lang.reflect.Method.invoke(Method.java:498)
	at com.android.arsenal.util.ReflectionUtils.invoke(ReflectionUtils.java:42)
	at com.android.arsenal.util.ApkMasterUtils.main(ApkMasterUtils.java:30)
	at com.android.arsenal.service.processor.impl.BuildProcessorServiceImpl.buildProject(BuildProcessorServiceImpl.java:197)
	at com.android.arsenal.service.processor.impl.BuildProcessorServiceImpl.build(BuildProcessorServiceImpl.java:131)
	at com.android.arsenal.service.processor.impl.BuildProcessorServiceImpl.lambda$null$1(BuildProcessorServiceImpl.java:114)
	at java.util.concurrent.FutureTask.run(FutureTask.java:266)
	at java.util.concurrent.Executors$RunnableAdapter.call(Executors.java:511)
	at java.util.concurrent.FutureTask.run(FutureTask.java:266)
	at java.util.concurrent.ThreadPoolExecutor.runWorker(ThreadPoolExecutor.java:1149)
	at java.util.concurrent.ThreadPoolExecutor$Worker.run(ThreadPoolExecutor.java:624)
	at java.lang.Thread.run(Thread.java:748)
2018-04-10 18:02:54,849 INFO  SysUtils - Configuration on demand is an incubating feature.

FAILURE: Build failed with an exception.

* Where:
Script 'https://raw.github.com/chrisbanes/gradle-mvn-push/master/gradle-mvn-push.gradle' line: 97

* What went wrong:
A problem occurred evaluating root project 'ActionBar-PullToRefresh-master'.
> A problem occurred configuring project ':library'.
   > org.gradle.api.internal.MissingMethodException: Could not find method getBootClasspath() for arguments [] on com.android.build.gradle.LibraryExtension_Decorated@506a1372.

* Try:
Run with --info or --debug option to get more log output.

* Exception is:
org.gradle.api.GradleScriptException: A problem occurred evaluating root project 'ActionBar-PullToRefresh-master'.
	at org.gradle.groovy.scripts.internal.DefaultScriptRunnerFactory$ScriptRunnerImpl.run(DefaultScriptRunnerFactory.java:54)
	at org.gradle.configuration.DefaultScriptPluginFactory$ScriptPluginImpl.apply(DefaultScriptPluginFactory.java:177)
	at org.gradle.configuration.project.BuildScriptProcessor.execute(BuildScriptProcessor.java:38)
	at org.gradle.configuration.project.BuildScriptProcessor.execute(BuildScriptProcessor.java:25)
	at org.gradle.configuration.project.ConfigureActionsProjectEvaluator.evaluate(ConfigureActionsProjectEvaluator.java:34)
	at org.gradle.configuration.project.LifecycleProjectEvaluator.evaluate(LifecycleProjectEvaluator.java:55)
	at org.gradle.api.internal.project.AbstractProject.evaluate(AbstractProject.java:507)
	at org.gradle.api.internal.project.AbstractProject.evaluate(AbstractProject.java:82)
	at org.gradle.configuration.DefaultBuildConfigurer.configure(DefaultBuildConfigurer.java:28)
	at org.gradle.initialization.DefaultGradleLauncher.doBuildStages(DefaultGradleLauncher.java:142)
	at org.gradle.initialization.DefaultGradleLauncher.doBuild(DefaultGradleLauncher.java:113)
	at org.gradle.initialization.DefaultGradleLauncher.run(DefaultGradleLauncher.java:81)
	at org.gradle.launcher.exec.InProcessBuildActionExecuter$DefaultBuildController.run(InProcessBuildActionExecuter.java:64)
	at org.gradle.launcher.cli.ExecuteBuildAction.run(ExecuteBuildAction.java:33)
	at org.gradle.launcher.cli.ExecuteBuildAction.run(ExecuteBuildAction.java:24)
	at org.gradle.launcher.exec.InProcessBuildActionExecuter.execute(InProcessBuildActionExecuter.java:35)
	at org.gradle.launcher.exec.InProcessBuildActionExecuter.execute(InProcessBuildActionExecuter.java:26)
	at org.gradle.launcher.cli.RunBuildAction.run(RunBuildAction.java:50)
	at org.gradle.internal.Actions$RunnableActionAdapter.execute(Actions.java:171)
	at org.gradle.launcher.cli.CommandLineActionFactory$ParseAndBuildAction.execute(CommandLineActionFactory.java:201)
	at org.gradle.launcher.cli.CommandLineActionFactory$ParseAndBuildAction.execute(CommandLineActionFactory.java:174)
	at org.gradle.launcher.cli.CommandLineActionFactory$WithLogging.execute(CommandLineActionFactory.java:170)
	at org.gradle.launcher.cli.CommandLineActionFactory$WithLogging.execute(CommandLineActionFactory.java:139)
	at org.gradle.launcher.cli.ExceptionReportingAction.execute(ExceptionReportingAction.java:33)
	at org.gradle.launcher.cli.ExceptionReportingAction.execute(ExceptionReportingAction.java:22)
	at org.gradle.launcher.Main.doAction(Main.java:46)
	at org.gradle.launcher.bootstrap.EntryPoint.run(EntryPoint.java:45)
	at org.gradle.launcher.Main.main(Main.java:37)
	at org.gradle.launcher.bootstrap.ProcessBootstrap.runNoExit(ProcessBootstrap.java:50)
	at org.gradle.launcher.bootstrap.ProcessBootstrap.run(ProcessBootstrap.java:32)
	at org.gradle.launcher.GradleMain.main(GradleMain.java:23)
	at org.gradle.wrapper.BootstrapMainStarter.start(BootstrapMainStarter.java:33)
	at org.gradle.wrapper.WrapperExecutor.execute(WrapperExecutor.java:130)
	at org.gradle.wrapper.GradleWrapperMain.main(GradleWrapperMain.java:48)
Caused by: org.gradle.api.ProjectConfigurationException: A problem occurred configuring project ':library'.
	at org.gradle.configuration.project.LifecycleProjectEvaluator.addConfigurationFailure(LifecycleProjectEvaluator.java:79)
	at org.gradle.configuration.project.LifecycleProjectEvaluator.notifyAfterEvaluate(LifecycleProjectEvaluator.java:74)
	at org.gradle.configuration.project.LifecycleProjectEvaluator.evaluate(LifecycleProjectEvaluator.java:61)
	at org.gradle.api.internal.project.AbstractProject.evaluate(AbstractProject.java:507)
	at org.gradle.api.internal.project.AbstractProject.evaluationDependsOn(AbstractProject.java:611)
	at org.gradle.api.internal.project.AbstractProject.evaluationDependsOnChildren(AbstractProject.java:594)
	at org.gradle.api.Project$evaluationDependsOnChildren.call(Unknown Source)
	at com.android.build.gradle.ReportingPlugin.apply(ReportingPlugin.groovy:43)
	at com.android.build.gradle.ReportingPlugin.apply(ReportingPlugin.groovy)
	at org.gradle.api.internal.plugins.DefaultPluginContainer.providePlugin(DefaultPluginContainer.java:104)
	at org.gradle.api.internal.plugins.DefaultPluginContainer.addPluginInternal(DefaultPluginContainer.java:68)
	at org.gradle.api.internal.plugins.DefaultPluginContainer.apply(DefaultPluginContainer.java:34)
	at org.gradle.api.internal.plugins.DefaultObjectConfigurationAction.applyPlugin(DefaultObjectConfigurationAction.java:101)
	at org.gradle.api.internal.plugins.DefaultObjectConfigurationAction.access$200(DefaultObjectConfigurationAction.java:32)
	at org.gradle.api.internal.plugins.DefaultObjectConfigurationAction$3.run(DefaultObjectConfigurationAction.java:72)
	at org.gradle.api.internal.plugins.DefaultObjectConfigurationAction.execute(DefaultObjectConfigurationAction.java:114)
	at org.gradle.api.internal.project.AbstractPluginAware.apply(AbstractPluginAware.java:39)
	at org.gradle.api.Project$apply.call(Unknown Source)
	at org.gradle.api.internal.project.ProjectScript.apply(ProjectScript.groovy:34)
	at org.gradle.api.Script$apply.callCurrent(Unknown Source)
	at build_hp6gat9r45nubtaqdfk058q26.run(/tmp/rdisk/376/src/ActionBar-PullToRefresh-master/build.gradle:24)
	at org.gradle.groovy.scripts.internal.DefaultScriptRunnerFactory$ScriptRunnerImpl.run(DefaultScriptRunnerFactory.java:52)
	... 33 more
Caused by: org.codehaus.groovy.runtime.InvokerInvocationException: org.gradle.api.internal.MissingMethodException: Could not find method getBootClasspath() for arguments [] on com.android.build.gradle.LibraryExtension_Decorated@506a1372.
	at org.gradle.listener.ClosureBackedMethodInvocationDispatch.dispatch(ClosureBackedMethodInvocationDispatch.java:40)
	at org.gradle.listener.ClosureBackedMethodInvocationDispatch.dispatch(ClosureBackedMethodInvocationDispatch.java:25)
	at org.gradle.listener.BroadcastDispatch.dispatch(BroadcastDispatch.java:79)
	at org.gradle.listener.BroadcastDispatch.dispatch(BroadcastDispatch.java:31)
	at org.gradle.messaging.dispatch.ProxyDispatchAdapter$DispatchingInvocationHandler.invoke(ProxyDispatchAdapter.java:93)
	at com.sun.proxy.$Proxy14.afterEvaluate(Unknown Source)
	at org.gradle.configuration.project.LifecycleProjectEvaluator.notifyAfterEvaluate(LifecycleProjectEvaluator.java:67)
	... 53 more
Caused by: org.gradle.api.internal.MissingMethodException: Could not find method getBootClasspath() for arguments [] on com.android.build.gradle.LibraryExtension_Decorated@506a1372.
	at org.gradle.api.internal.AbstractDynamicObject.methodMissingException(AbstractDynamicObject.java:68)
	at org.gradle.api.internal.AbstractDynamicObject.invokeMethod(AbstractDynamicObject.java:56)
	at org.gradle.api.internal.CompositeDynamicObject.invokeMethod(CompositeDynamicObject.java:172)
	at com.android.build.gradle.LibraryExtension_Decorated.invokeMethod(Unknown Source)
	at gradle_mvn_push_1uslct06794lqcnn3dd7el7lq3$_run_closure1_closure4.doCall(https://raw.github.com/chrisbanes/gradle-mvn-push/master/gradle-mvn-push.gradle:97)
	at org.gradle.api.internal.ClosureBackedAction.execute(ClosureBackedAction.java:58)
	at org.gradle.util.ConfigureUtil.configure(ConfigureUtil.java:130)
	at org.gradle.util.ConfigureUtil.configure(ConfigureUtil.java:110)
	at org.gradle.api.internal.AbstractTask.configure(AbstractTask.java:439)
	at org.gradle.api.internal.project.AbstractProject.task(AbstractProject.java:962)
	at org.gradle.api.internal.BeanDynamicObject$MetaClassAdapter.invokeMethod(BeanDynamicObject.java:225)
	at org.gradle.api.internal.BeanDynamicObject.invokeMethod(BeanDynamicObject.java:129)
	at org.gradle.api.internal.CompositeDynamicObject.invokeMethod(CompositeDynamicObject.java:147)
	at org.gradle.groovy.scripts.BasicScript.methodMissing(BasicScript.java:79)
	at gradle_mvn_push_1uslct06794lqcnn3dd7el7lq3$_run_closure1.doCall(https://raw.github.com/chrisbanes/gradle-mvn-push/master/gradle-mvn-push.gradle:95)
	... 60 more


BUILD FAILED

Total time: 6.659 secs

2018-04-10 18:02:54,857 INFO  ProjectTaskService - Detecting possible tasks...
2018-04-10 18:02:54,857 INFO  SysUtils - Execute command: [/tmp/rdisk/376/src/ActionBar-PullToRefresh-master/gradlew, -b, /tmp/rdisk/376/src/ActionBar-PullToRefresh-master/samples/stock/build.gradle, -Dorg.gradle.daemon=false, -Dorg.gradle.daemon.performance.enable-monitoring=false, -Dorg.gradle.configureondemand=true, tasks]
2018-04-10 18:03:01,874 ERROR ProjectTaskService - Could not detect possible Gradle tasks: Process exited with an error: 1 (Exit value: 1)
2018-04-10 18:03:01,874 INFO  ProjectTaskService - Detected possible tasks: 4
2018-04-10 18:03:01,875 INFO  ProjectTaskService - Excluded tasks (3): androidJavadocsJar androidJavadocs androidSourcesJar
2018-04-10 18:03:01,875 INFO  SysUtils - Execute command: [/tmp/rdisk/376/src/ActionBar-PullToRefresh-master/gradlew, -b, /tmp/rdisk/376/src/ActionBar-PullToRefresh-master/samples/stock/build.gradle, -Dorg.gradle.daemon=false, -Dorg.gradle.daemon.performance.enable-monitoring=false, -Dorg.gradle.configureondemand=true, --stacktrace, -x, androidJavadocsJar, -x, androidJavadocs, -x, androidSourcesJar, build]
2018-04-10 18:03:09,012 ERROR SysUtils - Could not process external command
org.apache.commons.exec.ExecuteException: Process exited with an error: 1 (Exit value: 1)
	at org.apache.commons.exec.DefaultExecutor.executeInternal(DefaultExecutor.java:404)
	at org.apache.commons.exec.DefaultExecutor.execute(DefaultExecutor.java:166)
	at com.github.vbauer.apkmaster.util.SysUtils.execute(SysUtils.java:67)
	at com.github.vbauer.apkmaster.util.SysUtils.executeSimple(SysUtils.java:43)
	at com.github.vbauer.apkmaster.service.assembly.ProjectBuildService.buildProject(ProjectBuildService.java:78)
	at com.github.vbauer.apkmaster.service.assembly.ProjectBuildService.buildProject(ProjectBuildService.java:64)
	at com.github.vbauer.apkmaster.service.assembly.ProjectBuildService.buildProject(ProjectBuildService.java:43)
	at com.github.vbauer.apkmaster.service.FullProcessService.build(FullProcessService.java:84)
	at com.github.vbauer.apkmaster.service.FullProcessService.process(FullProcessService.java:34)
	at com.github.vbauer.apkmaster.app.MainApplication.process(MainApplication.java:38)
	at com.github.vbauer.apkmaster.app.MainApplication.main(MainApplication.java:20)
	at sun.reflect.NativeMethodAccessorImpl.invoke0(Native Method)
	at sun.reflect.NativeMethodAccessorImpl.invoke(NativeMethodAccessorImpl.java:62)
	at sun.reflect.DelegatingMethodAccessorImpl.invoke(DelegatingMethodAccessorImpl.java:43)
	at java.lang.reflect.Method.invoke(Method.java:498)
	at com.android.arsenal.util.ReflectionUtils.invoke(ReflectionUtils.java:42)
	at com.android.arsenal.util.ApkMasterUtils.main(ApkMasterUtils.java:30)
	at com.android.arsenal.service.processor.impl.BuildProcessorServiceImpl.buildProject(BuildProcessorServiceImpl.java:197)
	at com.android.arsenal.service.processor.impl.BuildProcessorServiceImpl.build(BuildProcessorServiceImpl.java:131)
	at com.android.arsenal.service.processor.impl.BuildProcessorServiceImpl.lambda$null$1(BuildProcessorServiceImpl.java:114)
	at java.util.concurrent.FutureTask.run(FutureTask.java:266)
	at java.util.concurrent.Executors$RunnableAdapter.call(Executors.java:511)
	at java.util.concurrent.FutureTask.run(FutureTask.java:266)
	at java.util.concurrent.ThreadPoolExecutor.runWorker(ThreadPoolExecutor.java:1149)
	at java.util.concurrent.ThreadPoolExecutor$Worker.run(ThreadPoolExecutor.java:624)
	at java.lang.Thread.run(Thread.java:748)
2018-04-10 18:03:09,012 INFO  SysUtils - Configuration on demand is an incubating feature.

FAILURE: Build failed with an exception.

* Where:
Script 'https://raw.github.com/chrisbanes/gradle-mvn-push/master/gradle-mvn-push.gradle' line: 97

* What went wrong:
A problem occurred evaluating root project 'ActionBar-PullToRefresh-master'.
> A problem occurred configuring project ':library'.
   > org.gradle.api.internal.MissingMethodException: Could not find method getBootClasspath() for arguments [] on com.android.build.gradle.LibraryExtension_Decorated@506a1372.

* Try:
Run with --info or --debug option to get more log output.

* Exception is:
org.gradle.api.GradleScriptException: A problem occurred evaluating root project 'ActionBar-PullToRefresh-master'.
	at org.gradle.groovy.scripts.internal.DefaultScriptRunnerFactory$ScriptRunnerImpl.run(DefaultScriptRunnerFactory.java:54)
	at org.gradle.configuration.DefaultScriptPluginFactory$ScriptPluginImpl.apply(DefaultScriptPluginFactory.java:177)
	at org.gradle.configuration.project.BuildScriptProcessor.execute(BuildScriptProcessor.java:38)
	at org.gradle.configuration.project.BuildScriptProcessor.execute(BuildScriptProcessor.java:25)
	at org.gradle.configuration.project.ConfigureActionsProjectEvaluator.evaluate(ConfigureActionsProjectEvaluator.java:34)
	at org.gradle.configuration.project.LifecycleProjectEvaluator.evaluate(LifecycleProjectEvaluator.java:55)
	at org.gradle.api.internal.project.AbstractProject.evaluate(AbstractProject.java:507)
	at org.gradle.api.internal.project.AbstractProject.evaluate(AbstractProject.java:82)
	at org.gradle.configuration.DefaultBuildConfigurer.configure(DefaultBuildConfigurer.java:28)
	at org.gradle.initialization.DefaultGradleLauncher.doBuildStages(DefaultGradleLauncher.java:142)
	at org.gradle.initialization.DefaultGradleLauncher.doBuild(DefaultGradleLauncher.java:113)
	at org.gradle.initialization.DefaultGradleLauncher.run(DefaultGradleLauncher.java:81)
	at org.gradle.launcher.exec.InProcessBuildActionExecuter$DefaultBuildController.run(InProcessBuildActionExecuter.java:64)
	at org.gradle.launcher.cli.ExecuteBuildAction.run(ExecuteBuildAction.java:33)
	at org.gradle.launcher.cli.ExecuteBuildAction.run(ExecuteBuildAction.java:24)
	at org.gradle.launcher.exec.InProcessBuildActionExecuter.execute(InProcessBuildActionExecuter.java:35)
	at org.gradle.launcher.exec.InProcessBuildActionExecuter.execute(InProcessBuildActionExecuter.java:26)
	at org.gradle.launcher.cli.RunBuildAction.run(RunBuildAction.java:50)
	at org.gradle.internal.Actions$RunnableActionAdapter.execute(Actions.java:171)
	at org.gradle.launcher.cli.CommandLineActionFactory$ParseAndBuildAction.execute(CommandLineActionFactory.java:201)
	at org.gradle.launcher.cli.CommandLineActionFactory$ParseAndBuildAction.execute(CommandLineActionFactory.java:174)
	at org.gradle.launcher.cli.CommandLineActionFactory$WithLogging.execute(CommandLineActionFactory.java:170)
	at org.gradle.launcher.cli.CommandLineActionFactory$WithLogging.execute(CommandLineActionFactory.java:139)
	at org.gradle.launcher.cli.ExceptionReportingAction.execute(ExceptionReportingAction.java:33)
	at org.gradle.launcher.cli.ExceptionReportingAction.execute(ExceptionReportingAction.java:22)
	at org.gradle.launcher.Main.doAction(Main.java:46)
	at org.gradle.launcher.bootstrap.EntryPoint.run(EntryPoint.java:45)
	at org.gradle.launcher.Main.main(Main.java:37)
	at org.gradle.launcher.bootstrap.ProcessBootstrap.runNoExit(ProcessBootstrap.java:50)
	at org.gradle.launcher.bootstrap.ProcessBootstrap.run(ProcessBootstrap.java:32)
	at org.gradle.launcher.GradleMain.main(GradleMain.java:23)
	at org.gradle.wrapper.BootstrapMainStarter.start(BootstrapMainStarter.java:33)
	at org.gradle.wrapper.WrapperExecutor.execute(WrapperExecutor.java:130)
	at org.gradle.wrapper.GradleWrapperMain.main(GradleWrapperMain.java:48)
Caused by: org.gradle.api.ProjectConfigurationException: A problem occurred configuring project ':library'.
	at org.gradle.configuration.project.LifecycleProjectEvaluator.addConfigurationFailure(LifecycleProjectEvaluator.java:79)
	at org.gradle.configuration.project.LifecycleProjectEvaluator.notifyAfterEvaluate(LifecycleProjectEvaluator.java:74)
	at org.gradle.configuration.project.LifecycleProjectEvaluator.evaluate(LifecycleProjectEvaluator.java:61)
	at org.gradle.api.internal.project.AbstractProject.evaluate(AbstractProject.java:507)
	at org.gradle.api.internal.project.AbstractProject.evaluationDependsOn(AbstractProject.java:611)
	at org.gradle.api.internal.project.AbstractProject.evaluationDependsOnChildren(AbstractProject.java:594)
	at org.gradle.api.Project$evaluationDependsOnChildren.call(Unknown Source)
	at com.android.build.gradle.ReportingPlugin.apply(ReportingPlugin.groovy:43)
	at com.android.build.gradle.ReportingPlugin.apply(ReportingPlugin.groovy)
	at org.gradle.api.internal.plugins.DefaultPluginContainer.providePlugin(DefaultPluginContainer.java:104)
	at org.gradle.api.internal.plugins.DefaultPluginContainer.addPluginInternal(DefaultPluginContainer.java:68)
	at org.gradle.api.internal.plugins.DefaultPluginContainer.apply(DefaultPluginContainer.java:34)
	at org.gradle.api.internal.plugins.DefaultObjectConfigurationAction.applyPlugin(DefaultObjectConfigurationAction.java:101)
	at org.gradle.api.internal.plugins.DefaultObjectConfigurationAction.access$200(DefaultObjectConfigurationAction.java:32)
	at org.gradle.api.internal.plugins.DefaultObjectConfigurationAction$3.run(DefaultObjectConfigurationAction.java:72)
	at org.gradle.api.internal.plugins.DefaultObjectConfigurationAction.execute(DefaultObjectConfigurationAction.java:114)
	at org.gradle.api.internal.project.AbstractPluginAware.apply(AbstractPluginAware.java:39)
	at org.gradle.api.Project$apply.call(Unknown Source)
	at org.gradle.api.internal.project.ProjectScript.apply(ProjectScript.groovy:34)
	at org.gradle.api.Script$apply.callCurrent(Unknown Source)
	at build_hp6gat9r45nubtaqdfk058q26.run(/tmp/rdisk/376/src/ActionBar-PullToRefresh-master/build.gradle:24)
	at org.gradle.groovy.scripts.internal.DefaultScriptRunnerFactory$ScriptRunnerImpl.run(DefaultScriptRunnerFactory.java:52)
	... 33 more
Caused by: org.codehaus.groovy.runtime.InvokerInvocationException: org.gradle.api.internal.MissingMethodException: Could not find method getBootClasspath() for arguments [] on com.android.build.gradle.LibraryExtension_Decorated@506a1372.
	at org.gradle.listener.ClosureBackedMethodInvocationDispatch.dispatch(ClosureBackedMethodInvocationDispatch.java:40)
	at org.gradle.listener.ClosureBackedMethodInvocationDispatch.dispatch(ClosureBackedMethodInvocationDispatch.java:25)
	at org.gradle.listener.BroadcastDispatch.dispatch(BroadcastDispatch.java:79)
	at org.gradle.listener.BroadcastDispatch.dispatch(BroadcastDispatch.java:31)
	at org.gradle.messaging.dispatch.ProxyDispatchAdapter$DispatchingInvocationHandler.invoke(ProxyDispatchAdapter.java:93)
	at com.sun.proxy.$Proxy14.afterEvaluate(Unknown Source)
	at org.gradle.configuration.project.LifecycleProjectEvaluator.notifyAfterEvaluate(LifecycleProjectEvaluator.java:67)
	... 53 more
Caused by: org.gradle.api.internal.MissingMethodException: Could not find method getBootClasspath() for arguments [] on com.android.build.gradle.LibraryExtension_Decorated@506a1372.
	at org.gradle.api.internal.AbstractDynamicObject.methodMissingException(AbstractDynamicObject.java:68)
	at org.gradle.api.internal.AbstractDynamicObject.invokeMethod(AbstractDynamicObject.java:56)
	at org.gradle.api.internal.CompositeDynamicObject.invokeMethod(CompositeDynamicObject.java:172)
	at com.android.build.gradle.LibraryExtension_Decorated.invokeMethod(Unknown Source)
	at gradle_mvn_push_1uslct06794lqcnn3dd7el7lq3$_run_closure1_closure4.doCall(https://raw.github.com/chrisbanes/gradle-mvn-push/master/gradle-mvn-push.gradle:97)
	at org.gradle.api.internal.ClosureBackedAction.execute(ClosureBackedAction.java:58)
	at org.gradle.util.ConfigureUtil.configure(ConfigureUtil.java:130)
	at org.gradle.util.ConfigureUtil.configure(ConfigureUtil.java:110)
	at org.gradle.api.internal.AbstractTask.configure(AbstractTask.java:439)
	at org.gradle.api.internal.project.AbstractProject.task(AbstractProject.java:962)
	at org.gradle.api.internal.BeanDynamicObject$MetaClassAdapter.invokeMethod(BeanDynamicObject.java:225)
	at org.gradle.api.internal.BeanDynamicObject.invokeMethod(BeanDynamicObject.java:129)
	at org.gradle.api.internal.CompositeDynamicObject.invokeMethod(CompositeDynamicObject.java:147)
	at org.gradle.groovy.scripts.BasicScript.methodMissing(BasicScript.java:79)
	at gradle_mvn_push_1uslct06794lqcnn3dd7el7lq3$_run_closure1.doCall(https://raw.github.com/chrisbanes/gradle-mvn-push/master/gradle-mvn-push.gradle:95)
	... 60 more


BUILD FAILED

Total time: 6.694 secs

2018-04-10 18:03:09,020 INFO  ProjectTaskService - Detecting possible tasks...
2018-04-10 18:03:09,020 INFO  SysUtils - Execute command: [/tmp/rdisk/376/src/ActionBar-PullToRefresh-master/gradlew, -b, /tmp/rdisk/376/src/ActionBar-PullToRefresh-master/build.gradle, -Dorg.gradle.daemon=false, -Dorg.gradle.daemon.performance.enable-monitoring=false, -Dorg.gradle.configureondemand=true, tasks]
2018-04-10 18:03:15,770 ERROR ProjectTaskService - Could not detect possible Gradle tasks: Process exited with an error: 1 (Exit value: 1)
2018-04-10 18:03:15,770 INFO  ProjectTaskService - Detected possible tasks: 4
2018-04-10 18:03:15,770 INFO  ProjectTaskService - Excluded tasks (3): androidJavadocsJar androidJavadocs androidSourcesJar
2018-04-10 18:03:15,770 INFO  SysUtils - Execute command: [/tmp/rdisk/376/src/ActionBar-PullToRefresh-master/gradlew, -b, /tmp/rdisk/376/src/ActionBar-PullToRefresh-master/build.gradle, -Dorg.gradle.daemon=false, -Dorg.gradle.daemon.performance.enable-monitoring=false, -Dorg.gradle.configureondemand=true, --stacktrace, -x, androidJavadocsJar, -x, androidJavadocs, -x, androidSourcesJar, build]
2018-04-10 18:03:22,986 ERROR SysUtils - Could not process external command
org.apache.commons.exec.ExecuteException: Process exited with an error: 1 (Exit value: 1)
	at org.apache.commons.exec.DefaultExecutor.executeInternal(DefaultExecutor.java:404)
	at org.apache.commons.exec.DefaultExecutor.execute(DefaultExecutor.java:166)
	at com.github.vbauer.apkmaster.util.SysUtils.execute(SysUtils.java:67)
	at com.github.vbauer.apkmaster.util.SysUtils.executeSimple(SysUtils.java:43)
	at com.github.vbauer.apkmaster.service.assembly.ProjectBuildService.buildProject(ProjectBuildService.java:78)
	at com.github.vbauer.apkmaster.service.assembly.ProjectBuildService.buildProject(ProjectBuildService.java:64)
	at com.github.vbauer.apkmaster.service.assembly.ProjectBuildService.buildProject(ProjectBuildService.java:43)
	at com.github.vbauer.apkmaster.service.FullProcessService.build(FullProcessService.java:84)
	at com.github.vbauer.apkmaster.service.FullProcessService.process(FullProcessService.java:34)
	at com.github.vbauer.apkmaster.app.MainApplication.process(MainApplication.java:38)
	at com.github.vbauer.apkmaster.app.MainApplication.main(MainApplication.java:20)
	at sun.reflect.NativeMethodAccessorImpl.invoke0(Native Method)
	at sun.reflect.NativeMethodAccessorImpl.invoke(NativeMethodAccessorImpl.java:62)
	at sun.reflect.DelegatingMethodAccessorImpl.invoke(DelegatingMethodAccessorImpl.java:43)
	at java.lang.reflect.Method.invoke(Method.java:498)
	at com.android.arsenal.util.ReflectionUtils.invoke(ReflectionUtils.java:42)
	at com.android.arsenal.util.ApkMasterUtils.main(ApkMasterUtils.java:30)
	at com.android.arsenal.service.processor.impl.BuildProcessorServiceImpl.buildProject(BuildProcessorServiceImpl.java:197)
	at com.android.arsenal.service.processor.impl.BuildProcessorServiceImpl.build(BuildProcessorServiceImpl.java:131)
	at com.android.arsenal.service.processor.impl.BuildProcessorServiceImpl.lambda$null$1(BuildProcessorServiceImpl.java:114)
	at java.util.concurrent.FutureTask.run(FutureTask.java:266)
	at java.util.concurrent.Executors$RunnableAdapter.call(Executors.java:511)
	at java.util.concurrent.FutureTask.run(FutureTask.java:266)
	at java.util.concurrent.ThreadPoolExecutor.runWorker(ThreadPoolExecutor.java:1149)
	at java.util.concurrent.ThreadPoolExecutor$Worker.run(ThreadPoolExecutor.java:624)
	at java.lang.Thread.run(Thread.java:748)
2018-04-10 18:03:22,986 INFO  SysUtils - Configuration on demand is an incubating feature.

FAILURE: Build failed with an exception.

* Where:
Script 'https://raw.github.com/chrisbanes/gradle-mvn-push/master/gradle-mvn-push.gradle' line: 97

* What went wrong:
A problem occurred evaluating root project 'ActionBar-PullToRefresh-master'.
> A problem occurred configuring project ':library'.
   > org.gradle.api.internal.MissingMethodException: Could not find method getBootClasspath() for arguments [] on com.android.build.gradle.LibraryExtension_Decorated@506a1372.

* Try:
Run with --info or --debug option to get more log output.

* Exception is:
org.gradle.api.GradleScriptException: A problem occurred evaluating root project 'ActionBar-PullToRefresh-master'.
	at org.gradle.groovy.scripts.internal.DefaultScriptRunnerFactory$ScriptRunnerImpl.run(DefaultScriptRunnerFactory.java:54)
	at org.gradle.configuration.DefaultScriptPluginFactory$ScriptPluginImpl.apply(DefaultScriptPluginFactory.java:177)
	at org.gradle.configuration.project.BuildScriptProcessor.execute(BuildScriptProcessor.java:38)
	at org.gradle.configuration.project.BuildScriptProcessor.execute(BuildScriptProcessor.java:25)
	at org.gradle.configuration.project.ConfigureActionsProjectEvaluator.evaluate(ConfigureActionsProjectEvaluator.java:34)
	at org.gradle.configuration.project.LifecycleProjectEvaluator.evaluate(LifecycleProjectEvaluator.java:55)
	at org.gradle.api.internal.project.AbstractProject.evaluate(AbstractProject.java:507)
	at org.gradle.api.internal.project.AbstractProject.evaluate(AbstractProject.java:82)
	at org.gradle.configuration.DefaultBuildConfigurer.configure(DefaultBuildConfigurer.java:28)
	at org.gradle.initialization.DefaultGradleLauncher.doBuildStages(DefaultGradleLauncher.java:142)
	at org.gradle.initialization.DefaultGradleLauncher.doBuild(DefaultGradleLauncher.java:113)
	at org.gradle.initialization.DefaultGradleLauncher.run(DefaultGradleLauncher.java:81)
	at org.gradle.launcher.exec.InProcessBuildActionExecuter$DefaultBuildController.run(InProcessBuildActionExecuter.java:64)
	at org.gradle.launcher.cli.ExecuteBuildAction.run(ExecuteBuildAction.java:33)
	at org.gradle.launcher.cli.ExecuteBuildAction.run(ExecuteBuildAction.java:24)
	at org.gradle.launcher.exec.InProcessBuildActionExecuter.execute(InProcessBuildActionExecuter.java:35)
	at org.gradle.launcher.exec.InProcessBuildActionExecuter.execute(InProcessBuildActionExecuter.java:26)
	at org.gradle.launcher.cli.RunBuildAction.run(RunBuildAction.java:50)
	at org.gradle.internal.Actions$RunnableActionAdapter.execute(Actions.java:171)
	at org.gradle.launcher.cli.CommandLineActionFactory$ParseAndBuildAction.execute(CommandLineActionFactory.java:201)
	at org.gradle.launcher.cli.CommandLineActionFactory$ParseAndBuildAction.execute(CommandLineActionFactory.java:174)
	at org.gradle.launcher.cli.CommandLineActionFactory$WithLogging.execute(CommandLineActionFactory.java:170)
	at org.gradle.launcher.cli.CommandLineActionFactory$WithLogging.execute(CommandLineActionFactory.java:139)
	at org.gradle.launcher.cli.ExceptionReportingAction.execute(ExceptionReportingAction.java:33)
	at org.gradle.launcher.cli.ExceptionReportingAction.execute(ExceptionReportingAction.java:22)
	at org.gradle.launcher.Main.doAction(Main.java:46)
	at org.gradle.launcher.bootstrap.EntryPoint.run(EntryPoint.java:45)
	at org.gradle.launcher.Main.main(Main.java:37)
	at org.gradle.launcher.bootstrap.ProcessBootstrap.runNoExit(ProcessBootstrap.java:50)
	at org.gradle.launcher.bootstrap.ProcessBootstrap.run(ProcessBootstrap.java:32)
	at org.gradle.launcher.GradleMain.main(GradleMain.java:23)
	at org.gradle.wrapper.BootstrapMainStarter.start(BootstrapMainStarter.java:33)
	at org.gradle.wrapper.WrapperExecutor.execute(WrapperExecutor.java:130)
	at org.gradle.wrapper.GradleWrapperMain.main(GradleWrapperMain.java:48)
Caused by: org.gradle.api.ProjectConfigurationException: A problem occurred configuring project ':library'.
	at org.gradle.configuration.project.LifecycleProjectEvaluator.addConfigurationFailure(LifecycleProjectEvaluator.java:79)
	at org.gradle.configuration.project.LifecycleProjectEvaluator.notifyAfterEvaluate(LifecycleProjectEvaluator.java:74)
	at org.gradle.configuration.project.LifecycleProjectEvaluator.evaluate(LifecycleProjectEvaluator.java:61)
	at org.gradle.api.internal.project.AbstractProject.evaluate(AbstractProject.java:507)
	at org.gradle.api.internal.project.AbstractProject.evaluationDependsOn(AbstractProject.java:611)
	at org.gradle.api.internal.project.AbstractProject.evaluationDependsOnChildren(AbstractProject.java:594)
	at org.gradle.api.Project$evaluationDependsOnChildren.call(Unknown Source)
	at com.android.build.gradle.ReportingPlugin.apply(ReportingPlugin.groovy:43)
	at com.android.build.gradle.ReportingPlugin.apply(ReportingPlugin.groovy)
	at org.gradle.api.internal.plugins.DefaultPluginContainer.providePlugin(DefaultPluginContainer.java:104)
	at org.gradle.api.internal.plugins.DefaultPluginContainer.addPluginInternal(DefaultPluginContainer.java:68)
	at org.gradle.api.internal.plugins.DefaultPluginContainer.apply(DefaultPluginContainer.java:34)
	at org.gradle.api.internal.plugins.DefaultObjectConfigurationAction.applyPlugin(DefaultObjectConfigurationAction.java:101)
	at org.gradle.api.internal.plugins.DefaultObjectConfigurationAction.access$200(DefaultObjectConfigurationAction.java:32)
	at org.gradle.api.internal.plugins.DefaultObjectConfigurationAction$3.run(DefaultObjectConfigurationAction.java:72)
	at org.gradle.api.internal.plugins.DefaultObjectConfigurationAction.execute(DefaultObjectConfigurationAction.java:114)
	at org.gradle.api.internal.project.AbstractPluginAware.apply(AbstractPluginAware.java:39)
	at org.gradle.api.Project$apply.call(Unknown Source)
	at org.gradle.api.internal.project.ProjectScript.apply(ProjectScript.groovy:34)
	at org.gradle.api.Script$apply.callCurrent(Unknown Source)
	at build_hp6gat9r45nubtaqdfk058q26.run(/tmp/rdisk/376/src/ActionBar-PullToRefresh-master/build.gradle:24)
	at org.gradle.groovy.scripts.internal.DefaultScriptRunnerFactory$ScriptRunnerImpl.run(DefaultScriptRunnerFactory.java:52)
	... 33 more
Caused by: org.codehaus.groovy.runtime.InvokerInvocationException: org.gradle.api.internal.MissingMethodException: Could not find method getBootClasspath() for arguments [] on com.android.build.gradle.LibraryExtension_Decorated@506a1372.
	at org.gradle.listener.ClosureBackedMethodInvocationDispatch.dispatch(ClosureBackedMethodInvocationDispatch.java:40)
	at org.gradle.listener.ClosureBackedMethodInvocationDispatch.dispatch(ClosureBackedMethodInvocationDispatch.java:25)
	at org.gradle.listener.BroadcastDispatch.dispatch(BroadcastDispatch.java:79)
	at org.gradle.listener.BroadcastDispatch.dispatch(BroadcastDispatch.java:31)
	at org.gradle.messaging.dispatch.ProxyDispatchAdapter$DispatchingInvocationHandler.invoke(ProxyDispatchAdapter.java:93)
	at com.sun.proxy.$Proxy14.afterEvaluate(Unknown Source)
	at org.gradle.configuration.project.LifecycleProjectEvaluator.notifyAfterEvaluate(LifecycleProjectEvaluator.java:67)
	... 53 more
Caused by: org.gradle.api.internal.MissingMethodException: Could not find method getBootClasspath() for arguments [] on com.android.build.gradle.LibraryExtension_Decorated@506a1372.
	at org.gradle.api.internal.AbstractDynamicObject.methodMissingException(AbstractDynamicObject.java:68)
	at org.gradle.api.internal.AbstractDynamicObject.invokeMethod(AbstractDynamicObject.java:56)
	at org.gradle.api.internal.CompositeDynamicObject.invokeMethod(CompositeDynamicObject.java:172)
	at com.android.build.gradle.LibraryExtension_Decorated.invokeMethod(Unknown Source)
	at gradle_mvn_push_1uslct06794lqcnn3dd7el7lq3$_run_closure1_closure4.doCall(https://raw.github.com/chrisbanes/gradle-mvn-push/master/gradle-mvn-push.gradle:97)
	at org.gradle.api.internal.ClosureBackedAction.execute(ClosureBackedAction.java:58)
	at org.gradle.util.ConfigureUtil.configure(ConfigureUtil.java:130)
	at org.gradle.util.ConfigureUtil.configure(ConfigureUtil.java:110)
	at org.gradle.api.internal.AbstractTask.configure(AbstractTask.java:439)
	at org.gradle.api.internal.project.AbstractProject.task(AbstractProject.java:962)
	at org.gradle.api.internal.BeanDynamicObject$MetaClassAdapter.invokeMethod(BeanDynamicObject.java:225)
	at org.gradle.api.internal.BeanDynamicObject.invokeMethod(BeanDynamicObject.java:129)
	at org.gradle.api.internal.CompositeDynamicObject.invokeMethod(CompositeDynamicObject.java:147)
	at org.gradle.groovy.scripts.BasicScript.methodMissing(BasicScript.java:79)
	at gradle_mvn_push_1uslct06794lqcnn3dd7el7lq3$_run_closure1.doCall(https://raw.github.com/chrisbanes/gradle-mvn-push/master/gradle-mvn-push.gradle:95)
	... 60 more


BUILD FAILED

Total time: 6.755 secs

2018-04-10 18:03:22,994 ERROR FullProcessService - Project build has not produced APK file
2018-04-10 18:03:23,002 ERROR FullProcessService - Could not find generated or existed APK file
