2018-04-10 11:23:23,740 INFO  DownloadService - Downloading "https://github.com/SimonVT/android-menudrawer/archive/master.zip", attempt 3
2018-04-10 11:24:24,353 INFO  GithubDownloadService - Could not find ZIP archive for master branch
2018-04-10 11:24:25,192 INFO  GithubDownloadService - Default branch of this repository: master
2018-04-10 11:24:25,192 INFO  DownloadService - Downloading "https://github.com/SimonVT/android-menudrawer/archive/master.zip", attempt 3
2018-04-10 11:25:26,419 DEBUG FullProcessService - Repository https://github.com/SimonVT/android-menudrawer available: true
2018-04-10 11:25:26,419 INFO  FullProcessService - Could not download ZIP file from Github, lets clone it
2018-04-10 11:25:26,419 INFO  SysUtils - Execute command: [git, clone, -q, --single-branch, --depth, 1, https://github.com/SimonVT/android-menudrawer, /tmp/rdisk/423/src]
2018-04-10 11:25:28,893 INFO  SysUtils - 
2018-04-10 11:25:28,898 INFO  GitService - Deleted "/tmp/rdisk/423/src/.git": true
2018-04-10 11:25:28,902 INFO  FullProcessService - Size of directory with sources: 438 KB
2018-04-10 11:25:28,902 INFO  SysUtils - Execute command: [git, init, /tmp/rdisk/423/src]
2018-04-10 11:25:28,906 INFO  SysUtils - Initialized empty Git repository in /tmp/rdisk/423/src/.git/

2018-04-10 11:25:28,910 INFO  ProjectBuildService - Gradle wrapper(s): /tmp/rdisk/423/src/gradlew
2018-04-10 11:25:28,913 INFO  ProjectBuildService - Build script(s): /tmp/rdisk/423/src/menudrawer-samples/build.gradle /tmp/rdisk/423/src/menudrawer/build.gradle /tmp/rdisk/423/src/build.gradle
2018-04-10 11:25:28,916 INFO  ProjectBuildService - All script(s): /tmp/rdisk/423/src/settings.gradle /tmp/rdisk/423/src/menudrawer/build.gradle /tmp/rdisk/423/src/menudrawer-samples/build.gradle /tmp/rdisk/423/src/build.gradle
2018-04-10 11:25:28,917 INFO  DownloadService - Downloading "https://raw.github.com/SimonVT/gradle-mvn-push/0.11/gradle-mvn-push.gradle", attempt 3
2018-04-10 11:25:29,263 INFO  DownloadService - Downloaded https://raw.github.com/SimonVT/gradle-mvn-push/0.11/gradle-mvn-push.gradle, attempt 3
2018-04-10 11:25:29,263 INFO  ProjectBuildService - Remote scripts: https://raw.github.com/SimonVT/gradle-mvn-push/0.11/gradle-mvn-push.gradle
2018-04-10 11:25:29,263 INFO  ProjectFixService - Fixing project...
2018-04-10 11:25:29,277 INFO  LocalPropertiesFixService - Created fake /tmp/rdisk/423/src/menudrawer-samples/local.properties
2018-04-10 11:25:29,279 INFO  ProjectFixService - Build info for "/tmp/rdisk/423/src/menudrawer-samples/build.gradle": [buildToolsVersion=<null>,compileSdkVersion=<null>,minSdkVersion=<null>,targetSdkVersion=<null>]
2018-04-10 11:25:29,279 INFO  ProjectFixService - Fixed build info for "/tmp/rdisk/423/src/menudrawer-samples/build.gradle": [buildToolsVersion=28.0.0-rc1,compileSdkVersion=27,minSdkVersion=27,targetSdkVersion=27]
2018-04-10 11:25:29,280 INFO  LocalPropertiesFixService - Created fake /tmp/rdisk/423/src/menudrawer/local.properties
2018-04-10 11:25:29,281 INFO  ProjectFixService - Build info for "/tmp/rdisk/423/src/menudrawer/build.gradle": [buildToolsVersion=<null>,compileSdkVersion=<null>,minSdkVersion=<null>,targetSdkVersion=<null>]
2018-04-10 11:25:29,282 INFO  ProjectFixService - Fixed build info for "/tmp/rdisk/423/src/menudrawer/build.gradle": [buildToolsVersion=28.0.0-rc1,compileSdkVersion=27,minSdkVersion=27,targetSdkVersion=27]
2018-04-10 11:25:29,283 INFO  LocalPropertiesFixService - Created fake /tmp/rdisk/423/src/local.properties
2018-04-10 11:25:29,284 INFO  WrapperPropertiesFixService - Gradle wrapper: https://services.gradle.org/distributions/gradle-1.12-bin.zip
2018-04-10 11:25:29,285 INFO  ProjectFixService - Build info for "/tmp/rdisk/423/src/build.gradle": [buildToolsVersion=<null>,compileSdkVersion=<null>,minSdkVersion=<null>,targetSdkVersion=<null>]
2018-04-10 11:25:29,285 INFO  ProjectFixService - Fixed build info for "/tmp/rdisk/423/src/build.gradle": [buildToolsVersion=28.0.0-rc1,compileSdkVersion=27,minSdkVersion=27,targetSdkVersion=27]
2018-04-10 11:25:29,286 INFO  ProjectFixService - Project was maybe fixed
2018-04-10 11:25:29,286 INFO  ProjectTaskService - Detecting possible tasks...
2018-04-10 11:25:29,286 INFO  SysUtils - Execute command: [/tmp/rdisk/423/src/gradlew, -b, /tmp/rdisk/423/src/menudrawer-samples/build.gradle, -Dorg.gradle.daemon=false, -Dorg.gradle.daemon.performance.enable-monitoring=false, -Dorg.gradle.configureondemand=true, tasks]
2018-04-10 11:25:40,653 INFO  ProjectTaskService - Detected possible tasks: 55
2018-04-10 11:25:40,654 INFO  ProjectTaskService - Excluded tasks (16): lintDebug androidJavadocs javadocJar deviceCheck lint androidSourcesJar uninstallRelease connectedCheck uninstallAll androidJavadocsJar sourcesJar check connectedAndroidTest installDebug lintRelease uninstallDebug
2018-04-10 11:25:40,654 INFO  SysUtils - Execute command: [/tmp/rdisk/423/src/gradlew, -b, /tmp/rdisk/423/src/menudrawer-samples/build.gradle, -Dorg.gradle.daemon=false, -Dorg.gradle.daemon.performance.enable-monitoring=false, -Dorg.gradle.configureondemand=true, --stacktrace, -x, lintDebug, -x, androidJavadocs, -x, javadocJar, -x, deviceCheck, -x, lint, -x, androidSourcesJar, -x, uninstallRelease, -x, connectedCheck, -x, uninstallAll, -x, androidJavadocsJar, -x, sourcesJar, -x, check, -x, connectedAndroidTest, -x, installDebug, -x, lintRelease, -x, uninstallDebug, build]
2018-04-10 11:25:47,859 ERROR SysUtils - Could not process external command
org.apache.commons.exec.ExecuteException: Process exited with an error: 1 (Exit value: 1)
	at org.apache.commons.exec.DefaultExecutor.executeInternal(DefaultExecutor.java:404)
	at org.apache.commons.exec.DefaultExecutor.execute(DefaultExecutor.java:166)
	at com.github.vbauer.apkmaster.util.SysUtils.execute(SysUtils.java:67)
	at com.github.vbauer.apkmaster.util.SysUtils.executeSimple(SysUtils.java:43)
	at com.github.vbauer.apkmaster.service.assembly.ProjectBuildService.buildProject(ProjectBuildService.java:78)
	at com.github.vbauer.apkmaster.service.assembly.ProjectBuildService.buildProject(ProjectBuildService.java:64)
	at com.github.vbauer.apkmaster.service.assembly.ProjectBuildService.buildProject(ProjectBuildService.java:43)
	at com.github.vbauer.apkmaster.service.FullProcessService.build(FullProcessService.java:84)
	at com.github.vbauer.apkmaster.service.FullProcessService.process(FullProcessService.java:34)
	at com.github.vbauer.apkmaster.app.MainApplication.process(MainApplication.java:38)
	at com.github.vbauer.apkmaster.app.MainApplication.main(MainApplication.java:20)
	at sun.reflect.GeneratedMethodAccessor8.invoke(Unknown Source)
	at sun.reflect.DelegatingMethodAccessorImpl.invoke(DelegatingMethodAccessorImpl.java:43)
	at java.lang.reflect.Method.invoke(Method.java:498)
	at com.android.arsenal.util.ReflectionUtils.invoke(ReflectionUtils.java:42)
	at com.android.arsenal.util.ApkMasterUtils.main(ApkMasterUtils.java:30)
	at com.android.arsenal.service.processor.impl.BuildProcessorServiceImpl.buildProject(BuildProcessorServiceImpl.java:197)
	at com.android.arsenal.service.processor.impl.BuildProcessorServiceImpl.build(BuildProcessorServiceImpl.java:131)
	at com.android.arsenal.service.processor.impl.BuildProcessorServiceImpl.lambda$null$1(BuildProcessorServiceImpl.java:114)
	at java.util.concurrent.FutureTask.run(FutureTask.java:266)
	at java.util.concurrent.Executors$RunnableAdapter.call(Executors.java:511)
	at java.util.concurrent.FutureTask.run(FutureTask.java:266)
	at java.util.concurrent.ThreadPoolExecutor.runWorker(ThreadPoolExecutor.java:1149)
	at java.util.concurrent.ThreadPoolExecutor$Worker.run(ThreadPoolExecutor.java:624)
	at java.lang.Thread.run(Thread.java:748)
2018-04-10 11:25:47,859 INFO  SysUtils - Configuration on demand is an incubating feature.

FAILURE: Build failed with an exception.

* What went wrong:
Task 'androidJavadocs' not found in project ':menudrawer-samples'.

* Try:
Run gradlew tasks to get a list of available tasks. Run with --info or --debug option to get more log output.

* Exception is:
org.gradle.execution.TaskSelectionException: Task 'androidJavadocs' not found in project ':menudrawer-samples'.
	at org.gradle.execution.TaskSelector.getSelection(TaskSelector.java:69)
	at org.gradle.execution.ExcludedTaskFilteringBuildConfigurationAction.configure(ExcludedTaskFilteringBuildConfigurationAction.java:37)
	at org.gradle.execution.DefaultBuildExecuter.configure(DefaultBuildExecuter.java:42)
	at org.gradle.execution.DefaultBuildExecuter.access$100(DefaultBuildExecuter.java:23)
	at org.gradle.execution.DefaultBuildExecuter$1.proceed(DefaultBuildExecuter.java:48)
	at org.gradle.execution.DefaultTasksBuildExecutionAction.configure(DefaultTasksBuildExecutionAction.java:38)
	at org.gradle.execution.DefaultBuildExecuter.configure(DefaultBuildExecuter.java:42)
	at org.gradle.execution.DefaultBuildExecuter.access$100(DefaultBuildExecuter.java:23)
	at org.gradle.execution.DefaultBuildExecuter$1.proceed(DefaultBuildExecuter.java:48)
	at org.gradle.execution.ProjectEvaluatingAction.configure(ProjectEvaluatingAction.java:52)
	at org.gradle.execution.DefaultBuildExecuter.configure(DefaultBuildExecuter.java:42)
	at org.gradle.execution.DefaultBuildExecuter.select(DefaultBuildExecuter.java:35)
	at org.gradle.initialization.DefaultGradleLauncher.doBuildStages(DefaultGradleLauncher.java:155)
	at org.gradle.initialization.DefaultGradleLauncher.doBuild(DefaultGradleLauncher.java:113)
	at org.gradle.initialization.DefaultGradleLauncher.run(DefaultGradleLauncher.java:81)
	at org.gradle.launcher.exec.InProcessBuildActionExecuter$DefaultBuildController.run(InProcessBuildActionExecuter.java:64)
	at org.gradle.launcher.cli.ExecuteBuildAction.run(ExecuteBuildAction.java:33)
	at org.gradle.launcher.cli.ExecuteBuildAction.run(ExecuteBuildAction.java:24)
	at org.gradle.launcher.exec.InProcessBuildActionExecuter.execute(InProcessBuildActionExecuter.java:35)
	at org.gradle.launcher.exec.InProcessBuildActionExecuter.execute(InProcessBuildActionExecuter.java:26)
	at org.gradle.launcher.cli.RunBuildAction.run(RunBuildAction.java:50)
	at org.gradle.internal.Actions$RunnableActionAdapter.execute(Actions.java:171)
	at org.gradle.launcher.cli.CommandLineActionFactory$ParseAndBuildAction.execute(CommandLineActionFactory.java:201)
	at org.gradle.launcher.cli.CommandLineActionFactory$ParseAndBuildAction.execute(CommandLineActionFactory.java:174)
	at org.gradle.launcher.cli.CommandLineActionFactory$WithLogging.execute(CommandLineActionFactory.java:170)
	at org.gradle.launcher.cli.CommandLineActionFactory$WithLogging.execute(CommandLineActionFactory.java:139)
	at org.gradle.launcher.cli.ExceptionReportingAction.execute(ExceptionReportingAction.java:33)
	at org.gradle.launcher.cli.ExceptionReportingAction.execute(ExceptionReportingAction.java:22)
	at org.gradle.launcher.Main.doAction(Main.java:46)
	at org.gradle.launcher.bootstrap.EntryPoint.run(EntryPoint.java:45)
	at org.gradle.launcher.Main.main(Main.java:37)
	at org.gradle.launcher.bootstrap.ProcessBootstrap.runNoExit(ProcessBootstrap.java:50)
	at org.gradle.launcher.bootstrap.ProcessBootstrap.run(ProcessBootstrap.java:32)
	at org.gradle.launcher.GradleMain.main(GradleMain.java:23)
	at org.gradle.wrapper.BootstrapMainStarter.start(BootstrapMainStarter.java:30)
	at org.gradle.wrapper.WrapperExecutor.execute(WrapperExecutor.java:127)
	at org.gradle.wrapper.GradleWrapperMain.main(GradleWrapperMain.java:55)


BUILD FAILED

Total time: 6.733 secs

2018-04-10 11:25:47,859 ERROR ProjectBuildService - Excluded tasks were detected wrong
2018-04-10 11:25:47,859 INFO  SysUtils - Execute command: [/tmp/rdisk/423/src/gradlew, -b, /tmp/rdisk/423/src/menudrawer-samples/build.gradle, -Dorg.gradle.daemon=false, -Dorg.gradle.daemon.performance.enable-monitoring=false, -Dorg.gradle.configureondemand=true, --stacktrace, build]
2018-04-10 11:26:15,113 ERROR SysUtils - Could not process external command
org.apache.commons.exec.ExecuteException: Process exited with an error: 1 (Exit value: 1)
	at org.apache.commons.exec.DefaultExecutor.executeInternal(DefaultExecutor.java:404)
	at org.apache.commons.exec.DefaultExecutor.execute(DefaultExecutor.java:166)
	at com.github.vbauer.apkmaster.util.SysUtils.execute(SysUtils.java:67)
	at com.github.vbauer.apkmaster.util.SysUtils.executeSimple(SysUtils.java:43)
	at com.github.vbauer.apkmaster.service.assembly.ProjectBuildService.buildProject(ProjectBuildService.java:78)
	at com.github.vbauer.apkmaster.service.assembly.ProjectBuildService.buildProject(ProjectBuildService.java:69)
	at com.github.vbauer.apkmaster.service.assembly.ProjectBuildService.buildProject(ProjectBuildService.java:43)
	at com.github.vbauer.apkmaster.service.FullProcessService.build(FullProcessService.java:84)
	at com.github.vbauer.apkmaster.service.FullProcessService.process(FullProcessService.java:34)
	at com.github.vbauer.apkmaster.app.MainApplication.process(MainApplication.java:38)
	at com.github.vbauer.apkmaster.app.MainApplication.main(MainApplication.java:20)
	at sun.reflect.GeneratedMethodAccessor8.invoke(Unknown Source)
	at sun.reflect.DelegatingMethodAccessorImpl.invoke(DelegatingMethodAccessorImpl.java:43)
	at java.lang.reflect.Method.invoke(Method.java:498)
	at com.android.arsenal.util.ReflectionUtils.invoke(ReflectionUtils.java:42)
	at com.android.arsenal.util.ApkMasterUtils.main(ApkMasterUtils.java:30)
	at com.android.arsenal.service.processor.impl.BuildProcessorServiceImpl.buildProject(BuildProcessorServiceImpl.java:197)
	at com.android.arsenal.service.processor.impl.BuildProcessorServiceImpl.build(BuildProcessorServiceImpl.java:131)
	at com.android.arsenal.service.processor.impl.BuildProcessorServiceImpl.lambda$null$1(BuildProcessorServiceImpl.java:114)
	at java.util.concurrent.FutureTask.run(FutureTask.java:266)
	at java.util.concurrent.Executors$RunnableAdapter.call(Executors.java:511)
	at java.util.concurrent.FutureTask.run(FutureTask.java:266)
	at java.util.concurrent.ThreadPoolExecutor.runWorker(ThreadPoolExecutor.java:1149)
	at java.util.concurrent.ThreadPoolExecutor$Worker.run(ThreadPoolExecutor.java:624)
	at java.lang.Thread.run(Thread.java:748)
2018-04-10 11:26:15,113 INFO  SysUtils - Configuration on demand is an incubating feature.
:menudrawer-samples:preBuild
:menudrawer-samples:compileDebugNdk
:menudrawer:compileLint
:menudrawer:copyReleaseLint UP-TO-DATE
:menudrawer:mergeReleaseProguardFiles
:menudrawer:preBuild
:menudrawer:preReleaseBuild
:menudrawer:checkReleaseManifest
:menudrawer:prepareReleaseDependencies
:menudrawer:compileReleaseAidl
:menudrawer:compileReleaseRenderscript
:menudrawer:generateReleaseBuildConfig
:menudrawer:generateReleaseAssets UP-TO-DATE
:menudrawer:mergeReleaseAssets
:menudrawer:generateReleaseResValues
:menudrawer:generateReleaseResources
:menudrawer:packageReleaseResources
:menudrawer:processReleaseManifest
:menudrawer:processReleaseResources
:menudrawer:generateReleaseSources
:menudrawer:compileReleaseJava/tmp/rdisk/423/src/menudrawer/src/net/simonvt/menudrawer/compat/ActionBarHelperCompat.java:96: warning: non-varargs call of varargs method with inexact argument type for last parameter;
                mActionBar = getActionBar.invoke(activity, null);
                                                           ^
  cast to Object for a varargs call
  cast to Object[] for a non-varargs call and to suppress this warning
Note: /tmp/rdisk/423/src/menudrawer/src/net/simonvt/menudrawer/MenuDrawer.java uses or overrides a deprecated API.
Note: Recompile with -Xlint:deprecation for details.
Note: Some input files use unchecked or unsafe operations.
Note: Recompile with -Xlint:unchecked for details.
1 warning

:menudrawer:processReleaseJavaRes UP-TO-DATE
:menudrawer:packageReleaseJar
:menudrawer:compileReleaseNdk
:menudrawer:packageReleaseJniLibs UP-TO-DATE
:menudrawer:packageReleaseLocalJar UP-TO-DATE
:menudrawer:packageReleaseRenderscript UP-TO-DATE
:menudrawer:bundleRelease
:menudrawer-samples:preDebugBuild
:menudrawer-samples:checkDebugManifest
:menudrawer-samples:preReleaseBuild
:menudrawer-samples:prepareComActionbarsherlockActionbarsherlock440Library
:menudrawer-samples:prepareNetSimonvtMenudrawerMenudrawer307SNAPSHOTLibrary
:menudrawer-samples:prepareDebugDependencies
:menudrawer-samples:compileDebugAidl
:menudrawer-samples:compileDebugRenderscript
:menudrawer-samples:generateDebugBuildConfig
:menudrawer-samples:generateDebugAssets UP-TO-DATE
:menudrawer-samples:mergeDebugAssets
:menudrawer-samples:generateDebugResValues
:menudrawer-samples:generateDebugResources
:menudrawer-samples:mergeDebugResources
:menudrawer-samples:processDebugManifest
:menudrawer-samples:processDebugResources
:menudrawer-samples:generateDebugSources
:menudrawer-samples:compileDebugJava
:menudrawer-samples:preDexDebug
:menudrawer-samples:dexDebug
:menudrawer-samples:processDebugJavaRes UP-TO-DATE
:menudrawer-samples:validateDebugSigning
:menudrawer-samples:packageDebug
:menudrawer-samples:zipalignDebug
:menudrawer-samples:assembleDebug
:menudrawer-samples:checkReleaseManifest
:menudrawer-samples:prepareReleaseDependencies
:menudrawer-samples:compileReleaseAidl
:menudrawer-samples:compileReleaseRenderscript
:menudrawer-samples:generateReleaseBuildConfig
:menudrawer-samples:generateReleaseAssets UP-TO-DATE
:menudrawer-samples:mergeReleaseAssets
:menudrawer-samples:generateReleaseResValues
:menudrawer-samples:generateReleaseResources
:menudrawer-samples:mergeReleaseResources
:menudrawer-samples:processReleaseManifest
:menudrawer-samples:processReleaseResources
:menudrawer-samples:generateReleaseSources
:menudrawer-samples:compileReleaseJava
:menudrawer-samples:lintVitalRelease SKIPPED
:menudrawer-samples:compileReleaseNdk
:menudrawer-samples:preDexRelease
:menudrawer-samples:dexRelease
:menudrawer-samples:processReleaseJavaRes UP-TO-DATE
:menudrawer-samples:packageRelease
:menudrawer-samples:assembleRelease
:menudrawer-samples:assemble
:menudrawer-samples:checkstyleDebug
:menudrawer-samples:checkstyleRelease
:menudrawer-samples:compileLint
:menudrawer-samples:lint
Ran lint on variant debug: 61 issues found
Ran lint on variant release: 61 issues found
Wrote HTML report to file:/tmp/rdisk/423/src/menudrawer-samples/build/outputs/lint-results.html
Wrote XML report to /tmp/rdisk/423/src/menudrawer-samples/build/outputs/lint-results.xml
:menudrawer-samples:lint FAILED

FAILURE: Build failed with an exception.

* What went wrong:
Execution failed for task ':menudrawer-samples:lint'.
> Lint found errors in the project; aborting build.
  
  Fix the issues identified by lint, or add the following to your build script to proceed with errors:
  ...
  android {
      lintOptions {
          abortOnError false
      }
  }
  ...

* Try:
Run with --info or --debug option to get more log output.

* Exception is:
org.gradle.api.tasks.TaskExecutionException: Execution failed for task ':menudrawer-samples:lint'.
	at org.gradle.api.internal.tasks.execution.ExecuteActionsTaskExecuter.executeActions(ExecuteActionsTaskExecuter.java:69)
	at org.gradle.api.internal.tasks.execution.ExecuteActionsTaskExecuter.execute(ExecuteActionsTaskExecuter.java:46)
	at org.gradle.api.internal.tasks.execution.PostExecutionAnalysisTaskExecuter.execute(PostExecutionAnalysisTaskExecuter.java:35)
	at org.gradle.api.internal.tasks.execution.SkipUpToDateTaskExecuter.execute(SkipUpToDateTaskExecuter.java:64)
	at org.gradle.api.internal.tasks.execution.ValidatingTaskExecuter.execute(ValidatingTaskExecuter.java:58)
	at org.gradle.api.internal.tasks.execution.SkipEmptySourceFilesTaskExecuter.execute(SkipEmptySourceFilesTaskExecuter.java:42)
	at org.gradle.api.internal.tasks.execution.SkipTaskWithNoActionsExecuter.execute(SkipTaskWithNoActionsExecuter.java:52)
	at org.gradle.api.internal.tasks.execution.SkipOnlyIfTaskExecuter.execute(SkipOnlyIfTaskExecuter.java:53)
	at org.gradle.api.internal.tasks.execution.ExecuteAtMostOnceTaskExecuter.execute(ExecuteAtMostOnceTaskExecuter.java:43)
	at org.gradle.api.internal.AbstractTask.executeWithoutThrowingTaskFailure(AbstractTask.java:289)
	at org.gradle.execution.taskgraph.AbstractTaskPlanExecutor$TaskExecutorWorker.executeTask(AbstractTaskPlanExecutor.java:79)
	at org.gradle.execution.taskgraph.AbstractTaskPlanExecutor$TaskExecutorWorker.processTask(AbstractTaskPlanExecutor.java:63)
	at org.gradle.execution.taskgraph.AbstractTaskPlanExecutor$TaskExecutorWorker.run(AbstractTaskPlanExecutor.java:51)
	at org.gradle.execution.taskgraph.DefaultTaskPlanExecutor.process(DefaultTaskPlanExecutor.java:23)
	at org.gradle.execution.taskgraph.DefaultTaskGraphExecuter.execute(DefaultTaskGraphExecuter.java:86)
	at org.gradle.execution.SelectedTaskExecutionAction.execute(SelectedTaskExecutionAction.java:29)
	at org.gradle.execution.DefaultBuildExecuter.execute(DefaultBuildExecuter.java:61)
	at org.gradle.execution.DefaultBuildExecuter.access$200(DefaultBuildExecuter.java:23)
	at org.gradle.execution.DefaultBuildExecuter$2.proceed(DefaultBuildExecuter.java:67)
	at org.gradle.execution.DryRunBuildExecutionAction.execute(DryRunBuildExecutionAction.java:32)
	at org.gradle.execution.DefaultBuildExecuter.execute(DefaultBuildExecuter.java:61)
	at org.gradle.execution.DefaultBuildExecuter.execute(DefaultBuildExecuter.java:54)
	at org.gradle.initialization.DefaultGradleLauncher.doBuildStages(DefaultGradleLauncher.java:166)
	at org.gradle.initialization.DefaultGradleLauncher.doBuild(DefaultGradleLauncher.java:113)
	at org.gradle.initialization.DefaultGradleLauncher.run(DefaultGradleLauncher.java:81)
	at org.gradle.launcher.exec.InProcessBuildActionExecuter$DefaultBuildController.run(InProcessBuildActionExecuter.java:64)
	at org.gradle.launcher.cli.ExecuteBuildAction.run(ExecuteBuildAction.java:33)
	at org.gradle.launcher.cli.ExecuteBuildAction.run(ExecuteBuildAction.java:24)
	at org.gradle.launcher.exec.InProcessBuildActionExecuter.execute(InProcessBuildActionExecuter.java:35)
	at org.gradle.launcher.exec.InProcessBuildActionExecuter.execute(InProcessBuildActionExecuter.java:26)
	at org.gradle.launcher.cli.RunBuildAction.run(RunBuildAction.java:50)
	at org.gradle.internal.Actions$RunnableActionAdapter.execute(Actions.java:171)
	at org.gradle.launcher.cli.CommandLineActionFactory$ParseAndBuildAction.execute(CommandLineActionFactory.java:201)
	at org.gradle.launcher.cli.CommandLineActionFactory$ParseAndBuildAction.execute(CommandLineActionFactory.java:174)
	at org.gradle.launcher.cli.CommandLineActionFactory$WithLogging.execute(CommandLineActionFactory.java:170)
	at org.gradle.launcher.cli.CommandLineActionFactory$WithLogging.execute(CommandLineActionFactory.java:139)
	at org.gradle.launcher.cli.ExceptionReportingAction.execute(ExceptionReportingAction.java:33)
	at org.gradle.launcher.cli.ExceptionReportingAction.execute(ExceptionReportingAction.java:22)
	at org.gradle.launcher.Main.doAction(Main.java:46)
	at org.gradle.launcher.bootstrap.EntryPoint.run(EntryPoint.java:45)
	at org.gradle.launcher.Main.main(Main.java:37)
	at org.gradle.launcher.bootstrap.ProcessBootstrap.runNoExit(ProcessBootstrap.java:50)
	at org.gradle.launcher.bootstrap.ProcessBootstrap.run(ProcessBootstrap.java:32)
	at org.gradle.launcher.GradleMain.main(GradleMain.java:23)
	at org.gradle.wrapper.BootstrapMainStarter.start(BootstrapMainStarter.java:30)
	at org.gradle.wrapper.WrapperExecutor.execute(WrapperExecutor.java:127)
	at org.gradle.wrapper.GradleWrapperMain.main(GradleWrapperMain.java:55)
Caused by: org.gradle.api.GradleException: Lint found errors in the project; aborting build.

Fix the issues identified by lint, or add the following to your build script to proceed with errors:
...
android {
    lintOptions {
        abortOnError false
    }
}
...
	at com.android.build.gradle.tasks.Lint.abort(Lint.groovy:154)
	at com.android.build.gradle.tasks.Lint.lintAllVariants(Lint.groovy:119)
	at com.android.build.gradle.tasks.Lint$lintAllVariants.callCurrent(Unknown Source)
	at com.android.build.gradle.tasks.Lint.lint(Lint.groovy:67)
	at org.gradle.internal.reflect.JavaMethod.invoke(JavaMethod.java:63)
	at org.gradle.api.internal.project.taskfactory.AnnotationProcessingTaskFactory$StandardTaskAction.doExecute(AnnotationProcessingTaskFactory.java:219)
	at org.gradle.api.internal.project.taskfactory.AnnotationProcessingTaskFactory$StandardTaskAction.execute(AnnotationProcessingTaskFactory.java:212)
	at org.gradle.api.internal.project.taskfactory.AnnotationProcessingTaskFactory$StandardTaskAction.execute(AnnotationProcessingTaskFactory.java:201)
	at org.gradle.api.internal.AbstractTask$TaskActionWrapper.execute(AbstractTask.java:533)
	at org.gradle.api.internal.AbstractTask$TaskActionWrapper.execute(AbstractTask.java:516)
	at org.gradle.api.internal.tasks.execution.ExecuteActionsTaskExecuter.executeAction(ExecuteActionsTaskExecuter.java:80)
	at org.gradle.api.internal.tasks.execution.ExecuteActionsTaskExecuter.executeActions(ExecuteActionsTaskExecuter.java:61)
	... 46 more


BUILD FAILED

Total time: 26.113 secs

2018-04-10 11:26:15,142 INFO  FullProcessService - Found APK file: /tmp/rdisk/423/src/menudrawer-samples/build/outputs/apk/menudrawer-samples-release-unsigned.apk
