2018-04-10 18:42:05,830 INFO  DownloadService - Downloading "https://github.com/dommerq/SuperListview/archive/master.zip", attempt 3
2018-04-10 18:42:07,796 INFO  DownloadService - Downloaded https://github.com/dommerq/SuperListview/archive/master.zip, attempt 3
2018-04-10 18:42:07,796 INFO  DownloadService - Size of file "/tmp/rdisk/254/master.zip": 819 KB
2018-04-10 18:42:07,796 INFO  ArchiveUtils - Checking entries [.gradle] in ZIP file...
2018-04-10 18:42:07,796 INFO  ArchiveUtils - Has entries [.gradle] in ZIP file /tmp/rdisk/254/master.zip: true
2018-04-10 18:42:07,796 DEBUG ZipUtil - Extracting '/tmp/rdisk/254/master.zip' into '/tmp/rdisk/254/src'.
2018-04-10 18:42:07,812 INFO  FullProcessService - Size of directory with sources: 1 MB
2018-04-10 18:42:07,812 INFO  SysUtils - Execute command: [git, init, /tmp/rdisk/254/src]
2018-04-10 18:42:07,822 INFO  SysUtils - Initialized empty Git repository in /tmp/rdisk/254/src/.git/

2018-04-10 18:42:07,825 INFO  ProjectBuildService - Gradle wrapper(s): /tmp/rdisk/254/src/SuperListview-master/gradlew
2018-04-10 18:42:07,827 INFO  ProjectBuildService - Build script(s): /tmp/rdisk/254/src/SuperListview-master/Sample/build.gradle /tmp/rdisk/254/src/SuperListview-master/SuperListviewLibrary/build.gradle /tmp/rdisk/254/src/SuperListview-master/build.gradle
2018-04-10 18:42:07,830 INFO  ProjectBuildService - All script(s): /tmp/rdisk/254/src/SuperListview-master/settings.gradle /tmp/rdisk/254/src/SuperListview-master/build.gradle /tmp/rdisk/254/src/SuperListview-master/SuperListviewLibrary/build.gradle /tmp/rdisk/254/src/SuperListview-master/Sample/build.gradle
2018-04-10 18:42:07,830 INFO  DownloadService - Downloading "https://raw.githubusercontent.com/jpardogo/gradle-mvn-push/master/gradle-mvn-push.gradle", attempt 3
2018-04-10 18:42:08,238 INFO  DownloadService - Downloaded https://raw.githubusercontent.com/jpardogo/gradle-mvn-push/master/gradle-mvn-push.gradle, attempt 3
2018-04-10 18:42:08,238 INFO  ProjectBuildService - Remote scripts: https://raw.githubusercontent.com/jpardogo/gradle-mvn-push/master/gradle-mvn-push.gradle
2018-04-10 18:42:08,238 INFO  ProjectFixService - Fixing project...
2018-04-10 18:42:08,247 INFO  LocalPropertiesFixService - Created fake /tmp/rdisk/254/src/SuperListview-master/Sample/local.properties
2018-04-10 18:42:08,247 INFO  ProjectFixService - Build info for "/tmp/rdisk/254/src/SuperListview-master/Sample/build.gradle": [buildToolsVersion=21.1.1,compileSdkVersion=20,minSdkVersion=8,targetSdkVersion=20]
2018-04-10 18:42:08,248 INFO  LocalPropertiesFixService - Created fake /tmp/rdisk/254/src/SuperListview-master/SuperListviewLibrary/local.properties
2018-04-10 18:42:08,248 INFO  ProjectFixService - Build info for "/tmp/rdisk/254/src/SuperListview-master/SuperListviewLibrary/build.gradle": [buildToolsVersion=21.1.1,compileSdkVersion=20,minSdkVersion=4,targetSdkVersion=20]
2018-04-10 18:42:08,248 INFO  ProjectFixService - Fixed build info for "/tmp/rdisk/254/src/SuperListview-master/SuperListviewLibrary/build.gradle": [buildToolsVersion=21.1.1,compileSdkVersion=20,minSdkVersion=7,targetSdkVersion=20]
2018-04-10 18:42:08,249 INFO  LocalPropertiesFixService - Created fake /tmp/rdisk/254/src/SuperListview-master/local.properties
2018-04-10 18:42:08,249 INFO  WrapperPropertiesFixService - Gradle wrapper: https://services.gradle.org/distributions/gradle-2.1-all.zip
2018-04-10 18:42:08,249 INFO  WrapperPropertiesFixService - Gradle wrapper was changed from "-all.zip" to "-bin.zip" (https://services.gradle.org/distributions/gradle-2.1-bin.zip)
2018-04-10 18:42:08,250 INFO  ProjectFixService - Build info for "/tmp/rdisk/254/src/SuperListview-master/build.gradle": [buildToolsVersion=21.1.1,compileSdkVersion=20,minSdkVersion=7,targetSdkVersion=20]
2018-04-10 18:42:08,250 INFO  ProjectFixService - Project was maybe fixed
2018-04-10 18:42:08,250 INFO  ProjectTaskService - Detecting possible tasks...
2018-04-10 18:42:08,250 INFO  SysUtils - Execute command: [/tmp/rdisk/254/src/SuperListview-master/gradlew, -b, /tmp/rdisk/254/src/SuperListview-master/Sample/build.gradle, -Dorg.gradle.daemon=false, -Dorg.gradle.daemon.performance.enable-monitoring=false, -Dorg.gradle.configureondemand=true, tasks]
2018-04-10 18:42:19,671 INFO  ProjectTaskService - Detected possible tasks: 57
2018-04-10 18:42:19,671 INFO  ProjectTaskService - Excluded tasks (14): lintDebug androidJavadocs deviceCheck lint androidSourcesJar uninstallRelease connectedCheck uninstallAll androidJavadocsJar check connectedAndroidTest installDebug lintRelease uninstallDebug
2018-04-10 18:42:19,671 INFO  SysUtils - Execute command: [/tmp/rdisk/254/src/SuperListview-master/gradlew, -b, /tmp/rdisk/254/src/SuperListview-master/Sample/build.gradle, -Dorg.gradle.daemon=false, -Dorg.gradle.daemon.performance.enable-monitoring=false, -Dorg.gradle.configureondemand=true, --stacktrace, -x, lintDebug, -x, androidJavadocs, -x, deviceCheck, -x, lint, -x, androidSourcesJar, -x, uninstallRelease, -x, connectedCheck, -x, uninstallAll, -x, androidJavadocsJar, -x, check, -x, connectedAndroidTest, -x, installDebug, -x, lintRelease, -x, uninstallDebug, build]
2018-04-10 18:42:26,601 ERROR SysUtils - Could not process external command
org.apache.commons.exec.ExecuteException: Process exited with an error: 1 (Exit value: 1)
	at org.apache.commons.exec.DefaultExecutor.executeInternal(DefaultExecutor.java:404)
	at org.apache.commons.exec.DefaultExecutor.execute(DefaultExecutor.java:166)
	at com.github.vbauer.apkmaster.util.SysUtils.execute(SysUtils.java:67)
	at com.github.vbauer.apkmaster.util.SysUtils.executeSimple(SysUtils.java:43)
	at com.github.vbauer.apkmaster.service.assembly.ProjectBuildService.buildProject(ProjectBuildService.java:78)
	at com.github.vbauer.apkmaster.service.assembly.ProjectBuildService.buildProject(ProjectBuildService.java:64)
	at com.github.vbauer.apkmaster.service.assembly.ProjectBuildService.buildProject(ProjectBuildService.java:43)
	at com.github.vbauer.apkmaster.service.FullProcessService.build(FullProcessService.java:84)
	at com.github.vbauer.apkmaster.service.FullProcessService.process(FullProcessService.java:34)
	at com.github.vbauer.apkmaster.app.MainApplication.process(MainApplication.java:38)
	at com.github.vbauer.apkmaster.app.MainApplication.main(MainApplication.java:20)
	at sun.reflect.GeneratedMethodAccessor9.invoke(Unknown Source)
	at sun.reflect.DelegatingMethodAccessorImpl.invoke(DelegatingMethodAccessorImpl.java:43)
	at java.lang.reflect.Method.invoke(Method.java:498)
	at com.android.arsenal.util.ReflectionUtils.invoke(ReflectionUtils.java:42)
	at com.android.arsenal.util.ApkMasterUtils.main(ApkMasterUtils.java:30)
	at com.android.arsenal.service.processor.impl.BuildProcessorServiceImpl.buildProject(BuildProcessorServiceImpl.java:197)
	at com.android.arsenal.service.processor.impl.BuildProcessorServiceImpl.build(BuildProcessorServiceImpl.java:131)
	at com.android.arsenal.service.processor.impl.BuildProcessorServiceImpl.lambda$null$1(BuildProcessorServiceImpl.java:114)
	at java.util.concurrent.FutureTask.run(FutureTask.java:266)
	at java.util.concurrent.Executors$RunnableAdapter.call(Executors.java:511)
	at java.util.concurrent.FutureTask.run(FutureTask.java:266)
	at java.util.concurrent.ThreadPoolExecutor.runWorker(ThreadPoolExecutor.java:1149)
	at java.util.concurrent.ThreadPoolExecutor$Worker.run(ThreadPoolExecutor.java:624)
	at java.lang.Thread.run(Thread.java:748)
2018-04-10 18:42:26,601 INFO  SysUtils - Configuration on demand is an incubating feature.

FAILURE: Build failed with an exception.

* What went wrong:
Task 'androidJavadocs' not found in project ':Sample'.

* Try:
Run gradlew tasks to get a list of available tasks. Run with --info or --debug option to get more log output.

* Exception is:
org.gradle.execution.TaskSelectionException: Task 'androidJavadocs' not found in project ':Sample'.
	at org.gradle.execution.TaskSelector.getSelection(TaskSelector.java:71)
	at org.gradle.execution.TaskSelector.getSelection(TaskSelector.java:45)
	at org.gradle.execution.ExcludedTaskFilteringBuildConfigurationAction.configure(ExcludedTaskFilteringBuildConfigurationAction.java:37)
	at org.gradle.execution.DefaultBuildExecuter.configure(DefaultBuildExecuter.java:42)
	at org.gradle.execution.DefaultBuildExecuter.access$100(DefaultBuildExecuter.java:23)
	at org.gradle.execution.DefaultBuildExecuter$1.proceed(DefaultBuildExecuter.java:48)
	at org.gradle.execution.DefaultTasksBuildExecutionAction.configure(DefaultTasksBuildExecutionAction.java:40)
	at org.gradle.execution.DefaultBuildExecuter.configure(DefaultBuildExecuter.java:42)
	at org.gradle.execution.DefaultBuildExecuter.access$100(DefaultBuildExecuter.java:23)
	at org.gradle.execution.DefaultBuildExecuter$1.proceed(DefaultBuildExecuter.java:48)
	at org.gradle.execution.ProjectEvaluatingAction.configure(ProjectEvaluatingAction.java:52)
	at org.gradle.execution.DefaultBuildExecuter.configure(DefaultBuildExecuter.java:42)
	at org.gradle.execution.DefaultBuildExecuter.select(DefaultBuildExecuter.java:35)
	at org.gradle.initialization.DefaultGradleLauncher.doBuildStages(DefaultGradleLauncher.java:142)
	at org.gradle.initialization.DefaultGradleLauncher.doBuild(DefaultGradleLauncher.java:106)
	at org.gradle.initialization.DefaultGradleLauncher.run(DefaultGradleLauncher.java:86)
	at org.gradle.launcher.exec.InProcessBuildActionExecuter$DefaultBuildController.run(InProcessBuildActionExecuter.java:80)
	at org.gradle.launcher.cli.ExecuteBuildAction.run(ExecuteBuildAction.java:33)
	at org.gradle.launcher.cli.ExecuteBuildAction.run(ExecuteBuildAction.java:24)
	at org.gradle.launcher.exec.InProcessBuildActionExecuter.execute(InProcessBuildActionExecuter.java:36)
	at org.gradle.launcher.exec.InProcessBuildActionExecuter.execute(InProcessBuildActionExecuter.java:26)
	at org.gradle.launcher.cli.RunBuildAction.run(RunBuildAction.java:51)
	at org.gradle.internal.Actions$RunnableActionAdapter.execute(Actions.java:171)
	at org.gradle.launcher.cli.CommandLineActionFactory$ParseAndBuildAction.execute(CommandLineActionFactory.java:237)
	at org.gradle.launcher.cli.CommandLineActionFactory$ParseAndBuildAction.execute(CommandLineActionFactory.java:210)
	at org.gradle.launcher.cli.JavaRuntimeValidationAction.execute(JavaRuntimeValidationAction.java:35)
	at org.gradle.launcher.cli.JavaRuntimeValidationAction.execute(JavaRuntimeValidationAction.java:24)
	at org.gradle.launcher.cli.CommandLineActionFactory$WithLogging.execute(CommandLineActionFactory.java:206)
	at org.gradle.launcher.cli.CommandLineActionFactory$WithLogging.execute(CommandLineActionFactory.java:169)
	at org.gradle.launcher.cli.ExceptionReportingAction.execute(ExceptionReportingAction.java:33)
	at org.gradle.launcher.cli.ExceptionReportingAction.execute(ExceptionReportingAction.java:22)
	at org.gradle.launcher.Main.doAction(Main.java:33)
	at org.gradle.launcher.bootstrap.EntryPoint.run(EntryPoint.java:45)
	at org.gradle.launcher.bootstrap.ProcessBootstrap.runNoExit(ProcessBootstrap.java:54)
	at org.gradle.launcher.bootstrap.ProcessBootstrap.run(ProcessBootstrap.java:35)
	at org.gradle.launcher.GradleMain.main(GradleMain.java:23)
	at org.gradle.wrapper.BootstrapMainStarter.start(BootstrapMainStarter.java:30)
	at org.gradle.wrapper.WrapperExecutor.execute(WrapperExecutor.java:127)
	at org.gradle.wrapper.GradleWrapperMain.main(GradleWrapperMain.java:55)


BUILD FAILED

Total time: 6.481 secs

2018-04-10 18:42:26,601 ERROR ProjectBuildService - Excluded tasks were detected wrong
2018-04-10 18:42:26,601 INFO  SysUtils - Execute command: [/tmp/rdisk/254/src/SuperListview-master/gradlew, -b, /tmp/rdisk/254/src/SuperListview-master/Sample/build.gradle, -Dorg.gradle.daemon=false, -Dorg.gradle.daemon.performance.enable-monitoring=false, -Dorg.gradle.configureondemand=true, --stacktrace, build]
2018-04-10 18:42:35,365 ERROR SysUtils - Could not process external command
org.apache.commons.exec.ExecuteException: Process exited with an error: 1 (Exit value: 1)
	at org.apache.commons.exec.DefaultExecutor.executeInternal(DefaultExecutor.java:404)
	at org.apache.commons.exec.DefaultExecutor.execute(DefaultExecutor.java:166)
	at com.github.vbauer.apkmaster.util.SysUtils.execute(SysUtils.java:67)
	at com.github.vbauer.apkmaster.util.SysUtils.executeSimple(SysUtils.java:43)
	at com.github.vbauer.apkmaster.service.assembly.ProjectBuildService.buildProject(ProjectBuildService.java:78)
	at com.github.vbauer.apkmaster.service.assembly.ProjectBuildService.buildProject(ProjectBuildService.java:69)
	at com.github.vbauer.apkmaster.service.assembly.ProjectBuildService.buildProject(ProjectBuildService.java:43)
	at com.github.vbauer.apkmaster.service.FullProcessService.build(FullProcessService.java:84)
	at com.github.vbauer.apkmaster.service.FullProcessService.process(FullProcessService.java:34)
	at com.github.vbauer.apkmaster.app.MainApplication.process(MainApplication.java:38)
	at com.github.vbauer.apkmaster.app.MainApplication.main(MainApplication.java:20)
	at sun.reflect.GeneratedMethodAccessor9.invoke(Unknown Source)
	at sun.reflect.DelegatingMethodAccessorImpl.invoke(DelegatingMethodAccessorImpl.java:43)
	at java.lang.reflect.Method.invoke(Method.java:498)
	at com.android.arsenal.util.ReflectionUtils.invoke(ReflectionUtils.java:42)
	at com.android.arsenal.util.ApkMasterUtils.main(ApkMasterUtils.java:30)
	at com.android.arsenal.service.processor.impl.BuildProcessorServiceImpl.buildProject(BuildProcessorServiceImpl.java:197)
	at com.android.arsenal.service.processor.impl.BuildProcessorServiceImpl.build(BuildProcessorServiceImpl.java:131)
	at com.android.arsenal.service.processor.impl.BuildProcessorServiceImpl.lambda$null$1(BuildProcessorServiceImpl.java:114)
	at java.util.concurrent.FutureTask.run(FutureTask.java:266)
	at java.util.concurrent.Executors$RunnableAdapter.call(Executors.java:511)
	at java.util.concurrent.FutureTask.run(FutureTask.java:266)
	at java.util.concurrent.ThreadPoolExecutor.runWorker(ThreadPoolExecutor.java:1149)
	at java.util.concurrent.ThreadPoolExecutor$Worker.run(ThreadPoolExecutor.java:624)
	at java.lang.Thread.run(Thread.java:748)
2018-04-10 18:42:35,365 INFO  SysUtils - Configuration on demand is an incubating feature.
:Sample:preBuild
:Sample:compileDebugNdk
:Sample:preDebugBuild
:Sample:checkDebugManifest
:Sample:preReleaseBuild
:SuperListviewLibrary:compileLint
:SuperListviewLibrary:copyReleaseLint UP-TO-DATE
:SuperListviewLibrary:preBuild
:SuperListviewLibrary:preReleaseBuild
:SuperListviewLibrary:checkReleaseManifest
:SuperListviewLibrary:preDebugBuild
:SuperListviewLibrary:preDebugTestBuild
:SuperListviewLibrary:prepareComAndroidSupportSupportV42000Library
:SuperListviewLibrary:prepareReleaseDependencies
:SuperListviewLibrary:compileReleaseAidl
:SuperListviewLibrary:compileReleaseRenderscript
:SuperListviewLibrary:generateReleaseBuildConfig
:SuperListviewLibrary:generateReleaseAssets UP-TO-DATE
:SuperListviewLibrary:mergeReleaseAssets
:SuperListviewLibrary:generateReleaseResValues
:SuperListviewLibrary:generateReleaseResources
:SuperListviewLibrary:mergeReleaseResources
:SuperListviewLibrary:processReleaseManifest
:SuperListviewLibrary:processReleaseResources
:SuperListviewLibrary:generateReleaseSources
:SuperListviewLibrary:compileReleaseJava/tmp/rdisk/254/src/SuperListview-master/SuperListviewLibrary/src/main/java/com/quentindommerc/superlistview/SuperListview.java:64: error: incompatible types: int cannot be converted to Drawable
            getList().setDivider(mDivider);
                                 ^
Note: /tmp/rdisk/254/src/SuperListview-master/SuperListviewLibrary/src/main/java/com/quentindommerc/superlistview/BaseSuperAbsListview.java uses or overrides a deprecated API.
Note: Recompile with -Xlint:deprecation for details.
Note: /tmp/rdisk/254/src/SuperListview-master/SuperListviewLibrary/src/main/java/com/quentindommerc/superlistview/SuperListview.java uses unchecked or unsafe operations.
Note: Recompile with -Xlint:unchecked for details.
Note: Some messages have been simplified; recompile with -Xdiags:verbose to get full output
1 error
 FAILED

FAILURE: Build failed with an exception.

* What went wrong:
Execution failed for task ':SuperListviewLibrary:compileReleaseJava'.
> Compilation failed; see the compiler error output for details.

* Try:
Run with --info or --debug option to get more log output.

* Exception is:
org.gradle.api.tasks.TaskExecutionException: Execution failed for task ':SuperListviewLibrary:compileReleaseJava'.
	at org.gradle.api.internal.tasks.execution.ExecuteActionsTaskExecuter.executeActions(ExecuteActionsTaskExecuter.java:69)
	at org.gradle.api.internal.tasks.execution.ExecuteActionsTaskExecuter.execute(ExecuteActionsTaskExecuter.java:46)
	at org.gradle.api.internal.tasks.execution.PostExecutionAnalysisTaskExecuter.execute(PostExecutionAnalysisTaskExecuter.java:35)
	at org.gradle.api.internal.tasks.execution.SkipUpToDateTaskExecuter.execute(SkipUpToDateTaskExecuter.java:64)
	at org.gradle.api.internal.tasks.execution.ValidatingTaskExecuter.execute(ValidatingTaskExecuter.java:58)
	at org.gradle.api.internal.tasks.execution.SkipEmptySourceFilesTaskExecuter.execute(SkipEmptySourceFilesTaskExecuter.java:42)
	at org.gradle.api.internal.tasks.execution.SkipTaskWithNoActionsExecuter.execute(SkipTaskWithNoActionsExecuter.java:52)
	at org.gradle.api.internal.tasks.execution.SkipOnlyIfTaskExecuter.execute(SkipOnlyIfTaskExecuter.java:53)
	at org.gradle.api.internal.tasks.execution.ExecuteAtMostOnceTaskExecuter.execute(ExecuteAtMostOnceTaskExecuter.java:43)
	at org.gradle.api.internal.AbstractTask.executeWithoutThrowingTaskFailure(AbstractTask.java:305)
	at org.gradle.execution.taskgraph.AbstractTaskPlanExecutor$TaskExecutorWorker.executeTask(AbstractTaskPlanExecutor.java:79)
	at org.gradle.execution.taskgraph.AbstractTaskPlanExecutor$TaskExecutorWorker.processTask(AbstractTaskPlanExecutor.java:63)
	at org.gradle.execution.taskgraph.AbstractTaskPlanExecutor$TaskExecutorWorker.run(AbstractTaskPlanExecutor.java:51)
	at org.gradle.execution.taskgraph.DefaultTaskPlanExecutor.process(DefaultTaskPlanExecutor.java:23)
	at org.gradle.execution.taskgraph.DefaultTaskGraphExecuter.execute(DefaultTaskGraphExecuter.java:88)
	at org.gradle.execution.SelectedTaskExecutionAction.execute(SelectedTaskExecutionAction.java:29)
	at org.gradle.execution.DefaultBuildExecuter.execute(DefaultBuildExecuter.java:62)
	at org.gradle.execution.DefaultBuildExecuter.access$200(DefaultBuildExecuter.java:23)
	at org.gradle.execution.DefaultBuildExecuter$2.proceed(DefaultBuildExecuter.java:68)
	at org.gradle.execution.DryRunBuildExecutionAction.execute(DryRunBuildExecutionAction.java:32)
	at org.gradle.execution.DefaultBuildExecuter.execute(DefaultBuildExecuter.java:62)
	at org.gradle.execution.DefaultBuildExecuter.execute(DefaultBuildExecuter.java:55)
	at org.gradle.initialization.DefaultGradleLauncher.doBuildStages(DefaultGradleLauncher.java:149)
	at org.gradle.initialization.DefaultGradleLauncher.doBuild(DefaultGradleLauncher.java:106)
	at org.gradle.initialization.DefaultGradleLauncher.run(DefaultGradleLauncher.java:86)
	at org.gradle.launcher.exec.InProcessBuildActionExecuter$DefaultBuildController.run(InProcessBuildActionExecuter.java:80)
	at org.gradle.launcher.cli.ExecuteBuildAction.run(ExecuteBuildAction.java:33)
	at org.gradle.launcher.cli.ExecuteBuildAction.run(ExecuteBuildAction.java:24)
	at org.gradle.launcher.exec.InProcessBuildActionExecuter.execute(InProcessBuildActionExecuter.java:36)
	at org.gradle.launcher.exec.InProcessBuildActionExecuter.execute(InProcessBuildActionExecuter.java:26)
	at org.gradle.launcher.cli.RunBuildAction.run(RunBuildAction.java:51)
	at org.gradle.internal.Actions$RunnableActionAdapter.execute(Actions.java:171)
	at org.gradle.launcher.cli.CommandLineActionFactory$ParseAndBuildAction.execute(CommandLineActionFactory.java:237)
	at org.gradle.launcher.cli.CommandLineActionFactory$ParseAndBuildAction.execute(CommandLineActionFactory.java:210)
	at org.gradle.launcher.cli.JavaRuntimeValidationAction.execute(JavaRuntimeValidationAction.java:35)
	at org.gradle.launcher.cli.JavaRuntimeValidationAction.execute(JavaRuntimeValidationAction.java:24)
	at org.gradle.launcher.cli.CommandLineActionFactory$WithLogging.execute(CommandLineActionFactory.java:206)
	at org.gradle.launcher.cli.CommandLineActionFactory$WithLogging.execute(CommandLineActionFactory.java:169)
	at org.gradle.launcher.cli.ExceptionReportingAction.execute(ExceptionReportingAction.java:33)
	at org.gradle.launcher.cli.ExceptionReportingAction.execute(ExceptionReportingAction.java:22)
	at org.gradle.launcher.Main.doAction(Main.java:33)
	at org.gradle.launcher.bootstrap.EntryPoint.run(EntryPoint.java:45)
	at org.gradle.launcher.bootstrap.ProcessBootstrap.runNoExit(ProcessBootstrap.java:54)
	at org.gradle.launcher.bootstrap.ProcessBootstrap.run(ProcessBootstrap.java:35)
	at org.gradle.launcher.GradleMain.main(GradleMain.java:23)
	at org.gradle.wrapper.BootstrapMainStarter.start(BootstrapMainStarter.java:30)
	at org.gradle.wrapper.WrapperExecutor.execute(WrapperExecutor.java:127)
	at org.gradle.wrapper.GradleWrapperMain.main(GradleWrapperMain.java:55)
Caused by: org.gradle.api.internal.tasks.compile.CompilationFailedException: Compilation failed; see the compiler error output for details.
	at org.gradle.api.internal.tasks.compile.jdk6.Jdk6JavaCompiler.execute(Jdk6JavaCompiler.java:47)
	at org.gradle.api.internal.tasks.compile.jdk6.Jdk6JavaCompiler.execute(Jdk6JavaCompiler.java:38)
	at org.gradle.api.internal.tasks.compile.NormalizingJavaCompiler.delegateAndHandleErrors(NormalizingJavaCompiler.java:97)
	at org.gradle.api.internal.tasks.compile.NormalizingJavaCompiler.execute(NormalizingJavaCompiler.java:50)
	at org.gradle.api.internal.tasks.compile.NormalizingJavaCompiler.execute(NormalizingJavaCompiler.java:36)
	at org.gradle.api.internal.tasks.compile.CleaningJavaCompilerSupport.execute(CleaningJavaCompilerSupport.java:34)
	at org.gradle.api.internal.tasks.compile.CleaningJavaCompilerSupport.execute(CleaningJavaCompilerSupport.java:25)
	at org.gradle.api.tasks.compile.JavaCompile.performCompilation(JavaCompile.java:127)
	at org.gradle.api.tasks.compile.JavaCompile.compile(JavaCompile.java:113)
	at org.gradle.api.tasks.compile.JavaCompile.compile(JavaCompile.java:90)
	at org.gradle.internal.reflect.JavaMethod.invoke(JavaMethod.java:63)
	at org.gradle.api.internal.project.taskfactory.AnnotationProcessingTaskFactory$IncrementalTaskAction.doExecute(AnnotationProcessingTaskFactory.java:235)
	at org.gradle.api.internal.project.taskfactory.AnnotationProcessingTaskFactory$StandardTaskAction.execute(AnnotationProcessingTaskFactory.java:211)
	at org.gradle.api.internal.project.taskfactory.AnnotationProcessingTaskFactory$IncrementalTaskAction.execute(AnnotationProcessingTaskFactory.java:222)
	at org.gradle.api.internal.project.taskfactory.AnnotationProcessingTaskFactory$StandardTaskAction.execute(AnnotationProcessingTaskFactory.java:200)
	at org.gradle.api.internal.tasks.execution.ExecuteActionsTaskExecuter.executeAction(ExecuteActionsTaskExecuter.java:80)
	at org.gradle.api.internal.tasks.execution.ExecuteActionsTaskExecuter.executeActions(ExecuteActionsTaskExecuter.java:61)
	... 47 more


BUILD FAILED

Total time: 8.307 secs

2018-04-10 18:42:35,371 INFO  FullProcessService - Found APK file: /tmp/rdisk/254/src/SuperListview-master/sample.apk
