2018-04-10 18:07:45,497 INFO  DownloadService - Downloading "https://github.com/marvinlabs/android-progress-panel/archive/master.zip", attempt 3
2018-04-10 18:07:47,559 INFO  DownloadService - Downloaded https://github.com/marvinlabs/android-progress-panel/archive/master.zip, attempt 3
2018-04-10 18:07:47,560 INFO  DownloadService - Size of file "/tmp/rdisk/365/master.zip": 624 KB
2018-04-10 18:07:47,560 INFO  ArchiveUtils - Checking entries [.gradle] in ZIP file...
2018-04-10 18:07:47,560 INFO  ArchiveUtils - Has entries [.gradle] in ZIP file /tmp/rdisk/365/master.zip: true
2018-04-10 18:07:47,560 DEBUG ZipUtil - Extracting '/tmp/rdisk/365/master.zip' into '/tmp/rdisk/365/src'.
2018-04-10 18:07:47,576 INFO  FullProcessService - Size of directory with sources: 683 KB
2018-04-10 18:07:47,576 INFO  SysUtils - Execute command: [git, init, /tmp/rdisk/365/src]
2018-04-10 18:07:47,582 INFO  SysUtils - Initialized empty Git repository in /tmp/rdisk/365/src/.git/

2018-04-10 18:07:47,585 INFO  ProjectBuildService - Gradle wrapper(s): /tmp/rdisk/365/src/android-progress-panel-master/gradlew
2018-04-10 18:07:47,588 INFO  ProjectBuildService - Build script(s): /tmp/rdisk/365/src/android-progress-panel-master/demo/build.gradle /tmp/rdisk/365/src/android-progress-panel-master/library/build.gradle /tmp/rdisk/365/src/android-progress-panel-master/build.gradle
2018-04-10 18:07:47,590 INFO  ProjectBuildService - All script(s): /tmp/rdisk/365/src/android-progress-panel-master/settings.gradle /tmp/rdisk/365/src/android-progress-panel-master/library/build.gradle /tmp/rdisk/365/src/android-progress-panel-master/demo/build.gradle /tmp/rdisk/365/src/android-progress-panel-master/build.gradle
2018-04-10 18:07:47,591 INFO  ProjectBuildService - Remote scripts: none
2018-04-10 18:07:47,591 INFO  ProjectFixService - Fixing project...
2018-04-10 18:07:47,597 INFO  LocalPropertiesFixService - Created fake /tmp/rdisk/365/src/android-progress-panel-master/demo/local.properties
2018-04-10 18:07:47,598 INFO  ProjectFixService - Build info for "/tmp/rdisk/365/src/android-progress-panel-master/demo/build.gradle": [buildToolsVersion=19.1.0,compileSdkVersion=19,minSdkVersion=7,targetSdkVersion=19]
2018-04-10 18:07:47,598 INFO  LocalPropertiesFixService - Created fake /tmp/rdisk/365/src/android-progress-panel-master/library/local.properties
2018-04-10 18:07:47,599 INFO  ProjectFixService - Build info for "/tmp/rdisk/365/src/android-progress-panel-master/library/build.gradle": [buildToolsVersion=19.1.0,compileSdkVersion=19,minSdkVersion=7,targetSdkVersion=19]
2018-04-10 18:07:47,599 INFO  LocalPropertiesFixService - Created fake /tmp/rdisk/365/src/android-progress-panel-master/local.properties
2018-04-10 18:07:47,600 INFO  WrapperPropertiesFixService - Gradle wrapper: http://services.gradle.org/distributions/gradle-1.10-all.zip
2018-04-10 18:07:47,600 INFO  WrapperPropertiesFixService - Gradle wrapper was changed from "-all.zip" to "-bin.zip" (http://services.gradle.org/distributions/gradle-1.10-bin.zip)
2018-04-10 18:07:47,602 INFO  ProjectFixService - Build info for "/tmp/rdisk/365/src/android-progress-panel-master/build.gradle": [buildToolsVersion=19.1.0,compileSdkVersion=19,minSdkVersion=7,targetSdkVersion=19]
2018-04-10 18:07:47,602 INFO  ProjectFixService - Project was maybe fixed
2018-04-10 18:07:47,602 INFO  ProjectTaskService - Detecting possible tasks...
2018-04-10 18:07:47,602 INFO  SysUtils - Execute command: [/tmp/rdisk/365/src/android-progress-panel-master/gradlew, -b, /tmp/rdisk/365/src/android-progress-panel-master/demo/build.gradle, -Dorg.gradle.daemon=false, -Dorg.gradle.daemon.performance.enable-monitoring=false, -Dorg.gradle.configureondemand=true, tasks]
2018-04-10 18:07:54,885 ERROR ProjectTaskService - Could not detect possible Gradle tasks: Process exited with an error: 1 (Exit value: 1)
2018-04-10 18:07:54,885 INFO  ProjectTaskService - Detected possible tasks: 0
2018-04-10 18:07:54,885 INFO  ProjectTaskService - Excluded tasks (0): none
2018-04-10 18:07:54,885 INFO  SysUtils - Execute command: [/tmp/rdisk/365/src/android-progress-panel-master/gradlew, -b, /tmp/rdisk/365/src/android-progress-panel-master/demo/build.gradle, -Dorg.gradle.daemon=false, -Dorg.gradle.daemon.performance.enable-monitoring=false, -Dorg.gradle.configureondemand=true, --stacktrace, build]
2018-04-10 18:07:59,204 ERROR SysUtils - Could not process external command
org.apache.commons.exec.ExecuteException: Process exited with an error: 1 (Exit value: 1)
	at org.apache.commons.exec.DefaultExecutor.executeInternal(DefaultExecutor.java:404)
	at org.apache.commons.exec.DefaultExecutor.execute(DefaultExecutor.java:166)
	at com.github.vbauer.apkmaster.util.SysUtils.execute(SysUtils.java:67)
	at com.github.vbauer.apkmaster.util.SysUtils.executeSimple(SysUtils.java:43)
	at com.github.vbauer.apkmaster.service.assembly.ProjectBuildService.buildProject(ProjectBuildService.java:78)
	at com.github.vbauer.apkmaster.service.assembly.ProjectBuildService.buildProject(ProjectBuildService.java:64)
	at com.github.vbauer.apkmaster.service.assembly.ProjectBuildService.buildProject(ProjectBuildService.java:43)
	at com.github.vbauer.apkmaster.service.FullProcessService.build(FullProcessService.java:84)
	at com.github.vbauer.apkmaster.service.FullProcessService.process(FullProcessService.java:34)
	at com.github.vbauer.apkmaster.app.MainApplication.process(MainApplication.java:38)
	at com.github.vbauer.apkmaster.app.MainApplication.main(MainApplication.java:20)
	at sun.reflect.GeneratedMethodAccessor9.invoke(Unknown Source)
	at sun.reflect.DelegatingMethodAccessorImpl.invoke(DelegatingMethodAccessorImpl.java:43)
	at java.lang.reflect.Method.invoke(Method.java:498)
	at com.android.arsenal.util.ReflectionUtils.invoke(ReflectionUtils.java:42)
	at com.android.arsenal.util.ApkMasterUtils.main(ApkMasterUtils.java:30)
	at com.android.arsenal.service.processor.impl.BuildProcessorServiceImpl.buildProject(BuildProcessorServiceImpl.java:197)
	at com.android.arsenal.service.processor.impl.BuildProcessorServiceImpl.build(BuildProcessorServiceImpl.java:131)
	at com.android.arsenal.service.processor.impl.BuildProcessorServiceImpl.lambda$null$1(BuildProcessorServiceImpl.java:114)
	at java.util.concurrent.FutureTask.run(FutureTask.java:266)
	at java.util.concurrent.Executors$RunnableAdapter.call(Executors.java:511)
	at java.util.concurrent.FutureTask.run(FutureTask.java:266)
	at java.util.concurrent.ThreadPoolExecutor.runWorker(ThreadPoolExecutor.java:1149)
	at java.util.concurrent.ThreadPoolExecutor$Worker.run(ThreadPoolExecutor.java:624)
	at java.lang.Thread.run(Thread.java:748)
2018-04-10 18:07:59,205 INFO  SysUtils - Configuration on demand is an incubating feature.
fatal: ambiguous argument 'develop': unknown revision or path not in the working tree.
Use '--' to separate paths from revisions, like this:
'git <command> [<revision>...] -- [<file>...]'
fatal: Not a valid object name HEAD
Building version #-1 : 0.0.0-SNAPSHOT

FAILURE: Build failed with an exception.

* Where:
Build file '/tmp/rdisk/365/src/android-progress-panel-master/build.gradle' line: 73

* What went wrong:
A problem occurred evaluating project ':demo'.
> null/android-progress-panel/keystore.properties (No such file or directory)

* Try:
Run with --info or --debug option to get more log output.

* Exception is:
org.gradle.api.GradleScriptException: A problem occurred evaluating project ':demo'.
	at org.gradle.groovy.scripts.internal.DefaultScriptRunnerFactory$ScriptRunnerImpl.run(DefaultScriptRunnerFactory.java:54)
	at org.gradle.configuration.DefaultScriptPluginFactory$ScriptPluginImpl.apply(DefaultScriptPluginFactory.java:156)
	at org.gradle.configuration.project.BuildScriptProcessor.execute(BuildScriptProcessor.java:38)
	at org.gradle.configuration.project.BuildScriptProcessor.execute(BuildScriptProcessor.java:25)
	at org.gradle.configuration.project.ConfigureActionsProjectEvaluator.evaluate(ConfigureActionsProjectEvaluator.java:34)
	at org.gradle.configuration.project.LifecycleProjectEvaluator.evaluate(LifecycleProjectEvaluator.java:55)
	at org.gradle.api.internal.project.AbstractProject.evaluate(AbstractProject.java:507)
	at org.gradle.api.internal.project.AbstractProject.evaluate(AbstractProject.java:82)
	at org.gradle.execution.TaskPathProjectEvaluator.evaluateByPath(TaskPathProjectEvaluator.java:41)
	at org.gradle.execution.ProjectEvaluatingAction.configure(ProjectEvaluatingAction.java:50)
	at org.gradle.execution.DefaultBuildExecuter.configure(DefaultBuildExecuter.java:42)
	at org.gradle.execution.DefaultBuildExecuter.select(DefaultBuildExecuter.java:35)
	at org.gradle.initialization.DefaultGradleLauncher.doBuildStages(DefaultGradleLauncher.java:155)
	at org.gradle.initialization.DefaultGradleLauncher.doBuild(DefaultGradleLauncher.java:113)
	at org.gradle.initialization.DefaultGradleLauncher.run(DefaultGradleLauncher.java:81)
	at org.gradle.launcher.exec.InProcessBuildActionExecuter$DefaultBuildController.run(InProcessBuildActionExecuter.java:64)
	at org.gradle.launcher.cli.ExecuteBuildAction.run(ExecuteBuildAction.java:33)
	at org.gradle.launcher.cli.ExecuteBuildAction.run(ExecuteBuildAction.java:24)
	at org.gradle.launcher.exec.InProcessBuildActionExecuter.execute(InProcessBuildActionExecuter.java:35)
	at org.gradle.launcher.exec.InProcessBuildActionExecuter.execute(InProcessBuildActionExecuter.java:26)
	at org.gradle.launcher.cli.RunBuildAction.run(RunBuildAction.java:50)
	at org.gradle.internal.Actions$RunnableActionAdapter.execute(Actions.java:171)
	at org.gradle.launcher.cli.CommandLineActionFactory$ParseAndBuildAction.execute(CommandLineActionFactory.java:201)
	at org.gradle.launcher.cli.CommandLineActionFactory$ParseAndBuildAction.execute(CommandLineActionFactory.java:174)
	at org.gradle.launcher.cli.CommandLineActionFactory$WithLogging.execute(CommandLineActionFactory.java:170)
	at org.gradle.launcher.cli.CommandLineActionFactory$WithLogging.execute(CommandLineActionFactory.java:139)
	at org.gradle.launcher.cli.ExceptionReportingAction.execute(ExceptionReportingAction.java:33)
	at org.gradle.launcher.cli.ExceptionReportingAction.execute(ExceptionReportingAction.java:22)
	at org.gradle.launcher.Main.doAction(Main.java:46)
	at org.gradle.launcher.bootstrap.EntryPoint.run(EntryPoint.java:45)
	at org.gradle.launcher.Main.main(Main.java:37)
	at org.gradle.launcher.bootstrap.ProcessBootstrap.runNoExit(ProcessBootstrap.java:50)
	at org.gradle.launcher.bootstrap.ProcessBootstrap.run(ProcessBootstrap.java:32)
	at org.gradle.launcher.GradleMain.main(GradleMain.java:23)
	at org.gradle.wrapper.BootstrapMainStarter.start(BootstrapMainStarter.java:33)
	at org.gradle.wrapper.WrapperExecutor.execute(WrapperExecutor.java:130)
	at org.gradle.wrapper.GradleWrapperMain.main(GradleWrapperMain.java:48)
Caused by: java.io.FileNotFoundException: null/android-progress-panel/keystore.properties (No such file or directory)
	at build_6pkafh60dsr19i2qrvc003un2e$_run_closure1_closure5.doCall(/tmp/rdisk/365/src/android-progress-panel-master/build.gradle:73)
	at build_6pkafh60dsr19i2qrvc003un2e$_run_closure1_closure5.doCall(/tmp/rdisk/365/src/android-progress-panel-master/build.gradle)
	at org.gradle.api.internal.CompositeDynamicObject.invokeMethod(CompositeDynamicObject.java:156)
	at org.gradle.groovy.scripts.BasicScript.methodMissing(BasicScript.java:79)
	at build_6tc4o3s01rt4innlp2m45cbe65.run(/tmp/rdisk/365/src/android-progress-panel-master/demo/build.gradle:3)
	at org.gradle.groovy.scripts.internal.DefaultScriptRunnerFactory$ScriptRunnerImpl.run(DefaultScriptRunnerFactory.java:52)
	... 36 more


BUILD FAILED

Total time: 3.886 secs

2018-04-10 18:07:59,207 INFO  ProjectTaskService - Detecting possible tasks...
2018-04-10 18:07:59,208 INFO  SysUtils - Execute command: [/tmp/rdisk/365/src/android-progress-panel-master/gradlew, -b, /tmp/rdisk/365/src/android-progress-panel-master/library/build.gradle, -Dorg.gradle.daemon=false, -Dorg.gradle.daemon.performance.enable-monitoring=false, -Dorg.gradle.configureondemand=true, tasks]
2018-04-10 18:08:04,216 ERROR ProjectTaskService - Could not detect possible Gradle tasks: Process exited with an error: 1 (Exit value: 1)
2018-04-10 18:08:04,216 INFO  ProjectTaskService - Detected possible tasks: 0
2018-04-10 18:08:04,216 INFO  ProjectTaskService - Excluded tasks (0): none
2018-04-10 18:08:04,217 INFO  SysUtils - Execute command: [/tmp/rdisk/365/src/android-progress-panel-master/gradlew, -b, /tmp/rdisk/365/src/android-progress-panel-master/library/build.gradle, -Dorg.gradle.daemon=false, -Dorg.gradle.daemon.performance.enable-monitoring=false, -Dorg.gradle.configureondemand=true, --stacktrace, build]
2018-04-10 18:08:09,181 ERROR SysUtils - Could not process external command
org.apache.commons.exec.ExecuteException: Process exited with an error: 1 (Exit value: 1)
	at org.apache.commons.exec.DefaultExecutor.executeInternal(DefaultExecutor.java:404)
	at org.apache.commons.exec.DefaultExecutor.execute(DefaultExecutor.java:166)
	at com.github.vbauer.apkmaster.util.SysUtils.execute(SysUtils.java:67)
	at com.github.vbauer.apkmaster.util.SysUtils.executeSimple(SysUtils.java:43)
	at com.github.vbauer.apkmaster.service.assembly.ProjectBuildService.buildProject(ProjectBuildService.java:78)
	at com.github.vbauer.apkmaster.service.assembly.ProjectBuildService.buildProject(ProjectBuildService.java:64)
	at com.github.vbauer.apkmaster.service.assembly.ProjectBuildService.buildProject(ProjectBuildService.java:43)
	at com.github.vbauer.apkmaster.service.FullProcessService.build(FullProcessService.java:84)
	at com.github.vbauer.apkmaster.service.FullProcessService.process(FullProcessService.java:34)
	at com.github.vbauer.apkmaster.app.MainApplication.process(MainApplication.java:38)
	at com.github.vbauer.apkmaster.app.MainApplication.main(MainApplication.java:20)
	at sun.reflect.GeneratedMethodAccessor9.invoke(Unknown Source)
	at sun.reflect.DelegatingMethodAccessorImpl.invoke(DelegatingMethodAccessorImpl.java:43)
	at java.lang.reflect.Method.invoke(Method.java:498)
	at com.android.arsenal.util.ReflectionUtils.invoke(ReflectionUtils.java:42)
	at com.android.arsenal.util.ApkMasterUtils.main(ApkMasterUtils.java:30)
	at com.android.arsenal.service.processor.impl.BuildProcessorServiceImpl.buildProject(BuildProcessorServiceImpl.java:197)
	at com.android.arsenal.service.processor.impl.BuildProcessorServiceImpl.build(BuildProcessorServiceImpl.java:131)
	at com.android.arsenal.service.processor.impl.BuildProcessorServiceImpl.lambda$null$1(BuildProcessorServiceImpl.java:114)
	at java.util.concurrent.FutureTask.run(FutureTask.java:266)
	at java.util.concurrent.Executors$RunnableAdapter.call(Executors.java:511)
	at java.util.concurrent.FutureTask.run(FutureTask.java:266)
	at java.util.concurrent.ThreadPoolExecutor.runWorker(ThreadPoolExecutor.java:1149)
	at java.util.concurrent.ThreadPoolExecutor$Worker.run(ThreadPoolExecutor.java:624)
	at java.lang.Thread.run(Thread.java:748)
2018-04-10 18:08:09,181 INFO  SysUtils - Configuration on demand is an incubating feature.
fatal: ambiguous argument 'develop': unknown revision or path not in the working tree.
Use '--' to separate paths from revisions, like this:
'git <command> [<revision>...] -- [<file>...]'
fatal: Not a valid object name HEAD
Building version #-1 : 0.0.0-SNAPSHOT
fatal: ambiguous argument 'develop': unknown revision or path not in the working tree.
Use '--' to separate paths from revisions, like this:
'git <command> [<revision>...] -- [<file>...]'
fatal: Not a valid object name HEAD
fatal: Not a valid object name HEAD
fatal: Not a valid object name HEAD

FAILURE: Build failed with an exception.

* Where:
Build file '/tmp/rdisk/365/src/android-progress-panel-master/library/build.gradle' line: 92

* What went wrong:
A problem occurred evaluating project ':library'.
> No such property: sonatypeUser for class: org.gradle.api.publication.maven.internal.ant.DefaultGroovyMavenDeployer

* Try:
Run with --info or --debug option to get more log output.

* Exception is:
org.gradle.api.GradleScriptException: A problem occurred evaluating project ':library'.
	at org.gradle.groovy.scripts.internal.DefaultScriptRunnerFactory$ScriptRunnerImpl.run(DefaultScriptRunnerFactory.java:54)
	at org.gradle.configuration.DefaultScriptPluginFactory$ScriptPluginImpl.apply(DefaultScriptPluginFactory.java:156)
	at org.gradle.configuration.project.BuildScriptProcessor.execute(BuildScriptProcessor.java:38)
	at org.gradle.configuration.project.BuildScriptProcessor.execute(BuildScriptProcessor.java:25)
	at org.gradle.configuration.project.ConfigureActionsProjectEvaluator.evaluate(ConfigureActionsProjectEvaluator.java:34)
	at org.gradle.configuration.project.LifecycleProjectEvaluator.evaluate(LifecycleProjectEvaluator.java:55)
	at org.gradle.api.internal.project.AbstractProject.evaluate(AbstractProject.java:507)
	at org.gradle.api.internal.project.AbstractProject.evaluate(AbstractProject.java:82)
	at org.gradle.execution.TaskPathProjectEvaluator.evaluateByPath(TaskPathProjectEvaluator.java:41)
	at org.gradle.execution.ProjectEvaluatingAction.configure(ProjectEvaluatingAction.java:50)
	at org.gradle.execution.DefaultBuildExecuter.configure(DefaultBuildExecuter.java:42)
	at org.gradle.execution.DefaultBuildExecuter.select(DefaultBuildExecuter.java:35)
	at org.gradle.initialization.DefaultGradleLauncher.doBuildStages(DefaultGradleLauncher.java:155)
	at org.gradle.initialization.DefaultGradleLauncher.doBuild(DefaultGradleLauncher.java:113)
	at org.gradle.initialization.DefaultGradleLauncher.run(DefaultGradleLauncher.java:81)
	at org.gradle.launcher.exec.InProcessBuildActionExecuter$DefaultBuildController.run(InProcessBuildActionExecuter.java:64)
	at org.gradle.launcher.cli.ExecuteBuildAction.run(ExecuteBuildAction.java:33)
	at org.gradle.launcher.cli.ExecuteBuildAction.run(ExecuteBuildAction.java:24)
	at org.gradle.launcher.exec.InProcessBuildActionExecuter.execute(InProcessBuildActionExecuter.java:35)
	at org.gradle.launcher.exec.InProcessBuildActionExecuter.execute(InProcessBuildActionExecuter.java:26)
	at org.gradle.launcher.cli.RunBuildAction.run(RunBuildAction.java:50)
	at org.gradle.internal.Actions$RunnableActionAdapter.execute(Actions.java:171)
	at org.gradle.launcher.cli.CommandLineActionFactory$ParseAndBuildAction.execute(CommandLineActionFactory.java:201)
	at org.gradle.launcher.cli.CommandLineActionFactory$ParseAndBuildAction.execute(CommandLineActionFactory.java:174)
	at org.gradle.launcher.cli.CommandLineActionFactory$WithLogging.execute(CommandLineActionFactory.java:170)
	at org.gradle.launcher.cli.CommandLineActionFactory$WithLogging.execute(CommandLineActionFactory.java:139)
	at org.gradle.launcher.cli.ExceptionReportingAction.execute(ExceptionReportingAction.java:33)
	at org.gradle.launcher.cli.ExceptionReportingAction.execute(ExceptionReportingAction.java:22)
	at org.gradle.launcher.Main.doAction(Main.java:46)
	at org.gradle.launcher.bootstrap.EntryPoint.run(EntryPoint.java:45)
	at org.gradle.launcher.Main.main(Main.java:37)
	at org.gradle.launcher.bootstrap.ProcessBootstrap.runNoExit(ProcessBootstrap.java:50)
	at org.gradle.launcher.bootstrap.ProcessBootstrap.run(ProcessBootstrap.java:32)
	at org.gradle.launcher.GradleMain.main(GradleMain.java:23)
	at org.gradle.wrapper.BootstrapMainStarter.start(BootstrapMainStarter.java:33)
	at org.gradle.wrapper.WrapperExecutor.execute(WrapperExecutor.java:130)
	at org.gradle.wrapper.GradleWrapperMain.main(GradleWrapperMain.java:48)
Caused by: groovy.lang.MissingPropertyException: No such property: sonatypeUser for class: org.gradle.api.publication.maven.internal.ant.DefaultGroovyMavenDeployer
	at build_33pnm8mpqtlhhsam8iotjrvg0h$_run_closure10_closure15_closure16_closure18.doCall(/tmp/rdisk/365/src/android-progress-panel-master/library/build.gradle:92)
	at build_33pnm8mpqtlhhsam8iotjrvg0h$_run_closure10_closure15_closure16_closure18.doCall(/tmp/rdisk/365/src/android-progress-panel-master/library/build.gradle)
	at org.gradle.api.publication.maven.internal.ant.DefaultGroovyMavenDeployer.methodMissing(DefaultGroovyMavenDeployer.groovy:36)
	at org.gradle.api.publication.maven.internal.ant.DefaultGroovyMavenDeployer.invokeMethod(DefaultGroovyMavenDeployer.groovy)
	at build_33pnm8mpqtlhhsam8iotjrvg0h$_run_closure10_closure15_closure16.doCall(/tmp/rdisk/365/src/android-progress-panel-master/library/build.gradle:91)
	at org.gradle.api.internal.ClosureBackedAction.execute(ClosureBackedAction.java:58)
	at org.gradle.api.internal.artifacts.DefaultArtifactRepositoryContainer.addRepository(DefaultArtifactRepositoryContainer.java:185)
	at org.gradle.api.publication.maven.internal.DefaultMavenRepositoryHandlerConvention.mavenDeployer(DefaultMavenRepositoryHandlerConvention.java:43)
	at org.gradle.api.internal.BeanDynamicObject$MetaClassAdapter.invokeMethod(BeanDynamicObject.java:246)
	at org.gradle.api.internal.BeanDynamicObject.invokeMethod(BeanDynamicObject.java:134)
	at org.gradle.api.internal.plugins.DefaultConvention$ExtensionsDynamicObject.invokeMethod(DefaultConvention.java:218)
	at org.gradle.api.internal.CompositeDynamicObject.invokeMethod(CompositeDynamicObject.java:147)
	at org.gradle.api.internal.CompositeDynamicObject.invokeMethod(CompositeDynamicObject.java:147)
	at org.gradle.api.internal.artifacts.dsl.DefaultRepositoryHandler_Decorated.invokeMethod(Unknown Source)
	at build_33pnm8mpqtlhhsam8iotjrvg0h$_run_closure10_closure15.doCall(/tmp/rdisk/365/src/android-progress-panel-master/library/build.gradle:88)
	at org.gradle.api.internal.ClosureBackedAction.execute(ClosureBackedAction.java:58)
	at org.gradle.util.ConfigureUtil.configure(ConfigureUtil.java:130)
	at org.gradle.util.ConfigureUtil.configure(ConfigureUtil.java:110)
	at org.gradle.api.internal.artifacts.DefaultArtifactRepositoryContainer.configure(DefaultArtifactRepositoryContainer.java:73)
	at org.gradle.api.internal.artifacts.DefaultArtifactRepositoryContainer.configure(DefaultArtifactRepositoryContainer.java:41)
	at org.gradle.api.internal.ClosureBackedAction.execute(ClosureBackedAction.java:50)
	at org.gradle.util.ConfigureUtil.configure(ConfigureUtil.java:130)
	at org.gradle.util.ConfigureUtil.configure(ConfigureUtil.java:91)
	at org.gradle.api.tasks.Upload.repositories(Upload.java:118)
	at build_33pnm8mpqtlhhsam8iotjrvg0h$_run_closure10.doCall(/tmp/rdisk/365/src/android-progress-panel-master/library/build.gradle:87)
	at org.gradle.api.internal.ClosureBackedAction.execute(ClosureBackedAction.java:58)
	at org.gradle.util.ConfigureUtil.configure(ConfigureUtil.java:130)
	at org.gradle.util.ConfigureUtil.configure(ConfigureUtil.java:110)
	at org.gradle.api.internal.AbstractTask.configure(AbstractTask.java:439)
	at org.gradle.api.internal.AbstractTask.configure(AbstractTask.java:59)
	at org.gradle.api.internal.ClosureBackedAction.execute(ClosureBackedAction.java:50)
	at org.gradle.util.ConfigureUtil.configure(ConfigureUtil.java:130)
	at org.gradle.util.ConfigureUtil.configure(ConfigureUtil.java:91)
	at org.gradle.api.internal.DefaultNamedDomainObjectCollection$ContainerElementsDynamicObject.invokeMethod(DefaultNamedDomainObjectCollection.java:324)
	at org.gradle.api.internal.CompositeDynamicObject.invokeMethod(CompositeDynamicObject.java:147)
	at org.gradle.groovy.scripts.BasicScript.methodMissing(BasicScript.java:79)
	at build_33pnm8mpqtlhhsam8iotjrvg0h.run(/tmp/rdisk/365/src/android-progress-panel-master/library/build.gradle:86)
	at org.gradle.groovy.scripts.internal.DefaultScriptRunnerFactory$ScriptRunnerImpl.run(DefaultScriptRunnerFactory.java:52)
	... 36 more


BUILD FAILED

Total time: 4.456 secs

2018-04-10 18:08:09,184 INFO  ProjectTaskService - Detecting possible tasks...
2018-04-10 18:08:09,184 INFO  SysUtils - Execute command: [/tmp/rdisk/365/src/android-progress-panel-master/gradlew, -b, /tmp/rdisk/365/src/android-progress-panel-master/build.gradle, -Dorg.gradle.daemon=false, -Dorg.gradle.daemon.performance.enable-monitoring=false, -Dorg.gradle.configureondemand=true, tasks]
2018-04-10 18:08:13,391 ERROR ProjectTaskService - Could not detect possible Gradle tasks: Process exited with an error: 1 (Exit value: 1)
2018-04-10 18:08:13,391 INFO  ProjectTaskService - Detected possible tasks: 0
2018-04-10 18:08:13,391 INFO  ProjectTaskService - Excluded tasks (0): none
2018-04-10 18:08:13,391 INFO  SysUtils - Execute command: [/tmp/rdisk/365/src/android-progress-panel-master/gradlew, -b, /tmp/rdisk/365/src/android-progress-panel-master/build.gradle, -Dorg.gradle.daemon=false, -Dorg.gradle.daemon.performance.enable-monitoring=false, -Dorg.gradle.configureondemand=true, --stacktrace, build]
2018-04-10 18:08:17,856 ERROR SysUtils - Could not process external command
org.apache.commons.exec.ExecuteException: Process exited with an error: 1 (Exit value: 1)
	at org.apache.commons.exec.DefaultExecutor.executeInternal(DefaultExecutor.java:404)
	at org.apache.commons.exec.DefaultExecutor.execute(DefaultExecutor.java:166)
	at com.github.vbauer.apkmaster.util.SysUtils.execute(SysUtils.java:67)
	at com.github.vbauer.apkmaster.util.SysUtils.executeSimple(SysUtils.java:43)
	at com.github.vbauer.apkmaster.service.assembly.ProjectBuildService.buildProject(ProjectBuildService.java:78)
	at com.github.vbauer.apkmaster.service.assembly.ProjectBuildService.buildProject(ProjectBuildService.java:64)
	at com.github.vbauer.apkmaster.service.assembly.ProjectBuildService.buildProject(ProjectBuildService.java:43)
	at com.github.vbauer.apkmaster.service.FullProcessService.build(FullProcessService.java:84)
	at com.github.vbauer.apkmaster.service.FullProcessService.process(FullProcessService.java:34)
	at com.github.vbauer.apkmaster.app.MainApplication.process(MainApplication.java:38)
	at com.github.vbauer.apkmaster.app.MainApplication.main(MainApplication.java:20)
	at sun.reflect.GeneratedMethodAccessor9.invoke(Unknown Source)
	at sun.reflect.DelegatingMethodAccessorImpl.invoke(DelegatingMethodAccessorImpl.java:43)
	at java.lang.reflect.Method.invoke(Method.java:498)
	at com.android.arsenal.util.ReflectionUtils.invoke(ReflectionUtils.java:42)
	at com.android.arsenal.util.ApkMasterUtils.main(ApkMasterUtils.java:30)
	at com.android.arsenal.service.processor.impl.BuildProcessorServiceImpl.buildProject(BuildProcessorServiceImpl.java:197)
	at com.android.arsenal.service.processor.impl.BuildProcessorServiceImpl.build(BuildProcessorServiceImpl.java:131)
	at com.android.arsenal.service.processor.impl.BuildProcessorServiceImpl.lambda$null$1(BuildProcessorServiceImpl.java:114)
	at java.util.concurrent.FutureTask.run(FutureTask.java:266)
	at java.util.concurrent.Executors$RunnableAdapter.call(Executors.java:511)
	at java.util.concurrent.FutureTask.run(FutureTask.java:266)
	at java.util.concurrent.ThreadPoolExecutor.runWorker(ThreadPoolExecutor.java:1149)
	at java.util.concurrent.ThreadPoolExecutor$Worker.run(ThreadPoolExecutor.java:624)
	at java.lang.Thread.run(Thread.java:748)
2018-04-10 18:08:17,856 INFO  SysUtils - Configuration on demand is an incubating feature.
fatal: ambiguous argument 'develop': unknown revision or path not in the working tree.
Use '--' to separate paths from revisions, like this:
'git <command> [<revision>...] -- [<file>...]'
fatal: Not a valid object name HEAD
Building version #-1 : 0.0.0-SNAPSHOT

FAILURE: Build failed with an exception.

* Where:
Build file '/tmp/rdisk/365/src/android-progress-panel-master/build.gradle' line: 73

* What went wrong:
A problem occurred evaluating project ':demo'.
> null/android-progress-panel/keystore.properties (No such file or directory)

* Try:
Run with --info or --debug option to get more log output.

* Exception is:
org.gradle.api.GradleScriptException: A problem occurred evaluating project ':demo'.
	at org.gradle.groovy.scripts.internal.DefaultScriptRunnerFactory$ScriptRunnerImpl.run(DefaultScriptRunnerFactory.java:54)
	at org.gradle.configuration.DefaultScriptPluginFactory$ScriptPluginImpl.apply(DefaultScriptPluginFactory.java:156)
	at org.gradle.configuration.project.BuildScriptProcessor.execute(BuildScriptProcessor.java:38)
	at org.gradle.configuration.project.BuildScriptProcessor.execute(BuildScriptProcessor.java:25)
	at org.gradle.configuration.project.ConfigureActionsProjectEvaluator.evaluate(ConfigureActionsProjectEvaluator.java:34)
	at org.gradle.configuration.project.LifecycleProjectEvaluator.evaluate(LifecycleProjectEvaluator.java:55)
	at org.gradle.api.internal.project.AbstractProject.evaluate(AbstractProject.java:507)
	at org.gradle.api.internal.project.AbstractProject.evaluate(AbstractProject.java:82)
	at org.gradle.execution.TaskPathProjectEvaluator.evaluateByPath(TaskPathProjectEvaluator.java:43)
	at org.gradle.execution.ProjectEvaluatingAction.configure(ProjectEvaluatingAction.java:50)
	at org.gradle.execution.DefaultBuildExecuter.configure(DefaultBuildExecuter.java:42)
	at org.gradle.execution.DefaultBuildExecuter.select(DefaultBuildExecuter.java:35)
	at org.gradle.initialization.DefaultGradleLauncher.doBuildStages(DefaultGradleLauncher.java:155)
	at org.gradle.initialization.DefaultGradleLauncher.doBuild(DefaultGradleLauncher.java:113)
	at org.gradle.initialization.DefaultGradleLauncher.run(DefaultGradleLauncher.java:81)
	at org.gradle.launcher.exec.InProcessBuildActionExecuter$DefaultBuildController.run(InProcessBuildActionExecuter.java:64)
	at org.gradle.launcher.cli.ExecuteBuildAction.run(ExecuteBuildAction.java:33)
	at org.gradle.launcher.cli.ExecuteBuildAction.run(ExecuteBuildAction.java:24)
	at org.gradle.launcher.exec.InProcessBuildActionExecuter.execute(InProcessBuildActionExecuter.java:35)
	at org.gradle.launcher.exec.InProcessBuildActionExecuter.execute(InProcessBuildActionExecuter.java:26)
	at org.gradle.launcher.cli.RunBuildAction.run(RunBuildAction.java:50)
	at org.gradle.internal.Actions$RunnableActionAdapter.execute(Actions.java:171)
	at org.gradle.launcher.cli.CommandLineActionFactory$ParseAndBuildAction.execute(CommandLineActionFactory.java:201)
	at org.gradle.launcher.cli.CommandLineActionFactory$ParseAndBuildAction.execute(CommandLineActionFactory.java:174)
	at org.gradle.launcher.cli.CommandLineActionFactory$WithLogging.execute(CommandLineActionFactory.java:170)
	at org.gradle.launcher.cli.CommandLineActionFactory$WithLogging.execute(CommandLineActionFactory.java:139)
	at org.gradle.launcher.cli.ExceptionReportingAction.execute(ExceptionReportingAction.java:33)
	at org.gradle.launcher.cli.ExceptionReportingAction.execute(ExceptionReportingAction.java:22)
	at org.gradle.launcher.Main.doAction(Main.java:46)
	at org.gradle.launcher.bootstrap.EntryPoint.run(EntryPoint.java:45)
	at org.gradle.launcher.Main.main(Main.java:37)
	at org.gradle.launcher.bootstrap.ProcessBootstrap.runNoExit(ProcessBootstrap.java:50)
	at org.gradle.launcher.bootstrap.ProcessBootstrap.run(ProcessBootstrap.java:32)
	at org.gradle.launcher.GradleMain.main(GradleMain.java:23)
	at org.gradle.wrapper.BootstrapMainStarter.start(BootstrapMainStarter.java:33)
	at org.gradle.wrapper.WrapperExecutor.execute(WrapperExecutor.java:130)
	at org.gradle.wrapper.GradleWrapperMain.main(GradleWrapperMain.java:48)
Caused by: java.io.FileNotFoundException: null/android-progress-panel/keystore.properties (No such file or directory)
	at build_6pkafh60dsr19i2qrvc003un2e$_run_closure1_closure5.doCall(/tmp/rdisk/365/src/android-progress-panel-master/build.gradle:73)
	at build_6pkafh60dsr19i2qrvc003un2e$_run_closure1_closure5.doCall(/tmp/rdisk/365/src/android-progress-panel-master/build.gradle)
	at org.gradle.api.internal.CompositeDynamicObject.invokeMethod(CompositeDynamicObject.java:156)
	at org.gradle.groovy.scripts.BasicScript.methodMissing(BasicScript.java:79)
	at build_6tc4o3s01rt4innlp2m45cbe65.run(/tmp/rdisk/365/src/android-progress-panel-master/demo/build.gradle:3)
	at org.gradle.groovy.scripts.internal.DefaultScriptRunnerFactory$ScriptRunnerImpl.run(DefaultScriptRunnerFactory.java:52)
	... 36 more


BUILD FAILED

Total time: 4.012 secs

2018-04-10 18:08:17,859 ERROR FullProcessService - Project build has not produced APK file
2018-04-10 18:08:17,861 ERROR FullProcessService - Could not find generated or existed APK file
