2018-04-09 22:37:11,228 INFO  DownloadService - Downloading "https://github.com/robospock/RoboSpock/archive/master.zip", attempt 3
2018-04-09 22:38:11,676 INFO  GithubDownloadService - Could not find ZIP archive for master branch
2018-04-09 22:38:12,381 INFO  GithubDownloadService - Default branch of this repository: master
2018-04-09 22:38:12,381 INFO  DownloadService - Downloading "https://github.com/robospock/RoboSpock/archive/master.zip", attempt 3
2018-04-09 22:39:13,776 DEBUG FullProcessService - Repository https://github.com/robospock/RoboSpock available: true
2018-04-09 22:39:13,776 INFO  FullProcessService - Could not download ZIP file from Github, lets clone it
2018-04-09 22:39:13,776 INFO  SysUtils - Execute command: [git, clone, -q, --single-branch, --depth, 1, https://github.com/robospock/RoboSpock, /tmp/rdisk/459/src]
2018-04-09 22:39:15,332 INFO  SysUtils - 
2018-04-09 22:39:15,337 INFO  GitService - Deleted "/tmp/rdisk/459/src/.git": true
2018-04-09 22:39:15,340 INFO  FullProcessService - Size of directory with sources: 356 KB
2018-04-09 22:39:15,340 INFO  SysUtils - Execute command: [git, init, /tmp/rdisk/459/src]
2018-04-09 22:39:15,345 INFO  SysUtils - Initialized empty Git repository in /tmp/rdisk/459/src/.git/

2018-04-09 22:39:15,348 INFO  ProjectBuildService - Gradle wrapper(s): /tmp/rdisk/459/src/sample/gradlew /tmp/rdisk/459/src/gradlew
2018-04-09 22:39:15,351 INFO  ProjectBuildService - Build script(s): /tmp/rdisk/459/src/sample/build.gradle /tmp/rdisk/459/src/build.gradle /tmp/rdisk/459/src/robospock/build.gradle
2018-04-09 22:39:15,354 INFO  ProjectBuildService - All script(s): /tmp/rdisk/459/src/settings.gradle /tmp/rdisk/459/src/sample/build.gradle /tmp/rdisk/459/src/robospock/release.gradle /tmp/rdisk/459/src/robospock/build.gradle /tmp/rdisk/459/src/build.gradle
2018-04-09 22:39:15,354 INFO  ProjectBuildService - Remote scripts: none
2018-04-09 22:39:15,354 INFO  ProjectFixService - Fixing project...
2018-04-09 22:39:15,361 INFO  LocalPropertiesFixService - Created fake /tmp/rdisk/459/src/sample/local.properties
2018-04-09 22:39:15,361 INFO  WrapperPropertiesFixService - Gradle wrapper: http://services.gradle.org/distributions/gradle-2.2-all.zip
2018-04-09 22:39:15,361 INFO  WrapperPropertiesFixService - Gradle wrapper was changed from "-all.zip" to "-bin.zip" (http://services.gradle.org/distributions/gradle-2.2-bin.zip)
2018-04-09 22:39:15,363 INFO  ProjectFixService - Build info for "/tmp/rdisk/459/src/sample/build.gradle": [buildToolsVersion=25.0.0,compileSdkVersion=25,minSdkVersion=<null>,targetSdkVersion=<null>]
2018-04-09 22:39:15,363 INFO  ProjectFixService - Fixed build info for "/tmp/rdisk/459/src/sample/build.gradle": [buildToolsVersion=25.0.0,compileSdkVersion=25,minSdkVersion=27,targetSdkVersion=27]
2018-04-09 22:39:15,363 INFO  LocalPropertiesFixService - Created fake /tmp/rdisk/459/src/local.properties
2018-04-09 22:39:15,363 INFO  WrapperPropertiesFixService - Gradle wrapper: https://services.gradle.org/distributions/gradle-3.1-bin.zip
2018-04-09 22:39:15,365 INFO  ProjectFixService - Build info for "/tmp/rdisk/459/src/build.gradle": [buildToolsVersion=25.0.0,compileSdkVersion=25,minSdkVersion=<null>,targetSdkVersion=<null>]
2018-04-09 22:39:15,365 INFO  ProjectFixService - Fixed build info for "/tmp/rdisk/459/src/build.gradle": [buildToolsVersion=25.0.0,compileSdkVersion=25,minSdkVersion=27,targetSdkVersion=27]
2018-04-09 22:39:15,366 INFO  LocalPropertiesFixService - Created fake /tmp/rdisk/459/src/robospock/local.properties
2018-04-09 22:39:15,367 INFO  ProjectFixService - Build info for "/tmp/rdisk/459/src/robospock/build.gradle": [buildToolsVersion=25.0.0,compileSdkVersion=25,minSdkVersion=<null>,targetSdkVersion=<null>]
2018-04-09 22:39:15,367 INFO  ProjectFixService - Fixed build info for "/tmp/rdisk/459/src/robospock/build.gradle": [buildToolsVersion=25.0.0,compileSdkVersion=25,minSdkVersion=27,targetSdkVersion=27]
2018-04-09 22:39:15,368 INFO  ProjectFixService - Project was maybe fixed
2018-04-09 22:39:15,368 INFO  ProjectTaskService - Detecting possible tasks...
2018-04-09 22:39:15,368 INFO  SysUtils - Execute command: [/tmp/rdisk/459/src/sample/gradlew, -b, /tmp/rdisk/459/src/sample/build.gradle, -Dorg.gradle.daemon=false, -Dorg.gradle.daemon.performance.enable-monitoring=false, -Dorg.gradle.configureondemand=true, tasks]
2018-04-09 22:39:21,803 ERROR ProjectTaskService - Could not detect possible Gradle tasks: Process exited with an error: 1 (Exit value: 1)
2018-04-09 22:39:21,804 INFO  ProjectTaskService - Detected possible tasks: 0
2018-04-09 22:39:21,804 INFO  ProjectTaskService - Excluded tasks (0): none
2018-04-09 22:39:21,804 INFO  SysUtils - Execute command: [/tmp/rdisk/459/src/sample/gradlew, -b, /tmp/rdisk/459/src/sample/build.gradle, -Dorg.gradle.daemon=false, -Dorg.gradle.daemon.performance.enable-monitoring=false, -Dorg.gradle.configureondemand=true, --stacktrace, build]
2018-04-09 22:39:25,425 ERROR SysUtils - Could not process external command
org.apache.commons.exec.ExecuteException: Process exited with an error: 1 (Exit value: 1)
	at org.apache.commons.exec.DefaultExecutor.executeInternal(DefaultExecutor.java:404)
	at org.apache.commons.exec.DefaultExecutor.execute(DefaultExecutor.java:166)
	at com.github.vbauer.apkmaster.util.SysUtils.execute(SysUtils.java:67)
	at com.github.vbauer.apkmaster.util.SysUtils.executeSimple(SysUtils.java:43)
	at com.github.vbauer.apkmaster.service.assembly.ProjectBuildService.buildProject(ProjectBuildService.java:78)
	at com.github.vbauer.apkmaster.service.assembly.ProjectBuildService.buildProject(ProjectBuildService.java:64)
	at com.github.vbauer.apkmaster.service.assembly.ProjectBuildService.buildProject(ProjectBuildService.java:43)
	at com.github.vbauer.apkmaster.service.FullProcessService.build(FullProcessService.java:84)
	at com.github.vbauer.apkmaster.service.FullProcessService.process(FullProcessService.java:34)
	at com.github.vbauer.apkmaster.app.MainApplication.process(MainApplication.java:38)
	at com.github.vbauer.apkmaster.app.MainApplication.main(MainApplication.java:20)
	at sun.reflect.GeneratedMethodAccessor8.invoke(Unknown Source)
	at sun.reflect.DelegatingMethodAccessorImpl.invoke(DelegatingMethodAccessorImpl.java:43)
	at java.lang.reflect.Method.invoke(Method.java:498)
	at com.android.arsenal.util.ReflectionUtils.invoke(ReflectionUtils.java:42)
	at com.android.arsenal.util.ApkMasterUtils.main(ApkMasterUtils.java:30)
	at com.android.arsenal.service.processor.impl.BuildProcessorServiceImpl.buildProject(BuildProcessorServiceImpl.java:197)
	at com.android.arsenal.service.processor.impl.BuildProcessorServiceImpl.build(BuildProcessorServiceImpl.java:131)
	at com.android.arsenal.service.processor.impl.BuildProcessorServiceImpl.lambda$null$1(BuildProcessorServiceImpl.java:114)
	at java.util.concurrent.FutureTask.run(FutureTask.java:266)
	at java.util.concurrent.Executors$RunnableAdapter.call(Executors.java:511)
	at java.util.concurrent.FutureTask.run(FutureTask.java:266)
	at java.util.concurrent.ThreadPoolExecutor.runWorker(ThreadPoolExecutor.java:1149)
	at java.util.concurrent.ThreadPoolExecutor$Worker.run(ThreadPoolExecutor.java:624)
	at java.lang.Thread.run(Thread.java:748)
2018-04-09 22:39:25,426 INFO  SysUtils - Configuration on demand is an incubating feature.

FAILURE: Build failed with an exception.

* Where:
Build file '/tmp/rdisk/459/src/sample/build.gradle' line: 1

* What went wrong:
A problem occurred evaluating project ':sample'.
> Failed to apply plugin [id 'com.android.application']
   > Minimum supported Gradle version is 2.14.1. Current version is 2.2. If using the gradle wrapper, try editing the distributionUrl in /root/Documents/workspace/java/bloodhound/gradle/wrapper/gradle-wrapper.properties to gradle-2.14.1-all.zip

* Try:
Run with --info or --debug option to get more log output.

* Exception is:
org.gradle.api.GradleScriptException: A problem occurred evaluating project ':sample'.
	at org.gradle.groovy.scripts.internal.DefaultScriptRunnerFactory$ScriptRunnerImpl.run(DefaultScriptRunnerFactory.java:54)
	at org.gradle.configuration.DefaultScriptPluginFactory$ScriptPluginImpl.apply(DefaultScriptPluginFactory.java:148)
	at org.gradle.configuration.project.BuildScriptProcessor.execute(BuildScriptProcessor.java:39)
	at org.gradle.configuration.project.BuildScriptProcessor.execute(BuildScriptProcessor.java:26)
	at org.gradle.configuration.project.ConfigureActionsProjectEvaluator.evaluate(ConfigureActionsProjectEvaluator.java:34)
	at org.gradle.configuration.project.LifecycleProjectEvaluator.evaluate(LifecycleProjectEvaluator.java:59)
	at org.gradle.api.internal.project.AbstractProject.evaluate(AbstractProject.java:504)
	at org.gradle.api.internal.project.AbstractProject.evaluate(AbstractProject.java:83)
	at org.gradle.execution.TaskPathProjectEvaluator.configureHierarchy(TaskPathProjectEvaluator.java:42)
	at org.gradle.execution.TaskSelector.getSelection(TaskSelector.java:85)
	at org.gradle.execution.TaskSelector.getSelection(TaskSelector.java:76)
	at org.gradle.execution.commandline.CommandLineTaskParser.parseTasks(CommandLineTaskParser.java:42)
	at org.gradle.execution.TaskNameResolvingBuildConfigurationAction.configure(TaskNameResolvingBuildConfigurationAction.java:44)
	at org.gradle.execution.DefaultBuildExecuter.configure(DefaultBuildExecuter.java:42)
	at org.gradle.execution.DefaultBuildExecuter.access$100(DefaultBuildExecuter.java:23)
	at org.gradle.execution.DefaultBuildExecuter$1.proceed(DefaultBuildExecuter.java:48)
	at org.gradle.execution.ExcludedTaskFilteringBuildConfigurationAction.configure(ExcludedTaskFilteringBuildConfigurationAction.java:47)
	at org.gradle.execution.DefaultBuildExecuter.configure(DefaultBuildExecuter.java:42)
	at org.gradle.execution.DefaultBuildExecuter.access$100(DefaultBuildExecuter.java:23)
	at org.gradle.execution.DefaultBuildExecuter$1.proceed(DefaultBuildExecuter.java:48)
	at org.gradle.execution.DefaultTasksBuildExecutionAction.configure(DefaultTasksBuildExecutionAction.java:44)
	at org.gradle.execution.DefaultBuildExecuter.configure(DefaultBuildExecuter.java:42)
	at org.gradle.execution.DefaultBuildExecuter.select(DefaultBuildExecuter.java:35)
	at org.gradle.initialization.DefaultGradleLauncher.doBuildStages(DefaultGradleLauncher.java:142)
	at org.gradle.initialization.DefaultGradleLauncher.doBuild(DefaultGradleLauncher.java:106)
	at org.gradle.initialization.DefaultGradleLauncher.run(DefaultGradleLauncher.java:86)
	at org.gradle.launcher.exec.InProcessBuildActionExecuter$DefaultBuildController.run(InProcessBuildActionExecuter.java:80)
	at org.gradle.launcher.cli.ExecuteBuildAction.run(ExecuteBuildAction.java:33)
	at org.gradle.launcher.cli.ExecuteBuildAction.run(ExecuteBuildAction.java:24)
	at org.gradle.launcher.exec.InProcessBuildActionExecuter.execute(InProcessBuildActionExecuter.java:36)
	at org.gradle.launcher.exec.InProcessBuildActionExecuter.execute(InProcessBuildActionExecuter.java:26)
	at org.gradle.launcher.cli.RunBuildAction.run(RunBuildAction.java:51)
	at org.gradle.internal.Actions$RunnableActionAdapter.execute(Actions.java:171)
	at org.gradle.launcher.cli.CommandLineActionFactory$ParseAndBuildAction.execute(CommandLineActionFactory.java:237)
	at org.gradle.launcher.cli.CommandLineActionFactory$ParseAndBuildAction.execute(CommandLineActionFactory.java:210)
	at org.gradle.launcher.cli.JavaRuntimeValidationAction.execute(JavaRuntimeValidationAction.java:35)
	at org.gradle.launcher.cli.JavaRuntimeValidationAction.execute(JavaRuntimeValidationAction.java:24)
	at org.gradle.launcher.cli.CommandLineActionFactory$WithLogging.execute(CommandLineActionFactory.java:206)
	at org.gradle.launcher.cli.CommandLineActionFactory$WithLogging.execute(CommandLineActionFactory.java:169)
	at org.gradle.launcher.cli.ExceptionReportingAction.execute(ExceptionReportingAction.java:33)
	at org.gradle.launcher.cli.ExceptionReportingAction.execute(ExceptionReportingAction.java:22)
	at org.gradle.launcher.Main.doAction(Main.java:33)
	at org.gradle.launcher.bootstrap.EntryPoint.run(EntryPoint.java:45)
	at org.gradle.launcher.bootstrap.ProcessBootstrap.runNoExit(ProcessBootstrap.java:54)
	at org.gradle.launcher.bootstrap.ProcessBootstrap.run(ProcessBootstrap.java:35)
	at org.gradle.launcher.GradleMain.main(GradleMain.java:23)
	at org.gradle.wrapper.BootstrapMainStarter.start(BootstrapMainStarter.java:30)
	at org.gradle.wrapper.WrapperExecutor.execute(WrapperExecutor.java:127)
	at org.gradle.wrapper.GradleWrapperMain.main(GradleWrapperMain.java:58)
Caused by: org.gradle.api.internal.plugins.PluginApplicationException: Failed to apply plugin [id 'com.android.application']
	at org.gradle.api.internal.plugins.DefaultObjectConfigurationAction.applyPlugin(DefaultObjectConfigurationAction.java:117)
	at org.gradle.api.internal.plugins.DefaultObjectConfigurationAction.access$200(DefaultObjectConfigurationAction.java:36)
	at org.gradle.api.internal.plugins.DefaultObjectConfigurationAction$3.run(DefaultObjectConfigurationAction.java:80)
	at org.gradle.api.internal.plugins.DefaultObjectConfigurationAction.execute(DefaultObjectConfigurationAction.java:131)
	at org.gradle.api.internal.project.AbstractPluginAware.apply(AbstractPluginAware.java:37)
	at org.gradle.api.Project$apply$0.call(Unknown Source)
	at org.gradle.api.internal.project.ProjectScript.apply(ProjectScript.groovy:34)
	at org.gradle.api.Script$apply$0.callCurrent(Unknown Source)
	at build_mbcq97q2clswapdsub6t77zj.run(/tmp/rdisk/459/src/sample/build.gradle:1)
	at org.gradle.groovy.scripts.internal.DefaultScriptRunnerFactory$ScriptRunnerImpl.run(DefaultScriptRunnerFactory.java:52)
	... 48 more
Caused by: org.gradle.api.GradleException: Minimum supported Gradle version is 2.14.1. Current version is 2.2. If using the gradle wrapper, try editing the distributionUrl in /root/Documents/workspace/java/bloodhound/gradle/wrapper/gradle-wrapper.properties to gradle-2.14.1-all.zip
	at com.android.build.gradle.internal.ExtraModelInfo.handleIssue(ExtraModelInfo.java:119)
	at com.android.builder.core.ErrorReporter.handleSyncError(ErrorReporter.java:80)
	at com.android.build.gradle.BasePlugin.checkGradleVersion(BasePlugin.java:636)
	at com.android.build.gradle.BasePlugin.configureProject(BasePlugin.java:369)
	at com.android.build.gradle.BasePlugin$1.call(BasePlugin.java:338)
	at com.android.build.gradle.BasePlugin$1.call(BasePlugin.java:335)
	at com.android.builder.profile.ThreadRecorder.record(ThreadRecorder.java:156)
	at com.android.builder.profile.ThreadRecorder.record(ThreadRecorder.java:120)
	at com.android.build.gradle.BasePlugin.apply(BasePlugin.java:334)
	at com.android.build.gradle.AppPlugin.apply(AppPlugin.java:75)
	at com.android.build.gradle.AppPlugin.apply(AppPlugin.java:41)
	at org.gradle.api.internal.plugins.DefaultPluginContainer.providePlugin(DefaultPluginContainer.java:188)
	at org.gradle.api.internal.plugins.DefaultPluginContainer.addPluginInternal(DefaultPluginContainer.java:137)
	at org.gradle.api.internal.plugins.DefaultPluginContainer.apply(DefaultPluginContainer.java:103)
	at org.gradle.api.internal.plugins.DefaultObjectConfigurationAction.applyPlugin(DefaultObjectConfigurationAction.java:115)
	... 57 more


BUILD FAILED

Total time: 3.092 secs

2018-04-09 22:39:25,429 INFO  ProjectTaskService - Detecting possible tasks...
2018-04-09 22:39:25,429 INFO  SysUtils - Execute command: [/tmp/rdisk/459/src/gradlew, -b, /tmp/rdisk/459/src/build.gradle, -Dorg.gradle.daemon=false, -Dorg.gradle.daemon.performance.enable-monitoring=false, -Dorg.gradle.configureondemand=true, tasks]
2018-04-09 22:39:35,711 INFO  ProjectTaskService - Detected possible tasks: 92
2018-04-09 22:39:35,711 INFO  ProjectTaskService - Excluded tasks (20): lintDebug mockableAndroidJar deviceCheck lint testReleaseUnitTest javadoc uninstallRelease deviceAndroidTest uninstallDebugAndroidTest installDebugAndroidTest connectedCheck connectedDebugAndroidTest uninstallAll test check testDebugUnitTest connectedAndroidTest installDebug lintRelease uninstallDebug
2018-04-09 22:39:35,711 INFO  SysUtils - Execute command: [/tmp/rdisk/459/src/gradlew, -b, /tmp/rdisk/459/src/build.gradle, -Dorg.gradle.daemon=false, -Dorg.gradle.daemon.performance.enable-monitoring=false, -Dorg.gradle.configureondemand=true, --stacktrace, -x, lintDebug, -x, mockableAndroidJar, -x, deviceCheck, -x, lint, -x, testReleaseUnitTest, -x, javadoc, -x, uninstallRelease, -x, deviceAndroidTest, -x, uninstallDebugAndroidTest, -x, installDebugAndroidTest, -x, connectedCheck, -x, connectedDebugAndroidTest, -x, uninstallAll, -x, test, -x, check, -x, testDebugUnitTest, -x, connectedAndroidTest, -x, installDebug, -x, lintRelease, -x, uninstallDebug, build]
2018-04-09 22:39:56,670 INFO  SysUtils - Configuration on demand is an incubating feature.
Incremental java compilation is an incubating feature.
The TaskInputs.source(Object) method has been deprecated and is scheduled to be removed in Gradle 4.0. Please use TaskInputs.file(Object).skipWhenEmpty() instead.
:robospock:compileJavaNote: /tmp/rdisk/459/src/robospock/src/main/java/org/robospock/internal/RoboSpockInterceptor.java uses unchecked or unsafe operations.
Note: Recompile with -Xlint:unchecked for details.

:robospock:compileGroovy
:robospock:processResources UP-TO-DATE
:robospock:classes
:robospock:jar
:robospock:javadocJar
:robospock:sourcesJar
:robospock:signArchives SKIPPED
:robospock:assemble
:robospock:build
:sample:preBuild UP-TO-DATE
:sample:preDebugBuild UP-TO-DATE
:sample:checkDebugManifest
:sample:prepareDebugDependencies
:sample:compileDebugAidl
:sample:compileDebugRenderscript
:sample:generateDebugBuildConfig
:sample:generateDebugResValues
:sample:generateDebugResources
:sample:mergeDebugResources
:sample:processDebugManifest
:sample:processDebugResources
:sample:generateDebugSources
:sample:incrementalDebugJavaCompilationSafeguard
:sample:compileDebugJavaWithJavac
:sample:compileDebugJavaWithJavac - is not incremental (e.g. outputs have changed, no previous execution, etc.).
Note: Some input files use or override a deprecated API.
Note: Recompile with -Xlint:deprecation for details.
:sample:compileDebugGroovyWithGroovycwarning: [options] bootstrap class path not set in conjunction with -source 1.7
Note: Some input files use or override a deprecated API.
Note: Recompile with -Xlint:deprecation for details.
1 warning

:sample:compileDebugNdk UP-TO-DATE
:sample:compileDebugSources
:sample:mergeDebugShaders
:sample:compileDebugShaders
:sample:generateDebugAssets
:sample:mergeDebugAssets
:sample:transformClassesWithDexForDebugwarning: Ignoring InnerClasses attribute for an anonymous inner class
(net.sf.cglib.beans.BeanMapEmitter$1) that doesn't come with an
associated EnclosingMethod attribute. This class was probably produced by a
compiler that did not target the modern .class file format. The recommended
solution is to recompile the class from source, using an up-to-date compiler
and without specifying any "-target" type options. The consequence of ignoring
this warning is that reflective operations on this class will incorrectly
indicate that it is *not* an inner class.
warning: Ignoring InnerClasses attribute for an anonymous inner class
(net.sf.cglib.beans.BeanMapEmitter$2) that doesn't come with an
associated EnclosingMethod attribute. This class was probably produced by a
compiler that did not target the modern .class file format. The recommended
solution is to recompile the class from source, using an up-to-date compiler
and without specifying any "-target" type options. The consequence of ignoring
this warning is that reflective operations on this class will incorrectly
indicate that it is *not* an inner class.
warning: Ignoring InnerClasses attribute for an anonymous inner class
(net.sf.cglib.beans.BeanMapEmitter$3) that doesn't come with an
associated EnclosingMethod attribute. This class was probably produced by a
compiler that did not target the modern .class file format. The recommended
solution is to recompile the class from source, using an up-to-date compiler
and without specifying any "-target" type options. The consequence of ignoring
this warning is that reflective operations on this class will incorrectly
indicate that it is *not* an inner class.
warning: Ignoring InnerClasses attribute for an anonymous inner class
(net.sf.cglib.core.AbstractClassGenerator$1) that doesn't come with an
associated EnclosingMethod attribute. This class was probably produced by a
compiler that did not target the modern .class file format. The recommended
solution is to recompile the class from source, using an up-to-date compiler
and without specifying any "-target" type options. The consequence of ignoring
this warning is that reflective operations on this class will incorrectly
indicate that it is *not* an inner class.
warning: Ignoring InnerClasses attribute for an anonymous inner class
(net.sf.cglib.core.ClassEmitter$1) that doesn't come with an
associated EnclosingMethod attribute. This class was probably produced by a
compiler that did not target the modern .class file format. The recommended
solution is to recompile the class from source, using an up-to-date compiler
and without specifying any "-target" type options. The consequence of ignoring
this warning is that reflective operations on this class will incorrectly
indicate that it is *not* an inner class.
warning: Ignoring InnerClasses attribute for an anonymous inner class
(net.sf.cglib.core.ClassEmitter$2) that doesn't come with an
associated EnclosingMethod attribute. This class was probably produced by a
compiler that did not target the modern .class file format. The recommended
solution is to recompile the class from source, using an up-to-date compiler
and without specifying any "-target" type options. The consequence of ignoring
this warning is that reflective operations on this class will incorrectly
indicate that it is *not* an inner class.
warning: Ignoring InnerClasses attribute for an anonymous inner class
(net.sf.cglib.core.ClassEmitter$3) that doesn't come with an
associated EnclosingMethod attribute. This class was probably produced by a
compiler that did not target the modern .class file format. The recommended
solution is to recompile the class from source, using an up-to-date compiler
and without specifying any "-target" type options. The consequence of ignoring
this warning is that reflective operations on this class will incorrectly
indicate that it is *not* an inner class.
warning: Ignoring InnerClasses attribute for an anonymous inner class
(net.sf.cglib.core.ClassNameReader$1) that doesn't come with an
associated EnclosingMethod attribute. This class was probably produced by a
compiler that did not target the modern .class file format. The recommended
solution is to recompile the class from source, using an up-to-date compiler
and without specifying any "-target" type options. The consequence of ignoring
this warning is that reflective operations on this class will incorrectly
indicate that it is *not* an inner class.
warning: Ignoring InnerClasses attribute for an anonymous inner class
(net.sf.cglib.core.DebuggingClassWriter$1) that doesn't come with an
associated EnclosingMethod attribute. This class was probably produced by a
compiler that did not target the modern .class file format. The recommended
solution is to recompile the class from source, using an up-to-date compiler
and without specifying any "-target" type options. The consequence of ignoring
this warning is that reflective operations on this class will incorrectly
indicate that it is *not* an inner class.
warning: Ignoring InnerClasses attribute for an anonymous inner class
(net.sf.cglib.core.EmitUtils$16) that doesn't come with an
associated EnclosingMethod attribute. This class was probably produced by a
compiler that did not target the modern .class file format. The recommended
solution is to recompile the class from source, using an up-to-date compiler
and without specifying any "-target" type options. The consequence of ignoring
this warning is that reflective operations on this class will incorrectly
indicate that it is *not* an inner class.
warning: Ignoring InnerClasses attribute for an anonymous inner class
(net.sf.cglib.core.EmitUtils$3) that doesn't come with an
associated EnclosingMethod attribute. This class was probably produced by a
compiler that did not target the modern .class file format. The recommended
solution is to recompile the class from source, using an up-to-date compiler
and without specifying any "-target" type options. The consequence of ignoring
this warning is that reflective operations on this class will incorrectly
indicate that it is *not* an inner class.
warning: Ignoring InnerClasses attribute for an anonymous inner class
(net.sf.cglib.core.EmitUtils$4) that doesn't come with an
associated EnclosingMethod attribute. This class was probably produced by a
compiler that did not target the modern .class file format. The recommended
solution is to recompile the class from source, using an up-to-date compiler
and without specifying any "-target" type options. The consequence of ignoring
this warning is that reflective operations on this class will incorrectly
indicate that it is *not* an inner class.
warning: Ignoring InnerClasses attribute for an anonymous inner class
(net.sf.cglib.core.EmitUtils$5) that doesn't come with an
associated EnclosingMethod attribute. This class was probably produced by a
compiler that did not target the modern .class file format. The recommended
solution is to recompile the class from source, using an up-to-date compiler
and without specifying any "-target" type options. The consequence of ignoring
this warning is that reflective operations on this class will incorrectly
indicate that it is *not* an inner class.
warning: Ignoring InnerClasses attribute for an anonymous inner class
(net.sf.cglib.core.EmitUtils$1) that doesn't come with an
associated EnclosingMethod attribute. This class was probably produced by a
compiler that did not target the modern .class file format. The recommended
solution is to recompile the class from source, using an up-to-date compiler
and without specifying any "-target" type options. The consequence of ignoring
this warning is that reflective operations on this class will incorrectly
indicate that it is *not* an inner class.
warning: Ignoring InnerClasses attribute for an anonymous inner class
(net.sf.cglib.core.EmitUtils$10) that doesn't come with an
associated EnclosingMethod attribute. This class was probably produced by a
compiler that did not target the modern .class file format. The recommended
solution is to recompile the class from source, using an up-to-date compiler
and without specifying any "-target" type options. The consequence of ignoring
this warning is that reflective operations on this class will incorrectly
indicate that it is *not* an inner class.
warning: Ignoring InnerClasses attribute for an anonymous inner class
(net.sf.cglib.core.EmitUtils$11) that doesn't come with an
associated EnclosingMethod attribute. This class was probably produced by a
compiler that did not target the modern .class file format. The recommended
solution is to recompile the class from source, using an up-to-date compiler
and without specifying any "-target" type options. The consequence of ignoring
this warning is that reflective operations on this class will incorrectly
indicate that it is *not* an inner class.
warning: Ignoring InnerClasses attribute for an anonymous inner class
(net.sf.cglib.core.EmitUtils$12) that doesn't come with an
associated EnclosingMethod attribute. This class was probably produced by a
compiler that did not target the modern .class file format. The recommended
solution is to recompile the class from source, using an up-to-date compiler
and without specifying any "-target" type options. The consequence of ignoring
this warning is that reflective operations on this class will incorrectly
indicate that it is *not* an inner class.
warning: Ignoring InnerClasses attribute for an anonymous inner class
(net.sf.cglib.core.EmitUtils$13) that doesn't come with an
associated EnclosingMethod attribute. This class was probably produced by a
compiler that did not target the modern .class file format. The recommended
solution is to recompile the class from source, using an up-to-date compiler
and without specifying any "-target" type options. The consequence of ignoring
this warning is that reflective operations on this class will incorrectly
indicate that it is *not* an inner class.
warning: Ignoring InnerClasses attribute for an anonymous inner class
(net.sf.cglib.core.EmitUtils$14) that doesn't come with an
associated EnclosingMethod attribute. This class was probably produced by a
compiler that did not target the modern .class file format. The recommended
solution is to recompile the class from source, using an up-to-date compiler
and without specifying any "-target" type options. The consequence of ignoring
this warning is that reflective operations on this class will incorrectly
indicate that it is *not* an inner class.
warning: Ignoring InnerClasses attribute for an anonymous inner class
(net.sf.cglib.core.EmitUtils$15) that doesn't come with an
associated EnclosingMethod attribute. This class was probably produced by a
compiler that did not target the modern .class file format. The recommended
solution is to recompile the class from source, using an up-to-date compiler
and without specifying any "-target" type options. The consequence of ignoring
this warning is that reflective operations on this class will incorrectly
indicate that it is *not* an inner class.
warning: Ignoring InnerClasses attribute for an anonymous inner class
(net.sf.cglib.core.EmitUtils$2) that doesn't come with an
associated EnclosingMethod attribute. This class was probably produced by a
compiler that did not target the modern .class file format. The recommended
solution is to recompile the class from source, using an up-to-date compiler
and without specifying any "-target" type options. The consequence of ignoring
this warning is that reflective operations on this class will incorrectly
indicate that it is *not* an inner class.
warning: Ignoring InnerClasses attribute for an anonymous inner class
(net.sf.cglib.core.EmitUtils$6) that doesn't come with an
associated EnclosingMethod attribute. This class was probably produced by a
compiler that did not target the modern .class file format. The recommended
solution is to recompile the class from source, using an up-to-date compiler
and without specifying any "-target" type options. The consequence of ignoring
this warning is that reflective operations on this class will incorrectly
indicate that it is *not* an inner class.
warning: Ignoring InnerClasses attribute for an anonymous inner class
(net.sf.cglib.core.EmitUtils$7) that doesn't come with an
associated EnclosingMethod attribute. This class was probably produced by a
compiler that did not target the modern .class file format. The recommended
solution is to recompile the class from source, using an up-to-date compiler
and without specifying any "-target" type options. The consequence of ignoring
this warning is that reflective operations on this class will incorrectly
indicate that it is *not* an inner class.
warning: Ignoring InnerClasses attribute for an anonymous inner class
(net.sf.cglib.core.EmitUtils$8) that doesn't come with an
associated EnclosingMethod attribute. This class was probably produced by a
compiler that did not target the modern .class file format. The recommended
solution is to recompile the class from source, using an up-to-date compiler
and without specifying any "-target" type options. The consequence of ignoring
this warning is that reflective operations on this class will incorrectly
indicate that it is *not* an inner class.
warning: Ignoring InnerClasses attribute for an anonymous inner class
(net.sf.cglib.core.EmitUtils$9) that doesn't come with an
associated EnclosingMethod attribute. This class was probably produced by a
compiler that did not target the modern .class file format. The recommended
solution is to recompile the class from source, using an up-to-date compiler
and without specifying any "-target" type options. The consequence of ignoring
this warning is that reflective operations on this class will incorrectly
indicate that it is *not* an inner class.
warning: Ignoring InnerClasses attribute for an anonymous inner class
(net.sf.cglib.core.KeyFactory$1) that doesn't come with an
associated EnclosingMethod attribute. This class was probably produced by a
compiler that did not target the modern .class file format. The recommended
solution is to recompile the class from source, using an up-to-date compiler
and without specifying any "-target" type options. The consequence of ignoring
this warning is that reflective operations on this class will incorrectly
indicate that it is *not* an inner class.
warning: Ignoring InnerClasses attribute for an anonymous inner class
(net.sf.cglib.core.KeyFactory$2) that doesn't come with an
associated EnclosingMethod attribute. This class was probably produced by a
compiler that did not target the modern .class file format. The recommended
solution is to recompile the class from source, using an up-to-date compiler
and without specifying any "-target" type options. The consequence of ignoring
this warning is that reflective operations on this class will incorrectly
indicate that it is *not* an inner class.
warning: Ignoring InnerClasses attribute for an anonymous inner class
(net.sf.cglib.core.ReflectUtils$3) that doesn't come with an
associated EnclosingMethod attribute. This class was probably produced by a
compiler that did not target the modern .class file format. The recommended
solution is to recompile the class from source, using an up-to-date compiler
and without specifying any "-target" type options. The consequence of ignoring
this warning is that reflective operations on this class will incorrectly
indicate that it is *not* an inner class.
warning: Ignoring InnerClasses attribute for an anonymous inner class
(net.sf.cglib.core.ReflectUtils$1) that doesn't come with an
associated EnclosingMethod attribute. This class was probably produced by a
compiler that did not target the modern .class file format. The recommended
solution is to recompile the class from source, using an up-to-date compiler
and without specifying any "-target" type options. The consequence of ignoring
this warning is that reflective operations on this class will incorrectly
indicate that it is *not* an inner class.
warning: Ignoring InnerClasses attribute for an anonymous inner class
(net.sf.cglib.core.ReflectUtils$2) that doesn't come with an
associated EnclosingMethod attribute. This class was probably produced by a
compiler that did not target the modern .class file format. The recommended
solution is to recompile the class from source, using an up-to-date compiler
and without specifying any "-target" type options. The consequence of ignoring
this warning is that reflective operations on this class will incorrectly
indicate that it is *not* an inner class.
warning: Ignoring InnerClasses attribute for an anonymous inner class
(net.sf.cglib.core.ReflectUtils$4) that doesn't come with an
associated EnclosingMethod attribute. This class was probably produced by a
compiler that did not target the modern .class file format. The recommended
solution is to recompile the class from source, using an up-to-date compiler
and without specifying any "-target" type options. The consequence of ignoring
this warning is that reflective operations on this class will incorrectly
indicate that it is *not* an inner class.
warning: Ignoring InnerClasses attribute for an anonymous inner class
(net.sf.cglib.proxy.Enhancer$1) that doesn't come with an
associated EnclosingMethod attribute. This class was probably produced by a
compiler that did not target the modern .class file format. The recommended
solution is to recompile the class from source, using an up-to-date compiler
and without specifying any "-target" type options. The consequence of ignoring
this warning is that reflective operations on this class will incorrectly
indicate that it is *not* an inner class.
warning: Ignoring InnerClasses attribute for an anonymous inner class
(net.sf.cglib.proxy.Enhancer$2) that doesn't come with an
associated EnclosingMethod attribute. This class was probably produced by a
compiler that did not target the modern .class file format. The recommended
solution is to recompile the class from source, using an up-to-date compiler
and without specifying any "-target" type options. The consequence of ignoring
this warning is that reflective operations on this class will incorrectly
indicate that it is *not* an inner class.
warning: Ignoring InnerClasses attribute for an anonymous inner class
(net.sf.cglib.proxy.Enhancer$3) that doesn't come with an
associated EnclosingMethod attribute. This class was probably produced by a
compiler that did not target the modern .class file format. The recommended
solution is to recompile the class from source, using an up-to-date compiler
and without specifying any "-target" type options. The consequence of ignoring
this warning is that reflective operations on this class will incorrectly
indicate that it is *not* an inner class.
warning: Ignoring InnerClasses attribute for an anonymous inner class
(net.sf.cglib.proxy.Enhancer$4) that doesn't come with an
associated EnclosingMethod attribute. This class was probably produced by a
compiler that did not target the modern .class file format. The recommended
solution is to recompile the class from source, using an up-to-date compiler
and without specifying any "-target" type options. The consequence of ignoring
this warning is that reflective operations on this class will incorrectly
indicate that it is *not* an inner class.
warning: Ignoring InnerClasses attribute for an anonymous inner class
(net.sf.cglib.proxy.Enhancer$5) that doesn't come with an
associated EnclosingMethod attribute. This class was probably produced by a
compiler that did not target the modern .class file format. The recommended
solution is to recompile the class from source, using an up-to-date compiler
and without specifying any "-target" type options. The consequence of ignoring
this warning is that reflective operations on this class will incorrectly
indicate that it is *not* an inner class.
warning: Ignoring InnerClasses attribute for an anonymous inner class
(net.sf.cglib.proxy.Enhancer$6) that doesn't come with an
associated EnclosingMethod attribute. This class was probably produced by a
compiler that did not target the modern .class file format. The recommended
solution is to recompile the class from source, using an up-to-date compiler
and without specifying any "-target" type options. The consequence of ignoring
this warning is that reflective operations on this class will incorrectly
indicate that it is *not* an inner class.
warning: Ignoring InnerClasses attribute for an anonymous inner class
(net.sf.cglib.proxy.MethodInterceptorGenerator$1) that doesn't come with an
associated EnclosingMethod attribute. This class was probably produced by a
compiler that did not target the modern .class file format. The recommended
solution is to recompile the class from source, using an up-to-date compiler
and without specifying any "-target" type options. The consequence of ignoring
this warning is that reflective operations on this class will incorrectly
indicate that it is *not* an inner class.
warning: Ignoring InnerClasses attribute for an anonymous inner class
(net.sf.cglib.proxy.MethodInterceptorGenerator$2) that doesn't come with an
associated EnclosingMethod attribute. This class was probably produced by a
compiler that did not target the modern .class file format. The recommended
solution is to recompile the class from source, using an up-to-date compiler
and without specifying any "-target" type options. The consequence of ignoring
this warning is that reflective operations on this class will incorrectly
indicate that it is *not* an inner class.
warning: Ignoring InnerClasses attribute for an anonymous inner class
(net.sf.cglib.proxy.NoOp$1) that doesn't come with an
associated EnclosingMethod attribute. This class was probably produced by a
compiler that did not target the modern .class file format. The recommended
solution is to recompile the class from source, using an up-to-date compiler
and without specifying any "-target" type options. The consequence of ignoring
this warning is that reflective operations on this class will incorrectly
indicate that it is *not* an inner class.
warning: Ignoring InnerClasses attribute for an anonymous inner class
(net.sf.cglib.proxy.Proxy$1) that doesn't come with an
associated EnclosingMethod attribute. This class was probably produced by a
compiler that did not target the modern .class file format. The recommended
solution is to recompile the class from source, using an up-to-date compiler
and without specifying any "-target" type options. The consequence of ignoring
this warning is that reflective operations on this class will incorrectly
indicate that it is *not* an inner class.
warning: Ignoring InnerClasses attribute for an anonymous inner class
(net.sf.cglib.reflect.FastClassEmitter$1) that doesn't come with an
associated EnclosingMethod attribute. This class was probably produced by a
compiler that did not target the modern .class file format. The recommended
solution is to recompile the class from source, using an up-to-date compiler
and without specifying any "-target" type options. The consequence of ignoring
this warning is that reflective operations on this class will incorrectly
indicate that it is *not* an inner class.
warning: Ignoring InnerClasses attribute for an anonymous inner class
(net.sf.cglib.reflect.FastClassEmitter$2) that doesn't come with an
associated EnclosingMethod attribute. This class was probably produced by a
compiler that did not target the modern .class file format. The recommended
solution is to recompile the class from source, using an up-to-date compiler
and without specifying any "-target" type options. The consequence of ignoring
this warning is that reflective operations on this class will incorrectly
indicate that it is *not* an inner class.
warning: Ignoring InnerClasses attribute for an anonymous inner class
(net.sf.cglib.reflect.FastClassEmitter$3) that doesn't come with an
associated EnclosingMethod attribute. This class was probably produced by a
compiler that did not target the modern .class file format. The recommended
solution is to recompile the class from source, using an up-to-date compiler
and without specifying any "-target" type options. The consequence of ignoring
this warning is that reflective operations on this class will incorrectly
indicate that it is *not* an inner class.
warning: Ignoring InnerClasses attribute for an anonymous inner class
(net.sf.cglib.reflect.FastClassEmitter$4) that doesn't come with an
associated EnclosingMethod attribute. This class was probably produced by a
compiler that did not target the modern .class file format. The recommended
solution is to recompile the class from source, using an up-to-date compiler
and without specifying any "-target" type options. The consequence of ignoring
this warning is that reflective operations on this class will incorrectly
indicate that it is *not* an inner class.
warning: Ignoring InnerClasses attribute for an anonymous inner class
(net.sf.cglib.transform.AbstractClassLoader$1) that doesn't come with an
associated EnclosingMethod attribute. This class was probably produced by a
compiler that did not target the modern .class file format. The recommended
solution is to recompile the class from source, using an up-to-date compiler
and without specifying any "-target" type options. The consequence of ignoring
this warning is that reflective operations on this class will incorrectly
indicate that it is *not* an inner class.
warning: Ignoring InnerClasses attribute for an anonymous inner class
(net.sf.cglib.reflect.MulticastDelegate$Generator$1) that doesn't come with an
associated EnclosingMethod attribute. This class was probably produced by a
compiler that did not target the modern .class file format. The recommended
solution is to recompile the class from source, using an up-to-date compiler
and without specifying any "-target" type options. The consequence of ignoring
this warning is that reflective operations on this class will incorrectly
indicate that it is *not* an inner class.
warning: Ignoring InnerClasses attribute for an anonymous inner class
(net.sf.cglib.transform.impl.AddDelegateTransformer$1) that doesn't come with an
associated EnclosingMethod attribute. This class was probably produced by a
compiler that did not target the modern .class file format. The recommended
solution is to recompile the class from source, using an up-to-date compiler
and without specifying any "-target" type options. The consequence of ignoring
this warning is that reflective operations on this class will incorrectly
indicate that it is *not* an inner class.
warning: Ignoring InnerClasses attribute for an anonymous inner class
(net.sf.cglib.transform.impl.AddInitTransformer$1) that doesn't come with an
associated EnclosingMethod attribute. This class was probably produced by a
compiler that did not target the modern .class file format. The recommended
solution is to recompile the class from source, using an up-to-date compiler
and without specifying any "-target" type options. The consequence of ignoring
this warning is that reflective operations on this class will incorrectly
indicate that it is *not* an inner class.
warning: Ignoring InnerClasses attribute for an anonymous inner class
(net.sf.cglib.transform.impl.FieldProviderTransformer$1) that doesn't come with an
associated EnclosingMethod attribute. This class was probably produced by a
compiler that did not target the modern .class file format. The recommended
solution is to recompile the class from source, using an up-to-date compiler
and without specifying any "-target" type options. The consequence of ignoring
this warning is that reflective operations on this class will incorrectly
indicate that it is *not* an inner class.
warning: Ignoring InnerClasses attribute for an anonymous inner class
(net.sf.cglib.transform.impl.FieldProviderTransformer$2) that doesn't come with an
associated EnclosingMethod attribute. This class was probably produced by a
compiler that did not target the modern .class file format. The recommended
solution is to recompile the class from source, using an up-to-date compiler
and without specifying any "-target" type options. The consequence of ignoring
this warning is that reflective operations on this class will incorrectly
indicate that it is *not* an inner class.
warning: Ignoring InnerClasses attribute for an anonymous inner class
(net.sf.cglib.transform.impl.FieldProviderTransformer$3) that doesn't come with an
associated EnclosingMethod attribute. This class was probably produced by a
compiler that did not target the modern .class file format. The recommended
solution is to recompile the class from source, using an up-to-date compiler
and without specifying any "-target" type options. The consequence of ignoring
this warning is that reflective operations on this class will incorrectly
indicate that it is *not* an inner class.
warning: Ignoring InnerClasses attribute for an anonymous inner class
(net.sf.cglib.transform.impl.FieldProviderTransformer$4) that doesn't come with an
associated EnclosingMethod attribute. This class was probably produced by a
compiler that did not target the modern .class file format. The recommended
solution is to recompile the class from source, using an up-to-date compiler
and without specifying any "-target" type options. The consequence of ignoring
this warning is that reflective operations on this class will incorrectly
indicate that it is *not* an inner class.
warning: Ignoring InnerClasses attribute for an anonymous inner class
(net.sf.cglib.transform.impl.InterceptFieldTransformer$1) that doesn't come with an
associated EnclosingMethod attribute. This class was probably produced by a
compiler that did not target the modern .class file format. The recommended
solution is to recompile the class from source, using an up-to-date compiler
and without specifying any "-target" type options. The consequence of ignoring
this warning is that reflective operations on this class will incorrectly
indicate that it is *not* an inner class.
warning: Ignoring InnerClasses attribute for an anonymous inner class
(net.sf.cglib.transform.impl.UndeclaredThrowableStrategy$1) that doesn't come with an
associated EnclosingMethod attribute. This class was probably produced by a
compiler that did not target the modern .class file format. The recommended
solution is to recompile the class from source, using an up-to-date compiler
and without specifying any "-target" type options. The consequence of ignoring
this warning is that reflective operations on this class will incorrectly
indicate that it is *not* an inner class.
warning: Ignoring InnerClasses attribute for an anonymous inner class
(net.sf.cglib.transform.impl.UndeclaredThrowableTransformer$1) that doesn't come with an
associated EnclosingMethod attribute. This class was probably produced by a
compiler that did not target the modern .class file format. The recommended
solution is to recompile the class from source, using an up-to-date compiler
and without specifying any "-target" type options. The consequence of ignoring
this warning is that reflective operations on this class will incorrectly
indicate that it is *not* an inner class.
warning: Ignoring InnerClasses attribute for an anonymous inner class
(net.sf.cglib.util.StringSwitcher$Generator$1) that doesn't come with an
associated EnclosingMethod attribute. This class was probably produced by a
compiler that did not target the modern .class file format. The recommended
solution is to recompile the class from source, using an up-to-date compiler
and without specifying any "-target" type options. The consequence of ignoring
this warning is that reflective operations on this class will incorrectly
indicate that it is *not* an inner class.

:sample:mergeDebugJniLibFolders
:sample:transformNative_libsWithMergeJniLibsForDebug
:sample:processDebugJavaRes UP-TO-DATE
:sample:transformResourcesWithMergeJavaResForDebug
:sample:validateSigningDebug
:sample:packageDebug
:sample:assembleDebug
:sample:preReleaseBuild UP-TO-DATE
:sample:checkReleaseManifest
:sample:prepareReleaseDependencies
:sample:compileReleaseAidl
:sample:compileReleaseRenderscript
:sample:generateReleaseBuildConfig
:sample:generateReleaseResValues
:sample:generateReleaseResources
:sample:mergeReleaseResources
:sample:processReleaseManifest
:sample:processReleaseResources
:sample:generateReleaseSources
:sample:incrementalReleaseJavaCompilationSafeguard
:sample:compileReleaseJavaWithJavac
:sample:compileReleaseJavaWithJavac - is not incremental (e.g. outputs have changed, no previous execution, etc.).
Note: Some input files use or override a deprecated API.
Note: Recompile with -Xlint:deprecation for details.
:sample:compileReleaseGroovyWithGroovycwarning: [options] bootstrap class path not set in conjunction with -source 1.7
Note: Some input files use or override a deprecated API.
Note: Recompile with -Xlint:deprecation for details.
1 warning

:sample:compileReleaseNdk UP-TO-DATE
:sample:compileReleaseSources
:sample:lintVitalRelease
:sample:mergeReleaseShaders
:sample:compileReleaseShaders
:sample:generateReleaseAssets
:sample:mergeReleaseAssets
:sample:transformClassesWithDexForRelease
:sample:mergeReleaseJniLibFolders
:sample:transformNative_libsWithMergeJniLibsForRelease
:sample:processReleaseJavaRes UP-TO-DATE
:sample:transformResourcesWithMergeJavaResForRelease
:sample:packageRelease
:sample:assembleRelease
:sample:assemble
:sample:build

BUILD SUCCESSFUL

Total time: 20.634 secs

2018-04-09 22:39:56,683 INFO  FullProcessService - Found APK file: /tmp/rdisk/459/src/sample/build/outputs/apk/sample-release-unsigned.apk
