2018-04-10 11:33:34,859 INFO  DownloadService - Downloading "https://github.com/fmetzger/android-sensorium/archive/master.zip", attempt 3
2018-04-10 11:34:35,294 INFO  GithubDownloadService - Could not find ZIP archive for master branch
2018-04-10 11:34:35,975 INFO  GithubDownloadService - Default branch of this repository: master
2018-04-10 11:34:35,976 INFO  DownloadService - Downloading "https://github.com/fmetzger/android-sensorium/archive/master.zip", attempt 3
2018-04-10 11:35:37,245 DEBUG FullProcessService - Repository https://github.com/fmetzger/android-sensorium available: true
2018-04-10 11:35:37,245 INFO  FullProcessService - Could not download ZIP file from Github, lets clone it
2018-04-10 11:35:37,245 INFO  SysUtils - Execute command: [git, clone, -q, --single-branch, --depth, 1, https://github.com/fmetzger/android-sensorium, /tmp/rdisk/418/src]
2018-04-10 11:35:46,459 INFO  SysUtils - 
2018-04-10 11:35:46,464 INFO  GitService - Deleted "/tmp/rdisk/418/src/.git": true
2018-04-10 11:35:46,467 INFO  FullProcessService - Size of directory with sources: 2 MB
2018-04-10 11:35:46,467 INFO  SysUtils - Execute command: [git, init, /tmp/rdisk/418/src]
2018-04-10 11:35:46,474 INFO  SysUtils - Initialized empty Git repository in /tmp/rdisk/418/src/.git/

2018-04-10 11:35:46,476 INFO  ProjectBuildService - Gradle wrapper(s): none
2018-04-10 11:35:46,476 ERROR ProjectBuildService - Could not detect Gradle wrapper. Default Gradle installation will be used
2018-04-10 11:35:46,479 INFO  ProjectBuildService - Build script(s): /tmp/rdisk/418/src/Sensorium/build.gradle
2018-04-10 11:35:46,481 INFO  ProjectBuildService - All script(s): /tmp/rdisk/418/src/Sensorium/build.gradle
2018-04-10 11:35:46,481 INFO  ProjectBuildService - Remote scripts: none
2018-04-10 11:35:46,481 INFO  ProjectFixService - Fixing project...
2018-04-10 11:35:46,487 INFO  LocalPropertiesFixService - Created fake /tmp/rdisk/418/src/Sensorium/local.properties
2018-04-10 11:35:46,487 INFO  ProjectFixService - Build info for "/tmp/rdisk/418/src/Sensorium/build.gradle": [buildToolsVersion=25.0.0,compileSdkVersion=19,minSdkVersion=<null>,targetSdkVersion=<null>]
2018-04-10 11:35:46,487 INFO  ProjectFixService - Fixed build info for "/tmp/rdisk/418/src/Sensorium/build.gradle": [buildToolsVersion=25.0.0,compileSdkVersion=19,minSdkVersion=27,targetSdkVersion=27]
2018-04-10 11:35:46,488 INFO  ProjectFixService - Project was maybe fixed
2018-04-10 11:35:46,488 INFO  ProjectTaskService - Detecting possible tasks...
2018-04-10 11:35:46,488 INFO  SysUtils - Execute command: [gradle, -b, /tmp/rdisk/418/src/Sensorium/build.gradle, -Dorg.gradle.daemon=false, -Dorg.gradle.daemon.performance.enable-monitoring=false, -Dorg.gradle.configureondemand=true, tasks]
2018-04-10 11:35:53,621 INFO  ProjectTaskService - Detected possible tasks: 68
2018-04-10 11:35:53,622 INFO  ProjectTaskService - Excluded tasks (19): lintDebug mockableAndroidJar deviceCheck lint testReleaseUnitTest uninstallRelease deviceAndroidTest uninstallDebugAndroidTest installDebugAndroidTest connectedCheck connectedDebugAndroidTest uninstallAll test check testDebugUnitTest connectedAndroidTest installDebug lintRelease uninstallDebug
2018-04-10 11:35:53,622 INFO  SysUtils - Execute command: [gradle, -b, /tmp/rdisk/418/src/Sensorium/build.gradle, -Dorg.gradle.daemon=false, -Dorg.gradle.daemon.performance.enable-monitoring=false, -Dorg.gradle.configureondemand=true, --stacktrace, -x, lintDebug, -x, mockableAndroidJar, -x, deviceCheck, -x, lint, -x, testReleaseUnitTest, -x, uninstallRelease, -x, deviceAndroidTest, -x, uninstallDebugAndroidTest, -x, installDebugAndroidTest, -x, connectedCheck, -x, connectedDebugAndroidTest, -x, uninstallAll, -x, test, -x, check, -x, testDebugUnitTest, -x, connectedAndroidTest, -x, installDebug, -x, lintRelease, -x, uninstallDebug, build]
2018-04-10 11:36:13,504 ERROR SysUtils - Could not process external command
org.apache.commons.exec.ExecuteException: Process exited with an error: 1 (Exit value: 1)
	at org.apache.commons.exec.DefaultExecutor.executeInternal(DefaultExecutor.java:404)
	at org.apache.commons.exec.DefaultExecutor.execute(DefaultExecutor.java:166)
	at com.github.vbauer.apkmaster.util.SysUtils.execute(SysUtils.java:67)
	at com.github.vbauer.apkmaster.util.SysUtils.executeSimple(SysUtils.java:43)
	at com.github.vbauer.apkmaster.service.assembly.ProjectBuildService.buildProject(ProjectBuildService.java:78)
	at com.github.vbauer.apkmaster.service.assembly.ProjectBuildService.buildProject(ProjectBuildService.java:64)
	at com.github.vbauer.apkmaster.service.assembly.ProjectBuildService.buildProject(ProjectBuildService.java:43)
	at com.github.vbauer.apkmaster.service.FullProcessService.build(FullProcessService.java:84)
	at com.github.vbauer.apkmaster.service.FullProcessService.process(FullProcessService.java:34)
	at com.github.vbauer.apkmaster.app.MainApplication.process(MainApplication.java:38)
	at com.github.vbauer.apkmaster.app.MainApplication.main(MainApplication.java:20)
	at sun.reflect.GeneratedMethodAccessor8.invoke(Unknown Source)
	at sun.reflect.DelegatingMethodAccessorImpl.invoke(DelegatingMethodAccessorImpl.java:43)
	at java.lang.reflect.Method.invoke(Method.java:498)
	at com.android.arsenal.util.ReflectionUtils.invoke(ReflectionUtils.java:42)
	at com.android.arsenal.util.ApkMasterUtils.main(ApkMasterUtils.java:30)
	at com.android.arsenal.service.processor.impl.BuildProcessorServiceImpl.buildProject(BuildProcessorServiceImpl.java:197)
	at com.android.arsenal.service.processor.impl.BuildProcessorServiceImpl.build(BuildProcessorServiceImpl.java:131)
	at com.android.arsenal.service.processor.impl.BuildProcessorServiceImpl.lambda$null$1(BuildProcessorServiceImpl.java:114)
	at java.util.concurrent.FutureTask.run(FutureTask.java:266)
	at java.util.concurrent.Executors$RunnableAdapter.call(Executors.java:511)
	at java.util.concurrent.FutureTask.run(FutureTask.java:266)
	at java.util.concurrent.ThreadPoolExecutor.runWorker(ThreadPoolExecutor.java:1149)
	at java.util.concurrent.ThreadPoolExecutor$Worker.run(ThreadPoolExecutor.java:624)
	at java.lang.Thread.run(Thread.java:748)
2018-04-10 11:36:13,504 INFO  SysUtils - Configuration on demand is an incubating feature.
:preBuild UP-TO-DATE
:preDebugBuild UP-TO-DATE
:checkDebugManifest
:prepareDebugDependencies
:compileDebugAidl
:compileDebugRenderscript
:generateDebugBuildConfig
:generateDebugResValues
:generateDebugResources
:mergeDebugResources
:processDebugManifest
/tmp/rdisk/418/src/Sensorium/AndroidManifest.xml:18:5-76 Warning:
	Element uses-permission#android.permission.ACCESS_WIFI_STATE at AndroidManifest.xml:18:5-76 duplicated with element declared at AndroidManifest.xml:13:5-76
:processDebugResources
:generateDebugSources
:incrementalDebugJavaCompilationSafeguard
:javaPreCompileDebug
:compileDebugJavaWithJavac
:compileDebugJavaWithJavac - is not incremental (e.g. outputs have changed, no previous execution, etc.).
Note: /tmp/rdisk/418/src/Sensorium/src/at/univie/sensorium/preferences/SensorPreferenceActivity.java uses or overrides a deprecated API.
Note: Recompile with -Xlint:deprecation for details.
Note: Some input files use unchecked or unsafe operations.
Note: Recompile with -Xlint:unchecked for details.
:compileDebugNdk NO-SOURCE
:compileDebugSources
:mergeDebugShaders
:compileDebugShaders
:generateDebugAssets
:mergeDebugAssets
:transformClassesWithDexForDebug
Dex: warning: Ignoring InnerClasses attribute for an anonymous inner class
(org.apache.commons.logging.LogFactory$1) that doesn't come with an
associated EnclosingMethod attribute. This class was probably produced by a
compiler that did not target the modern .class file format. The recommended
solution is to recompile the class from source, using an up-to-date compiler
and without specifying any "-target" type options. The consequence of ignoring
this warning is that reflective operations on this class will incorrectly
indicate that it is *not* an inner class.

Dex: warning: Ignoring InnerClasses attribute for an anonymous inner class
(org.apache.commons.logging.LogFactory$4) that doesn't come with an
associated EnclosingMethod attribute. This class was probably produced by a
compiler that did not target the modern .class file format. The recommended
solution is to recompile the class from source, using an up-to-date compiler
and without specifying any "-target" type options. The consequence of ignoring
this warning is that reflective operations on this class will incorrectly
indicate that it is *not* an inner class.

Dex: warning: Ignoring InnerClasses attribute for an anonymous inner class
(org.apache.commons.logging.LogFactory$2) that doesn't come with an
associated EnclosingMethod attribute. This class was probably produced by a
compiler that did not target the modern .class file format. The recommended
solution is to recompile the class from source, using an up-to-date compiler
and without specifying any "-target" type options. The consequence of ignoring
this warning is that reflective operations on this class will incorrectly
indicate that it is *not* an inner class.

Dex: warning: Ignoring InnerClasses attribute for an anonymous inner class
(org.apache.commons.logging.impl.LogFactoryImpl$1) that doesn't come with an
associated EnclosingMethod attribute. This class was probably produced by a
compiler that did not target the modern .class file format. The recommended
solution is to recompile the class from source, using an up-to-date compiler
and without specifying any "-target" type options. The consequence of ignoring
this warning is that reflective operations on this class will incorrectly
indicate that it is *not* an inner class.

Dex: warning: Ignoring InnerClasses attribute for an anonymous inner class
(org.apache.commons.logging.LogFactory$5) that doesn't come with an
associated EnclosingMethod attribute. This class was probably produced by a
compiler that did not target the modern .class file format. The recommended
solution is to recompile the class from source, using an up-to-date compiler
and without specifying any "-target" type options. The consequence of ignoring
this warning is that reflective operations on this class will incorrectly
indicate that it is *not* an inner class.

Dex: warning: Ignoring InnerClasses attribute for an anonymous inner class
(org.apache.commons.logging.impl.LogFactoryImpl$3) that doesn't come with an
associated EnclosingMethod attribute. This class was probably produced by a
compiler that did not target the modern .class file format. The recommended
solution is to recompile the class from source, using an up-to-date compiler
and without specifying any "-target" type options. The consequence of ignoring
this warning is that reflective operations on this class will incorrectly
indicate that it is *not* an inner class.

Dex: warning: Ignoring InnerClasses attribute for an anonymous inner class
(org.apache.commons.logging.LogFactory$6) that doesn't come with an
associated EnclosingMethod attribute. This class was probably produced by a
compiler that did not target the modern .class file format. The recommended
solution is to recompile the class from source, using an up-to-date compiler
and without specifying any "-target" type options. The consequence of ignoring
this warning is that reflective operations on this class will incorrectly
indicate that it is *not* an inner class.

Dex: warning: Ignoring InnerClasses attribute for an anonymous inner class
(org.apache.commons.logging.LogFactory$3) that doesn't come with an
associated EnclosingMethod attribute. This class was probably produced by a
compiler that did not target the modern .class file format. The recommended
solution is to recompile the class from source, using an up-to-date compiler
and without specifying any "-target" type options. The consequence of ignoring
this warning is that reflective operations on this class will incorrectly
indicate that it is *not* an inner class.

Dex: warning: Ignoring InnerClasses attribute for an anonymous inner class
(org.apache.commons.logging.impl.WeakHashtable$1) that doesn't come with an
associated EnclosingMethod attribute. This class was probably produced by a
compiler that did not target the modern .class file format. The recommended
solution is to recompile the class from source, using an up-to-date compiler
and without specifying any "-target" type options. The consequence of ignoring
this warning is that reflective operations on this class will incorrectly
indicate that it is *not* an inner class.

Dex: warning: Ignoring InnerClasses attribute for an anonymous inner class
(org.apache.commons.logging.impl.LogFactoryImpl$2) that doesn't come with an
associated EnclosingMethod attribute. This class was probably produced by a
compiler that did not target the modern .class file format. The recommended
solution is to recompile the class from source, using an up-to-date compiler
and without specifying any "-target" type options. The consequence of ignoring
this warning is that reflective operations on this class will incorrectly
indicate that it is *not* an inner class.

Dex: warning: Ignoring InnerClasses attribute for an anonymous inner class
(org.apache.commons.logging.impl.SimpleLog$1) that doesn't come with an
associated EnclosingMethod attribute. This class was probably produced by a
compiler that did not target the modern .class file format. The recommended
solution is to recompile the class from source, using an up-to-date compiler
and without specifying any "-target" type options. The consequence of ignoring
this warning is that reflective operations on this class will incorrectly
indicate that it is *not* an inner class.

:mergeDebugJniLibFolders
:transformNativeLibsWithMergeJniLibsForDebug
:transformNativeLibsWithStripDebugSymbolForDebug
:processDebugJavaRes NO-SOURCE
:transformResourcesWithMergeJavaResForDebug
:validateSigningDebug
:packageDebug
:assembleDebug
:preReleaseBuild UP-TO-DATE
:checkReleaseManifest
:prepareReleaseDependencies
:compileReleaseAidl
:compileReleaseRenderscript
:generateReleaseBuildConfig
:generateReleaseResValues
:generateReleaseResources
:mergeReleaseResources
:processReleaseManifest
/tmp/rdisk/418/src/Sensorium/AndroidManifest.xml:18:5-76 Warning:
	Element uses-permission#android.permission.ACCESS_WIFI_STATE at AndroidManifest.xml:18:5-76 duplicated with element declared at AndroidManifest.xml:13:5-76
:processReleaseResources
:generateReleaseSources
:incrementalReleaseJavaCompilationSafeguard
:javaPreCompileRelease
:compileReleaseJavaWithJavac
:compileReleaseJavaWithJavac - is not incremental (e.g. outputs have changed, no previous execution, etc.).
Note: /tmp/rdisk/418/src/Sensorium/src/at/univie/sensorium/preferences/SensorPreferenceActivity.java uses or overrides a deprecated API.
Note: Recompile with -Xlint:deprecation for details.
Note: Some input files use unchecked or unsafe operations.
Note: Recompile with -Xlint:unchecked for details.
:compileReleaseNdk NO-SOURCE
:compileReleaseSources
:lintVitalRelease/tmp/rdisk/418/src/Sensorium/src/at/univie/sensorium/sensors/WifiConnectionSensor.java:50: Error: The WIFI_SERVICE must be looked up on the Application context or memory will leak on devices < Android N. Try changing getContext() to getContext().getApplicationContext()  [WifiManagerLeak]
   mainWifi = (WifiManager) getContext().getSystemService(Context.WIFI_SERVICE);
                            ~~~~~~~~~~~~~~~~~~~~~~~~~~~~~~~~~~~~~~~~~~~~~~~~~~~
/tmp/rdisk/418/src/Sensorium/src/at/univie/sensorium/sensors/WifiSensor.java:58: Error: The WIFI_SERVICE must be looked up on the Application context or memory will leak on devices < Android N. Try changing getContext() to getContext().getApplicationContext()  [WifiManagerLeak]
  mainWifi =  (WifiManager) getContext().getSystemService(Context.WIFI_SERVICE);
                            ~~~~~~~~~~~~~~~~~~~~~~~~~~~~~~~~~~~~~~~~~~~~~~~~~~~

   Explanation for issues of type "WifiManagerLeak":
   On versions prior to Android N (24), initializing the WifiManager via
   Context#getSystemService can cause a memory leak if the context is not the
   application context. Change context.getSystemService(...) to
   context.getApplicationContext().getSystemService(...).

/tmp/rdisk/418/src/Sensorium/res/values/upload_interval_strings.xml:3: Error: "upload_intervals" is not translated in "pt-BR" (Portuguese: Brazil) [MissingTranslation]
    <string-array name="upload_intervals">
                  ~~~~~~~~~~~~~~~~~~~~~~~

   Explanation for issues of type "MissingTranslation":
   If an application has more than one locale, then all the strings declared
   in one language should also be translated in all other languages.

   If the string should not be translated, you can add the attribute
   translatable="false" on the <string> element, or you can define all your
   non-translatable strings in a resource file called donottranslate.xml. Or,
   you can ignore the issue with a tools:ignore="MissingTranslation"
   attribute.

   By default this detector allows regions of a language to just provide a
   subset of the strings and fall back to the standard language strings. You
   can require all regions to provide a full translation by setting the
   environment variable ANDROID_LINT_COMPLETE_REGIONS.

   You can tell lint (and other tools) which language is the default language
   in your res/values/ folder by specifying tools:locale="languageCode" for
   the root <resources> element in your resource file. (The tools prefix
   refers to the namespace declaration http://schemas.android.com/tools.)

3 errors, 0 warnings
 FAILED

FAILURE: Build failed with an exception.

* What went wrong:
Execution failed for task ':lintVitalRelease'.
> Lint found fatal errors while assembling a release target.
  
  To proceed, either fix the issues identified by lint, or modify your build script as follows:
  ...
  android {
      lintOptions {
          checkReleaseBuilds false
          // Or, if you prefer, you can continue to check for errors in release builds,
          // but continue the build even when errors are found:
          abortOnError false
      }
  }
  ...

* Try:
Run with --info or --debug option to get more log output.

* Exception is:
org.gradle.api.tasks.TaskExecutionException: Execution failed for task ':lintVitalRelease'.
	at org.gradle.api.internal.tasks.execution.ExecuteActionsTaskExecuter.executeActions(ExecuteActionsTaskExecuter.java:98)
	at org.gradle.api.internal.tasks.execution.ExecuteActionsTaskExecuter.execute(ExecuteActionsTaskExecuter.java:68)
	at org.gradle.api.internal.tasks.execution.SkipUpToDateTaskExecuter.execute(SkipUpToDateTaskExecuter.java:62)
	at org.gradle.api.internal.tasks.execution.ValidatingTaskExecuter.execute(ValidatingTaskExecuter.java:58)
	at org.gradle.api.internal.tasks.execution.SkipEmptySourceFilesTaskExecuter.execute(SkipEmptySourceFilesTaskExecuter.java:88)
	at org.gradle.api.internal.tasks.execution.ResolveTaskArtifactStateTaskExecuter.execute(ResolveTaskArtifactStateTaskExecuter.java:46)
	at org.gradle.api.internal.tasks.execution.SkipTaskWithNoActionsExecuter.execute(SkipTaskWithNoActionsExecuter.java:51)
	at org.gradle.api.internal.tasks.execution.SkipOnlyIfTaskExecuter.execute(SkipOnlyIfTaskExecuter.java:54)
	at org.gradle.api.internal.tasks.execution.ExecuteAtMostOnceTaskExecuter.execute(ExecuteAtMostOnceTaskExecuter.java:43)
	at org.gradle.api.internal.tasks.execution.CatchExceptionTaskExecuter.execute(CatchExceptionTaskExecuter.java:34)
	at org.gradle.execution.taskgraph.DefaultTaskGraphExecuter$EventFiringTaskWorker$1.execute(DefaultTaskGraphExecuter.java:236)
	at org.gradle.execution.taskgraph.DefaultTaskGraphExecuter$EventFiringTaskWorker$1.execute(DefaultTaskGraphExecuter.java:228)
	at org.gradle.internal.Transformers$4.transform(Transformers.java:169)
	at org.gradle.internal.progress.DefaultBuildOperationExecutor.run(DefaultBuildOperationExecutor.java:106)
	at org.gradle.internal.progress.DefaultBuildOperationExecutor.run(DefaultBuildOperationExecutor.java:61)
	at org.gradle.execution.taskgraph.DefaultTaskGraphExecuter$EventFiringTaskWorker.execute(DefaultTaskGraphExecuter.java:228)
	at org.gradle.execution.taskgraph.DefaultTaskGraphExecuter$EventFiringTaskWorker.execute(DefaultTaskGraphExecuter.java:215)
	at org.gradle.execution.taskgraph.AbstractTaskPlanExecutor$TaskExecutorWorker.processTask(AbstractTaskPlanExecutor.java:77)
	at org.gradle.execution.taskgraph.AbstractTaskPlanExecutor$TaskExecutorWorker.run(AbstractTaskPlanExecutor.java:58)
	at org.gradle.execution.taskgraph.DefaultTaskPlanExecutor.process(DefaultTaskPlanExecutor.java:32)
	at org.gradle.execution.taskgraph.DefaultTaskGraphExecuter.execute(DefaultTaskGraphExecuter.java:113)
	at org.gradle.execution.SelectedTaskExecutionAction.execute(SelectedTaskExecutionAction.java:37)
	at org.gradle.execution.DefaultBuildExecuter.execute(DefaultBuildExecuter.java:37)
	at org.gradle.execution.DefaultBuildExecuter.access$000(DefaultBuildExecuter.java:23)
	at org.gradle.execution.DefaultBuildExecuter$1.proceed(DefaultBuildExecuter.java:43)
	at org.gradle.execution.DryRunBuildExecutionAction.execute(DryRunBuildExecutionAction.java:32)
	at org.gradle.execution.DefaultBuildExecuter.execute(DefaultBuildExecuter.java:37)
	at org.gradle.execution.DefaultBuildExecuter.execute(DefaultBuildExecuter.java:30)
	at org.gradle.initialization.DefaultGradleLauncher$RunTasksAction.execute(DefaultGradleLauncher.java:230)
	at org.gradle.initialization.DefaultGradleLauncher$RunTasksAction.execute(DefaultGradleLauncher.java:227)
	at org.gradle.internal.Transformers$4.transform(Transformers.java:169)
	at org.gradle.internal.progress.DefaultBuildOperationExecutor.run(DefaultBuildOperationExecutor.java:106)
	at org.gradle.internal.progress.DefaultBuildOperationExecutor.run(DefaultBuildOperationExecutor.java:56)
	at org.gradle.initialization.DefaultGradleLauncher.doBuildStages(DefaultGradleLauncher.java:161)
	at org.gradle.initialization.DefaultGradleLauncher.doBuild(DefaultGradleLauncher.java:112)
	at org.gradle.initialization.DefaultGradleLauncher.run(DefaultGradleLauncher.java:95)
	at org.gradle.launcher.exec.GradleBuildController.run(GradleBuildController.java:66)
	at org.gradle.tooling.internal.provider.ExecuteBuildActionRunner.run(ExecuteBuildActionRunner.java:28)
	at org.gradle.launcher.exec.ChainingBuildActionRunner.run(ChainingBuildActionRunner.java:35)
	at org.gradle.launcher.exec.InProcessBuildActionExecuter.execute(InProcessBuildActionExecuter.java:41)
	at org.gradle.launcher.exec.InProcessBuildActionExecuter.execute(InProcessBuildActionExecuter.java:26)
	at org.gradle.tooling.internal.provider.ContinuousBuildActionExecuter.execute(ContinuousBuildActionExecuter.java:75)
	at org.gradle.tooling.internal.provider.ContinuousBuildActionExecuter.execute(ContinuousBuildActionExecuter.java:49)
	at org.gradle.tooling.internal.provider.ServicesSetupBuildActionExecuter.execute(ServicesSetupBuildActionExecuter.java:49)
	at org.gradle.tooling.internal.provider.ServicesSetupBuildActionExecuter.execute(ServicesSetupBuildActionExecuter.java:31)
	at org.gradle.launcher.cli.RunBuildAction.run(RunBuildAction.java:51)
	at org.gradle.internal.Actions$RunnableActionAdapter.execute(Actions.java:173)
	at org.gradle.launcher.cli.CommandLineActionFactory$ParseAndBuildAction.execute(CommandLineActionFactory.java:281)
	at org.gradle.launcher.cli.CommandLineActionFactory$ParseAndBuildAction.execute(CommandLineActionFactory.java:254)
	at org.gradle.launcher.cli.JavaRuntimeValidationAction.execute(JavaRuntimeValidationAction.java:33)
	at org.gradle.launcher.cli.JavaRuntimeValidationAction.execute(JavaRuntimeValidationAction.java:24)
	at org.gradle.launcher.cli.ExceptionReportingAction.execute(ExceptionReportingAction.java:33)
	at org.gradle.launcher.cli.ExceptionReportingAction.execute(ExceptionReportingAction.java:22)
	at org.gradle.launcher.cli.CommandLineActionFactory$WithLogging.execute(CommandLineActionFactory.java:247)
	at org.gradle.launcher.cli.CommandLineActionFactory$WithLogging.execute(CommandLineActionFactory.java:182)
	at org.gradle.launcher.Main.doAction(Main.java:33)
	at org.gradle.launcher.bootstrap.EntryPoint.run(EntryPoint.java:45)
	at org.gradle.launcher.bootstrap.ProcessBootstrap.runNoExit(ProcessBootstrap.java:60)
	at org.gradle.launcher.bootstrap.ProcessBootstrap.run(ProcessBootstrap.java:37)
	at org.gradle.launcher.GradleMain.main(GradleMain.java:23)
Caused by: org.gradle.api.GradleException: Lint found fatal errors while assembling a release target.

To proceed, either fix the issues identified by lint, or modify your build script as follows:
...
android {
    lintOptions {
        checkReleaseBuilds false
        // Or, if you prefer, you can continue to check for errors in release builds,
        // but continue the build even when errors are found:
        abortOnError false
    }
}
...
	at com.android.build.gradle.tasks.Lint.abort(Lint.java:300)
	at com.android.build.gradle.tasks.Lint.runLint(Lint.java:346)
	at com.android.build.gradle.tasks.Lint.lintSingleVariant(Lint.java:307)
	at com.android.build.gradle.tasks.Lint.lint(Lint.java:119)
	at org.gradle.internal.reflect.JavaMethod.invoke(JavaMethod.java:73)
	at org.gradle.api.internal.project.taskfactory.DefaultTaskClassInfoStore$StandardTaskAction.doExecute(DefaultTaskClassInfoStore.java:141)
	at org.gradle.api.internal.project.taskfactory.DefaultTaskClassInfoStore$StandardTaskAction.execute(DefaultTaskClassInfoStore.java:134)
	at org.gradle.api.internal.project.taskfactory.DefaultTaskClassInfoStore$StandardTaskAction.execute(DefaultTaskClassInfoStore.java:123)
	at org.gradle.api.internal.AbstractTask$TaskActionWrapper.execute(AbstractTask.java:692)
	at org.gradle.api.internal.AbstractTask$TaskActionWrapper.execute(AbstractTask.java:675)
	at org.gradle.api.internal.tasks.execution.ExecuteActionsTaskExecuter$1.execute(ExecuteActionsTaskExecuter.java:115)
	at org.gradle.api.internal.tasks.execution.ExecuteActionsTaskExecuter$1.execute(ExecuteActionsTaskExecuter.java:109)
	at org.gradle.internal.Transformers$4.transform(Transformers.java:169)
	at org.gradle.internal.progress.DefaultBuildOperationExecutor.run(DefaultBuildOperationExecutor.java:106)
	at org.gradle.internal.progress.DefaultBuildOperationExecutor.run(DefaultBuildOperationExecutor.java:56)
	at org.gradle.api.internal.tasks.execution.ExecuteActionsTaskExecuter.executeAction(ExecuteActionsTaskExecuter.java:109)
	at org.gradle.api.internal.tasks.execution.ExecuteActionsTaskExecuter.executeActions(ExecuteActionsTaskExecuter.java:90)
	... 59 more


BUILD FAILED

Total time: 19.572 secs

2018-04-10 11:36:13,518 INFO  FullProcessService - Found APK file: /tmp/rdisk/418/src/Sensorium/build/outputs/apk/Sensorium-debug.apk
