2018-04-09 21:45:38,750 INFO  DownloadService - Downloading "https://github.com/jenzz/Android-UndoBar/archive/master.zip", attempt 3
2018-04-09 21:46:39,205 INFO  GithubDownloadService - Could not find ZIP archive for master branch
2018-04-09 21:46:39,914 INFO  GithubDownloadService - Default branch of this repository: master
2018-04-09 21:46:39,914 INFO  DownloadService - Downloading "https://github.com/jenzz/Android-UndoBar/archive/master.zip", attempt 3
2018-04-09 21:47:41,198 DEBUG FullProcessService - Repository https://github.com/jenzz/Android-UndoBar available: true
2018-04-09 21:47:41,198 INFO  FullProcessService - Could not download ZIP file from Github, lets clone it
2018-04-09 21:47:41,198 INFO  SysUtils - Execute command: [git, clone, -q, --single-branch, --depth, 1, https://github.com/jenzz/Android-UndoBar, /tmp/rdisk/490/src]
2018-04-09 21:47:42,841 INFO  SysUtils - 
2018-04-09 21:47:42,848 INFO  GitService - Deleted "/tmp/rdisk/490/src/.git": true
2018-04-09 21:47:42,855 INFO  FullProcessService - Size of directory with sources: 211 KB
2018-04-09 21:47:42,855 INFO  SysUtils - Execute command: [git, init, /tmp/rdisk/490/src]
2018-04-09 21:47:42,861 INFO  SysUtils - Initialized empty Git repository in /tmp/rdisk/490/src/.git/

2018-04-09 21:47:42,866 INFO  ProjectBuildService - Gradle wrapper(s): /tmp/rdisk/490/src/gradlew
2018-04-09 21:47:42,871 INFO  ProjectBuildService - Build script(s): /tmp/rdisk/490/src/library/build.gradle /tmp/rdisk/490/src/sample/build.gradle /tmp/rdisk/490/src/build.gradle
2018-04-09 21:47:42,876 INFO  ProjectBuildService - All script(s): /tmp/rdisk/490/src/settings.gradle /tmp/rdisk/490/src/sample/build.gradle /tmp/rdisk/490/src/library/build.gradle /tmp/rdisk/490/src/build.gradle
2018-04-09 21:47:42,876 INFO  DownloadService - Downloading "https://raw.githubusercontent.com/jenzz/gradle-mvn-push/master_jenzz/gradle-mvn-push.gradle", attempt 3
2018-04-09 21:47:43,058 INFO  DownloadService - Downloaded https://raw.githubusercontent.com/jenzz/gradle-mvn-push/master_jenzz/gradle-mvn-push.gradle, attempt 3
2018-04-09 21:47:43,058 INFO  ProjectBuildService - Remote scripts: https://raw.githubusercontent.com/jenzz/gradle-mvn-push/master_jenzz/gradle-mvn-push.gradle
2018-04-09 21:47:43,058 INFO  ProjectFixService - Fixing project...
2018-04-09 21:47:43,070 INFO  LocalPropertiesFixService - Created fake /tmp/rdisk/490/src/library/local.properties
2018-04-09 21:47:43,071 INFO  ProjectFixService - Build info for "/tmp/rdisk/490/src/library/build.gradle": [buildToolsVersion=<null>,compileSdkVersion=<null>,minSdkVersion=8,targetSdkVersion=<null>]
2018-04-09 21:47:43,071 INFO  ProjectFixService - Fixed build info for "/tmp/rdisk/490/src/library/build.gradle": [buildToolsVersion=28.0.0-rc1,compileSdkVersion=27,minSdkVersion=8,targetSdkVersion=27]
2018-04-09 21:47:43,072 INFO  LocalPropertiesFixService - Created fake /tmp/rdisk/490/src/sample/local.properties
2018-04-09 21:47:43,073 INFO  ProjectFixService - Build info for "/tmp/rdisk/490/src/sample/build.gradle": [buildToolsVersion=<null>,compileSdkVersion=<null>,minSdkVersion=8,targetSdkVersion=<null>]
2018-04-09 21:47:43,073 INFO  ProjectFixService - Fixed build info for "/tmp/rdisk/490/src/sample/build.gradle": [buildToolsVersion=28.0.0-rc1,compileSdkVersion=27,minSdkVersion=8,targetSdkVersion=27]
2018-04-09 21:47:43,073 INFO  LocalPropertiesFixService - Created fake /tmp/rdisk/490/src/local.properties
2018-04-09 21:47:43,073 INFO  WrapperPropertiesFixService - Gradle wrapper: https://services.gradle.org/distributions/gradle-2.2.1-all.zip
2018-04-09 21:47:43,073 INFO  WrapperPropertiesFixService - Gradle wrapper was changed from "-all.zip" to "-bin.zip" (https://services.gradle.org/distributions/gradle-2.2.1-bin.zip)
2018-04-09 21:47:43,075 INFO  ProjectFixService - Build info for "/tmp/rdisk/490/src/build.gradle": [buildToolsVersion=<null>,compileSdkVersion=<null>,minSdkVersion=8,targetSdkVersion=<null>]
2018-04-09 21:47:43,075 INFO  ProjectFixService - Fixed build info for "/tmp/rdisk/490/src/build.gradle": [buildToolsVersion=28.0.0-rc1,compileSdkVersion=27,minSdkVersion=8,targetSdkVersion=27]
2018-04-09 21:47:43,075 INFO  ProjectFixService - Project was maybe fixed
2018-04-09 21:47:43,075 INFO  ProjectTaskService - Detecting possible tasks...
2018-04-09 21:47:43,075 INFO  SysUtils - Execute command: [/tmp/rdisk/490/src/gradlew, -b, /tmp/rdisk/490/src/library/build.gradle, -Dorg.gradle.daemon=false, -Dorg.gradle.daemon.performance.enable-monitoring=false, -Dorg.gradle.configureondemand=true, tasks]
2018-04-09 21:47:53,632 INFO  ProjectTaskService - Detected possible tasks: 77
2018-04-09 21:47:53,632 INFO  ProjectTaskService - Excluded tasks (10): androidJavadocs deviceCheck lint androidSourcesJar deviceAndroidTest connectedCheck uninstallAll androidJavadocsJar check connectedAndroidTest
2018-04-09 21:47:53,632 INFO  SysUtils - Execute command: [/tmp/rdisk/490/src/gradlew, -b, /tmp/rdisk/490/src/library/build.gradle, -Dorg.gradle.daemon=false, -Dorg.gradle.daemon.performance.enable-monitoring=false, -Dorg.gradle.configureondemand=true, --stacktrace, -x, androidJavadocs, -x, deviceCheck, -x, lint, -x, androidSourcesJar, -x, deviceAndroidTest, -x, connectedCheck, -x, uninstallAll, -x, androidJavadocsJar, -x, check, -x, connectedAndroidTest, build]
2018-04-09 21:48:02,844 INFO  SysUtils - Configuration on demand is an incubating feature.
:library:compileLint
:library:copyApi15DebugLint UP-TO-DATE
:library:mergeApi15DebugProguardFiles
:library:preBuild
:library:preApi15DebugBuild
:library:checkApi15DebugManifest
:library:prepareApi15DebugDependencies
:library:compileApi15DebugAidl
:library:compileApi15DebugRenderscript
:library:generateApi15DebugBuildConfig
:library:generateApi15DebugAssets UP-TO-DATE
:library:mergeApi15DebugAssets
:library:generateApi15DebugResValues
:library:generateApi15DebugResources
:library:packageApi15DebugResources
:library:processApi15DebugManifest
:library:processApi15DebugResources
:library:generateApi15DebugSources
:library:compileApi15DebugJava
:library:processApi15DebugJavaRes UP-TO-DATE
:library:packageApi15DebugJar
:library:compileApi15DebugNdk
:library:packageApi15DebugJniLibs UP-TO-DATE
:library:packageApi15DebugLocalJar UP-TO-DATE
:library:packageApi15DebugRenderscript UP-TO-DATE
:library:bundleApi15Debug
:library:assembleApi15Debug
:library:copyApi8DebugLint UP-TO-DATE
:library:mergeApi8DebugProguardFiles
:library:preApi8DebugBuild
:library:checkApi8DebugManifest
:library:prepareApi8DebugDependencies
:library:compileApi8DebugAidl
:library:compileApi8DebugRenderscript
:library:generateApi8DebugBuildConfig
:library:generateApi8DebugAssets UP-TO-DATE
:library:mergeApi8DebugAssets
:library:generateApi8DebugResValues
:library:generateApi8DebugResources
:library:packageApi8DebugResources
:library:processApi8DebugManifest
:library:processApi8DebugResources
:library:generateApi8DebugSources
:library:compileApi8DebugJava
:library:processApi8DebugJavaRes UP-TO-DATE
:library:packageApi8DebugJar
:library:compileApi8DebugNdk
:library:packageApi8DebugJniLibs UP-TO-DATE
:library:packageApi8DebugLocalJar UP-TO-DATE
:library:packageApi8DebugRenderscript UP-TO-DATE
:library:bundleApi8Debug
:library:assembleApi8Debug
:library:assembleDebug
:library:copyApi15ReleaseLint UP-TO-DATE
:library:mergeApi15ReleaseProguardFiles
:library:preApi15ReleaseBuild
:library:checkApi15ReleaseManifest
:library:prepareApi15ReleaseDependencies
:library:compileApi15ReleaseAidl
:library:compileApi15ReleaseRenderscript
:library:generateApi15ReleaseBuildConfig
:library:generateApi15ReleaseAssets UP-TO-DATE
:library:mergeApi15ReleaseAssets
:library:generateApi15ReleaseResValues
:library:generateApi15ReleaseResources
:library:packageApi15ReleaseResources
:library:processApi15ReleaseManifest
:library:processApi15ReleaseResources
:library:generateApi15ReleaseSources
:library:compileApi15ReleaseJava
:library:processApi15ReleaseJavaRes UP-TO-DATE
:library:packageApi15ReleaseJar
:library:compileApi15ReleaseNdk
:library:packageApi15ReleaseJniLibs UP-TO-DATE
:library:packageApi15ReleaseLocalJar UP-TO-DATE
:library:packageApi15ReleaseRenderscript UP-TO-DATE
:library:bundleApi15Release
:library:assembleApi15Release
:library:copyApi8ReleaseLint UP-TO-DATE
:library:mergeApi8ReleaseProguardFiles
:library:preApi8ReleaseBuild
:library:checkApi8ReleaseManifest
:library:prepareApi8ReleaseDependencies
:library:compileApi8ReleaseAidl
:library:compileApi8ReleaseRenderscript
:library:generateApi8ReleaseBuildConfig
:library:generateApi8ReleaseAssets UP-TO-DATE
:library:mergeApi8ReleaseAssets
:library:generateApi8ReleaseResValues
:library:generateApi8ReleaseResources
:library:packageApi8ReleaseResources
:library:processApi8ReleaseManifest
:library:processApi8ReleaseResources
:library:generateApi8ReleaseSources
:library:compileApi8ReleaseJava
:library:processApi8ReleaseJavaRes UP-TO-DATE
:library:packageApi8ReleaseJar
:library:compileApi8ReleaseNdk
:library:packageApi8ReleaseJniLibs UP-TO-DATE
:library:packageApi8ReleaseLocalJar UP-TO-DATE
:library:packageApi8ReleaseRenderscript UP-TO-DATE
:library:bundleApi8Release
:library:assembleApi8Release
:library:assembleRelease
:library:signArchives SKIPPED
:library:assemble
:library:build

BUILD SUCCESSFUL

Total time: 8.773 secs

2018-04-09 21:48:02,868 INFO  ProjectTaskService - Detecting possible tasks...
2018-04-09 21:48:02,869 INFO  SysUtils - Execute command: [/tmp/rdisk/490/src/gradlew, -b, /tmp/rdisk/490/src/sample/build.gradle, -Dorg.gradle.daemon=false, -Dorg.gradle.daemon.performance.enable-monitoring=false, -Dorg.gradle.configureondemand=true, tasks]
2018-04-09 21:48:10,066 INFO  ProjectTaskService - Detected possible tasks: 58
2018-04-09 21:48:10,066 INFO  ProjectTaskService - Excluded tasks (14): lintDebug androidJavadocs deviceCheck lint androidSourcesJar uninstallRelease connectedCheck uninstallAll androidJavadocsJar check connectedAndroidTest installDebug lintRelease uninstallDebug
2018-04-09 21:48:10,066 INFO  SysUtils - Execute command: [/tmp/rdisk/490/src/gradlew, -b, /tmp/rdisk/490/src/sample/build.gradle, -Dorg.gradle.daemon=false, -Dorg.gradle.daemon.performance.enable-monitoring=false, -Dorg.gradle.configureondemand=true, --stacktrace, -x, lintDebug, -x, androidJavadocs, -x, deviceCheck, -x, lint, -x, androidSourcesJar, -x, uninstallRelease, -x, connectedCheck, -x, uninstallAll, -x, androidJavadocsJar, -x, check, -x, connectedAndroidTest, -x, installDebug, -x, lintRelease, -x, uninstallDebug, build]
2018-04-09 21:48:16,889 ERROR SysUtils - Could not process external command
org.apache.commons.exec.ExecuteException: Process exited with an error: 1 (Exit value: 1)
	at org.apache.commons.exec.DefaultExecutor.executeInternal(DefaultExecutor.java:404)
	at org.apache.commons.exec.DefaultExecutor.execute(DefaultExecutor.java:166)
	at com.github.vbauer.apkmaster.util.SysUtils.execute(SysUtils.java:67)
	at com.github.vbauer.apkmaster.util.SysUtils.executeSimple(SysUtils.java:43)
	at com.github.vbauer.apkmaster.service.assembly.ProjectBuildService.buildProject(ProjectBuildService.java:78)
	at com.github.vbauer.apkmaster.service.assembly.ProjectBuildService.buildProject(ProjectBuildService.java:64)
	at com.github.vbauer.apkmaster.service.assembly.ProjectBuildService.buildProject(ProjectBuildService.java:43)
	at com.github.vbauer.apkmaster.service.FullProcessService.build(FullProcessService.java:84)
	at com.github.vbauer.apkmaster.service.FullProcessService.process(FullProcessService.java:34)
	at com.github.vbauer.apkmaster.app.MainApplication.process(MainApplication.java:38)
	at com.github.vbauer.apkmaster.app.MainApplication.main(MainApplication.java:20)
	at sun.reflect.GeneratedMethodAccessor8.invoke(Unknown Source)
	at sun.reflect.DelegatingMethodAccessorImpl.invoke(DelegatingMethodAccessorImpl.java:43)
	at java.lang.reflect.Method.invoke(Method.java:498)
	at com.android.arsenal.util.ReflectionUtils.invoke(ReflectionUtils.java:42)
	at com.android.arsenal.util.ApkMasterUtils.main(ApkMasterUtils.java:30)
	at com.android.arsenal.service.processor.impl.BuildProcessorServiceImpl.buildProject(BuildProcessorServiceImpl.java:197)
	at com.android.arsenal.service.processor.impl.BuildProcessorServiceImpl.build(BuildProcessorServiceImpl.java:131)
	at com.android.arsenal.service.processor.impl.BuildProcessorServiceImpl.lambda$null$1(BuildProcessorServiceImpl.java:114)
	at java.util.concurrent.FutureTask.run(FutureTask.java:266)
	at java.util.concurrent.Executors$RunnableAdapter.call(Executors.java:511)
	at java.util.concurrent.FutureTask.run(FutureTask.java:266)
	at java.util.concurrent.ThreadPoolExecutor.runWorker(ThreadPoolExecutor.java:1149)
	at java.util.concurrent.ThreadPoolExecutor$Worker.run(ThreadPoolExecutor.java:624)
	at java.lang.Thread.run(Thread.java:748)
2018-04-09 21:48:16,889 INFO  SysUtils - Configuration on demand is an incubating feature.

FAILURE: Build failed with an exception.

* What went wrong:
Task 'androidJavadocs' not found in project ':sample'.

* Try:
Run gradlew tasks to get a list of available tasks. Run with --info or --debug option to get more log output.

* Exception is:
org.gradle.execution.TaskSelectionException: Task 'androidJavadocs' not found in project ':sample'.
	at org.gradle.execution.TaskSelector.getSelection(TaskSelector.java:101)
	at org.gradle.execution.TaskSelector.getFilter(TaskSelector.java:64)
	at org.gradle.execution.ExcludedTaskFilteringBuildConfigurationAction.configure(ExcludedTaskFilteringBuildConfigurationAction.java:42)
	at org.gradle.execution.DefaultBuildExecuter.configure(DefaultBuildExecuter.java:42)
	at org.gradle.execution.DefaultBuildExecuter.access$100(DefaultBuildExecuter.java:23)
	at org.gradle.execution.DefaultBuildExecuter$1.proceed(DefaultBuildExecuter.java:48)
	at org.gradle.execution.DefaultTasksBuildExecutionAction.configure(DefaultTasksBuildExecutionAction.java:44)
	at org.gradle.execution.DefaultBuildExecuter.configure(DefaultBuildExecuter.java:42)
	at org.gradle.execution.DefaultBuildExecuter.select(DefaultBuildExecuter.java:35)
	at org.gradle.initialization.DefaultGradleLauncher.doBuildStages(DefaultGradleLauncher.java:142)
	at org.gradle.initialization.DefaultGradleLauncher.doBuild(DefaultGradleLauncher.java:106)
	at org.gradle.initialization.DefaultGradleLauncher.run(DefaultGradleLauncher.java:86)
	at org.gradle.launcher.exec.InProcessBuildActionExecuter$DefaultBuildController.run(InProcessBuildActionExecuter.java:80)
	at org.gradle.launcher.cli.ExecuteBuildAction.run(ExecuteBuildAction.java:33)
	at org.gradle.launcher.cli.ExecuteBuildAction.run(ExecuteBuildAction.java:24)
	at org.gradle.launcher.exec.InProcessBuildActionExecuter.execute(InProcessBuildActionExecuter.java:36)
	at org.gradle.launcher.exec.InProcessBuildActionExecuter.execute(InProcessBuildActionExecuter.java:26)
	at org.gradle.launcher.cli.RunBuildAction.run(RunBuildAction.java:51)
	at org.gradle.internal.Actions$RunnableActionAdapter.execute(Actions.java:171)
	at org.gradle.launcher.cli.CommandLineActionFactory$ParseAndBuildAction.execute(CommandLineActionFactory.java:237)
	at org.gradle.launcher.cli.CommandLineActionFactory$ParseAndBuildAction.execute(CommandLineActionFactory.java:210)
	at org.gradle.launcher.cli.JavaRuntimeValidationAction.execute(JavaRuntimeValidationAction.java:35)
	at org.gradle.launcher.cli.JavaRuntimeValidationAction.execute(JavaRuntimeValidationAction.java:24)
	at org.gradle.launcher.cli.CommandLineActionFactory$WithLogging.execute(CommandLineActionFactory.java:206)
	at org.gradle.launcher.cli.CommandLineActionFactory$WithLogging.execute(CommandLineActionFactory.java:169)
	at org.gradle.launcher.cli.ExceptionReportingAction.execute(ExceptionReportingAction.java:33)
	at org.gradle.launcher.cli.ExceptionReportingAction.execute(ExceptionReportingAction.java:22)
	at org.gradle.launcher.Main.doAction(Main.java:33)
	at org.gradle.launcher.bootstrap.EntryPoint.run(EntryPoint.java:45)
	at org.gradle.launcher.bootstrap.ProcessBootstrap.runNoExit(ProcessBootstrap.java:54)
	at org.gradle.launcher.bootstrap.ProcessBootstrap.run(ProcessBootstrap.java:35)
	at org.gradle.launcher.GradleMain.main(GradleMain.java:23)
	at org.gradle.wrapper.BootstrapMainStarter.start(BootstrapMainStarter.java:33)
	at org.gradle.wrapper.WrapperExecutor.execute(WrapperExecutor.java:130)
	at org.gradle.wrapper.GradleWrapperMain.main(GradleWrapperMain.java:48)


BUILD FAILED

Total time: 6.388 secs

2018-04-09 21:48:16,889 ERROR ProjectBuildService - Excluded tasks were detected wrong
2018-04-09 21:48:16,889 INFO  SysUtils - Execute command: [/tmp/rdisk/490/src/gradlew, -b, /tmp/rdisk/490/src/sample/build.gradle, -Dorg.gradle.daemon=false, -Dorg.gradle.daemon.performance.enable-monitoring=false, -Dorg.gradle.configureondemand=true, --stacktrace, build]
2018-04-09 21:48:43,882 INFO  SysUtils - Configuration on demand is an incubating feature.
:sample:preBuild
:sample:compileDebugNdk
:library:compileLint
:library:copyApi8ReleaseLint UP-TO-DATE
:library:mergeApi8ReleaseProguardFiles UP-TO-DATE
:library:preBuild
:library:preApi8ReleaseBuild
:library:checkApi8ReleaseManifest
:library:prepareApi8ReleaseDependencies
:library:compileApi8ReleaseAidl UP-TO-DATE
:library:compileApi8ReleaseRenderscript UP-TO-DATE
:library:generateApi8ReleaseBuildConfig UP-TO-DATE
:library:generateApi8ReleaseAssets UP-TO-DATE
:library:mergeApi8ReleaseAssets UP-TO-DATE
:library:generateApi8ReleaseResValues UP-TO-DATE
:library:generateApi8ReleaseResources UP-TO-DATE
:library:packageApi8ReleaseResources UP-TO-DATE
:library:processApi8ReleaseManifest UP-TO-DATE
:library:processApi8ReleaseResources UP-TO-DATE
:library:generateApi8ReleaseSources UP-TO-DATE
:library:compileApi8ReleaseJava UP-TO-DATE
:library:processApi8ReleaseJavaRes UP-TO-DATE
:library:packageApi8ReleaseJar UP-TO-DATE
:library:compileApi8ReleaseNdk UP-TO-DATE
:library:packageApi8ReleaseJniLibs UP-TO-DATE
:library:packageApi8ReleaseLocalJar UP-TO-DATE
:library:packageApi8ReleaseRenderscript UP-TO-DATE
:library:bundleApi8Release UP-TO-DATE
:sample:preDebugBuild
:sample:checkDebugManifest
:sample:preReleaseBuild
:sample:prepareComAndroidSupportAppcompatV72103Library
:sample:prepareComAndroidSupportSupportV42103Library
:sample:prepareSrcLibraryUnspecifiedApi8ReleaseLibrary
:sample:prepareDebugDependencies
:sample:compileDebugAidl
:sample:compileDebugRenderscript
:sample:generateDebugBuildConfig
:sample:generateDebugAssets UP-TO-DATE
:sample:mergeDebugAssets
:sample:generateDebugResValues
:sample:generateDebugResources
:sample:mergeDebugResources/tmp/rdisk/490/src/sample/build/intermediates/exploded-aar/com.android.support/appcompat-v7/21.0.3/res/drawable-xhdpi/abc_ab_share_pack_holo_dark.9.png: libpng warning: iCCP: Not recognizing known sRGB profile that has been edited
/tmp/rdisk/490/src/sample/build/intermediates/exploded-aar/com.android.support/appcompat-v7/21.0.3/res/drawable-hdpi/abc_spinner_mtrl_am_alpha.9.png: libpng warning: iCCP: Not recognizing known sRGB profile that has been edited
/tmp/rdisk/490/src/sample/build/intermediates/exploded-aar/com.android.support/appcompat-v7/21.0.3/res/drawable-mdpi/abc_ab_share_pack_holo_dark.9.png: libpng warning: iCCP: Not recognizing known sRGB profile that has been edited
/tmp/rdisk/490/src/sample/build/intermediates/exploded-aar/com.android.support/appcompat-v7/21.0.3/res/drawable-hdpi/abc_ab_share_pack_holo_light.9.png: libpng warning: iCCP: Not recognizing known sRGB profile that has been edited
/tmp/rdisk/490/src/sample/build/intermediates/exploded-aar/com.android.support/appcompat-v7/21.0.3/res/drawable-hdpi/abc_ab_share_pack_holo_dark.9.png: libpng warning: iCCP: Not recognizing known sRGB profile that has been edited
/tmp/rdisk/490/src/sample/build/intermediates/exploded-aar/com.android.support/appcompat-v7/21.0.3/res/drawable-xhdpi/abc_ab_share_pack_holo_light.9.png: libpng warning: iCCP: Not recognizing known sRGB profile that has been edited

:sample:processDebugManifest
:sample:processDebugResources
:sample:generateDebugSources
:sample:compileDebugJava
:sample:preDexDebug
:sample:dexDebug
:sample:processDebugJavaRes UP-TO-DATE
:sample:validateDebugSigning
:sample:packageDebug
:sample:zipalignDebug
:sample:assembleDebug
:sample:checkReleaseManifest
:sample:prepareReleaseDependencies
:sample:compileReleaseAidl
:sample:compileReleaseRenderscript
:sample:generateReleaseBuildConfig
:sample:generateReleaseAssets UP-TO-DATE
:sample:mergeReleaseAssets
:sample:generateReleaseResValues
:sample:generateReleaseResources
:sample:mergeReleaseResources/tmp/rdisk/490/src/sample/build/intermediates/exploded-aar/com.android.support/appcompat-v7/21.0.3/res/drawable-xhdpi/abc_ab_share_pack_holo_dark.9.png: libpng warning: iCCP: Not recognizing known sRGB profile that has been edited
/tmp/rdisk/490/src/sample/build/intermediates/exploded-aar/com.android.support/appcompat-v7/21.0.3/res/drawable-hdpi/abc_spinner_mtrl_am_alpha.9.png: libpng warning: iCCP: Not recognizing known sRGB profile that has been edited
/tmp/rdisk/490/src/sample/build/intermediates/exploded-aar/com.android.support/appcompat-v7/21.0.3/res/drawable-mdpi/abc_ab_share_pack_holo_dark.9.png: libpng warning: iCCP: Not recognizing known sRGB profile that has been edited
/tmp/rdisk/490/src/sample/build/intermediates/exploded-aar/com.android.support/appcompat-v7/21.0.3/res/drawable-hdpi/abc_ab_share_pack_holo_light.9.png: libpng warning: iCCP: Not recognizing known sRGB profile that has been edited
/tmp/rdisk/490/src/sample/build/intermediates/exploded-aar/com.android.support/appcompat-v7/21.0.3/res/drawable-hdpi/abc_ab_share_pack_holo_dark.9.png: libpng warning: iCCP: Not recognizing known sRGB profile that has been edited
/tmp/rdisk/490/src/sample/build/intermediates/exploded-aar/com.android.support/appcompat-v7/21.0.3/res/drawable-xhdpi/abc_ab_share_pack_holo_light.9.png: libpng warning: iCCP: Not recognizing known sRGB profile that has been edited

:sample:processReleaseManifest
:sample:processReleaseResources
:sample:generateReleaseSources
:sample:compileReleaseJava
:sample:lintVitalRelease SKIPPED
:sample:compileReleaseNdk
:sample:preDexRelease
:sample:dexRelease
:sample:processReleaseJavaRes UP-TO-DATE
:sample:packageRelease
:sample:assembleRelease
:sample:assemble
:sample:compileLint
:sample:lint
Ran lint on variant debug: 1 issues found
Ran lint on variant release: 1 issues found
Wrote HTML report to file:/tmp/rdisk/490/src/sample/build/outputs/lint-results.html
Wrote XML report to /tmp/rdisk/490/src/sample/build/outputs/lint-results.xml
:sample:check
:sample:build

BUILD SUCCESSFUL

Total time: 26.451 secs

2018-04-09 21:48:43,938 INFO  FullProcessService - Found APK file: /tmp/rdisk/490/src/sample/build/outputs/apk/sample-release-unsigned.apk
