2018-04-10 18:06:16,845 INFO  DownloadService - Downloading "https://github.com/johnkil/Android-ProgressFragment/archive/master.zip", attempt 3
2018-04-10 18:06:17,590 INFO  DownloadService - Downloaded https://github.com/johnkil/Android-ProgressFragment/archive/master.zip, attempt 3
2018-04-10 18:06:17,590 INFO  DownloadService - Size of file "/tmp/rdisk/366/master.zip": 2 MB
2018-04-10 18:06:17,591 INFO  ArchiveUtils - Checking entries [.gradle] in ZIP file...
2018-04-10 18:06:17,591 INFO  ArchiveUtils - Has entries [.gradle] in ZIP file /tmp/rdisk/366/master.zip: true
2018-04-10 18:06:17,591 DEBUG ZipUtil - Extracting '/tmp/rdisk/366/master.zip' into '/tmp/rdisk/366/src'.
2018-04-10 18:06:17,637 INFO  FullProcessService - Size of directory with sources: 3 MB
2018-04-10 18:06:17,637 INFO  SysUtils - Execute command: [git, init, /tmp/rdisk/366/src]
2018-04-10 18:06:17,643 INFO  SysUtils - Initialized empty Git repository in /tmp/rdisk/366/src/.git/

2018-04-10 18:06:17,648 INFO  ProjectBuildService - Gradle wrapper(s): /tmp/rdisk/366/src/Android-ProgressFragment-master/gradlew
2018-04-10 18:06:17,654 INFO  ProjectBuildService - Build script(s): /tmp/rdisk/366/src/Android-ProgressFragment-master/progressfragment-native-sample/build.gradle /tmp/rdisk/366/src/Android-ProgressFragment-master/progressfragment-native/build.gradle /tmp/rdisk/366/src/Android-ProgressFragment-master/progressfragment-sample/build.gradle /tmp/rdisk/366/src/Android-ProgressFragment-master/progressfragment/build.gradle /tmp/rdisk/366/src/Android-ProgressFragment-master/sherlockprogressfragment-sample/build.gradle /tmp/rdisk/366/src/Android-ProgressFragment-master/sherlockprogressfragment/build.gradle /tmp/rdisk/366/src/Android-ProgressFragment-master/build.gradle
2018-04-10 18:06:17,658 INFO  ProjectBuildService - All script(s): /tmp/rdisk/366/src/Android-ProgressFragment-master/sherlockprogressfragment/build.gradle /tmp/rdisk/366/src/Android-ProgressFragment-master/sherlockprogressfragment-sample/build.gradle /tmp/rdisk/366/src/Android-ProgressFragment-master/settings.gradle /tmp/rdisk/366/src/Android-ProgressFragment-master/progressfragment/build.gradle /tmp/rdisk/366/src/Android-ProgressFragment-master/progressfragment-sample/build.gradle /tmp/rdisk/366/src/Android-ProgressFragment-master/progressfragment-native/build.gradle /tmp/rdisk/366/src/Android-ProgressFragment-master/progressfragment-native-sample/build.gradle /tmp/rdisk/366/src/Android-ProgressFragment-master/maven_push.gradle /tmp/rdisk/366/src/Android-ProgressFragment-master/build.gradle
2018-04-10 18:06:17,659 INFO  ProjectBuildService - Remote scripts: none
2018-04-10 18:06:17,659 INFO  ProjectFixService - Fixing project...
2018-04-10 18:06:17,674 INFO  LocalPropertiesFixService - Created fake /tmp/rdisk/366/src/Android-ProgressFragment-master/progressfragment-native-sample/local.properties
2018-04-10 18:06:17,676 INFO  ProjectFixService - Build info for "/tmp/rdisk/366/src/Android-ProgressFragment-master/progressfragment-native-sample/build.gradle": [buildToolsVersion=19.0.3,compileSdkVersion=19,minSdkVersion=14,targetSdkVersion=19]
2018-04-10 18:06:17,676 INFO  ProjectFixService - Fixed build info for "/tmp/rdisk/366/src/Android-ProgressFragment-master/progressfragment-native-sample/build.gradle": [buildToolsVersion=19.1.0,compileSdkVersion=19,minSdkVersion=14,targetSdkVersion=19]
2018-04-10 18:06:17,678 INFO  LocalPropertiesFixService - Created fake /tmp/rdisk/366/src/Android-ProgressFragment-master/progressfragment-native/local.properties
2018-04-10 18:06:17,678 INFO  ProjectFixService - Build info for "/tmp/rdisk/366/src/Android-ProgressFragment-master/progressfragment-native/build.gradle": [buildToolsVersion=19.0.3,compileSdkVersion=19,minSdkVersion=13,targetSdkVersion=19]
2018-04-10 18:06:17,678 INFO  ProjectFixService - Fixed build info for "/tmp/rdisk/366/src/Android-ProgressFragment-master/progressfragment-native/build.gradle": [buildToolsVersion=19.1.0,compileSdkVersion=19,minSdkVersion=13,targetSdkVersion=19]
2018-04-10 18:06:17,679 INFO  LocalPropertiesFixService - Created fake /tmp/rdisk/366/src/Android-ProgressFragment-master/progressfragment-sample/local.properties
2018-04-10 18:06:17,679 INFO  ProjectFixService - Build info for "/tmp/rdisk/366/src/Android-ProgressFragment-master/progressfragment-sample/build.gradle": [buildToolsVersion=19.0.3,compileSdkVersion=19,minSdkVersion=4,targetSdkVersion=19]
2018-04-10 18:06:17,680 INFO  ProjectFixService - Fixed build info for "/tmp/rdisk/366/src/Android-ProgressFragment-master/progressfragment-sample/build.gradle": [buildToolsVersion=19.1.0,compileSdkVersion=19,minSdkVersion=7,targetSdkVersion=19]
2018-04-10 18:06:17,680 INFO  LocalPropertiesFixService - Created fake /tmp/rdisk/366/src/Android-ProgressFragment-master/progressfragment/local.properties
2018-04-10 18:06:17,680 INFO  ProjectFixService - Build info for "/tmp/rdisk/366/src/Android-ProgressFragment-master/progressfragment/build.gradle": [buildToolsVersion=19.0.3,compileSdkVersion=19,minSdkVersion=4,targetSdkVersion=19]
2018-04-10 18:06:17,681 INFO  ProjectFixService - Fixed build info for "/tmp/rdisk/366/src/Android-ProgressFragment-master/progressfragment/build.gradle": [buildToolsVersion=19.1.0,compileSdkVersion=19,minSdkVersion=7,targetSdkVersion=19]
2018-04-10 18:06:17,681 INFO  LocalPropertiesFixService - Created fake /tmp/rdisk/366/src/Android-ProgressFragment-master/sherlockprogressfragment-sample/local.properties
2018-04-10 18:06:17,682 INFO  ProjectFixService - Build info for "/tmp/rdisk/366/src/Android-ProgressFragment-master/sherlockprogressfragment-sample/build.gradle": [buildToolsVersion=19.0.3,compileSdkVersion=19,minSdkVersion=7,targetSdkVersion=19]
2018-04-10 18:06:17,682 INFO  ProjectFixService - Fixed build info for "/tmp/rdisk/366/src/Android-ProgressFragment-master/sherlockprogressfragment-sample/build.gradle": [buildToolsVersion=19.1.0,compileSdkVersion=19,minSdkVersion=7,targetSdkVersion=19]
2018-04-10 18:06:17,683 INFO  LocalPropertiesFixService - Created fake /tmp/rdisk/366/src/Android-ProgressFragment-master/sherlockprogressfragment/local.properties
2018-04-10 18:06:17,683 INFO  ProjectFixService - Build info for "/tmp/rdisk/366/src/Android-ProgressFragment-master/sherlockprogressfragment/build.gradle": [buildToolsVersion=19.0.3,compileSdkVersion=19,minSdkVersion=7,targetSdkVersion=19]
2018-04-10 18:06:17,683 INFO  ProjectFixService - Fixed build info for "/tmp/rdisk/366/src/Android-ProgressFragment-master/sherlockprogressfragment/build.gradle": [buildToolsVersion=19.1.0,compileSdkVersion=19,minSdkVersion=7,targetSdkVersion=19]
2018-04-10 18:06:17,684 INFO  LocalPropertiesFixService - Created fake /tmp/rdisk/366/src/Android-ProgressFragment-master/local.properties
2018-04-10 18:06:17,684 INFO  WrapperPropertiesFixService - Gradle wrapper: http://services.gradle.org/distributions/gradle-1.11-all.zip
2018-04-10 18:06:17,684 INFO  WrapperPropertiesFixService - Gradle wrapper was changed from "-all.zip" to "-bin.zip" (http://services.gradle.org/distributions/gradle-1.11-bin.zip)
2018-04-10 18:06:17,685 INFO  ProjectFixService - Build info for "/tmp/rdisk/366/src/Android-ProgressFragment-master/build.gradle": [buildToolsVersion=19.1.0,compileSdkVersion=19,minSdkVersion=7,targetSdkVersion=19]
2018-04-10 18:06:17,685 INFO  ProjectFixService - Project was maybe fixed
2018-04-10 18:06:17,685 INFO  ProjectTaskService - Detecting possible tasks...
2018-04-10 18:06:17,686 INFO  SysUtils - Execute command: [/tmp/rdisk/366/src/Android-ProgressFragment-master/gradlew, -b, /tmp/rdisk/366/src/Android-ProgressFragment-master/progressfragment-native-sample/build.gradle, -Dorg.gradle.daemon=false, -Dorg.gradle.daemon.performance.enable-monitoring=false, -Dorg.gradle.configureondemand=true, tasks]
2018-04-10 18:06:25,256 ERROR ProjectTaskService - Could not detect possible Gradle tasks: Process exited with an error: 1 (Exit value: 1)
2018-04-10 18:06:25,256 INFO  ProjectTaskService - Detected possible tasks: 0
2018-04-10 18:06:25,257 INFO  ProjectTaskService - Excluded tasks (0): none
2018-04-10 18:06:25,257 INFO  SysUtils - Execute command: [/tmp/rdisk/366/src/Android-ProgressFragment-master/gradlew, -b, /tmp/rdisk/366/src/Android-ProgressFragment-master/progressfragment-native-sample/build.gradle, -Dorg.gradle.daemon=false, -Dorg.gradle.daemon.performance.enable-monitoring=false, -Dorg.gradle.configureondemand=true, --stacktrace, build]
2018-04-10 18:06:31,458 ERROR SysUtils - Could not process external command
org.apache.commons.exec.ExecuteException: Process exited with an error: 1 (Exit value: 1)
	at org.apache.commons.exec.DefaultExecutor.executeInternal(DefaultExecutor.java:404)
	at org.apache.commons.exec.DefaultExecutor.execute(DefaultExecutor.java:166)
	at com.github.vbauer.apkmaster.util.SysUtils.execute(SysUtils.java:67)
	at com.github.vbauer.apkmaster.util.SysUtils.executeSimple(SysUtils.java:43)
	at com.github.vbauer.apkmaster.service.assembly.ProjectBuildService.buildProject(ProjectBuildService.java:78)
	at com.github.vbauer.apkmaster.service.assembly.ProjectBuildService.buildProject(ProjectBuildService.java:64)
	at com.github.vbauer.apkmaster.service.assembly.ProjectBuildService.buildProject(ProjectBuildService.java:43)
	at com.github.vbauer.apkmaster.service.FullProcessService.build(FullProcessService.java:84)
	at com.github.vbauer.apkmaster.service.FullProcessService.process(FullProcessService.java:34)
	at com.github.vbauer.apkmaster.app.MainApplication.process(MainApplication.java:38)
	at com.github.vbauer.apkmaster.app.MainApplication.main(MainApplication.java:20)
	at sun.reflect.GeneratedMethodAccessor9.invoke(Unknown Source)
	at sun.reflect.DelegatingMethodAccessorImpl.invoke(DelegatingMethodAccessorImpl.java:43)
	at java.lang.reflect.Method.invoke(Method.java:498)
	at com.android.arsenal.util.ReflectionUtils.invoke(ReflectionUtils.java:42)
	at com.android.arsenal.util.ApkMasterUtils.main(ApkMasterUtils.java:30)
	at com.android.arsenal.service.processor.impl.BuildProcessorServiceImpl.buildProject(BuildProcessorServiceImpl.java:197)
	at com.android.arsenal.service.processor.impl.BuildProcessorServiceImpl.build(BuildProcessorServiceImpl.java:131)
	at com.android.arsenal.service.processor.impl.BuildProcessorServiceImpl.lambda$null$1(BuildProcessorServiceImpl.java:114)
	at java.util.concurrent.FutureTask.run(FutureTask.java:266)
	at java.util.concurrent.Executors$RunnableAdapter.call(Executors.java:511)
	at java.util.concurrent.FutureTask.run(FutureTask.java:266)
	at java.util.concurrent.ThreadPoolExecutor.runWorker(ThreadPoolExecutor.java:1149)
	at java.util.concurrent.ThreadPoolExecutor$Worker.run(ThreadPoolExecutor.java:624)
	at java.lang.Thread.run(Thread.java:748)
2018-04-10 18:06:31,458 INFO  SysUtils - Configuration on demand is an incubating feature.
DEBUG BUILD

FAILURE: Build failed with an exception.

* Where:
Script '/tmp/rdisk/366/src/Android-ProgressFragment-master/maven_push.gradle' line: 22

* What went wrong:
A problem occurred evaluating root project 'Android-ProgressFragment-master'.
> A problem occurred configuring project ':progressfragment'.
   > No such property: nexusUsername for class: org.gradle.api.publication.maven.internal.ant.DefaultGroovyMavenDeployer

* Try:
Run with --info or --debug option to get more log output.

* Exception is:
org.gradle.api.GradleScriptException: A problem occurred evaluating root project 'Android-ProgressFragment-master'.
	at org.gradle.groovy.scripts.internal.DefaultScriptRunnerFactory$ScriptRunnerImpl.run(DefaultScriptRunnerFactory.java:54)
	at org.gradle.configuration.DefaultScriptPluginFactory$ScriptPluginImpl.apply(DefaultScriptPluginFactory.java:177)
	at org.gradle.configuration.project.BuildScriptProcessor.execute(BuildScriptProcessor.java:38)
	at org.gradle.configuration.project.BuildScriptProcessor.execute(BuildScriptProcessor.java:25)
	at org.gradle.configuration.project.ConfigureActionsProjectEvaluator.evaluate(ConfigureActionsProjectEvaluator.java:34)
	at org.gradle.configuration.project.LifecycleProjectEvaluator.evaluate(LifecycleProjectEvaluator.java:55)
	at org.gradle.api.internal.project.AbstractProject.evaluate(AbstractProject.java:507)
	at org.gradle.api.internal.project.AbstractProject.evaluate(AbstractProject.java:82)
	at org.gradle.configuration.DefaultBuildConfigurer.configure(DefaultBuildConfigurer.java:28)
	at org.gradle.initialization.DefaultGradleLauncher.doBuildStages(DefaultGradleLauncher.java:142)
	at org.gradle.initialization.DefaultGradleLauncher.doBuild(DefaultGradleLauncher.java:113)
	at org.gradle.initialization.DefaultGradleLauncher.run(DefaultGradleLauncher.java:81)
	at org.gradle.launcher.exec.InProcessBuildActionExecuter$DefaultBuildController.run(InProcessBuildActionExecuter.java:64)
	at org.gradle.launcher.cli.ExecuteBuildAction.run(ExecuteBuildAction.java:33)
	at org.gradle.launcher.cli.ExecuteBuildAction.run(ExecuteBuildAction.java:24)
	at org.gradle.launcher.exec.InProcessBuildActionExecuter.execute(InProcessBuildActionExecuter.java:35)
	at org.gradle.launcher.exec.InProcessBuildActionExecuter.execute(InProcessBuildActionExecuter.java:26)
	at org.gradle.launcher.cli.RunBuildAction.run(RunBuildAction.java:50)
	at org.gradle.internal.Actions$RunnableActionAdapter.execute(Actions.java:171)
	at org.gradle.launcher.cli.CommandLineActionFactory$ParseAndBuildAction.execute(CommandLineActionFactory.java:201)
	at org.gradle.launcher.cli.CommandLineActionFactory$ParseAndBuildAction.execute(CommandLineActionFactory.java:174)
	at org.gradle.launcher.cli.CommandLineActionFactory$WithLogging.execute(CommandLineActionFactory.java:170)
	at org.gradle.launcher.cli.CommandLineActionFactory$WithLogging.execute(CommandLineActionFactory.java:139)
	at org.gradle.launcher.cli.ExceptionReportingAction.execute(ExceptionReportingAction.java:33)
	at org.gradle.launcher.cli.ExceptionReportingAction.execute(ExceptionReportingAction.java:22)
	at org.gradle.launcher.Main.doAction(Main.java:46)
	at org.gradle.launcher.bootstrap.EntryPoint.run(EntryPoint.java:45)
	at org.gradle.launcher.Main.main(Main.java:37)
	at org.gradle.launcher.bootstrap.ProcessBootstrap.runNoExit(ProcessBootstrap.java:50)
	at org.gradle.launcher.bootstrap.ProcessBootstrap.run(ProcessBootstrap.java:32)
	at org.gradle.launcher.GradleMain.main(GradleMain.java:23)
	at org.gradle.wrapper.BootstrapMainStarter.start(BootstrapMainStarter.java:30)
	at org.gradle.wrapper.WrapperExecutor.execute(WrapperExecutor.java:127)
	at org.gradle.wrapper.GradleWrapperMain.main(GradleWrapperMain.java:58)
Caused by: org.gradle.api.ProjectConfigurationException: A problem occurred configuring project ':progressfragment'.
	at org.gradle.configuration.project.LifecycleProjectEvaluator.addConfigurationFailure(LifecycleProjectEvaluator.java:79)
	at org.gradle.configuration.project.LifecycleProjectEvaluator.notifyAfterEvaluate(LifecycleProjectEvaluator.java:74)
	at org.gradle.configuration.project.LifecycleProjectEvaluator.evaluate(LifecycleProjectEvaluator.java:61)
	at org.gradle.api.internal.project.AbstractProject.evaluate(AbstractProject.java:507)
	at org.gradle.api.internal.project.AbstractProject.evaluationDependsOn(AbstractProject.java:611)
	at org.gradle.api.internal.project.AbstractProject.evaluationDependsOnChildren(AbstractProject.java:594)
	at org.gradle.api.Project$evaluationDependsOnChildren.call(Unknown Source)
	at com.android.build.gradle.ReportingPlugin.apply(ReportingPlugin.groovy:43)
	at com.android.build.gradle.ReportingPlugin.apply(ReportingPlugin.groovy)
	at org.gradle.api.internal.plugins.DefaultPluginContainer.providePlugin(DefaultPluginContainer.java:104)
	at org.gradle.api.internal.plugins.DefaultPluginContainer.addPluginInternal(DefaultPluginContainer.java:68)
	at org.gradle.api.internal.plugins.DefaultPluginContainer.apply(DefaultPluginContainer.java:34)
	at org.gradle.api.internal.plugins.DefaultObjectConfigurationAction.applyPlugin(DefaultObjectConfigurationAction.java:101)
	at org.gradle.api.internal.plugins.DefaultObjectConfigurationAction.access$200(DefaultObjectConfigurationAction.java:32)
	at org.gradle.api.internal.plugins.DefaultObjectConfigurationAction$3.run(DefaultObjectConfigurationAction.java:72)
	at org.gradle.api.internal.plugins.DefaultObjectConfigurationAction.execute(DefaultObjectConfigurationAction.java:114)
	at org.gradle.api.internal.project.AbstractPluginAware.apply(AbstractPluginAware.java:39)
	at org.gradle.api.Project$apply.call(Unknown Source)
	at org.gradle.api.internal.project.ProjectScript.apply(ProjectScript.groovy:34)
	at org.gradle.api.Script$apply.callCurrent(Unknown Source)
	at build_3dl3trm12ieq56afgnm1jsei7t.run(/tmp/rdisk/366/src/Android-ProgressFragment-master/build.gradle:24)
	at org.gradle.groovy.scripts.internal.DefaultScriptRunnerFactory$ScriptRunnerImpl.run(DefaultScriptRunnerFactory.java:52)
	... 33 more
Caused by: groovy.lang.MissingPropertyException: No such property: nexusUsername for class: org.gradle.api.publication.maven.internal.ant.DefaultGroovyMavenDeployer
	at maven_push_7ia2unoj2k50p90b2otmm5bv8m$_run_closure1_closure2_closure8_closure9_closure11.doCall(/tmp/rdisk/366/src/Android-ProgressFragment-master/maven_push.gradle:22)
	at maven_push_7ia2unoj2k50p90b2otmm5bv8m$_run_closure1_closure2_closure8_closure9_closure11.doCall(/tmp/rdisk/366/src/Android-ProgressFragment-master/maven_push.gradle)
	at org.gradle.api.publication.maven.internal.ant.DefaultGroovyMavenDeployer.methodMissing(DefaultGroovyMavenDeployer.groovy:36)
	at org.gradle.api.publication.maven.internal.ant.DefaultGroovyMavenDeployer.invokeMethod(DefaultGroovyMavenDeployer.groovy)
	at maven_push_7ia2unoj2k50p90b2otmm5bv8m$_run_closure1_closure2_closure8_closure9.doCall(/tmp/rdisk/366/src/Android-ProgressFragment-master/maven_push.gradle:21)
	at org.gradle.api.internal.ClosureBackedAction.execute(ClosureBackedAction.java:58)
	at org.gradle.api.internal.artifacts.DefaultArtifactRepositoryContainer.addRepository(DefaultArtifactRepositoryContainer.java:185)
	at org.gradle.api.publication.maven.internal.DefaultMavenRepositoryHandlerConvention.mavenDeployer(DefaultMavenRepositoryHandlerConvention.java:43)
	at org.gradle.api.internal.BeanDynamicObject$MetaClassAdapter.invokeMethod(BeanDynamicObject.java:225)
	at org.gradle.api.internal.BeanDynamicObject.invokeMethod(BeanDynamicObject.java:129)
	at org.gradle.api.internal.plugins.DefaultConvention$ExtensionsDynamicObject.invokeMethod(DefaultConvention.java:218)
	at org.gradle.api.internal.CompositeDynamicObject.invokeMethod(CompositeDynamicObject.java:147)
	at org.gradle.api.internal.CompositeDynamicObject.invokeMethod(CompositeDynamicObject.java:147)
	at org.gradle.api.internal.artifacts.dsl.DefaultRepositoryHandler_Decorated.invokeMethod(Unknown Source)
	at maven_push_7ia2unoj2k50p90b2otmm5bv8m$_run_closure1_closure2_closure8.doCall(/tmp/rdisk/366/src/Android-ProgressFragment-master/maven_push.gradle:16)
	at org.gradle.api.internal.ClosureBackedAction.execute(ClosureBackedAction.java:58)
	at org.gradle.util.ConfigureUtil.configure(ConfigureUtil.java:130)
	at org.gradle.util.ConfigureUtil.configure(ConfigureUtil.java:110)
	at org.gradle.api.internal.artifacts.DefaultArtifactRepositoryContainer.configure(DefaultArtifactRepositoryContainer.java:73)
	at org.gradle.api.internal.artifacts.DefaultArtifactRepositoryContainer.configure(DefaultArtifactRepositoryContainer.java:41)
	at org.gradle.api.internal.ClosureBackedAction.execute(ClosureBackedAction.java:50)
	at org.gradle.util.ConfigureUtil.configure(ConfigureUtil.java:130)
	at org.gradle.util.ConfigureUtil.configure(ConfigureUtil.java:91)
	at org.gradle.api.tasks.Upload.repositories(Upload.java:118)
	at maven_push_7ia2unoj2k50p90b2otmm5bv8m$_run_closure1_closure2.doCall(/tmp/rdisk/366/src/Android-ProgressFragment-master/maven_push.gradle:15)
	at org.gradle.api.internal.ClosureBackedAction.execute(ClosureBackedAction.java:58)
	at org.gradle.util.ConfigureUtil.configure(ConfigureUtil.java:130)
	at org.gradle.util.ConfigureUtil.configure(ConfigureUtil.java:110)
	at org.gradle.api.internal.AbstractTask.configure(AbstractTask.java:439)
	at org.gradle.api.internal.AbstractTask.configure(AbstractTask.java:59)
	at org.gradle.api.internal.ClosureBackedAction.execute(ClosureBackedAction.java:50)
	at org.gradle.util.ConfigureUtil.configure(ConfigureUtil.java:130)
	at org.gradle.util.ConfigureUtil.configure(ConfigureUtil.java:91)
	at org.gradle.api.internal.DefaultNamedDomainObjectCollection$ContainerElementsDynamicObject.invokeMethod(DefaultNamedDomainObjectCollection.java:324)
	at org.gradle.api.internal.CompositeDynamicObject.invokeMethod(CompositeDynamicObject.java:147)
	at org.gradle.groovy.scripts.BasicScript.methodMissing(BasicScript.java:79)
	at maven_push_7ia2unoj2k50p90b2otmm5bv8m$_run_closure1.doCall(/tmp/rdisk/366/src/Android-ProgressFragment-master/maven_push.gradle:14)
	at org.gradle.listener.ClosureBackedMethodInvocationDispatch.dispatch(ClosureBackedMethodInvocationDispatch.java:40)
	at org.gradle.listener.ClosureBackedMethodInvocationDispatch.dispatch(ClosureBackedMethodInvocationDispatch.java:25)
	at org.gradle.listener.BroadcastDispatch.dispatch(BroadcastDispatch.java:79)
	at org.gradle.listener.BroadcastDispatch.dispatch(BroadcastDispatch.java:31)
	at org.gradle.messaging.dispatch.ProxyDispatchAdapter$DispatchingInvocationHandler.invoke(ProxyDispatchAdapter.java:93)
	at com.sun.proxy.$Proxy14.afterEvaluate(Unknown Source)
	at org.gradle.configuration.project.LifecycleProjectEvaluator.notifyAfterEvaluate(LifecycleProjectEvaluator.java:67)
	... 53 more


BUILD FAILED

Total time: 5.748 secs

2018-04-10 18:06:31,463 INFO  ProjectTaskService - Detecting possible tasks...
2018-04-10 18:06:31,464 INFO  SysUtils - Execute command: [/tmp/rdisk/366/src/Android-ProgressFragment-master/gradlew, -b, /tmp/rdisk/366/src/Android-ProgressFragment-master/progressfragment-native/build.gradle, -Dorg.gradle.daemon=false, -Dorg.gradle.daemon.performance.enable-monitoring=false, -Dorg.gradle.configureondemand=true, tasks]
2018-04-10 18:06:37,684 ERROR ProjectTaskService - Could not detect possible Gradle tasks: Process exited with an error: 1 (Exit value: 1)
2018-04-10 18:06:37,685 INFO  ProjectTaskService - Detected possible tasks: 0
2018-04-10 18:06:37,685 INFO  ProjectTaskService - Excluded tasks (0): none
2018-04-10 18:06:37,685 INFO  SysUtils - Execute command: [/tmp/rdisk/366/src/Android-ProgressFragment-master/gradlew, -b, /tmp/rdisk/366/src/Android-ProgressFragment-master/progressfragment-native/build.gradle, -Dorg.gradle.daemon=false, -Dorg.gradle.daemon.performance.enable-monitoring=false, -Dorg.gradle.configureondemand=true, --stacktrace, build]
2018-04-10 18:06:43,879 ERROR SysUtils - Could not process external command
org.apache.commons.exec.ExecuteException: Process exited with an error: 1 (Exit value: 1)
	at org.apache.commons.exec.DefaultExecutor.executeInternal(DefaultExecutor.java:404)
	at org.apache.commons.exec.DefaultExecutor.execute(DefaultExecutor.java:166)
	at com.github.vbauer.apkmaster.util.SysUtils.execute(SysUtils.java:67)
	at com.github.vbauer.apkmaster.util.SysUtils.executeSimple(SysUtils.java:43)
	at com.github.vbauer.apkmaster.service.assembly.ProjectBuildService.buildProject(ProjectBuildService.java:78)
	at com.github.vbauer.apkmaster.service.assembly.ProjectBuildService.buildProject(ProjectBuildService.java:64)
	at com.github.vbauer.apkmaster.service.assembly.ProjectBuildService.buildProject(ProjectBuildService.java:43)
	at com.github.vbauer.apkmaster.service.FullProcessService.build(FullProcessService.java:84)
	at com.github.vbauer.apkmaster.service.FullProcessService.process(FullProcessService.java:34)
	at com.github.vbauer.apkmaster.app.MainApplication.process(MainApplication.java:38)
	at com.github.vbauer.apkmaster.app.MainApplication.main(MainApplication.java:20)
	at sun.reflect.GeneratedMethodAccessor9.invoke(Unknown Source)
	at sun.reflect.DelegatingMethodAccessorImpl.invoke(DelegatingMethodAccessorImpl.java:43)
	at java.lang.reflect.Method.invoke(Method.java:498)
	at com.android.arsenal.util.ReflectionUtils.invoke(ReflectionUtils.java:42)
	at com.android.arsenal.util.ApkMasterUtils.main(ApkMasterUtils.java:30)
	at com.android.arsenal.service.processor.impl.BuildProcessorServiceImpl.buildProject(BuildProcessorServiceImpl.java:197)
	at com.android.arsenal.service.processor.impl.BuildProcessorServiceImpl.build(BuildProcessorServiceImpl.java:131)
	at com.android.arsenal.service.processor.impl.BuildProcessorServiceImpl.lambda$null$1(BuildProcessorServiceImpl.java:114)
	at java.util.concurrent.FutureTask.run(FutureTask.java:266)
	at java.util.concurrent.Executors$RunnableAdapter.call(Executors.java:511)
	at java.util.concurrent.FutureTask.run(FutureTask.java:266)
	at java.util.concurrent.ThreadPoolExecutor.runWorker(ThreadPoolExecutor.java:1149)
	at java.util.concurrent.ThreadPoolExecutor$Worker.run(ThreadPoolExecutor.java:624)
	at java.lang.Thread.run(Thread.java:748)
2018-04-10 18:06:43,879 INFO  SysUtils - Configuration on demand is an incubating feature.
DEBUG BUILD

FAILURE: Build failed with an exception.

* Where:
Script '/tmp/rdisk/366/src/Android-ProgressFragment-master/maven_push.gradle' line: 22

* What went wrong:
A problem occurred evaluating root project 'Android-ProgressFragment-master'.
> A problem occurred configuring project ':progressfragment'.
   > No such property: nexusUsername for class: org.gradle.api.publication.maven.internal.ant.DefaultGroovyMavenDeployer

* Try:
Run with --info or --debug option to get more log output.

* Exception is:
org.gradle.api.GradleScriptException: A problem occurred evaluating root project 'Android-ProgressFragment-master'.
	at org.gradle.groovy.scripts.internal.DefaultScriptRunnerFactory$ScriptRunnerImpl.run(DefaultScriptRunnerFactory.java:54)
	at org.gradle.configuration.DefaultScriptPluginFactory$ScriptPluginImpl.apply(DefaultScriptPluginFactory.java:177)
	at org.gradle.configuration.project.BuildScriptProcessor.execute(BuildScriptProcessor.java:38)
	at org.gradle.configuration.project.BuildScriptProcessor.execute(BuildScriptProcessor.java:25)
	at org.gradle.configuration.project.ConfigureActionsProjectEvaluator.evaluate(ConfigureActionsProjectEvaluator.java:34)
	at org.gradle.configuration.project.LifecycleProjectEvaluator.evaluate(LifecycleProjectEvaluator.java:55)
	at org.gradle.api.internal.project.AbstractProject.evaluate(AbstractProject.java:507)
	at org.gradle.api.internal.project.AbstractProject.evaluate(AbstractProject.java:82)
	at org.gradle.configuration.DefaultBuildConfigurer.configure(DefaultBuildConfigurer.java:28)
	at org.gradle.initialization.DefaultGradleLauncher.doBuildStages(DefaultGradleLauncher.java:142)
	at org.gradle.initialization.DefaultGradleLauncher.doBuild(DefaultGradleLauncher.java:113)
	at org.gradle.initialization.DefaultGradleLauncher.run(DefaultGradleLauncher.java:81)
	at org.gradle.launcher.exec.InProcessBuildActionExecuter$DefaultBuildController.run(InProcessBuildActionExecuter.java:64)
	at org.gradle.launcher.cli.ExecuteBuildAction.run(ExecuteBuildAction.java:33)
	at org.gradle.launcher.cli.ExecuteBuildAction.run(ExecuteBuildAction.java:24)
	at org.gradle.launcher.exec.InProcessBuildActionExecuter.execute(InProcessBuildActionExecuter.java:35)
	at org.gradle.launcher.exec.InProcessBuildActionExecuter.execute(InProcessBuildActionExecuter.java:26)
	at org.gradle.launcher.cli.RunBuildAction.run(RunBuildAction.java:50)
	at org.gradle.internal.Actions$RunnableActionAdapter.execute(Actions.java:171)
	at org.gradle.launcher.cli.CommandLineActionFactory$ParseAndBuildAction.execute(CommandLineActionFactory.java:201)
	at org.gradle.launcher.cli.CommandLineActionFactory$ParseAndBuildAction.execute(CommandLineActionFactory.java:174)
	at org.gradle.launcher.cli.CommandLineActionFactory$WithLogging.execute(CommandLineActionFactory.java:170)
	at org.gradle.launcher.cli.CommandLineActionFactory$WithLogging.execute(CommandLineActionFactory.java:139)
	at org.gradle.launcher.cli.ExceptionReportingAction.execute(ExceptionReportingAction.java:33)
	at org.gradle.launcher.cli.ExceptionReportingAction.execute(ExceptionReportingAction.java:22)
	at org.gradle.launcher.Main.doAction(Main.java:46)
	at org.gradle.launcher.bootstrap.EntryPoint.run(EntryPoint.java:45)
	at org.gradle.launcher.Main.main(Main.java:37)
	at org.gradle.launcher.bootstrap.ProcessBootstrap.runNoExit(ProcessBootstrap.java:50)
	at org.gradle.launcher.bootstrap.ProcessBootstrap.run(ProcessBootstrap.java:32)
	at org.gradle.launcher.GradleMain.main(GradleMain.java:23)
	at org.gradle.wrapper.BootstrapMainStarter.start(BootstrapMainStarter.java:30)
	at org.gradle.wrapper.WrapperExecutor.execute(WrapperExecutor.java:127)
	at org.gradle.wrapper.GradleWrapperMain.main(GradleWrapperMain.java:58)
Caused by: org.gradle.api.ProjectConfigurationException: A problem occurred configuring project ':progressfragment'.
	at org.gradle.configuration.project.LifecycleProjectEvaluator.addConfigurationFailure(LifecycleProjectEvaluator.java:79)
	at org.gradle.configuration.project.LifecycleProjectEvaluator.notifyAfterEvaluate(LifecycleProjectEvaluator.java:74)
	at org.gradle.configuration.project.LifecycleProjectEvaluator.evaluate(LifecycleProjectEvaluator.java:61)
	at org.gradle.api.internal.project.AbstractProject.evaluate(AbstractProject.java:507)
	at org.gradle.api.internal.project.AbstractProject.evaluationDependsOn(AbstractProject.java:611)
	at org.gradle.api.internal.project.AbstractProject.evaluationDependsOnChildren(AbstractProject.java:594)
	at org.gradle.api.Project$evaluationDependsOnChildren.call(Unknown Source)
	at com.android.build.gradle.ReportingPlugin.apply(ReportingPlugin.groovy:43)
	at com.android.build.gradle.ReportingPlugin.apply(ReportingPlugin.groovy)
	at org.gradle.api.internal.plugins.DefaultPluginContainer.providePlugin(DefaultPluginContainer.java:104)
	at org.gradle.api.internal.plugins.DefaultPluginContainer.addPluginInternal(DefaultPluginContainer.java:68)
	at org.gradle.api.internal.plugins.DefaultPluginContainer.apply(DefaultPluginContainer.java:34)
	at org.gradle.api.internal.plugins.DefaultObjectConfigurationAction.applyPlugin(DefaultObjectConfigurationAction.java:101)
	at org.gradle.api.internal.plugins.DefaultObjectConfigurationAction.access$200(DefaultObjectConfigurationAction.java:32)
	at org.gradle.api.internal.plugins.DefaultObjectConfigurationAction$3.run(DefaultObjectConfigurationAction.java:72)
	at org.gradle.api.internal.plugins.DefaultObjectConfigurationAction.execute(DefaultObjectConfigurationAction.java:114)
	at org.gradle.api.internal.project.AbstractPluginAware.apply(AbstractPluginAware.java:39)
	at org.gradle.api.Project$apply.call(Unknown Source)
	at org.gradle.api.internal.project.ProjectScript.apply(ProjectScript.groovy:34)
	at org.gradle.api.Script$apply.callCurrent(Unknown Source)
	at build_3dl3trm12ieq56afgnm1jsei7t.run(/tmp/rdisk/366/src/Android-ProgressFragment-master/build.gradle:24)
	at org.gradle.groovy.scripts.internal.DefaultScriptRunnerFactory$ScriptRunnerImpl.run(DefaultScriptRunnerFactory.java:52)
	... 33 more
Caused by: groovy.lang.MissingPropertyException: No such property: nexusUsername for class: org.gradle.api.publication.maven.internal.ant.DefaultGroovyMavenDeployer
	at maven_push_7ia2unoj2k50p90b2otmm5bv8m$_run_closure1_closure2_closure8_closure9_closure11.doCall(/tmp/rdisk/366/src/Android-ProgressFragment-master/maven_push.gradle:22)
	at maven_push_7ia2unoj2k50p90b2otmm5bv8m$_run_closure1_closure2_closure8_closure9_closure11.doCall(/tmp/rdisk/366/src/Android-ProgressFragment-master/maven_push.gradle)
	at org.gradle.api.publication.maven.internal.ant.DefaultGroovyMavenDeployer.methodMissing(DefaultGroovyMavenDeployer.groovy:36)
	at org.gradle.api.publication.maven.internal.ant.DefaultGroovyMavenDeployer.invokeMethod(DefaultGroovyMavenDeployer.groovy)
	at maven_push_7ia2unoj2k50p90b2otmm5bv8m$_run_closure1_closure2_closure8_closure9.doCall(/tmp/rdisk/366/src/Android-ProgressFragment-master/maven_push.gradle:21)
	at org.gradle.api.internal.ClosureBackedAction.execute(ClosureBackedAction.java:58)
	at org.gradle.api.internal.artifacts.DefaultArtifactRepositoryContainer.addRepository(DefaultArtifactRepositoryContainer.java:185)
	at org.gradle.api.publication.maven.internal.DefaultMavenRepositoryHandlerConvention.mavenDeployer(DefaultMavenRepositoryHandlerConvention.java:43)
	at org.gradle.api.internal.BeanDynamicObject$MetaClassAdapter.invokeMethod(BeanDynamicObject.java:225)
	at org.gradle.api.internal.BeanDynamicObject.invokeMethod(BeanDynamicObject.java:129)
	at org.gradle.api.internal.plugins.DefaultConvention$ExtensionsDynamicObject.invokeMethod(DefaultConvention.java:218)
	at org.gradle.api.internal.CompositeDynamicObject.invokeMethod(CompositeDynamicObject.java:147)
	at org.gradle.api.internal.CompositeDynamicObject.invokeMethod(CompositeDynamicObject.java:147)
	at org.gradle.api.internal.artifacts.dsl.DefaultRepositoryHandler_Decorated.invokeMethod(Unknown Source)
	at maven_push_7ia2unoj2k50p90b2otmm5bv8m$_run_closure1_closure2_closure8.doCall(/tmp/rdisk/366/src/Android-ProgressFragment-master/maven_push.gradle:16)
	at org.gradle.api.internal.ClosureBackedAction.execute(ClosureBackedAction.java:58)
	at org.gradle.util.ConfigureUtil.configure(ConfigureUtil.java:130)
	at org.gradle.util.ConfigureUtil.configure(ConfigureUtil.java:110)
	at org.gradle.api.internal.artifacts.DefaultArtifactRepositoryContainer.configure(DefaultArtifactRepositoryContainer.java:73)
	at org.gradle.api.internal.artifacts.DefaultArtifactRepositoryContainer.configure(DefaultArtifactRepositoryContainer.java:41)
	at org.gradle.api.internal.ClosureBackedAction.execute(ClosureBackedAction.java:50)
	at org.gradle.util.ConfigureUtil.configure(ConfigureUtil.java:130)
	at org.gradle.util.ConfigureUtil.configure(ConfigureUtil.java:91)
	at org.gradle.api.tasks.Upload.repositories(Upload.java:118)
	at maven_push_7ia2unoj2k50p90b2otmm5bv8m$_run_closure1_closure2.doCall(/tmp/rdisk/366/src/Android-ProgressFragment-master/maven_push.gradle:15)
	at org.gradle.api.internal.ClosureBackedAction.execute(ClosureBackedAction.java:58)
	at org.gradle.util.ConfigureUtil.configure(ConfigureUtil.java:130)
	at org.gradle.util.ConfigureUtil.configure(ConfigureUtil.java:110)
	at org.gradle.api.internal.AbstractTask.configure(AbstractTask.java:439)
	at org.gradle.api.internal.AbstractTask.configure(AbstractTask.java:59)
	at org.gradle.api.internal.ClosureBackedAction.execute(ClosureBackedAction.java:50)
	at org.gradle.util.ConfigureUtil.configure(ConfigureUtil.java:130)
	at org.gradle.util.ConfigureUtil.configure(ConfigureUtil.java:91)
	at org.gradle.api.internal.DefaultNamedDomainObjectCollection$ContainerElementsDynamicObject.invokeMethod(DefaultNamedDomainObjectCollection.java:324)
	at org.gradle.api.internal.CompositeDynamicObject.invokeMethod(CompositeDynamicObject.java:147)
	at org.gradle.groovy.scripts.BasicScript.methodMissing(BasicScript.java:79)
	at maven_push_7ia2unoj2k50p90b2otmm5bv8m$_run_closure1.doCall(/tmp/rdisk/366/src/Android-ProgressFragment-master/maven_push.gradle:14)
	at org.gradle.listener.ClosureBackedMethodInvocationDispatch.dispatch(ClosureBackedMethodInvocationDispatch.java:40)
	at org.gradle.listener.ClosureBackedMethodInvocationDispatch.dispatch(ClosureBackedMethodInvocationDispatch.java:25)
	at org.gradle.listener.BroadcastDispatch.dispatch(BroadcastDispatch.java:79)
	at org.gradle.listener.BroadcastDispatch.dispatch(BroadcastDispatch.java:31)
	at org.gradle.messaging.dispatch.ProxyDispatchAdapter$DispatchingInvocationHandler.invoke(ProxyDispatchAdapter.java:93)
	at com.sun.proxy.$Proxy14.afterEvaluate(Unknown Source)
	at org.gradle.configuration.project.LifecycleProjectEvaluator.notifyAfterEvaluate(LifecycleProjectEvaluator.java:67)
	... 53 more


BUILD FAILED

Total time: 5.715 secs

2018-04-10 18:06:43,885 INFO  ProjectTaskService - Detecting possible tasks...
2018-04-10 18:06:43,885 INFO  SysUtils - Execute command: [/tmp/rdisk/366/src/Android-ProgressFragment-master/gradlew, -b, /tmp/rdisk/366/src/Android-ProgressFragment-master/progressfragment-sample/build.gradle, -Dorg.gradle.daemon=false, -Dorg.gradle.daemon.performance.enable-monitoring=false, -Dorg.gradle.configureondemand=true, tasks]
2018-04-10 18:06:50,226 ERROR ProjectTaskService - Could not detect possible Gradle tasks: Process exited with an error: 1 (Exit value: 1)
2018-04-10 18:06:50,227 INFO  ProjectTaskService - Detected possible tasks: 0
2018-04-10 18:06:50,227 INFO  ProjectTaskService - Excluded tasks (0): none
2018-04-10 18:06:50,227 INFO  SysUtils - Execute command: [/tmp/rdisk/366/src/Android-ProgressFragment-master/gradlew, -b, /tmp/rdisk/366/src/Android-ProgressFragment-master/progressfragment-sample/build.gradle, -Dorg.gradle.daemon=false, -Dorg.gradle.daemon.performance.enable-monitoring=false, -Dorg.gradle.configureondemand=true, --stacktrace, build]
2018-04-10 18:06:56,505 ERROR SysUtils - Could not process external command
org.apache.commons.exec.ExecuteException: Process exited with an error: 1 (Exit value: 1)
	at org.apache.commons.exec.DefaultExecutor.executeInternal(DefaultExecutor.java:404)
	at org.apache.commons.exec.DefaultExecutor.execute(DefaultExecutor.java:166)
	at com.github.vbauer.apkmaster.util.SysUtils.execute(SysUtils.java:67)
	at com.github.vbauer.apkmaster.util.SysUtils.executeSimple(SysUtils.java:43)
	at com.github.vbauer.apkmaster.service.assembly.ProjectBuildService.buildProject(ProjectBuildService.java:78)
	at com.github.vbauer.apkmaster.service.assembly.ProjectBuildService.buildProject(ProjectBuildService.java:64)
	at com.github.vbauer.apkmaster.service.assembly.ProjectBuildService.buildProject(ProjectBuildService.java:43)
	at com.github.vbauer.apkmaster.service.FullProcessService.build(FullProcessService.java:84)
	at com.github.vbauer.apkmaster.service.FullProcessService.process(FullProcessService.java:34)
	at com.github.vbauer.apkmaster.app.MainApplication.process(MainApplication.java:38)
	at com.github.vbauer.apkmaster.app.MainApplication.main(MainApplication.java:20)
	at sun.reflect.GeneratedMethodAccessor9.invoke(Unknown Source)
	at sun.reflect.DelegatingMethodAccessorImpl.invoke(DelegatingMethodAccessorImpl.java:43)
	at java.lang.reflect.Method.invoke(Method.java:498)
	at com.android.arsenal.util.ReflectionUtils.invoke(ReflectionUtils.java:42)
	at com.android.arsenal.util.ApkMasterUtils.main(ApkMasterUtils.java:30)
	at com.android.arsenal.service.processor.impl.BuildProcessorServiceImpl.buildProject(BuildProcessorServiceImpl.java:197)
	at com.android.arsenal.service.processor.impl.BuildProcessorServiceImpl.build(BuildProcessorServiceImpl.java:131)
	at com.android.arsenal.service.processor.impl.BuildProcessorServiceImpl.lambda$null$1(BuildProcessorServiceImpl.java:114)
	at java.util.concurrent.FutureTask.run(FutureTask.java:266)
	at java.util.concurrent.Executors$RunnableAdapter.call(Executors.java:511)
	at java.util.concurrent.FutureTask.run(FutureTask.java:266)
	at java.util.concurrent.ThreadPoolExecutor.runWorker(ThreadPoolExecutor.java:1149)
	at java.util.concurrent.ThreadPoolExecutor$Worker.run(ThreadPoolExecutor.java:624)
	at java.lang.Thread.run(Thread.java:748)
2018-04-10 18:06:56,506 INFO  SysUtils - Configuration on demand is an incubating feature.
DEBUG BUILD

FAILURE: Build failed with an exception.

* Where:
Script '/tmp/rdisk/366/src/Android-ProgressFragment-master/maven_push.gradle' line: 22

* What went wrong:
A problem occurred evaluating root project 'Android-ProgressFragment-master'.
> A problem occurred configuring project ':progressfragment'.
   > No such property: nexusUsername for class: org.gradle.api.publication.maven.internal.ant.DefaultGroovyMavenDeployer

* Try:
Run with --info or --debug option to get more log output.

* Exception is:
org.gradle.api.GradleScriptException: A problem occurred evaluating root project 'Android-ProgressFragment-master'.
	at org.gradle.groovy.scripts.internal.DefaultScriptRunnerFactory$ScriptRunnerImpl.run(DefaultScriptRunnerFactory.java:54)
	at org.gradle.configuration.DefaultScriptPluginFactory$ScriptPluginImpl.apply(DefaultScriptPluginFactory.java:177)
	at org.gradle.configuration.project.BuildScriptProcessor.execute(BuildScriptProcessor.java:38)
	at org.gradle.configuration.project.BuildScriptProcessor.execute(BuildScriptProcessor.java:25)
	at org.gradle.configuration.project.ConfigureActionsProjectEvaluator.evaluate(ConfigureActionsProjectEvaluator.java:34)
	at org.gradle.configuration.project.LifecycleProjectEvaluator.evaluate(LifecycleProjectEvaluator.java:55)
	at org.gradle.api.internal.project.AbstractProject.evaluate(AbstractProject.java:507)
	at org.gradle.api.internal.project.AbstractProject.evaluate(AbstractProject.java:82)
	at org.gradle.configuration.DefaultBuildConfigurer.configure(DefaultBuildConfigurer.java:28)
	at org.gradle.initialization.DefaultGradleLauncher.doBuildStages(DefaultGradleLauncher.java:142)
	at org.gradle.initialization.DefaultGradleLauncher.doBuild(DefaultGradleLauncher.java:113)
	at org.gradle.initialization.DefaultGradleLauncher.run(DefaultGradleLauncher.java:81)
	at org.gradle.launcher.exec.InProcessBuildActionExecuter$DefaultBuildController.run(InProcessBuildActionExecuter.java:64)
	at org.gradle.launcher.cli.ExecuteBuildAction.run(ExecuteBuildAction.java:33)
	at org.gradle.launcher.cli.ExecuteBuildAction.run(ExecuteBuildAction.java:24)
	at org.gradle.launcher.exec.InProcessBuildActionExecuter.execute(InProcessBuildActionExecuter.java:35)
	at org.gradle.launcher.exec.InProcessBuildActionExecuter.execute(InProcessBuildActionExecuter.java:26)
	at org.gradle.launcher.cli.RunBuildAction.run(RunBuildAction.java:50)
	at org.gradle.internal.Actions$RunnableActionAdapter.execute(Actions.java:171)
	at org.gradle.launcher.cli.CommandLineActionFactory$ParseAndBuildAction.execute(CommandLineActionFactory.java:201)
	at org.gradle.launcher.cli.CommandLineActionFactory$ParseAndBuildAction.execute(CommandLineActionFactory.java:174)
	at org.gradle.launcher.cli.CommandLineActionFactory$WithLogging.execute(CommandLineActionFactory.java:170)
	at org.gradle.launcher.cli.CommandLineActionFactory$WithLogging.execute(CommandLineActionFactory.java:139)
	at org.gradle.launcher.cli.ExceptionReportingAction.execute(ExceptionReportingAction.java:33)
	at org.gradle.launcher.cli.ExceptionReportingAction.execute(ExceptionReportingAction.java:22)
	at org.gradle.launcher.Main.doAction(Main.java:46)
	at org.gradle.launcher.bootstrap.EntryPoint.run(EntryPoint.java:45)
	at org.gradle.launcher.Main.main(Main.java:37)
	at org.gradle.launcher.bootstrap.ProcessBootstrap.runNoExit(ProcessBootstrap.java:50)
	at org.gradle.launcher.bootstrap.ProcessBootstrap.run(ProcessBootstrap.java:32)
	at org.gradle.launcher.GradleMain.main(GradleMain.java:23)
	at org.gradle.wrapper.BootstrapMainStarter.start(BootstrapMainStarter.java:30)
	at org.gradle.wrapper.WrapperExecutor.execute(WrapperExecutor.java:127)
	at org.gradle.wrapper.GradleWrapperMain.main(GradleWrapperMain.java:58)
Caused by: org.gradle.api.ProjectConfigurationException: A problem occurred configuring project ':progressfragment'.
	at org.gradle.configuration.project.LifecycleProjectEvaluator.addConfigurationFailure(LifecycleProjectEvaluator.java:79)
	at org.gradle.configuration.project.LifecycleProjectEvaluator.notifyAfterEvaluate(LifecycleProjectEvaluator.java:74)
	at org.gradle.configuration.project.LifecycleProjectEvaluator.evaluate(LifecycleProjectEvaluator.java:61)
	at org.gradle.api.internal.project.AbstractProject.evaluate(AbstractProject.java:507)
	at org.gradle.api.internal.project.AbstractProject.evaluationDependsOn(AbstractProject.java:611)
	at org.gradle.api.internal.project.AbstractProject.evaluationDependsOnChildren(AbstractProject.java:594)
	at org.gradle.api.Project$evaluationDependsOnChildren.call(Unknown Source)
	at com.android.build.gradle.ReportingPlugin.apply(ReportingPlugin.groovy:43)
	at com.android.build.gradle.ReportingPlugin.apply(ReportingPlugin.groovy)
	at org.gradle.api.internal.plugins.DefaultPluginContainer.providePlugin(DefaultPluginContainer.java:104)
	at org.gradle.api.internal.plugins.DefaultPluginContainer.addPluginInternal(DefaultPluginContainer.java:68)
	at org.gradle.api.internal.plugins.DefaultPluginContainer.apply(DefaultPluginContainer.java:34)
	at org.gradle.api.internal.plugins.DefaultObjectConfigurationAction.applyPlugin(DefaultObjectConfigurationAction.java:101)
	at org.gradle.api.internal.plugins.DefaultObjectConfigurationAction.access$200(DefaultObjectConfigurationAction.java:32)
	at org.gradle.api.internal.plugins.DefaultObjectConfigurationAction$3.run(DefaultObjectConfigurationAction.java:72)
	at org.gradle.api.internal.plugins.DefaultObjectConfigurationAction.execute(DefaultObjectConfigurationAction.java:114)
	at org.gradle.api.internal.project.AbstractPluginAware.apply(AbstractPluginAware.java:39)
	at org.gradle.api.Project$apply.call(Unknown Source)
	at org.gradle.api.internal.project.ProjectScript.apply(ProjectScript.groovy:34)
	at org.gradle.api.Script$apply.callCurrent(Unknown Source)
	at build_3dl3trm12ieq56afgnm1jsei7t.run(/tmp/rdisk/366/src/Android-ProgressFragment-master/build.gradle:24)
	at org.gradle.groovy.scripts.internal.DefaultScriptRunnerFactory$ScriptRunnerImpl.run(DefaultScriptRunnerFactory.java:52)
	... 33 more
Caused by: groovy.lang.MissingPropertyException: No such property: nexusUsername for class: org.gradle.api.publication.maven.internal.ant.DefaultGroovyMavenDeployer
	at maven_push_7ia2unoj2k50p90b2otmm5bv8m$_run_closure1_closure2_closure8_closure9_closure11.doCall(/tmp/rdisk/366/src/Android-ProgressFragment-master/maven_push.gradle:22)
	at maven_push_7ia2unoj2k50p90b2otmm5bv8m$_run_closure1_closure2_closure8_closure9_closure11.doCall(/tmp/rdisk/366/src/Android-ProgressFragment-master/maven_push.gradle)
	at org.gradle.api.publication.maven.internal.ant.DefaultGroovyMavenDeployer.methodMissing(DefaultGroovyMavenDeployer.groovy:36)
	at org.gradle.api.publication.maven.internal.ant.DefaultGroovyMavenDeployer.invokeMethod(DefaultGroovyMavenDeployer.groovy)
	at maven_push_7ia2unoj2k50p90b2otmm5bv8m$_run_closure1_closure2_closure8_closure9.doCall(/tmp/rdisk/366/src/Android-ProgressFragment-master/maven_push.gradle:21)
	at org.gradle.api.internal.ClosureBackedAction.execute(ClosureBackedAction.java:58)
	at org.gradle.api.internal.artifacts.DefaultArtifactRepositoryContainer.addRepository(DefaultArtifactRepositoryContainer.java:185)
	at org.gradle.api.publication.maven.internal.DefaultMavenRepositoryHandlerConvention.mavenDeployer(DefaultMavenRepositoryHandlerConvention.java:43)
	at org.gradle.api.internal.BeanDynamicObject$MetaClassAdapter.invokeMethod(BeanDynamicObject.java:225)
	at org.gradle.api.internal.BeanDynamicObject.invokeMethod(BeanDynamicObject.java:129)
	at org.gradle.api.internal.plugins.DefaultConvention$ExtensionsDynamicObject.invokeMethod(DefaultConvention.java:218)
	at org.gradle.api.internal.CompositeDynamicObject.invokeMethod(CompositeDynamicObject.java:147)
	at org.gradle.api.internal.CompositeDynamicObject.invokeMethod(CompositeDynamicObject.java:147)
	at org.gradle.api.internal.artifacts.dsl.DefaultRepositoryHandler_Decorated.invokeMethod(Unknown Source)
	at maven_push_7ia2unoj2k50p90b2otmm5bv8m$_run_closure1_closure2_closure8.doCall(/tmp/rdisk/366/src/Android-ProgressFragment-master/maven_push.gradle:16)
	at org.gradle.api.internal.ClosureBackedAction.execute(ClosureBackedAction.java:58)
	at org.gradle.util.ConfigureUtil.configure(ConfigureUtil.java:130)
	at org.gradle.util.ConfigureUtil.configure(ConfigureUtil.java:110)
	at org.gradle.api.internal.artifacts.DefaultArtifactRepositoryContainer.configure(DefaultArtifactRepositoryContainer.java:73)
	at org.gradle.api.internal.artifacts.DefaultArtifactRepositoryContainer.configure(DefaultArtifactRepositoryContainer.java:41)
	at org.gradle.api.internal.ClosureBackedAction.execute(ClosureBackedAction.java:50)
	at org.gradle.util.ConfigureUtil.configure(ConfigureUtil.java:130)
	at org.gradle.util.ConfigureUtil.configure(ConfigureUtil.java:91)
	at org.gradle.api.tasks.Upload.repositories(Upload.java:118)
	at maven_push_7ia2unoj2k50p90b2otmm5bv8m$_run_closure1_closure2.doCall(/tmp/rdisk/366/src/Android-ProgressFragment-master/maven_push.gradle:15)
	at org.gradle.api.internal.ClosureBackedAction.execute(ClosureBackedAction.java:58)
	at org.gradle.util.ConfigureUtil.configure(ConfigureUtil.java:130)
	at org.gradle.util.ConfigureUtil.configure(ConfigureUtil.java:110)
	at org.gradle.api.internal.AbstractTask.configure(AbstractTask.java:439)
	at org.gradle.api.internal.AbstractTask.configure(AbstractTask.java:59)
	at org.gradle.api.internal.ClosureBackedAction.execute(ClosureBackedAction.java:50)
	at org.gradle.util.ConfigureUtil.configure(ConfigureUtil.java:130)
	at org.gradle.util.ConfigureUtil.configure(ConfigureUtil.java:91)
	at org.gradle.api.internal.DefaultNamedDomainObjectCollection$ContainerElementsDynamicObject.invokeMethod(DefaultNamedDomainObjectCollection.java:324)
	at org.gradle.api.internal.CompositeDynamicObject.invokeMethod(CompositeDynamicObject.java:147)
	at org.gradle.groovy.scripts.BasicScript.methodMissing(BasicScript.java:79)
	at maven_push_7ia2unoj2k50p90b2otmm5bv8m$_run_closure1.doCall(/tmp/rdisk/366/src/Android-ProgressFragment-master/maven_push.gradle:14)
	at org.gradle.listener.ClosureBackedMethodInvocationDispatch.dispatch(ClosureBackedMethodInvocationDispatch.java:40)
	at org.gradle.listener.ClosureBackedMethodInvocationDispatch.dispatch(ClosureBackedMethodInvocationDispatch.java:25)
	at org.gradle.listener.BroadcastDispatch.dispatch(BroadcastDispatch.java:79)
	at org.gradle.listener.BroadcastDispatch.dispatch(BroadcastDispatch.java:31)
	at org.gradle.messaging.dispatch.ProxyDispatchAdapter$DispatchingInvocationHandler.invoke(ProxyDispatchAdapter.java:93)
	at com.sun.proxy.$Proxy14.afterEvaluate(Unknown Source)
	at org.gradle.configuration.project.LifecycleProjectEvaluator.notifyAfterEvaluate(LifecycleProjectEvaluator.java:67)
	... 53 more


BUILD FAILED

Total time: 5.797 secs

2018-04-10 18:06:56,511 INFO  ProjectTaskService - Detecting possible tasks...
2018-04-10 18:06:56,511 INFO  SysUtils - Execute command: [/tmp/rdisk/366/src/Android-ProgressFragment-master/gradlew, -b, /tmp/rdisk/366/src/Android-ProgressFragment-master/progressfragment/build.gradle, -Dorg.gradle.daemon=false, -Dorg.gradle.daemon.performance.enable-monitoring=false, -Dorg.gradle.configureondemand=true, tasks]
2018-04-10 18:07:02,780 ERROR ProjectTaskService - Could not detect possible Gradle tasks: Process exited with an error: 1 (Exit value: 1)
2018-04-10 18:07:02,780 INFO  ProjectTaskService - Detected possible tasks: 0
2018-04-10 18:07:02,780 INFO  ProjectTaskService - Excluded tasks (0): none
2018-04-10 18:07:02,781 INFO  SysUtils - Execute command: [/tmp/rdisk/366/src/Android-ProgressFragment-master/gradlew, -b, /tmp/rdisk/366/src/Android-ProgressFragment-master/progressfragment/build.gradle, -Dorg.gradle.daemon=false, -Dorg.gradle.daemon.performance.enable-monitoring=false, -Dorg.gradle.configureondemand=true, --stacktrace, build]
2018-04-10 18:07:08,995 ERROR SysUtils - Could not process external command
org.apache.commons.exec.ExecuteException: Process exited with an error: 1 (Exit value: 1)
	at org.apache.commons.exec.DefaultExecutor.executeInternal(DefaultExecutor.java:404)
	at org.apache.commons.exec.DefaultExecutor.execute(DefaultExecutor.java:166)
	at com.github.vbauer.apkmaster.util.SysUtils.execute(SysUtils.java:67)
	at com.github.vbauer.apkmaster.util.SysUtils.executeSimple(SysUtils.java:43)
	at com.github.vbauer.apkmaster.service.assembly.ProjectBuildService.buildProject(ProjectBuildService.java:78)
	at com.github.vbauer.apkmaster.service.assembly.ProjectBuildService.buildProject(ProjectBuildService.java:64)
	at com.github.vbauer.apkmaster.service.assembly.ProjectBuildService.buildProject(ProjectBuildService.java:43)
	at com.github.vbauer.apkmaster.service.FullProcessService.build(FullProcessService.java:84)
	at com.github.vbauer.apkmaster.service.FullProcessService.process(FullProcessService.java:34)
	at com.github.vbauer.apkmaster.app.MainApplication.process(MainApplication.java:38)
	at com.github.vbauer.apkmaster.app.MainApplication.main(MainApplication.java:20)
	at sun.reflect.GeneratedMethodAccessor9.invoke(Unknown Source)
	at sun.reflect.DelegatingMethodAccessorImpl.invoke(DelegatingMethodAccessorImpl.java:43)
	at java.lang.reflect.Method.invoke(Method.java:498)
	at com.android.arsenal.util.ReflectionUtils.invoke(ReflectionUtils.java:42)
	at com.android.arsenal.util.ApkMasterUtils.main(ApkMasterUtils.java:30)
	at com.android.arsenal.service.processor.impl.BuildProcessorServiceImpl.buildProject(BuildProcessorServiceImpl.java:197)
	at com.android.arsenal.service.processor.impl.BuildProcessorServiceImpl.build(BuildProcessorServiceImpl.java:131)
	at com.android.arsenal.service.processor.impl.BuildProcessorServiceImpl.lambda$null$1(BuildProcessorServiceImpl.java:114)
	at java.util.concurrent.FutureTask.run(FutureTask.java:266)
	at java.util.concurrent.Executors$RunnableAdapter.call(Executors.java:511)
	at java.util.concurrent.FutureTask.run(FutureTask.java:266)
	at java.util.concurrent.ThreadPoolExecutor.runWorker(ThreadPoolExecutor.java:1149)
	at java.util.concurrent.ThreadPoolExecutor$Worker.run(ThreadPoolExecutor.java:624)
	at java.lang.Thread.run(Thread.java:748)
2018-04-10 18:07:08,995 INFO  SysUtils - Configuration on demand is an incubating feature.
DEBUG BUILD

FAILURE: Build failed with an exception.

* Where:
Script '/tmp/rdisk/366/src/Android-ProgressFragment-master/maven_push.gradle' line: 22

* What went wrong:
A problem occurred evaluating root project 'Android-ProgressFragment-master'.
> A problem occurred configuring project ':progressfragment'.
   > No such property: nexusUsername for class: org.gradle.api.publication.maven.internal.ant.DefaultGroovyMavenDeployer

* Try:
Run with --info or --debug option to get more log output.

* Exception is:
org.gradle.api.GradleScriptException: A problem occurred evaluating root project 'Android-ProgressFragment-master'.
	at org.gradle.groovy.scripts.internal.DefaultScriptRunnerFactory$ScriptRunnerImpl.run(DefaultScriptRunnerFactory.java:54)
	at org.gradle.configuration.DefaultScriptPluginFactory$ScriptPluginImpl.apply(DefaultScriptPluginFactory.java:177)
	at org.gradle.configuration.project.BuildScriptProcessor.execute(BuildScriptProcessor.java:38)
	at org.gradle.configuration.project.BuildScriptProcessor.execute(BuildScriptProcessor.java:25)
	at org.gradle.configuration.project.ConfigureActionsProjectEvaluator.evaluate(ConfigureActionsProjectEvaluator.java:34)
	at org.gradle.configuration.project.LifecycleProjectEvaluator.evaluate(LifecycleProjectEvaluator.java:55)
	at org.gradle.api.internal.project.AbstractProject.evaluate(AbstractProject.java:507)
	at org.gradle.api.internal.project.AbstractProject.evaluate(AbstractProject.java:82)
	at org.gradle.configuration.DefaultBuildConfigurer.configure(DefaultBuildConfigurer.java:28)
	at org.gradle.initialization.DefaultGradleLauncher.doBuildStages(DefaultGradleLauncher.java:142)
	at org.gradle.initialization.DefaultGradleLauncher.doBuild(DefaultGradleLauncher.java:113)
	at org.gradle.initialization.DefaultGradleLauncher.run(DefaultGradleLauncher.java:81)
	at org.gradle.launcher.exec.InProcessBuildActionExecuter$DefaultBuildController.run(InProcessBuildActionExecuter.java:64)
	at org.gradle.launcher.cli.ExecuteBuildAction.run(ExecuteBuildAction.java:33)
	at org.gradle.launcher.cli.ExecuteBuildAction.run(ExecuteBuildAction.java:24)
	at org.gradle.launcher.exec.InProcessBuildActionExecuter.execute(InProcessBuildActionExecuter.java:35)
	at org.gradle.launcher.exec.InProcessBuildActionExecuter.execute(InProcessBuildActionExecuter.java:26)
	at org.gradle.launcher.cli.RunBuildAction.run(RunBuildAction.java:50)
	at org.gradle.internal.Actions$RunnableActionAdapter.execute(Actions.java:171)
	at org.gradle.launcher.cli.CommandLineActionFactory$ParseAndBuildAction.execute(CommandLineActionFactory.java:201)
	at org.gradle.launcher.cli.CommandLineActionFactory$ParseAndBuildAction.execute(CommandLineActionFactory.java:174)
	at org.gradle.launcher.cli.CommandLineActionFactory$WithLogging.execute(CommandLineActionFactory.java:170)
	at org.gradle.launcher.cli.CommandLineActionFactory$WithLogging.execute(CommandLineActionFactory.java:139)
	at org.gradle.launcher.cli.ExceptionReportingAction.execute(ExceptionReportingAction.java:33)
	at org.gradle.launcher.cli.ExceptionReportingAction.execute(ExceptionReportingAction.java:22)
	at org.gradle.launcher.Main.doAction(Main.java:46)
	at org.gradle.launcher.bootstrap.EntryPoint.run(EntryPoint.java:45)
	at org.gradle.launcher.Main.main(Main.java:37)
	at org.gradle.launcher.bootstrap.ProcessBootstrap.runNoExit(ProcessBootstrap.java:50)
	at org.gradle.launcher.bootstrap.ProcessBootstrap.run(ProcessBootstrap.java:32)
	at org.gradle.launcher.GradleMain.main(GradleMain.java:23)
	at org.gradle.wrapper.BootstrapMainStarter.start(BootstrapMainStarter.java:30)
	at org.gradle.wrapper.WrapperExecutor.execute(WrapperExecutor.java:127)
	at org.gradle.wrapper.GradleWrapperMain.main(GradleWrapperMain.java:58)
Caused by: org.gradle.api.ProjectConfigurationException: A problem occurred configuring project ':progressfragment'.
	at org.gradle.configuration.project.LifecycleProjectEvaluator.addConfigurationFailure(LifecycleProjectEvaluator.java:79)
	at org.gradle.configuration.project.LifecycleProjectEvaluator.notifyAfterEvaluate(LifecycleProjectEvaluator.java:74)
	at org.gradle.configuration.project.LifecycleProjectEvaluator.evaluate(LifecycleProjectEvaluator.java:61)
	at org.gradle.api.internal.project.AbstractProject.evaluate(AbstractProject.java:507)
	at org.gradle.api.internal.project.AbstractProject.evaluationDependsOn(AbstractProject.java:611)
	at org.gradle.api.internal.project.AbstractProject.evaluationDependsOnChildren(AbstractProject.java:594)
	at org.gradle.api.Project$evaluationDependsOnChildren.call(Unknown Source)
	at com.android.build.gradle.ReportingPlugin.apply(ReportingPlugin.groovy:43)
	at com.android.build.gradle.ReportingPlugin.apply(ReportingPlugin.groovy)
	at org.gradle.api.internal.plugins.DefaultPluginContainer.providePlugin(DefaultPluginContainer.java:104)
	at org.gradle.api.internal.plugins.DefaultPluginContainer.addPluginInternal(DefaultPluginContainer.java:68)
	at org.gradle.api.internal.plugins.DefaultPluginContainer.apply(DefaultPluginContainer.java:34)
	at org.gradle.api.internal.plugins.DefaultObjectConfigurationAction.applyPlugin(DefaultObjectConfigurationAction.java:101)
	at org.gradle.api.internal.plugins.DefaultObjectConfigurationAction.access$200(DefaultObjectConfigurationAction.java:32)
	at org.gradle.api.internal.plugins.DefaultObjectConfigurationAction$3.run(DefaultObjectConfigurationAction.java:72)
	at org.gradle.api.internal.plugins.DefaultObjectConfigurationAction.execute(DefaultObjectConfigurationAction.java:114)
	at org.gradle.api.internal.project.AbstractPluginAware.apply(AbstractPluginAware.java:39)
	at org.gradle.api.Project$apply.call(Unknown Source)
	at org.gradle.api.internal.project.ProjectScript.apply(ProjectScript.groovy:34)
	at org.gradle.api.Script$apply.callCurrent(Unknown Source)
	at build_3dl3trm12ieq56afgnm1jsei7t.run(/tmp/rdisk/366/src/Android-ProgressFragment-master/build.gradle:24)
	at org.gradle.groovy.scripts.internal.DefaultScriptRunnerFactory$ScriptRunnerImpl.run(DefaultScriptRunnerFactory.java:52)
	... 33 more
Caused by: groovy.lang.MissingPropertyException: No such property: nexusUsername for class: org.gradle.api.publication.maven.internal.ant.DefaultGroovyMavenDeployer
	at maven_push_7ia2unoj2k50p90b2otmm5bv8m$_run_closure1_closure2_closure8_closure9_closure11.doCall(/tmp/rdisk/366/src/Android-ProgressFragment-master/maven_push.gradle:22)
	at maven_push_7ia2unoj2k50p90b2otmm5bv8m$_run_closure1_closure2_closure8_closure9_closure11.doCall(/tmp/rdisk/366/src/Android-ProgressFragment-master/maven_push.gradle)
	at org.gradle.api.publication.maven.internal.ant.DefaultGroovyMavenDeployer.methodMissing(DefaultGroovyMavenDeployer.groovy:36)
	at org.gradle.api.publication.maven.internal.ant.DefaultGroovyMavenDeployer.invokeMethod(DefaultGroovyMavenDeployer.groovy)
	at maven_push_7ia2unoj2k50p90b2otmm5bv8m$_run_closure1_closure2_closure8_closure9.doCall(/tmp/rdisk/366/src/Android-ProgressFragment-master/maven_push.gradle:21)
	at org.gradle.api.internal.ClosureBackedAction.execute(ClosureBackedAction.java:58)
	at org.gradle.api.internal.artifacts.DefaultArtifactRepositoryContainer.addRepository(DefaultArtifactRepositoryContainer.java:185)
	at org.gradle.api.publication.maven.internal.DefaultMavenRepositoryHandlerConvention.mavenDeployer(DefaultMavenRepositoryHandlerConvention.java:43)
	at org.gradle.api.internal.BeanDynamicObject$MetaClassAdapter.invokeMethod(BeanDynamicObject.java:225)
	at org.gradle.api.internal.BeanDynamicObject.invokeMethod(BeanDynamicObject.java:129)
	at org.gradle.api.internal.plugins.DefaultConvention$ExtensionsDynamicObject.invokeMethod(DefaultConvention.java:218)
	at org.gradle.api.internal.CompositeDynamicObject.invokeMethod(CompositeDynamicObject.java:147)
	at org.gradle.api.internal.CompositeDynamicObject.invokeMethod(CompositeDynamicObject.java:147)
	at org.gradle.api.internal.artifacts.dsl.DefaultRepositoryHandler_Decorated.invokeMethod(Unknown Source)
	at maven_push_7ia2unoj2k50p90b2otmm5bv8m$_run_closure1_closure2_closure8.doCall(/tmp/rdisk/366/src/Android-ProgressFragment-master/maven_push.gradle:16)
	at org.gradle.api.internal.ClosureBackedAction.execute(ClosureBackedAction.java:58)
	at org.gradle.util.ConfigureUtil.configure(ConfigureUtil.java:130)
	at org.gradle.util.ConfigureUtil.configure(ConfigureUtil.java:110)
	at org.gradle.api.internal.artifacts.DefaultArtifactRepositoryContainer.configure(DefaultArtifactRepositoryContainer.java:73)
	at org.gradle.api.internal.artifacts.DefaultArtifactRepositoryContainer.configure(DefaultArtifactRepositoryContainer.java:41)
	at org.gradle.api.internal.ClosureBackedAction.execute(ClosureBackedAction.java:50)
	at org.gradle.util.ConfigureUtil.configure(ConfigureUtil.java:130)
	at org.gradle.util.ConfigureUtil.configure(ConfigureUtil.java:91)
	at org.gradle.api.tasks.Upload.repositories(Upload.java:118)
	at maven_push_7ia2unoj2k50p90b2otmm5bv8m$_run_closure1_closure2.doCall(/tmp/rdisk/366/src/Android-ProgressFragment-master/maven_push.gradle:15)
	at org.gradle.api.internal.ClosureBackedAction.execute(ClosureBackedAction.java:58)
	at org.gradle.util.ConfigureUtil.configure(ConfigureUtil.java:130)
	at org.gradle.util.ConfigureUtil.configure(ConfigureUtil.java:110)
	at org.gradle.api.internal.AbstractTask.configure(AbstractTask.java:439)
	at org.gradle.api.internal.AbstractTask.configure(AbstractTask.java:59)
	at org.gradle.api.internal.ClosureBackedAction.execute(ClosureBackedAction.java:50)
	at org.gradle.util.ConfigureUtil.configure(ConfigureUtil.java:130)
	at org.gradle.util.ConfigureUtil.configure(ConfigureUtil.java:91)
	at org.gradle.api.internal.DefaultNamedDomainObjectCollection$ContainerElementsDynamicObject.invokeMethod(DefaultNamedDomainObjectCollection.java:324)
	at org.gradle.api.internal.CompositeDynamicObject.invokeMethod(CompositeDynamicObject.java:147)
	at org.gradle.groovy.scripts.BasicScript.methodMissing(BasicScript.java:79)
	at maven_push_7ia2unoj2k50p90b2otmm5bv8m$_run_closure1.doCall(/tmp/rdisk/366/src/Android-ProgressFragment-master/maven_push.gradle:14)
	at org.gradle.listener.ClosureBackedMethodInvocationDispatch.dispatch(ClosureBackedMethodInvocationDispatch.java:40)
	at org.gradle.listener.ClosureBackedMethodInvocationDispatch.dispatch(ClosureBackedMethodInvocationDispatch.java:25)
	at org.gradle.listener.BroadcastDispatch.dispatch(BroadcastDispatch.java:79)
	at org.gradle.listener.BroadcastDispatch.dispatch(BroadcastDispatch.java:31)
	at org.gradle.messaging.dispatch.ProxyDispatchAdapter$DispatchingInvocationHandler.invoke(ProxyDispatchAdapter.java:93)
	at com.sun.proxy.$Proxy14.afterEvaluate(Unknown Source)
	at org.gradle.configuration.project.LifecycleProjectEvaluator.notifyAfterEvaluate(LifecycleProjectEvaluator.java:67)
	... 53 more


BUILD FAILED

Total time: 5.757 secs

2018-04-10 18:07:09,001 INFO  ProjectTaskService - Detecting possible tasks...
2018-04-10 18:07:09,002 INFO  SysUtils - Execute command: [/tmp/rdisk/366/src/Android-ProgressFragment-master/gradlew, -b, /tmp/rdisk/366/src/Android-ProgressFragment-master/sherlockprogressfragment-sample/build.gradle, -Dorg.gradle.daemon=false, -Dorg.gradle.daemon.performance.enable-monitoring=false, -Dorg.gradle.configureondemand=true, tasks]
2018-04-10 18:07:15,072 ERROR ProjectTaskService - Could not detect possible Gradle tasks: Process exited with an error: 1 (Exit value: 1)
2018-04-10 18:07:15,072 INFO  ProjectTaskService - Detected possible tasks: 0
2018-04-10 18:07:15,072 INFO  ProjectTaskService - Excluded tasks (0): none
2018-04-10 18:07:15,072 INFO  SysUtils - Execute command: [/tmp/rdisk/366/src/Android-ProgressFragment-master/gradlew, -b, /tmp/rdisk/366/src/Android-ProgressFragment-master/sherlockprogressfragment-sample/build.gradle, -Dorg.gradle.daemon=false, -Dorg.gradle.daemon.performance.enable-monitoring=false, -Dorg.gradle.configureondemand=true, --stacktrace, build]
2018-04-10 18:07:21,130 ERROR SysUtils - Could not process external command
org.apache.commons.exec.ExecuteException: Process exited with an error: 1 (Exit value: 1)
	at org.apache.commons.exec.DefaultExecutor.executeInternal(DefaultExecutor.java:404)
	at org.apache.commons.exec.DefaultExecutor.execute(DefaultExecutor.java:166)
	at com.github.vbauer.apkmaster.util.SysUtils.execute(SysUtils.java:67)
	at com.github.vbauer.apkmaster.util.SysUtils.executeSimple(SysUtils.java:43)
	at com.github.vbauer.apkmaster.service.assembly.ProjectBuildService.buildProject(ProjectBuildService.java:78)
	at com.github.vbauer.apkmaster.service.assembly.ProjectBuildService.buildProject(ProjectBuildService.java:64)
	at com.github.vbauer.apkmaster.service.assembly.ProjectBuildService.buildProject(ProjectBuildService.java:43)
	at com.github.vbauer.apkmaster.service.FullProcessService.build(FullProcessService.java:84)
	at com.github.vbauer.apkmaster.service.FullProcessService.process(FullProcessService.java:34)
	at com.github.vbauer.apkmaster.app.MainApplication.process(MainApplication.java:38)
	at com.github.vbauer.apkmaster.app.MainApplication.main(MainApplication.java:20)
	at sun.reflect.GeneratedMethodAccessor9.invoke(Unknown Source)
	at sun.reflect.DelegatingMethodAccessorImpl.invoke(DelegatingMethodAccessorImpl.java:43)
	at java.lang.reflect.Method.invoke(Method.java:498)
	at com.android.arsenal.util.ReflectionUtils.invoke(ReflectionUtils.java:42)
	at com.android.arsenal.util.ApkMasterUtils.main(ApkMasterUtils.java:30)
	at com.android.arsenal.service.processor.impl.BuildProcessorServiceImpl.buildProject(BuildProcessorServiceImpl.java:197)
	at com.android.arsenal.service.processor.impl.BuildProcessorServiceImpl.build(BuildProcessorServiceImpl.java:131)
	at com.android.arsenal.service.processor.impl.BuildProcessorServiceImpl.lambda$null$1(BuildProcessorServiceImpl.java:114)
	at java.util.concurrent.FutureTask.run(FutureTask.java:266)
	at java.util.concurrent.Executors$RunnableAdapter.call(Executors.java:511)
	at java.util.concurrent.FutureTask.run(FutureTask.java:266)
	at java.util.concurrent.ThreadPoolExecutor.runWorker(ThreadPoolExecutor.java:1149)
	at java.util.concurrent.ThreadPoolExecutor$Worker.run(ThreadPoolExecutor.java:624)
	at java.lang.Thread.run(Thread.java:748)
2018-04-10 18:07:21,130 INFO  SysUtils - Configuration on demand is an incubating feature.
DEBUG BUILD

FAILURE: Build failed with an exception.

* Where:
Script '/tmp/rdisk/366/src/Android-ProgressFragment-master/maven_push.gradle' line: 22

* What went wrong:
A problem occurred evaluating root project 'Android-ProgressFragment-master'.
> A problem occurred configuring project ':progressfragment'.
   > No such property: nexusUsername for class: org.gradle.api.publication.maven.internal.ant.DefaultGroovyMavenDeployer

* Try:
Run with --info or --debug option to get more log output.

* Exception is:
org.gradle.api.GradleScriptException: A problem occurred evaluating root project 'Android-ProgressFragment-master'.
	at org.gradle.groovy.scripts.internal.DefaultScriptRunnerFactory$ScriptRunnerImpl.run(DefaultScriptRunnerFactory.java:54)
	at org.gradle.configuration.DefaultScriptPluginFactory$ScriptPluginImpl.apply(DefaultScriptPluginFactory.java:177)
	at org.gradle.configuration.project.BuildScriptProcessor.execute(BuildScriptProcessor.java:38)
	at org.gradle.configuration.project.BuildScriptProcessor.execute(BuildScriptProcessor.java:25)
	at org.gradle.configuration.project.ConfigureActionsProjectEvaluator.evaluate(ConfigureActionsProjectEvaluator.java:34)
	at org.gradle.configuration.project.LifecycleProjectEvaluator.evaluate(LifecycleProjectEvaluator.java:55)
	at org.gradle.api.internal.project.AbstractProject.evaluate(AbstractProject.java:507)
	at org.gradle.api.internal.project.AbstractProject.evaluate(AbstractProject.java:82)
	at org.gradle.configuration.DefaultBuildConfigurer.configure(DefaultBuildConfigurer.java:28)
	at org.gradle.initialization.DefaultGradleLauncher.doBuildStages(DefaultGradleLauncher.java:142)
	at org.gradle.initialization.DefaultGradleLauncher.doBuild(DefaultGradleLauncher.java:113)
	at org.gradle.initialization.DefaultGradleLauncher.run(DefaultGradleLauncher.java:81)
	at org.gradle.launcher.exec.InProcessBuildActionExecuter$DefaultBuildController.run(InProcessBuildActionExecuter.java:64)
	at org.gradle.launcher.cli.ExecuteBuildAction.run(ExecuteBuildAction.java:33)
	at org.gradle.launcher.cli.ExecuteBuildAction.run(ExecuteBuildAction.java:24)
	at org.gradle.launcher.exec.InProcessBuildActionExecuter.execute(InProcessBuildActionExecuter.java:35)
	at org.gradle.launcher.exec.InProcessBuildActionExecuter.execute(InProcessBuildActionExecuter.java:26)
	at org.gradle.launcher.cli.RunBuildAction.run(RunBuildAction.java:50)
	at org.gradle.internal.Actions$RunnableActionAdapter.execute(Actions.java:171)
	at org.gradle.launcher.cli.CommandLineActionFactory$ParseAndBuildAction.execute(CommandLineActionFactory.java:201)
	at org.gradle.launcher.cli.CommandLineActionFactory$ParseAndBuildAction.execute(CommandLineActionFactory.java:174)
	at org.gradle.launcher.cli.CommandLineActionFactory$WithLogging.execute(CommandLineActionFactory.java:170)
	at org.gradle.launcher.cli.CommandLineActionFactory$WithLogging.execute(CommandLineActionFactory.java:139)
	at org.gradle.launcher.cli.ExceptionReportingAction.execute(ExceptionReportingAction.java:33)
	at org.gradle.launcher.cli.ExceptionReportingAction.execute(ExceptionReportingAction.java:22)
	at org.gradle.launcher.Main.doAction(Main.java:46)
	at org.gradle.launcher.bootstrap.EntryPoint.run(EntryPoint.java:45)
	at org.gradle.launcher.Main.main(Main.java:37)
	at org.gradle.launcher.bootstrap.ProcessBootstrap.runNoExit(ProcessBootstrap.java:50)
	at org.gradle.launcher.bootstrap.ProcessBootstrap.run(ProcessBootstrap.java:32)
	at org.gradle.launcher.GradleMain.main(GradleMain.java:23)
	at org.gradle.wrapper.BootstrapMainStarter.start(BootstrapMainStarter.java:30)
	at org.gradle.wrapper.WrapperExecutor.execute(WrapperExecutor.java:127)
	at org.gradle.wrapper.GradleWrapperMain.main(GradleWrapperMain.java:58)
Caused by: org.gradle.api.ProjectConfigurationException: A problem occurred configuring project ':progressfragment'.
	at org.gradle.configuration.project.LifecycleProjectEvaluator.addConfigurationFailure(LifecycleProjectEvaluator.java:79)
	at org.gradle.configuration.project.LifecycleProjectEvaluator.notifyAfterEvaluate(LifecycleProjectEvaluator.java:74)
	at org.gradle.configuration.project.LifecycleProjectEvaluator.evaluate(LifecycleProjectEvaluator.java:61)
	at org.gradle.api.internal.project.AbstractProject.evaluate(AbstractProject.java:507)
	at org.gradle.api.internal.project.AbstractProject.evaluationDependsOn(AbstractProject.java:611)
	at org.gradle.api.internal.project.AbstractProject.evaluationDependsOnChildren(AbstractProject.java:594)
	at org.gradle.api.Project$evaluationDependsOnChildren.call(Unknown Source)
	at com.android.build.gradle.ReportingPlugin.apply(ReportingPlugin.groovy:43)
	at com.android.build.gradle.ReportingPlugin.apply(ReportingPlugin.groovy)
	at org.gradle.api.internal.plugins.DefaultPluginContainer.providePlugin(DefaultPluginContainer.java:104)
	at org.gradle.api.internal.plugins.DefaultPluginContainer.addPluginInternal(DefaultPluginContainer.java:68)
	at org.gradle.api.internal.plugins.DefaultPluginContainer.apply(DefaultPluginContainer.java:34)
	at org.gradle.api.internal.plugins.DefaultObjectConfigurationAction.applyPlugin(DefaultObjectConfigurationAction.java:101)
	at org.gradle.api.internal.plugins.DefaultObjectConfigurationAction.access$200(DefaultObjectConfigurationAction.java:32)
	at org.gradle.api.internal.plugins.DefaultObjectConfigurationAction$3.run(DefaultObjectConfigurationAction.java:72)
	at org.gradle.api.internal.plugins.DefaultObjectConfigurationAction.execute(DefaultObjectConfigurationAction.java:114)
	at org.gradle.api.internal.project.AbstractPluginAware.apply(AbstractPluginAware.java:39)
	at org.gradle.api.Project$apply.call(Unknown Source)
	at org.gradle.api.internal.project.ProjectScript.apply(ProjectScript.groovy:34)
	at org.gradle.api.Script$apply.callCurrent(Unknown Source)
	at build_3dl3trm12ieq56afgnm1jsei7t.run(/tmp/rdisk/366/src/Android-ProgressFragment-master/build.gradle:24)
	at org.gradle.groovy.scripts.internal.DefaultScriptRunnerFactory$ScriptRunnerImpl.run(DefaultScriptRunnerFactory.java:52)
	... 33 more
Caused by: groovy.lang.MissingPropertyException: No such property: nexusUsername for class: org.gradle.api.publication.maven.internal.ant.DefaultGroovyMavenDeployer
	at maven_push_7ia2unoj2k50p90b2otmm5bv8m$_run_closure1_closure2_closure8_closure9_closure11.doCall(/tmp/rdisk/366/src/Android-ProgressFragment-master/maven_push.gradle:22)
	at maven_push_7ia2unoj2k50p90b2otmm5bv8m$_run_closure1_closure2_closure8_closure9_closure11.doCall(/tmp/rdisk/366/src/Android-ProgressFragment-master/maven_push.gradle)
	at org.gradle.api.publication.maven.internal.ant.DefaultGroovyMavenDeployer.methodMissing(DefaultGroovyMavenDeployer.groovy:36)
	at org.gradle.api.publication.maven.internal.ant.DefaultGroovyMavenDeployer.invokeMethod(DefaultGroovyMavenDeployer.groovy)
	at maven_push_7ia2unoj2k50p90b2otmm5bv8m$_run_closure1_closure2_closure8_closure9.doCall(/tmp/rdisk/366/src/Android-ProgressFragment-master/maven_push.gradle:21)
	at org.gradle.api.internal.ClosureBackedAction.execute(ClosureBackedAction.java:58)
	at org.gradle.api.internal.artifacts.DefaultArtifactRepositoryContainer.addRepository(DefaultArtifactRepositoryContainer.java:185)
	at org.gradle.api.publication.maven.internal.DefaultMavenRepositoryHandlerConvention.mavenDeployer(DefaultMavenRepositoryHandlerConvention.java:43)
	at org.gradle.api.internal.BeanDynamicObject$MetaClassAdapter.invokeMethod(BeanDynamicObject.java:225)
	at org.gradle.api.internal.BeanDynamicObject.invokeMethod(BeanDynamicObject.java:129)
	at org.gradle.api.internal.plugins.DefaultConvention$ExtensionsDynamicObject.invokeMethod(DefaultConvention.java:218)
	at org.gradle.api.internal.CompositeDynamicObject.invokeMethod(CompositeDynamicObject.java:147)
	at org.gradle.api.internal.CompositeDynamicObject.invokeMethod(CompositeDynamicObject.java:147)
	at org.gradle.api.internal.artifacts.dsl.DefaultRepositoryHandler_Decorated.invokeMethod(Unknown Source)
	at maven_push_7ia2unoj2k50p90b2otmm5bv8m$_run_closure1_closure2_closure8.doCall(/tmp/rdisk/366/src/Android-ProgressFragment-master/maven_push.gradle:16)
	at org.gradle.api.internal.ClosureBackedAction.execute(ClosureBackedAction.java:58)
	at org.gradle.util.ConfigureUtil.configure(ConfigureUtil.java:130)
	at org.gradle.util.ConfigureUtil.configure(ConfigureUtil.java:110)
	at org.gradle.api.internal.artifacts.DefaultArtifactRepositoryContainer.configure(DefaultArtifactRepositoryContainer.java:73)
	at org.gradle.api.internal.artifacts.DefaultArtifactRepositoryContainer.configure(DefaultArtifactRepositoryContainer.java:41)
	at org.gradle.api.internal.ClosureBackedAction.execute(ClosureBackedAction.java:50)
	at org.gradle.util.ConfigureUtil.configure(ConfigureUtil.java:130)
	at org.gradle.util.ConfigureUtil.configure(ConfigureUtil.java:91)
	at org.gradle.api.tasks.Upload.repositories(Upload.java:118)
	at maven_push_7ia2unoj2k50p90b2otmm5bv8m$_run_closure1_closure2.doCall(/tmp/rdisk/366/src/Android-ProgressFragment-master/maven_push.gradle:15)
	at org.gradle.api.internal.ClosureBackedAction.execute(ClosureBackedAction.java:58)
	at org.gradle.util.ConfigureUtil.configure(ConfigureUtil.java:130)
	at org.gradle.util.ConfigureUtil.configure(ConfigureUtil.java:110)
	at org.gradle.api.internal.AbstractTask.configure(AbstractTask.java:439)
	at org.gradle.api.internal.AbstractTask.configure(AbstractTask.java:59)
	at org.gradle.api.internal.ClosureBackedAction.execute(ClosureBackedAction.java:50)
	at org.gradle.util.ConfigureUtil.configure(ConfigureUtil.java:130)
	at org.gradle.util.ConfigureUtil.configure(ConfigureUtil.java:91)
	at org.gradle.api.internal.DefaultNamedDomainObjectCollection$ContainerElementsDynamicObject.invokeMethod(DefaultNamedDomainObjectCollection.java:324)
	at org.gradle.api.internal.CompositeDynamicObject.invokeMethod(CompositeDynamicObject.java:147)
	at org.gradle.groovy.scripts.BasicScript.methodMissing(BasicScript.java:79)
	at maven_push_7ia2unoj2k50p90b2otmm5bv8m$_run_closure1.doCall(/tmp/rdisk/366/src/Android-ProgressFragment-master/maven_push.gradle:14)
	at org.gradle.listener.ClosureBackedMethodInvocationDispatch.dispatch(ClosureBackedMethodInvocationDispatch.java:40)
	at org.gradle.listener.ClosureBackedMethodInvocationDispatch.dispatch(ClosureBackedMethodInvocationDispatch.java:25)
	at org.gradle.listener.BroadcastDispatch.dispatch(BroadcastDispatch.java:79)
	at org.gradle.listener.BroadcastDispatch.dispatch(BroadcastDispatch.java:31)
	at org.gradle.messaging.dispatch.ProxyDispatchAdapter$DispatchingInvocationHandler.invoke(ProxyDispatchAdapter.java:93)
	at com.sun.proxy.$Proxy14.afterEvaluate(Unknown Source)
	at org.gradle.configuration.project.LifecycleProjectEvaluator.notifyAfterEvaluate(LifecycleProjectEvaluator.java:67)
	... 53 more


BUILD FAILED

Total time: 5.601 secs

2018-04-10 18:07:21,136 INFO  ProjectTaskService - Detecting possible tasks...
2018-04-10 18:07:21,136 INFO  SysUtils - Execute command: [/tmp/rdisk/366/src/Android-ProgressFragment-master/gradlew, -b, /tmp/rdisk/366/src/Android-ProgressFragment-master/sherlockprogressfragment/build.gradle, -Dorg.gradle.daemon=false, -Dorg.gradle.daemon.performance.enable-monitoring=false, -Dorg.gradle.configureondemand=true, tasks]
2018-04-10 18:07:27,170 ERROR ProjectTaskService - Could not detect possible Gradle tasks: Process exited with an error: 1 (Exit value: 1)
2018-04-10 18:07:27,170 INFO  ProjectTaskService - Detected possible tasks: 0
2018-04-10 18:07:27,170 INFO  ProjectTaskService - Excluded tasks (0): none
2018-04-10 18:07:27,170 INFO  SysUtils - Execute command: [/tmp/rdisk/366/src/Android-ProgressFragment-master/gradlew, -b, /tmp/rdisk/366/src/Android-ProgressFragment-master/sherlockprogressfragment/build.gradle, -Dorg.gradle.daemon=false, -Dorg.gradle.daemon.performance.enable-monitoring=false, -Dorg.gradle.configureondemand=true, --stacktrace, build]
2018-04-10 18:07:33,282 ERROR SysUtils - Could not process external command
org.apache.commons.exec.ExecuteException: Process exited with an error: 1 (Exit value: 1)
	at org.apache.commons.exec.DefaultExecutor.executeInternal(DefaultExecutor.java:404)
	at org.apache.commons.exec.DefaultExecutor.execute(DefaultExecutor.java:166)
	at com.github.vbauer.apkmaster.util.SysUtils.execute(SysUtils.java:67)
	at com.github.vbauer.apkmaster.util.SysUtils.executeSimple(SysUtils.java:43)
	at com.github.vbauer.apkmaster.service.assembly.ProjectBuildService.buildProject(ProjectBuildService.java:78)
	at com.github.vbauer.apkmaster.service.assembly.ProjectBuildService.buildProject(ProjectBuildService.java:64)
	at com.github.vbauer.apkmaster.service.assembly.ProjectBuildService.buildProject(ProjectBuildService.java:43)
	at com.github.vbauer.apkmaster.service.FullProcessService.build(FullProcessService.java:84)
	at com.github.vbauer.apkmaster.service.FullProcessService.process(FullProcessService.java:34)
	at com.github.vbauer.apkmaster.app.MainApplication.process(MainApplication.java:38)
	at com.github.vbauer.apkmaster.app.MainApplication.main(MainApplication.java:20)
	at sun.reflect.GeneratedMethodAccessor9.invoke(Unknown Source)
	at sun.reflect.DelegatingMethodAccessorImpl.invoke(DelegatingMethodAccessorImpl.java:43)
	at java.lang.reflect.Method.invoke(Method.java:498)
	at com.android.arsenal.util.ReflectionUtils.invoke(ReflectionUtils.java:42)
	at com.android.arsenal.util.ApkMasterUtils.main(ApkMasterUtils.java:30)
	at com.android.arsenal.service.processor.impl.BuildProcessorServiceImpl.buildProject(BuildProcessorServiceImpl.java:197)
	at com.android.arsenal.service.processor.impl.BuildProcessorServiceImpl.build(BuildProcessorServiceImpl.java:131)
	at com.android.arsenal.service.processor.impl.BuildProcessorServiceImpl.lambda$null$1(BuildProcessorServiceImpl.java:114)
	at java.util.concurrent.FutureTask.run(FutureTask.java:266)
	at java.util.concurrent.Executors$RunnableAdapter.call(Executors.java:511)
	at java.util.concurrent.FutureTask.run(FutureTask.java:266)
	at java.util.concurrent.ThreadPoolExecutor.runWorker(ThreadPoolExecutor.java:1149)
	at java.util.concurrent.ThreadPoolExecutor$Worker.run(ThreadPoolExecutor.java:624)
	at java.lang.Thread.run(Thread.java:748)
2018-04-10 18:07:33,282 INFO  SysUtils - Configuration on demand is an incubating feature.
DEBUG BUILD

FAILURE: Build failed with an exception.

* Where:
Script '/tmp/rdisk/366/src/Android-ProgressFragment-master/maven_push.gradle' line: 22

* What went wrong:
A problem occurred evaluating root project 'Android-ProgressFragment-master'.
> A problem occurred configuring project ':progressfragment'.
   > No such property: nexusUsername for class: org.gradle.api.publication.maven.internal.ant.DefaultGroovyMavenDeployer

* Try:
Run with --info or --debug option to get more log output.

* Exception is:
org.gradle.api.GradleScriptException: A problem occurred evaluating root project 'Android-ProgressFragment-master'.
	at org.gradle.groovy.scripts.internal.DefaultScriptRunnerFactory$ScriptRunnerImpl.run(DefaultScriptRunnerFactory.java:54)
	at org.gradle.configuration.DefaultScriptPluginFactory$ScriptPluginImpl.apply(DefaultScriptPluginFactory.java:177)
	at org.gradle.configuration.project.BuildScriptProcessor.execute(BuildScriptProcessor.java:38)
	at org.gradle.configuration.project.BuildScriptProcessor.execute(BuildScriptProcessor.java:25)
	at org.gradle.configuration.project.ConfigureActionsProjectEvaluator.evaluate(ConfigureActionsProjectEvaluator.java:34)
	at org.gradle.configuration.project.LifecycleProjectEvaluator.evaluate(LifecycleProjectEvaluator.java:55)
	at org.gradle.api.internal.project.AbstractProject.evaluate(AbstractProject.java:507)
	at org.gradle.api.internal.project.AbstractProject.evaluate(AbstractProject.java:82)
	at org.gradle.configuration.DefaultBuildConfigurer.configure(DefaultBuildConfigurer.java:28)
	at org.gradle.initialization.DefaultGradleLauncher.doBuildStages(DefaultGradleLauncher.java:142)
	at org.gradle.initialization.DefaultGradleLauncher.doBuild(DefaultGradleLauncher.java:113)
	at org.gradle.initialization.DefaultGradleLauncher.run(DefaultGradleLauncher.java:81)
	at org.gradle.launcher.exec.InProcessBuildActionExecuter$DefaultBuildController.run(InProcessBuildActionExecuter.java:64)
	at org.gradle.launcher.cli.ExecuteBuildAction.run(ExecuteBuildAction.java:33)
	at org.gradle.launcher.cli.ExecuteBuildAction.run(ExecuteBuildAction.java:24)
	at org.gradle.launcher.exec.InProcessBuildActionExecuter.execute(InProcessBuildActionExecuter.java:35)
	at org.gradle.launcher.exec.InProcessBuildActionExecuter.execute(InProcessBuildActionExecuter.java:26)
	at org.gradle.launcher.cli.RunBuildAction.run(RunBuildAction.java:50)
	at org.gradle.internal.Actions$RunnableActionAdapter.execute(Actions.java:171)
	at org.gradle.launcher.cli.CommandLineActionFactory$ParseAndBuildAction.execute(CommandLineActionFactory.java:201)
	at org.gradle.launcher.cli.CommandLineActionFactory$ParseAndBuildAction.execute(CommandLineActionFactory.java:174)
	at org.gradle.launcher.cli.CommandLineActionFactory$WithLogging.execute(CommandLineActionFactory.java:170)
	at org.gradle.launcher.cli.CommandLineActionFactory$WithLogging.execute(CommandLineActionFactory.java:139)
	at org.gradle.launcher.cli.ExceptionReportingAction.execute(ExceptionReportingAction.java:33)
	at org.gradle.launcher.cli.ExceptionReportingAction.execute(ExceptionReportingAction.java:22)
	at org.gradle.launcher.Main.doAction(Main.java:46)
	at org.gradle.launcher.bootstrap.EntryPoint.run(EntryPoint.java:45)
	at org.gradle.launcher.Main.main(Main.java:37)
	at org.gradle.launcher.bootstrap.ProcessBootstrap.runNoExit(ProcessBootstrap.java:50)
	at org.gradle.launcher.bootstrap.ProcessBootstrap.run(ProcessBootstrap.java:32)
	at org.gradle.launcher.GradleMain.main(GradleMain.java:23)
	at org.gradle.wrapper.BootstrapMainStarter.start(BootstrapMainStarter.java:30)
	at org.gradle.wrapper.WrapperExecutor.execute(WrapperExecutor.java:127)
	at org.gradle.wrapper.GradleWrapperMain.main(GradleWrapperMain.java:58)
Caused by: org.gradle.api.ProjectConfigurationException: A problem occurred configuring project ':progressfragment'.
	at org.gradle.configuration.project.LifecycleProjectEvaluator.addConfigurationFailure(LifecycleProjectEvaluator.java:79)
	at org.gradle.configuration.project.LifecycleProjectEvaluator.notifyAfterEvaluate(LifecycleProjectEvaluator.java:74)
	at org.gradle.configuration.project.LifecycleProjectEvaluator.evaluate(LifecycleProjectEvaluator.java:61)
	at org.gradle.api.internal.project.AbstractProject.evaluate(AbstractProject.java:507)
	at org.gradle.api.internal.project.AbstractProject.evaluationDependsOn(AbstractProject.java:611)
	at org.gradle.api.internal.project.AbstractProject.evaluationDependsOnChildren(AbstractProject.java:594)
	at org.gradle.api.Project$evaluationDependsOnChildren.call(Unknown Source)
	at com.android.build.gradle.ReportingPlugin.apply(ReportingPlugin.groovy:43)
	at com.android.build.gradle.ReportingPlugin.apply(ReportingPlugin.groovy)
	at org.gradle.api.internal.plugins.DefaultPluginContainer.providePlugin(DefaultPluginContainer.java:104)
	at org.gradle.api.internal.plugins.DefaultPluginContainer.addPluginInternal(DefaultPluginContainer.java:68)
	at org.gradle.api.internal.plugins.DefaultPluginContainer.apply(DefaultPluginContainer.java:34)
	at org.gradle.api.internal.plugins.DefaultObjectConfigurationAction.applyPlugin(DefaultObjectConfigurationAction.java:101)
	at org.gradle.api.internal.plugins.DefaultObjectConfigurationAction.access$200(DefaultObjectConfigurationAction.java:32)
	at org.gradle.api.internal.plugins.DefaultObjectConfigurationAction$3.run(DefaultObjectConfigurationAction.java:72)
	at org.gradle.api.internal.plugins.DefaultObjectConfigurationAction.execute(DefaultObjectConfigurationAction.java:114)
	at org.gradle.api.internal.project.AbstractPluginAware.apply(AbstractPluginAware.java:39)
	at org.gradle.api.Project$apply.call(Unknown Source)
	at org.gradle.api.internal.project.ProjectScript.apply(ProjectScript.groovy:34)
	at org.gradle.api.Script$apply.callCurrent(Unknown Source)
	at build_3dl3trm12ieq56afgnm1jsei7t.run(/tmp/rdisk/366/src/Android-ProgressFragment-master/build.gradle:24)
	at org.gradle.groovy.scripts.internal.DefaultScriptRunnerFactory$ScriptRunnerImpl.run(DefaultScriptRunnerFactory.java:52)
	... 33 more
Caused by: groovy.lang.MissingPropertyException: No such property: nexusUsername for class: org.gradle.api.publication.maven.internal.ant.DefaultGroovyMavenDeployer
	at maven_push_7ia2unoj2k50p90b2otmm5bv8m$_run_closure1_closure2_closure8_closure9_closure11.doCall(/tmp/rdisk/366/src/Android-ProgressFragment-master/maven_push.gradle:22)
	at maven_push_7ia2unoj2k50p90b2otmm5bv8m$_run_closure1_closure2_closure8_closure9_closure11.doCall(/tmp/rdisk/366/src/Android-ProgressFragment-master/maven_push.gradle)
	at org.gradle.api.publication.maven.internal.ant.DefaultGroovyMavenDeployer.methodMissing(DefaultGroovyMavenDeployer.groovy:36)
	at org.gradle.api.publication.maven.internal.ant.DefaultGroovyMavenDeployer.invokeMethod(DefaultGroovyMavenDeployer.groovy)
	at maven_push_7ia2unoj2k50p90b2otmm5bv8m$_run_closure1_closure2_closure8_closure9.doCall(/tmp/rdisk/366/src/Android-ProgressFragment-master/maven_push.gradle:21)
	at org.gradle.api.internal.ClosureBackedAction.execute(ClosureBackedAction.java:58)
	at org.gradle.api.internal.artifacts.DefaultArtifactRepositoryContainer.addRepository(DefaultArtifactRepositoryContainer.java:185)
	at org.gradle.api.publication.maven.internal.DefaultMavenRepositoryHandlerConvention.mavenDeployer(DefaultMavenRepositoryHandlerConvention.java:43)
	at org.gradle.api.internal.BeanDynamicObject$MetaClassAdapter.invokeMethod(BeanDynamicObject.java:225)
	at org.gradle.api.internal.BeanDynamicObject.invokeMethod(BeanDynamicObject.java:129)
	at org.gradle.api.internal.plugins.DefaultConvention$ExtensionsDynamicObject.invokeMethod(DefaultConvention.java:218)
	at org.gradle.api.internal.CompositeDynamicObject.invokeMethod(CompositeDynamicObject.java:147)
	at org.gradle.api.internal.CompositeDynamicObject.invokeMethod(CompositeDynamicObject.java:147)
	at org.gradle.api.internal.artifacts.dsl.DefaultRepositoryHandler_Decorated.invokeMethod(Unknown Source)
	at maven_push_7ia2unoj2k50p90b2otmm5bv8m$_run_closure1_closure2_closure8.doCall(/tmp/rdisk/366/src/Android-ProgressFragment-master/maven_push.gradle:16)
	at org.gradle.api.internal.ClosureBackedAction.execute(ClosureBackedAction.java:58)
	at org.gradle.util.ConfigureUtil.configure(ConfigureUtil.java:130)
	at org.gradle.util.ConfigureUtil.configure(ConfigureUtil.java:110)
	at org.gradle.api.internal.artifacts.DefaultArtifactRepositoryContainer.configure(DefaultArtifactRepositoryContainer.java:73)
	at org.gradle.api.internal.artifacts.DefaultArtifactRepositoryContainer.configure(DefaultArtifactRepositoryContainer.java:41)
	at org.gradle.api.internal.ClosureBackedAction.execute(ClosureBackedAction.java:50)
	at org.gradle.util.ConfigureUtil.configure(ConfigureUtil.java:130)
	at org.gradle.util.ConfigureUtil.configure(ConfigureUtil.java:91)
	at org.gradle.api.tasks.Upload.repositories(Upload.java:118)
	at maven_push_7ia2unoj2k50p90b2otmm5bv8m$_run_closure1_closure2.doCall(/tmp/rdisk/366/src/Android-ProgressFragment-master/maven_push.gradle:15)
	at org.gradle.api.internal.ClosureBackedAction.execute(ClosureBackedAction.java:58)
	at org.gradle.util.ConfigureUtil.configure(ConfigureUtil.java:130)
	at org.gradle.util.ConfigureUtil.configure(ConfigureUtil.java:110)
	at org.gradle.api.internal.AbstractTask.configure(AbstractTask.java:439)
	at org.gradle.api.internal.AbstractTask.configure(AbstractTask.java:59)
	at org.gradle.api.internal.ClosureBackedAction.execute(ClosureBackedAction.java:50)
	at org.gradle.util.ConfigureUtil.configure(ConfigureUtil.java:130)
	at org.gradle.util.ConfigureUtil.configure(ConfigureUtil.java:91)
	at org.gradle.api.internal.DefaultNamedDomainObjectCollection$ContainerElementsDynamicObject.invokeMethod(DefaultNamedDomainObjectCollection.java:324)
	at org.gradle.api.internal.CompositeDynamicObject.invokeMethod(CompositeDynamicObject.java:147)
	at org.gradle.groovy.scripts.BasicScript.methodMissing(BasicScript.java:79)
	at maven_push_7ia2unoj2k50p90b2otmm5bv8m$_run_closure1.doCall(/tmp/rdisk/366/src/Android-ProgressFragment-master/maven_push.gradle:14)
	at org.gradle.listener.ClosureBackedMethodInvocationDispatch.dispatch(ClosureBackedMethodInvocationDispatch.java:40)
	at org.gradle.listener.ClosureBackedMethodInvocationDispatch.dispatch(ClosureBackedMethodInvocationDispatch.java:25)
	at org.gradle.listener.BroadcastDispatch.dispatch(BroadcastDispatch.java:79)
	at org.gradle.listener.BroadcastDispatch.dispatch(BroadcastDispatch.java:31)
	at org.gradle.messaging.dispatch.ProxyDispatchAdapter$DispatchingInvocationHandler.invoke(ProxyDispatchAdapter.java:93)
	at com.sun.proxy.$Proxy14.afterEvaluate(Unknown Source)
	at org.gradle.configuration.project.LifecycleProjectEvaluator.notifyAfterEvaluate(LifecycleProjectEvaluator.java:67)
	... 53 more


BUILD FAILED

Total time: 5.682 secs

2018-04-10 18:07:33,287 INFO  ProjectTaskService - Detecting possible tasks...
2018-04-10 18:07:33,288 INFO  SysUtils - Execute command: [/tmp/rdisk/366/src/Android-ProgressFragment-master/gradlew, -b, /tmp/rdisk/366/src/Android-ProgressFragment-master/build.gradle, -Dorg.gradle.daemon=false, -Dorg.gradle.daemon.performance.enable-monitoring=false, -Dorg.gradle.configureondemand=true, tasks]
2018-04-10 18:07:39,344 ERROR ProjectTaskService - Could not detect possible Gradle tasks: Process exited with an error: 1 (Exit value: 1)
2018-04-10 18:07:39,344 INFO  ProjectTaskService - Detected possible tasks: 0
2018-04-10 18:07:39,344 INFO  ProjectTaskService - Excluded tasks (0): none
2018-04-10 18:07:39,344 INFO  SysUtils - Execute command: [/tmp/rdisk/366/src/Android-ProgressFragment-master/gradlew, -b, /tmp/rdisk/366/src/Android-ProgressFragment-master/build.gradle, -Dorg.gradle.daemon=false, -Dorg.gradle.daemon.performance.enable-monitoring=false, -Dorg.gradle.configureondemand=true, --stacktrace, build]
2018-04-10 18:07:45,466 ERROR SysUtils - Could not process external command
org.apache.commons.exec.ExecuteException: Process exited with an error: 1 (Exit value: 1)
	at org.apache.commons.exec.DefaultExecutor.executeInternal(DefaultExecutor.java:404)
	at org.apache.commons.exec.DefaultExecutor.execute(DefaultExecutor.java:166)
	at com.github.vbauer.apkmaster.util.SysUtils.execute(SysUtils.java:67)
	at com.github.vbauer.apkmaster.util.SysUtils.executeSimple(SysUtils.java:43)
	at com.github.vbauer.apkmaster.service.assembly.ProjectBuildService.buildProject(ProjectBuildService.java:78)
	at com.github.vbauer.apkmaster.service.assembly.ProjectBuildService.buildProject(ProjectBuildService.java:64)
	at com.github.vbauer.apkmaster.service.assembly.ProjectBuildService.buildProject(ProjectBuildService.java:43)
	at com.github.vbauer.apkmaster.service.FullProcessService.build(FullProcessService.java:84)
	at com.github.vbauer.apkmaster.service.FullProcessService.process(FullProcessService.java:34)
	at com.github.vbauer.apkmaster.app.MainApplication.process(MainApplication.java:38)
	at com.github.vbauer.apkmaster.app.MainApplication.main(MainApplication.java:20)
	at sun.reflect.GeneratedMethodAccessor9.invoke(Unknown Source)
	at sun.reflect.DelegatingMethodAccessorImpl.invoke(DelegatingMethodAccessorImpl.java:43)
	at java.lang.reflect.Method.invoke(Method.java:498)
	at com.android.arsenal.util.ReflectionUtils.invoke(ReflectionUtils.java:42)
	at com.android.arsenal.util.ApkMasterUtils.main(ApkMasterUtils.java:30)
	at com.android.arsenal.service.processor.impl.BuildProcessorServiceImpl.buildProject(BuildProcessorServiceImpl.java:197)
	at com.android.arsenal.service.processor.impl.BuildProcessorServiceImpl.build(BuildProcessorServiceImpl.java:131)
	at com.android.arsenal.service.processor.impl.BuildProcessorServiceImpl.lambda$null$1(BuildProcessorServiceImpl.java:114)
	at java.util.concurrent.FutureTask.run(FutureTask.java:266)
	at java.util.concurrent.Executors$RunnableAdapter.call(Executors.java:511)
	at java.util.concurrent.FutureTask.run(FutureTask.java:266)
	at java.util.concurrent.ThreadPoolExecutor.runWorker(ThreadPoolExecutor.java:1149)
	at java.util.concurrent.ThreadPoolExecutor$Worker.run(ThreadPoolExecutor.java:624)
	at java.lang.Thread.run(Thread.java:748)
2018-04-10 18:07:45,466 INFO  SysUtils - Configuration on demand is an incubating feature.
DEBUG BUILD

FAILURE: Build failed with an exception.

* Where:
Script '/tmp/rdisk/366/src/Android-ProgressFragment-master/maven_push.gradle' line: 22

* What went wrong:
A problem occurred evaluating root project 'Android-ProgressFragment-master'.
> A problem occurred configuring project ':progressfragment'.
   > No such property: nexusUsername for class: org.gradle.api.publication.maven.internal.ant.DefaultGroovyMavenDeployer

* Try:
Run with --info or --debug option to get more log output.

* Exception is:
org.gradle.api.GradleScriptException: A problem occurred evaluating root project 'Android-ProgressFragment-master'.
	at org.gradle.groovy.scripts.internal.DefaultScriptRunnerFactory$ScriptRunnerImpl.run(DefaultScriptRunnerFactory.java:54)
	at org.gradle.configuration.DefaultScriptPluginFactory$ScriptPluginImpl.apply(DefaultScriptPluginFactory.java:177)
	at org.gradle.configuration.project.BuildScriptProcessor.execute(BuildScriptProcessor.java:38)
	at org.gradle.configuration.project.BuildScriptProcessor.execute(BuildScriptProcessor.java:25)
	at org.gradle.configuration.project.ConfigureActionsProjectEvaluator.evaluate(ConfigureActionsProjectEvaluator.java:34)
	at org.gradle.configuration.project.LifecycleProjectEvaluator.evaluate(LifecycleProjectEvaluator.java:55)
	at org.gradle.api.internal.project.AbstractProject.evaluate(AbstractProject.java:507)
	at org.gradle.api.internal.project.AbstractProject.evaluate(AbstractProject.java:82)
	at org.gradle.configuration.DefaultBuildConfigurer.configure(DefaultBuildConfigurer.java:28)
	at org.gradle.initialization.DefaultGradleLauncher.doBuildStages(DefaultGradleLauncher.java:142)
	at org.gradle.initialization.DefaultGradleLauncher.doBuild(DefaultGradleLauncher.java:113)
	at org.gradle.initialization.DefaultGradleLauncher.run(DefaultGradleLauncher.java:81)
	at org.gradle.launcher.exec.InProcessBuildActionExecuter$DefaultBuildController.run(InProcessBuildActionExecuter.java:64)
	at org.gradle.launcher.cli.ExecuteBuildAction.run(ExecuteBuildAction.java:33)
	at org.gradle.launcher.cli.ExecuteBuildAction.run(ExecuteBuildAction.java:24)
	at org.gradle.launcher.exec.InProcessBuildActionExecuter.execute(InProcessBuildActionExecuter.java:35)
	at org.gradle.launcher.exec.InProcessBuildActionExecuter.execute(InProcessBuildActionExecuter.java:26)
	at org.gradle.launcher.cli.RunBuildAction.run(RunBuildAction.java:50)
	at org.gradle.internal.Actions$RunnableActionAdapter.execute(Actions.java:171)
	at org.gradle.launcher.cli.CommandLineActionFactory$ParseAndBuildAction.execute(CommandLineActionFactory.java:201)
	at org.gradle.launcher.cli.CommandLineActionFactory$ParseAndBuildAction.execute(CommandLineActionFactory.java:174)
	at org.gradle.launcher.cli.CommandLineActionFactory$WithLogging.execute(CommandLineActionFactory.java:170)
	at org.gradle.launcher.cli.CommandLineActionFactory$WithLogging.execute(CommandLineActionFactory.java:139)
	at org.gradle.launcher.cli.ExceptionReportingAction.execute(ExceptionReportingAction.java:33)
	at org.gradle.launcher.cli.ExceptionReportingAction.execute(ExceptionReportingAction.java:22)
	at org.gradle.launcher.Main.doAction(Main.java:46)
	at org.gradle.launcher.bootstrap.EntryPoint.run(EntryPoint.java:45)
	at org.gradle.launcher.Main.main(Main.java:37)
	at org.gradle.launcher.bootstrap.ProcessBootstrap.runNoExit(ProcessBootstrap.java:50)
	at org.gradle.launcher.bootstrap.ProcessBootstrap.run(ProcessBootstrap.java:32)
	at org.gradle.launcher.GradleMain.main(GradleMain.java:23)
	at org.gradle.wrapper.BootstrapMainStarter.start(BootstrapMainStarter.java:30)
	at org.gradle.wrapper.WrapperExecutor.execute(WrapperExecutor.java:127)
	at org.gradle.wrapper.GradleWrapperMain.main(GradleWrapperMain.java:58)
Caused by: org.gradle.api.ProjectConfigurationException: A problem occurred configuring project ':progressfragment'.
	at org.gradle.configuration.project.LifecycleProjectEvaluator.addConfigurationFailure(LifecycleProjectEvaluator.java:79)
	at org.gradle.configuration.project.LifecycleProjectEvaluator.notifyAfterEvaluate(LifecycleProjectEvaluator.java:74)
	at org.gradle.configuration.project.LifecycleProjectEvaluator.evaluate(LifecycleProjectEvaluator.java:61)
	at org.gradle.api.internal.project.AbstractProject.evaluate(AbstractProject.java:507)
	at org.gradle.api.internal.project.AbstractProject.evaluationDependsOn(AbstractProject.java:611)
	at org.gradle.api.internal.project.AbstractProject.evaluationDependsOnChildren(AbstractProject.java:594)
	at org.gradle.api.Project$evaluationDependsOnChildren.call(Unknown Source)
	at com.android.build.gradle.ReportingPlugin.apply(ReportingPlugin.groovy:43)
	at com.android.build.gradle.ReportingPlugin.apply(ReportingPlugin.groovy)
	at org.gradle.api.internal.plugins.DefaultPluginContainer.providePlugin(DefaultPluginContainer.java:104)
	at org.gradle.api.internal.plugins.DefaultPluginContainer.addPluginInternal(DefaultPluginContainer.java:68)
	at org.gradle.api.internal.plugins.DefaultPluginContainer.apply(DefaultPluginContainer.java:34)
	at org.gradle.api.internal.plugins.DefaultObjectConfigurationAction.applyPlugin(DefaultObjectConfigurationAction.java:101)
	at org.gradle.api.internal.plugins.DefaultObjectConfigurationAction.access$200(DefaultObjectConfigurationAction.java:32)
	at org.gradle.api.internal.plugins.DefaultObjectConfigurationAction$3.run(DefaultObjectConfigurationAction.java:72)
	at org.gradle.api.internal.plugins.DefaultObjectConfigurationAction.execute(DefaultObjectConfigurationAction.java:114)
	at org.gradle.api.internal.project.AbstractPluginAware.apply(AbstractPluginAware.java:39)
	at org.gradle.api.Project$apply.call(Unknown Source)
	at org.gradle.api.internal.project.ProjectScript.apply(ProjectScript.groovy:34)
	at org.gradle.api.Script$apply.callCurrent(Unknown Source)
	at build_3dl3trm12ieq56afgnm1jsei7t.run(/tmp/rdisk/366/src/Android-ProgressFragment-master/build.gradle:24)
	at org.gradle.groovy.scripts.internal.DefaultScriptRunnerFactory$ScriptRunnerImpl.run(DefaultScriptRunnerFactory.java:52)
	... 33 more
Caused by: groovy.lang.MissingPropertyException: No such property: nexusUsername for class: org.gradle.api.publication.maven.internal.ant.DefaultGroovyMavenDeployer
	at maven_push_7ia2unoj2k50p90b2otmm5bv8m$_run_closure1_closure2_closure8_closure9_closure11.doCall(/tmp/rdisk/366/src/Android-ProgressFragment-master/maven_push.gradle:22)
	at maven_push_7ia2unoj2k50p90b2otmm5bv8m$_run_closure1_closure2_closure8_closure9_closure11.doCall(/tmp/rdisk/366/src/Android-ProgressFragment-master/maven_push.gradle)
	at org.gradle.api.publication.maven.internal.ant.DefaultGroovyMavenDeployer.methodMissing(DefaultGroovyMavenDeployer.groovy:36)
	at org.gradle.api.publication.maven.internal.ant.DefaultGroovyMavenDeployer.invokeMethod(DefaultGroovyMavenDeployer.groovy)
	at maven_push_7ia2unoj2k50p90b2otmm5bv8m$_run_closure1_closure2_closure8_closure9.doCall(/tmp/rdisk/366/src/Android-ProgressFragment-master/maven_push.gradle:21)
	at org.gradle.api.internal.ClosureBackedAction.execute(ClosureBackedAction.java:58)
	at org.gradle.api.internal.artifacts.DefaultArtifactRepositoryContainer.addRepository(DefaultArtifactRepositoryContainer.java:185)
	at org.gradle.api.publication.maven.internal.DefaultMavenRepositoryHandlerConvention.mavenDeployer(DefaultMavenRepositoryHandlerConvention.java:43)
	at org.gradle.api.internal.BeanDynamicObject$MetaClassAdapter.invokeMethod(BeanDynamicObject.java:225)
	at org.gradle.api.internal.BeanDynamicObject.invokeMethod(BeanDynamicObject.java:129)
	at org.gradle.api.internal.plugins.DefaultConvention$ExtensionsDynamicObject.invokeMethod(DefaultConvention.java:218)
	at org.gradle.api.internal.CompositeDynamicObject.invokeMethod(CompositeDynamicObject.java:147)
	at org.gradle.api.internal.CompositeDynamicObject.invokeMethod(CompositeDynamicObject.java:147)
	at org.gradle.api.internal.artifacts.dsl.DefaultRepositoryHandler_Decorated.invokeMethod(Unknown Source)
	at maven_push_7ia2unoj2k50p90b2otmm5bv8m$_run_closure1_closure2_closure8.doCall(/tmp/rdisk/366/src/Android-ProgressFragment-master/maven_push.gradle:16)
	at org.gradle.api.internal.ClosureBackedAction.execute(ClosureBackedAction.java:58)
	at org.gradle.util.ConfigureUtil.configure(ConfigureUtil.java:130)
	at org.gradle.util.ConfigureUtil.configure(ConfigureUtil.java:110)
	at org.gradle.api.internal.artifacts.DefaultArtifactRepositoryContainer.configure(DefaultArtifactRepositoryContainer.java:73)
	at org.gradle.api.internal.artifacts.DefaultArtifactRepositoryContainer.configure(DefaultArtifactRepositoryContainer.java:41)
	at org.gradle.api.internal.ClosureBackedAction.execute(ClosureBackedAction.java:50)
	at org.gradle.util.ConfigureUtil.configure(ConfigureUtil.java:130)
	at org.gradle.util.ConfigureUtil.configure(ConfigureUtil.java:91)
	at org.gradle.api.tasks.Upload.repositories(Upload.java:118)
	at maven_push_7ia2unoj2k50p90b2otmm5bv8m$_run_closure1_closure2.doCall(/tmp/rdisk/366/src/Android-ProgressFragment-master/maven_push.gradle:15)
	at org.gradle.api.internal.ClosureBackedAction.execute(ClosureBackedAction.java:58)
	at org.gradle.util.ConfigureUtil.configure(ConfigureUtil.java:130)
	at org.gradle.util.ConfigureUtil.configure(ConfigureUtil.java:110)
	at org.gradle.api.internal.AbstractTask.configure(AbstractTask.java:439)
	at org.gradle.api.internal.AbstractTask.configure(AbstractTask.java:59)
	at org.gradle.api.internal.ClosureBackedAction.execute(ClosureBackedAction.java:50)
	at org.gradle.util.ConfigureUtil.configure(ConfigureUtil.java:130)
	at org.gradle.util.ConfigureUtil.configure(ConfigureUtil.java:91)
	at org.gradle.api.internal.DefaultNamedDomainObjectCollection$ContainerElementsDynamicObject.invokeMethod(DefaultNamedDomainObjectCollection.java:324)
	at org.gradle.api.internal.CompositeDynamicObject.invokeMethod(CompositeDynamicObject.java:147)
	at org.gradle.groovy.scripts.BasicScript.methodMissing(BasicScript.java:79)
	at maven_push_7ia2unoj2k50p90b2otmm5bv8m$_run_closure1.doCall(/tmp/rdisk/366/src/Android-ProgressFragment-master/maven_push.gradle:14)
	at org.gradle.listener.ClosureBackedMethodInvocationDispatch.dispatch(ClosureBackedMethodInvocationDispatch.java:40)
	at org.gradle.listener.ClosureBackedMethodInvocationDispatch.dispatch(ClosureBackedMethodInvocationDispatch.java:25)
	at org.gradle.listener.BroadcastDispatch.dispatch(BroadcastDispatch.java:79)
	at org.gradle.listener.BroadcastDispatch.dispatch(BroadcastDispatch.java:31)
	at org.gradle.messaging.dispatch.ProxyDispatchAdapter$DispatchingInvocationHandler.invoke(ProxyDispatchAdapter.java:93)
	at com.sun.proxy.$Proxy14.afterEvaluate(Unknown Source)
	at org.gradle.configuration.project.LifecycleProjectEvaluator.notifyAfterEvaluate(LifecycleProjectEvaluator.java:67)
	... 53 more


BUILD FAILED

Total time: 5.666 secs

2018-04-10 18:07:45,472 ERROR FullProcessService - Project build has not produced APK file
2018-04-10 18:07:45,476 ERROR FullProcessService - Could not find generated or existed APK file
