2018-04-09 21:34:55,470 INFO  DownloadService - Downloading "https://github.com/JohnPersano/SuperToasts/archive/master.zip", attempt 3
2018-04-09 21:35:55,938 INFO  GithubDownloadService - Could not find ZIP archive for master branch
2018-04-09 21:35:56,658 INFO  GithubDownloadService - Default branch of this repository: master
2018-04-09 21:35:56,658 INFO  DownloadService - Downloading "https://github.com/JohnPersano/SuperToasts/archive/master.zip", attempt 3
2018-04-09 21:36:57,923 DEBUG FullProcessService - Repository https://github.com/JohnPersano/SuperToasts available: true
2018-04-09 21:36:57,923 INFO  FullProcessService - Could not download ZIP file from Github, lets clone it
2018-04-09 21:36:57,923 INFO  SysUtils - Execute command: [git, clone, -q, --single-branch, --depth, 1, https://github.com/JohnPersano/SuperToasts, /tmp/rdisk/494/src]
2018-04-09 21:37:00,133 INFO  SysUtils - 
2018-04-09 21:37:00,138 INFO  GitService - Deleted "/tmp/rdisk/494/src/.git": true
2018-04-09 21:37:00,142 INFO  FullProcessService - Size of directory with sources: 2 MB
2018-04-09 21:37:00,142 INFO  SysUtils - Execute command: [git, init, /tmp/rdisk/494/src]
2018-04-09 21:37:00,146 INFO  SysUtils - Initialized empty Git repository in /tmp/rdisk/494/src/.git/

2018-04-09 21:37:00,149 INFO  ProjectBuildService - Gradle wrapper(s): /tmp/rdisk/494/src/gradlew
2018-04-09 21:37:00,152 INFO  ProjectBuildService - Build script(s): /tmp/rdisk/494/src/demo/build.gradle /tmp/rdisk/494/src/library/build.gradle /tmp/rdisk/494/src/build.gradle
2018-04-09 21:37:00,155 INFO  ProjectBuildService - All script(s): /tmp/rdisk/494/src/settings.gradle /tmp/rdisk/494/src/library/build.gradle /tmp/rdisk/494/src/demo/build.gradle /tmp/rdisk/494/src/build.gradle
2018-04-09 21:37:00,156 INFO  DownloadService - Downloading "https://raw.githubusercontent.com/blundell/release-android-library/master/android-release-aar.gradle", attempt 3
2018-04-09 21:37:00,503 INFO  DownloadService - Downloaded https://raw.githubusercontent.com/blundell/release-android-library/master/android-release-aar.gradle, attempt 3
2018-04-09 21:37:00,503 INFO  ProjectBuildService - Remote scripts: https://raw.githubusercontent.com/blundell/release-android-library/master/android-release-aar.gradle
2018-04-09 21:37:00,503 INFO  ProjectFixService - Fixing project...
2018-04-09 21:37:00,510 INFO  LocalPropertiesFixService - Created fake /tmp/rdisk/494/src/demo/local.properties
2018-04-09 21:37:00,510 INFO  ProjectFixService - Build info for "/tmp/rdisk/494/src/demo/build.gradle": [buildToolsVersion=23.0.3,compileSdkVersion=24,minSdkVersion=16,targetSdkVersion=24]
2018-04-09 21:37:00,510 INFO  LocalPropertiesFixService - Created fake /tmp/rdisk/494/src/library/local.properties
2018-04-09 21:37:00,511 INFO  ProjectFixService - Build info for "/tmp/rdisk/494/src/library/build.gradle": [buildToolsVersion=23.0.3,compileSdkVersion=24,minSdkVersion=16,targetSdkVersion=24]
2018-04-09 21:37:00,511 INFO  LocalPropertiesFixService - Created fake /tmp/rdisk/494/src/local.properties
2018-04-09 21:37:00,511 INFO  WrapperPropertiesFixService - Gradle wrapper: https://services.gradle.org/distributions/gradle-2.10-all.zip
2018-04-09 21:37:00,511 INFO  WrapperPropertiesFixService - Gradle wrapper was changed from "-all.zip" to "-bin.zip" (https://services.gradle.org/distributions/gradle-2.10-bin.zip)
2018-04-09 21:37:00,512 INFO  ProjectFixService - Build info for "/tmp/rdisk/494/src/build.gradle": [buildToolsVersion=23.0.3,compileSdkVersion=24,minSdkVersion=16,targetSdkVersion=24]
2018-04-09 21:37:00,512 INFO  ProjectFixService - Project was maybe fixed
2018-04-09 21:37:00,512 INFO  ProjectTaskService - Detecting possible tasks...
2018-04-09 21:37:00,512 INFO  SysUtils - Execute command: [/tmp/rdisk/494/src/gradlew, -b, /tmp/rdisk/494/src/demo/build.gradle, -Dorg.gradle.daemon=false, -Dorg.gradle.daemon.performance.enable-monitoring=false, -Dorg.gradle.configureondemand=true, tasks]
2018-04-09 21:37:11,327 INFO  ProjectTaskService - Detected possible tasks: 73
2018-04-09 21:37:11,327 INFO  ProjectTaskService - Excluded tasks (22): lintDebug mockableAndroidJar androidJavadocs deviceCheck lint androidSourcesJar testReleaseUnitTest uninstallRelease deviceAndroidTest uninstallDebugAndroidTest installDebugAndroidTest connectedCheck connectedDebugAndroidTest uninstallAll androidJavadocsJar test check testDebugUnitTest connectedAndroidTest installDebug lintRelease uninstallDebug
2018-04-09 21:37:11,327 INFO  SysUtils - Execute command: [/tmp/rdisk/494/src/gradlew, -b, /tmp/rdisk/494/src/demo/build.gradle, -Dorg.gradle.daemon=false, -Dorg.gradle.daemon.performance.enable-monitoring=false, -Dorg.gradle.configureondemand=true, --stacktrace, -x, lintDebug, -x, mockableAndroidJar, -x, androidJavadocs, -x, deviceCheck, -x, lint, -x, androidSourcesJar, -x, testReleaseUnitTest, -x, uninstallRelease, -x, deviceAndroidTest, -x, uninstallDebugAndroidTest, -x, installDebugAndroidTest, -x, connectedCheck, -x, connectedDebugAndroidTest, -x, uninstallAll, -x, androidJavadocsJar, -x, test, -x, check, -x, testDebugUnitTest, -x, connectedAndroidTest, -x, installDebug, -x, lintRelease, -x, uninstallDebug, build]
2018-04-09 21:37:19,448 ERROR SysUtils - Could not process external command
org.apache.commons.exec.ExecuteException: Process exited with an error: 1 (Exit value: 1)
	at org.apache.commons.exec.DefaultExecutor.executeInternal(DefaultExecutor.java:404)
	at org.apache.commons.exec.DefaultExecutor.execute(DefaultExecutor.java:166)
	at com.github.vbauer.apkmaster.util.SysUtils.execute(SysUtils.java:67)
	at com.github.vbauer.apkmaster.util.SysUtils.executeSimple(SysUtils.java:43)
	at com.github.vbauer.apkmaster.service.assembly.ProjectBuildService.buildProject(ProjectBuildService.java:78)
	at com.github.vbauer.apkmaster.service.assembly.ProjectBuildService.buildProject(ProjectBuildService.java:64)
	at com.github.vbauer.apkmaster.service.assembly.ProjectBuildService.buildProject(ProjectBuildService.java:43)
	at com.github.vbauer.apkmaster.service.FullProcessService.build(FullProcessService.java:84)
	at com.github.vbauer.apkmaster.service.FullProcessService.process(FullProcessService.java:34)
	at com.github.vbauer.apkmaster.app.MainApplication.process(MainApplication.java:38)
	at com.github.vbauer.apkmaster.app.MainApplication.main(MainApplication.java:20)
	at sun.reflect.GeneratedMethodAccessor8.invoke(Unknown Source)
	at sun.reflect.DelegatingMethodAccessorImpl.invoke(DelegatingMethodAccessorImpl.java:43)
	at java.lang.reflect.Method.invoke(Method.java:498)
	at com.android.arsenal.util.ReflectionUtils.invoke(ReflectionUtils.java:42)
	at com.android.arsenal.util.ApkMasterUtils.main(ApkMasterUtils.java:30)
	at com.android.arsenal.service.processor.impl.BuildProcessorServiceImpl.buildProject(BuildProcessorServiceImpl.java:197)
	at com.android.arsenal.service.processor.impl.BuildProcessorServiceImpl.build(BuildProcessorServiceImpl.java:131)
	at com.android.arsenal.service.processor.impl.BuildProcessorServiceImpl.lambda$null$1(BuildProcessorServiceImpl.java:114)
	at java.util.concurrent.FutureTask.run(FutureTask.java:266)
	at java.util.concurrent.Executors$RunnableAdapter.call(Executors.java:511)
	at java.util.concurrent.FutureTask.run(FutureTask.java:266)
	at java.util.concurrent.ThreadPoolExecutor.runWorker(ThreadPoolExecutor.java:1149)
	at java.util.concurrent.ThreadPoolExecutor$Worker.run(ThreadPoolExecutor.java:624)
	at java.lang.Thread.run(Thread.java:748)
2018-04-09 21:37:19,448 INFO  SysUtils - Configuration on demand is an incubating feature.
Incremental java compilation is an incubating feature.

FAILURE: Build failed with an exception.

* What went wrong:
Task 'androidJavadocs' not found in project ':demo'.

* Try:
Run gradlew tasks to get a list of available tasks. Run with --info or --debug option to get more log output.

* Exception is:
org.gradle.execution.TaskSelectionException: Task 'androidJavadocs' not found in project ':demo'.
	at org.gradle.execution.TaskSelector.getSelection(TaskSelector.java:100)
	at org.gradle.execution.TaskSelector.getFilter(TaskSelector.java:63)
	at org.gradle.execution.ExcludedTaskFilteringBuildConfigurationAction.configure(ExcludedTaskFilteringBuildConfigurationAction.java:42)
	at org.gradle.execution.DefaultBuildConfigurationActionExecuter.configure(DefaultBuildConfigurationActionExecuter.java:48)
	at org.gradle.execution.DefaultBuildConfigurationActionExecuter.select(DefaultBuildConfigurationActionExecuter.java:36)
	at org.gradle.initialization.DefaultGradleLauncher$3.run(DefaultGradleLauncher.java:143)
	at org.gradle.internal.Factories$1.create(Factories.java:22)
	at org.gradle.internal.progress.DefaultBuildOperationExecutor.run(DefaultBuildOperationExecutor.java:90)
	at org.gradle.internal.progress.DefaultBuildOperationExecutor.run(DefaultBuildOperationExecutor.java:52)
	at org.gradle.initialization.DefaultGradleLauncher.doBuildStages(DefaultGradleLauncher.java:140)
	at org.gradle.initialization.DefaultGradleLauncher.access$200(DefaultGradleLauncher.java:32)
	at org.gradle.initialization.DefaultGradleLauncher$1.create(DefaultGradleLauncher.java:99)
	at org.gradle.initialization.DefaultGradleLauncher$1.create(DefaultGradleLauncher.java:93)
	at org.gradle.internal.progress.DefaultBuildOperationExecutor.run(DefaultBuildOperationExecutor.java:90)
	at org.gradle.internal.progress.DefaultBuildOperationExecutor.run(DefaultBuildOperationExecutor.java:62)
	at org.gradle.initialization.DefaultGradleLauncher.doBuild(DefaultGradleLauncher.java:93)
	at org.gradle.initialization.DefaultGradleLauncher.run(DefaultGradleLauncher.java:82)
	at org.gradle.launcher.exec.InProcessBuildActionExecuter$DefaultBuildController.run(InProcessBuildActionExecuter.java:94)
	at org.gradle.tooling.internal.provider.ExecuteBuildActionRunner.run(ExecuteBuildActionRunner.java:28)
	at org.gradle.launcher.exec.ChainingBuildActionRunner.run(ChainingBuildActionRunner.java:35)
	at org.gradle.launcher.exec.InProcessBuildActionExecuter.execute(InProcessBuildActionExecuter.java:43)
	at org.gradle.launcher.exec.InProcessBuildActionExecuter.execute(InProcessBuildActionExecuter.java:28)
	at org.gradle.launcher.exec.ContinuousBuildActionExecuter.execute(ContinuousBuildActionExecuter.java:78)
	at org.gradle.launcher.exec.ContinuousBuildActionExecuter.execute(ContinuousBuildActionExecuter.java:48)
	at org.gradle.launcher.exec.DaemonUsageSuggestingBuildActionExecuter.execute(DaemonUsageSuggestingBuildActionExecuter.java:51)
	at org.gradle.launcher.exec.DaemonUsageSuggestingBuildActionExecuter.execute(DaemonUsageSuggestingBuildActionExecuter.java:28)
	at org.gradle.launcher.cli.RunBuildAction.run(RunBuildAction.java:43)
	at org.gradle.internal.Actions$RunnableActionAdapter.execute(Actions.java:170)
	at org.gradle.launcher.cli.CommandLineActionFactory$ParseAndBuildAction.execute(CommandLineActionFactory.java:237)
	at org.gradle.launcher.cli.CommandLineActionFactory$ParseAndBuildAction.execute(CommandLineActionFactory.java:210)
	at org.gradle.launcher.cli.JavaRuntimeValidationAction.execute(JavaRuntimeValidationAction.java:35)
	at org.gradle.launcher.cli.JavaRuntimeValidationAction.execute(JavaRuntimeValidationAction.java:24)
	at org.gradle.launcher.cli.CommandLineActionFactory$WithLogging.execute(CommandLineActionFactory.java:206)
	at org.gradle.launcher.cli.CommandLineActionFactory$WithLogging.execute(CommandLineActionFactory.java:169)
	at org.gradle.launcher.cli.ExceptionReportingAction.execute(ExceptionReportingAction.java:33)
	at org.gradle.launcher.cli.ExceptionReportingAction.execute(ExceptionReportingAction.java:22)
	at org.gradle.launcher.Main.doAction(Main.java:33)
	at org.gradle.launcher.bootstrap.EntryPoint.run(EntryPoint.java:45)
	at org.gradle.launcher.bootstrap.ProcessBootstrap.runNoExit(ProcessBootstrap.java:54)
	at org.gradle.launcher.bootstrap.ProcessBootstrap.run(ProcessBootstrap.java:35)
	at org.gradle.launcher.GradleMain.main(GradleMain.java:23)
	at org.gradle.wrapper.BootstrapMainStarter.start(BootstrapMainStarter.java:30)
	at org.gradle.wrapper.WrapperExecutor.execute(WrapperExecutor.java:129)
	at org.gradle.wrapper.GradleWrapperMain.main(GradleWrapperMain.java:61)


BUILD FAILED

Total time: 7.666 secs

2018-04-09 21:37:19,448 ERROR ProjectBuildService - Excluded tasks were detected wrong
2018-04-09 21:37:19,448 INFO  SysUtils - Execute command: [/tmp/rdisk/494/src/gradlew, -b, /tmp/rdisk/494/src/demo/build.gradle, -Dorg.gradle.daemon=false, -Dorg.gradle.daemon.performance.enable-monitoring=false, -Dorg.gradle.configureondemand=true, --stacktrace, build]
2018-04-09 21:38:05,642 INFO  SysUtils - Configuration on demand is an incubating feature.
Incremental java compilation is an incubating feature.
:demo:preBuild UP-TO-DATE
:demo:preDebugBuild UP-TO-DATE
:demo:checkDebugManifest
:demo:preReleaseBuild UP-TO-DATE
:library:preBuild UP-TO-DATE
:library:preReleaseBuild UP-TO-DATE
:library:compileReleaseNdk UP-TO-DATE
:library:compileLint
:library:copyReleaseLint UP-TO-DATE
:library:checkReleaseManifest
:library:preDebugAndroidTestBuild UP-TO-DATE
:library:preDebugBuild UP-TO-DATE
:library:preDebugUnitTestBuild UP-TO-DATE
:library:preReleaseUnitTestBuild UP-TO-DATE
:library:prepareComAndroidSupportAnimatedVectorDrawable2400Library
:library:prepareComAndroidSupportAppcompatV72400Library
:library:prepareComAndroidSupportSupportV42400Library
:library:prepareComAndroidSupportSupportVectorDrawable2400Library
:library:prepareReleaseDependencies
:library:compileReleaseAidl
:library:compileReleaseRenderscript
:library:generateReleaseBuildConfig
:library:mergeReleaseShaders
:library:compileReleaseShaders
:library:generateReleaseAssets
:library:mergeReleaseAssets
:library:generateReleaseResValues
:library:generateReleaseResources
:library:mergeReleaseResources
:library:processReleaseManifest
:library:processReleaseResources
:library:generateReleaseSources
:library:incrementalReleaseJavaCompilationSafeguard
:library:compileReleaseJavaWithJavac
:library:compileReleaseJavaWithJavac - is not incremental (e.g. outputs have changed, no previous execution, etc.).
:library:extractReleaseAnnotations
:library:mergeReleaseProguardFiles
:library:packageReleaseRenderscript UP-TO-DATE
:library:packageReleaseResources
:library:processReleaseJavaRes UP-TO-DATE
:library:transformResourcesWithMergeJavaResForRelease
:library:transformClassesAndResourcesWithSyncLibJarsForRelease
:library:mergeReleaseJniLibFolders
:library:transformNative_libsWithMergeJniLibsForRelease
:library:transformNative_libsWithSyncJniLibsForRelease
:library:bundleRelease
:demo:prepareComAndroidSupportAnimatedVectorDrawable2400Library
:demo:prepareComAndroidSupportAppcompatV72400Library
:demo:prepareComAndroidSupportDesign2400Library
:demo:prepareComAndroidSupportRecyclerviewV72400Library
:demo:prepareComAndroidSupportSupportV42400Library
:demo:prepareComAndroidSupportSupportVectorDrawable2400Library
:demo:prepareSrcLibraryUnspecifiedLibrary
:demo:prepareDebugDependencies
:demo:compileDebugAidl
:demo:compileDebugRenderscript
:demo:generateDebugBuildConfig
:demo:mergeDebugShaders
:demo:compileDebugShaders
:demo:generateDebugAssets
:demo:mergeDebugAssets
:demo:generateDebugResValues
:demo:generateDebugResources
:demo:mergeDebugResources
:demo:processDebugManifest
:demo:processDebugResources
:demo:generateDebugSources
:demo:incrementalDebugJavaCompilationSafeguard
:demo:compileDebugJavaWithJavac
:demo:compileDebugJavaWithJavac - is not incremental (e.g. outputs have changed, no previous execution, etc.).
:demo:compileDebugNdk UP-TO-DATE
:demo:compileDebugSources
:demo:prePackageMarkerForDebug
:demo:transformClassesWithDexForDebug
To run dex in process, the Gradle daemon needs a larger heap.
It currently has approximately 1623 MB.
For faster builds, increase the maximum heap size for the Gradle daemon to more than 2048 MB.
To do this set org.gradle.jvmargs=-Xmx2048M in the project gradle.properties.
For more information see https://docs.gradle.org/current/userguide/build_environment.html
:demo:mergeDebugJniLibFolders
:demo:transformNative_libsWithMergeJniLibsForDebug
:demo:processDebugJavaRes UP-TO-DATE
:demo:transformResourcesWithMergeJavaResForDebug
:demo:validateDebugSigning
:demo:packageDebug
:demo:zipalignDebug
:demo:assembleDebug
:demo:checkReleaseManifest
:demo:prepareReleaseDependencies
:demo:compileReleaseAidl
:demo:compileReleaseRenderscript
:demo:generateReleaseBuildConfig
:demo:mergeReleaseShaders
:demo:compileReleaseShaders
:demo:generateReleaseAssets
:demo:mergeReleaseAssets
:demo:generateReleaseResValues
:demo:generateReleaseResources
:demo:mergeReleaseResources
:demo:processReleaseManifest
:demo:processReleaseResources
:demo:generateReleaseSources
:demo:incrementalReleaseJavaCompilationSafeguard
:demo:compileReleaseJavaWithJavac
:demo:compileReleaseJavaWithJavac - is not incremental (e.g. outputs have changed, no previous execution, etc.).
:demo:compileReleaseNdk UP-TO-DATE
:demo:compileReleaseSources
:demo:lintVitalRelease
:demo:prePackageMarkerForRelease
:demo:transformClassesWithDexForRelease
:demo:mergeReleaseJniLibFolders
:demo:transformNative_libsWithMergeJniLibsForRelease
:demo:processReleaseJavaRes UP-TO-DATE
:demo:transformResourcesWithMergeJavaResForRelease
:demo:packageRelease
:demo:assembleRelease
:demo:assemble
:demo:compileLint
:demo:lint
Ran lint on variant debug: 7 issues found
Ran lint on variant release: 7 issues found
Wrote HTML report to file:///tmp/rdisk/494/src/demo/build/outputs/lint-results-debug.html
Wrote XML report to file:///tmp/rdisk/494/src/demo/build/outputs/lint-results-debug.xml
:demo:incrementalDebugUnitTestJavaCompilationSafeguard UP-TO-DATE
:demo:preDebugUnitTestBuild UP-TO-DATE
:demo:prepareDebugUnitTestDependencies
:demo:compileDebugUnitTestJavaWithJavac UP-TO-DATE
:demo:processDebugUnitTestJavaRes UP-TO-DATE
:demo:compileDebugUnitTestSources UP-TO-DATE
:demo:mockableAndroidJar
:demo:assembleDebugUnitTest
:demo:testDebugUnitTest
:demo:incrementalReleaseUnitTestJavaCompilationSafeguard UP-TO-DATE
:demo:preReleaseUnitTestBuild UP-TO-DATE
:demo:prepareReleaseUnitTestDependencies
:demo:compileReleaseUnitTestJavaWithJavac UP-TO-DATE
:demo:processReleaseUnitTestJavaRes UP-TO-DATE
:demo:compileReleaseUnitTestSources UP-TO-DATE
:demo:assembleReleaseUnitTest
:demo:testReleaseUnitTest
:demo:test
:demo:check
:demo:build

BUILD SUCCESSFUL

Total time: 45.751 secs

2018-04-09 21:38:05,714 INFO  FullProcessService - Found APK file: /tmp/rdisk/494/src/demo/build/outputs/apk/demo-release-unsigned.apk
